[1588780802] ./uwsgi.log reopened.
----------重新启动查找------------
好汉还是孬种 1308457 8.4保存成功[douban]
妈妈的大男孩 1862427 6.1保存成功[douban]
模范贱兄弟 2035075 6.3保存成功[douban]
尼斯湖怪：深水传说 未匹配到合适id []
尼斯湖怪：深水传说 无豆瓣id数据，存入列表
尼斯湖水怪传说2 未匹配到合适id []
----------地址被限制,稍后重试----------
舞妓 1938022 7.2保存成功[douban]
半职业选手 1916088 5.9保存成功[douban]
老五的奥斯卡 3904550 5.1保存成功[douban]
暗渡陈仓 1441895 7.7保存成功[douban]
亲爱的朋友 2131640 7.3保存成功[douban]
三人床 未匹配到合适id []
----------地址被限制,稍后重试----------
[pid: 7132|app: 0|req: 415/2110] 188.233.188.82 () {32 vars in 471 bytes} [Thu May  7 00:24:11 2020] GET / => generated 179 bytes in 1 msecs (HTTP/1.1 404) 4 headers in 128 bytes (1 switches on core 1)
御前夜巡使 34444309 0保存成功[douban]
亨利·普尔驾到 3006619 6.3保存成功[douban]
母语 6855108 6.6保存成功[douban]
登堂入会 30390706 8.1保存成功[douban]
新城杀手 3073137 5.6保存成功[douban]
猪猪侠之囧囧危机 未匹配到合适id []
----------地址被限制,稍后重试----------
城外猎人 34442292 0保存成功[douban]
布琳·布朗：唤起勇气 32579741 7.8保存成功[douban]
同门义 34434428 0保存成功[douban]
超时空救援 未匹配到合适id []
超时空救援 无豆瓣id数据，存入列表
因为我爱你 未匹配到合适id []
----------地址被限制,稍后重试----------
伊莎贝尔 26884360 4.9保存成功[douban]
单身男子俱乐部 1297587 6.4保存成功[douban]
孔雀镇 3006767 7.3保存成功[douban]
2AM SHOW 5374364 0保存成功[douban]
纯乐 5273312 5.6保存成功[douban]
大河 未匹配到合适id []
大河 无豆瓣id数据，存入列表
第十个夏天 未匹配到合适id []
----------地址被限制,稍后重试----------
[pid: 7132|app: 0|req: 416/2111] 159.65.121.162 () {30 vars in 390 bytes} [Thu May  7 00:35:32 2020] GET /stager32 => generated 179 bytes in 1 msecs (HTTP/1.1 404) 4 headers in 128 bytes (1 switches on core 1)
[pid: 7132|app: 0|req: 417/2112] 159.65.121.162 () {30 vars in 390 bytes} [Thu May  7 00:35:34 2020] GET /stager64 => generated 179 bytes in 1 msecs (HTTP/1.1 404) 4 headers in 128 bytes (1 switches on core 1)
