[ERROR] page:187请求无数据，放入错误列表
[ERROR] page:172请求无数据，放入错误列表
[ERROR] page:173请求无数据，放入错误列表
[ERROR] page:1557请求无数据，放入错误列表
[ERROR] page:1515请求无数据，放入错误列表
[ERROR] page:1468请求无数据，放入错误列表
[ERROR] page:1465请求无数据，放入错误列表
[ERROR] page:1435请求无数据，放入错误列表
[ERROR] page:2145请求无数据，放入错误列表
[ERROR] page:1874请求无数据，放入错误列表
[ERROR] page:1751请求无数据，放入错误列表
[ERROR] page:1687请求无数据，放入错误列表
[ERROR] page:1424请求无数据，放入错误列表
[ERROR] page:1341请求无数据，放入错误列表
[ERROR] page:1373请求无数据，放入错误列表
[ERROR] page:1353请求无数据，放入错误列表
[ERROR] page:1100请求无数据，放入错误列表
[ERROR] page:729请求无数据，放入错误列表
[ERROR] page:165请求无数据，放入错误列表
[ERROR] page:208请求无数据，放入错误列表
[ERROR] page:12请求无数据，放入错误列表
[ERROR] page:21请求无数据，放入错误列表
[ERROR] 首页请求无数据
--------2021-01-05 15:58:02 站点1开始更新--------
站点1今日更新： 129
已更新160条数据
--------2021-01-05 15:58:31 站点1更新完成--------
--------2021-01-05 15:58:31 站点2开始更新--------
page jSON解析错误，重试1次
page jSON解析错误，重试2次
page jSON解析错误，重试3次
--------2021-01-05 21:58:01 站点1开始更新--------
站点1今日更新： 151
已更新160条数据
--------2021-01-05 21:58:18 站点1更新完成--------
--------2021-01-05 21:58:18 站点2开始更新--------
站点2今日更新： 480
已更新480条数据
--------2021-01-05 21:59:00 站点2更新完成--------
--------2021-01-05 23:58:02 站点1开始更新--------
站点1今日更新： 167
已更新200条数据
--------2021-01-05 23:58:14 站点1更新完成--------
--------2021-01-05 23:58:14 站点2开始更新--------
站点2今日更新： 480
已更新480条数据
--------2021-01-05 23:58:55 站点2更新完成--------
--------2021-01-06 11:58:01 站点1开始更新--------
站点1今日更新： 81
已更新120条数据
--------2021-01-06 11:58:04 站点1更新完成--------
--------2021-01-06 11:58:04 站点2开始更新--------
站点2今日更新： 480
已更新480条数据
--------2021-01-06 11:58:39 站点2更新完成--------
--------2021-01-06 15:58:01 站点1开始更新--------
站点1今日更新： 115
已更新120条数据
--------2021-01-06 15:58:04 站点1更新完成--------
--------2021-01-06 15:58:04 站点2开始更新--------
站点2今日更新： 480
已更新480条数据
--------2021-01-06 15:58:42 站点2更新完成--------
--------2021-01-06 21:58:01 站点1开始更新--------
站点1今日更新： 162
已更新200条数据
--------2021-01-06 21:58:08 站点1更新完成--------
--------2021-01-06 21:58:08 站点2开始更新--------
站点2今日更新： 480
已更新480条数据
--------2021-01-06 21:58:43 站点2更新完成--------
[ERROR] page:14请求无数据，放入错误列表
--------2021-01-06 23:58:01 站点1开始更新--------
站点1今日更新： 175
已更新200条数据
--------2021-01-06 23:58:06 站点1更新完成--------
--------2021-01-06 23:58:06 站点2开始更新--------
站点2今日更新： 480
已更新460条数据
出现错误页面： ['14']
--------2021-01-06 23:58:38 站点2更新完成--------
--------2021-01-07 11:58:02 站点1开始更新--------
站点1今日更新： 84
已更新120条数据
--------2021-01-07 11:58:04 站点1更新完成--------
--------2021-01-07 11:58:04 站点2开始更新--------
站点2今日更新： 480
已更新480条数据
--------2021-01-07 11:58:38 站点2更新完成--------
--------2021-01-07 15:58:01 站点1开始更新--------
站点1今日更新： 120
已更新120条数据
--------2021-01-07 15:58:07 站点1更新完成--------
--------2021-01-07 15:58:07 站点2开始更新--------
站点2今日更新： 480
已更新480条数据
--------2021-01-07 15:58:44 站点2更新完成--------
[ERROR] page:136请求无数据，放入错误列表
--------2021-01-07 21:58:02 站点1开始更新--------
站点1今日更新： 163
已更新200条数据
--------2021-01-07 21:58:23 站点1更新完成--------
--------2021-01-07 21:58:23 站点2开始更新--------
站点2今日更新： 480
已更新480条数据
--------2021-01-07 21:59:04 站点2更新完成--------
[ERROR] 首页请求无数据
--------2021-01-07 23:58:02 站点1开始更新--------
站点1今日更新： 178
已更新200条数据
--------2021-01-07 23:58:10 站点1更新完成--------
--------2021-01-07 23:58:10 站点2开始更新--------
[ERROR] page:6请求无数据，放入错误列表
--------2021-01-08 11:58:01 站点1开始更新--------
站点1今日更新： 58
已更新80条数据
--------2021-01-08 11:58:04 站点1更新完成--------
--------2021-01-08 11:58:04 站点2开始更新--------
站点2今日更新： 480
已更新460条数据
出现错误页面： ['6']
--------2021-01-08 11:58:41 站点2更新完成--------
--------2021-01-08 15:58:01 站点1开始更新--------
站点1今日更新： 98
已更新120条数据
--------2021-01-08 15:58:03 站点1更新完成--------
--------2021-01-08 15:58:03 站点2开始更新--------
站点2今日更新： 480
已更新480条数据
--------2021-01-08 15:58:42 站点2更新完成--------
[ERROR] page:22请求无数据，放入错误列表
--------2021-01-08 21:58:01 站点1开始更新--------
站点1今日更新： 150
已更新160条数据
--------2021-01-08 21:58:09 站点1更新完成--------
--------2021-01-08 21:58:09 站点2开始更新--------
获取更新数量出错：local variable 'e' referenced before assignment
已更新460条数据
出现错误页面： ['22']
--------2021-01-08 21:59:34 站点2更新完成--------
[ERROR] page:2请求无数据，放入错误列表
--------2021-01-08 23:58:01 站点1开始更新--------
站点1今日更新： 166
已更新200条数据
--------2021-01-08 23:58:38 站点1更新完成--------
--------2021-01-08 23:58:38 站点2开始更新--------
站点2今日更新： 480
已更新460条数据
出现错误页面： ['2']
--------2021-01-08 23:59:31 站点2更新完成--------
--------2021-01-09 11:58:02 站点1开始更新--------
站点1今日更新： 66
已更新80条数据
--------2021-01-09 11:58:05 站点1更新完成--------
--------2021-01-09 11:58:05 站点2开始更新--------
站点2今日更新： 480
已更新480条数据
--------2021-01-09 11:58:51 站点2更新完成--------
--------2021-01-09 15:58:02 站点1开始更新--------
站点1今日更新： 89
已更新120条数据
--------2021-01-09 15:58:04 站点1更新完成--------
--------2021-01-09 15:58:04 站点2开始更新--------
站点2今日更新： 480
已更新480条数据
--------2021-01-09 15:58:46 站点2更新完成--------
--------2021-01-09 21:58:02 站点1开始更新--------
站点1今日更新： 131
已更新160条数据
--------2021-01-09 21:58:06 站点1更新完成--------
--------2021-01-09 21:58:06 站点2开始更新--------
站点2今日更新： 480
已更新480条数据
--------2021-01-09 21:58:50 站点2更新完成--------
--------2021-01-09 23:58:01 站点1开始更新--------
站点1今日更新： 134
已更新160条数据
--------2021-01-09 23:58:16 站点1更新完成--------
--------2021-01-09 23:58:16 站点2开始更新--------
站点2今日更新： 480
已更新480条数据
--------2021-01-09 23:58:58 站点2更新完成--------
[ERROR] page:10请求无数据，放入错误列表
[ERROR] page:11请求无数据，放入错误列表
[ERROR] page:2请求无数据，放入错误列表
--------2021-01-10 11:58:02 站点1开始更新--------
站点1今日更新： 61
已更新80条数据
--------2021-01-10 11:58:05 站点1更新完成--------
--------2021-01-10 11:58:05 站点2开始更新--------
站点2今日更新： 480
已更新420条数据
出现错误页面： ['10', '11', '2']
--------2021-01-10 11:58:57 站点2更新完成--------
--------2021-01-10 15:58:01 站点1开始更新--------
站点1今日更新： 106
已更新120条数据
--------2021-01-10 15:58:06 站点1更新完成--------
--------2021-01-10 15:58:06 站点2开始更新--------
站点2今日更新： 480
已更新480条数据
--------2021-01-10 15:58:46 站点2更新完成--------
--------2021-01-10 21:58:01 站点1开始更新--------
站点1今日更新： 135
已更新160条数据
--------2021-01-10 21:58:05 站点1更新完成--------
--------2021-01-10 21:58:05 站点2开始更新--------
站点2今日更新： 480
已更新480条数据
--------2021-01-10 21:59:00 站点2更新完成--------
--------2021-01-10 23:58:01 站点1开始更新--------
站点1今日更新： 149
已更新160条数据
--------2021-01-10 23:58:06 站点1更新完成--------
--------2021-01-10 23:58:06 站点2开始更新--------
站点2今日更新： 480
已更新480条数据
--------2021-01-10 23:58:56 站点2更新完成--------
--------2021-01-11 11:58:01 站点1开始更新--------
站点1今日更新： 90
已更新120条数据
--------2021-01-11 11:58:04 站点1更新完成--------
--------2021-01-11 11:58:04 站点2开始更新--------
站点2今日更新： 480
已更新480条数据
--------2021-01-11 11:58:46 站点2更新完成--------
--------2021-01-11 15:58:02 站点1开始更新--------
站点1今日更新： 132
已更新160条数据
--------2021-01-11 15:58:05 站点1更新完成--------
--------2021-01-11 15:58:05 站点2开始更新--------
站点2今日更新： 480
已更新480条数据
--------2021-01-11 15:58:47 站点2更新完成--------
[ERROR] page:10请求无数据，放入错误列表
--------2021-01-11 21:58:02 站点1开始更新--------
站点1今日更新： 154
已更新160条数据
--------2021-01-11 21:58:07 站点1更新完成--------
--------2021-01-11 21:58:07 站点2开始更新--------
站点2今日更新： 480
已更新460条数据
出现错误页面： ['10']
--------2021-01-11 21:58:50 站点2更新完成--------
--------2021-01-11 23:58:01 站点1开始更新--------
站点1今日更新： 167
已更新200条数据
--------2021-01-11 23:58:11 站点1更新完成--------
--------2021-01-11 23:58:11 站点2开始更新--------
站点2今日更新： 480
已更新480条数据
--------2021-01-11 23:58:56 站点2更新完成--------
--------2021-01-12 11:58:01 站点1开始更新--------
站点1今日更新： 85
已更新120条数据
--------2021-01-12 11:58:04 站点1更新完成--------
--------2021-01-12 11:58:04 站点2开始更新--------
站点2今日更新： 480
已更新480条数据
--------2021-01-12 11:58:48 站点2更新完成--------
--------2021-01-12 15:58:01 站点1开始更新--------
站点1今日更新： 114
已更新120条数据
--------2021-01-12 15:58:07 站点1更新完成--------
--------2021-01-12 15:58:07 站点2开始更新--------
站点2今日更新： 480
已更新480条数据
--------2021-01-12 15:58:47 站点2更新完成--------
--------2021-01-12 21:58:01 站点1开始更新--------
站点1今日更新： 162
已更新200条数据
--------2021-01-12 21:58:12 站点1更新完成--------
--------2021-01-12 21:58:12 站点2开始更新--------
站点2今日更新： 480
已更新480条数据
--------2021-01-12 21:58:56 站点2更新完成--------
[ERROR] page:13请求无数据，放入错误列表
[ERROR] page:11请求无数据，放入错误列表
--------2021-01-12 23:58:02 站点1开始更新--------
站点1今日更新： 170
已更新200条数据
--------2021-01-12 23:58:10 站点1更新完成--------
--------2021-01-12 23:58:10 站点2开始更新--------
站点2今日更新： 480
已更新440条数据
出现错误页面： ['13', '11']
--------2021-01-12 23:59:14 站点2更新完成--------
--------2021-01-13 11:58:02 站点1开始更新--------
站点1今日更新： 91
已更新120条数据
--------2021-01-13 11:58:05 站点1更新完成--------
--------2021-01-13 11:58:05 站点2开始更新--------
站点2今日更新： 480
已更新480条数据
--------2021-01-13 11:58:48 站点2更新完成--------
--------2021-01-13 15:58:01 站点1开始更新--------
站点1今日更新： 111
已更新120条数据
--------2021-01-13 15:58:05 站点1更新完成--------
--------2021-01-13 15:58:05 站点2开始更新--------
站点2今日更新： 480
已更新480条数据
--------2021-01-13 15:58:49 站点2更新完成--------
--------2021-01-13 21:58:02 站点1开始更新--------
站点1今日更新： 164
已更新200条数据
--------2021-01-13 21:58:17 站点1更新完成--------
--------2021-01-13 21:58:17 站点2开始更新--------
站点2今日更新： 480
已更新480条数据
--------2021-01-13 21:59:02 站点2更新完成--------
--------2021-01-13 23:58:01 站点1开始更新--------
站点1今日更新： 174
已更新200条数据
--------2021-01-13 23:58:20 站点1更新完成--------
--------2021-01-13 23:58:20 站点2开始更新--------
站点2今日更新： 480
已更新480条数据
--------2021-01-13 23:59:04 站点2更新完成--------
[ERROR] page:1请求无数据，放入错误列表
[ERROR] page:2请求无数据，放入错误列表
--------2021-01-14 11:58:01 站点1开始更新--------
站点1今日更新： 85
已更新40条数据
出现错误页面： ['1', '2']
--------2021-01-14 11:58:39 站点1更新完成--------
--------2021-01-14 11:58:39 站点2开始更新--------
站点2今日更新： 480
已更新480条数据
--------2021-01-14 11:59:22 站点2更新完成--------
--------2021-01-14 15:58:01 站点1开始更新--------
站点1今日更新： 122
已更新160条数据
--------2021-01-14 15:58:06 站点1更新完成--------
--------2021-01-14 15:58:06 站点2开始更新--------
站点2今日更新： 480
已更新480条数据
--------2021-01-14 15:58:50 站点2更新完成--------
[ERROR] page:13请求无数据，放入错误列表
--------2021-01-14 21:58:01 站点1开始更新--------
站点1今日更新： 168
已更新200条数据
--------2021-01-14 21:58:10 站点1更新完成--------
--------2021-01-14 21:58:10 站点2开始更新--------
站点2今日更新： 480
已更新460条数据
出现错误页面： ['13']
--------2021-01-14 21:58:50 站点2更新完成--------
--------2021-01-14 23:58:01 站点1开始更新--------
站点1今日更新： 174
已更新200条数据
--------2021-01-14 23:58:10 站点1更新完成--------
--------2021-01-14 23:58:10 站点2开始更新--------
站点2今日更新： 480
已更新480条数据
--------2021-01-14 23:58:59 站点2更新完成--------
--------2021-01-15 11:58:01 站点1开始更新--------
站点1今日更新： 78
已更新80条数据
--------2021-01-15 11:58:05 站点1更新完成--------
--------2021-01-15 11:58:05 站点2开始更新--------
站点2今日更新： 480
已更新480条数据
--------2021-01-15 11:58:47 站点2更新完成--------
--------2021-01-15 15:58:01 站点1开始更新--------
站点1今日更新： 120
已更新120条数据
--------2021-01-15 15:58:03 站点1更新完成--------
--------2021-01-15 15:58:03 站点2开始更新--------
站点2今日更新： 480
已更新480条数据
--------2021-01-15 15:58:46 站点2更新完成--------
--------2021-01-15 21:58:01 站点1开始更新--------
站点1今日更新： 168
已更新200条数据
--------2021-01-15 21:58:08 站点1更新完成--------
--------2021-01-15 21:58:08 站点2开始更新--------
站点2今日更新： 480
已更新480条数据
--------2021-01-15 21:58:49 站点2更新完成--------
[ERROR] page:17请求无数据，放入错误列表
[ERROR] page:10请求无数据，放入错误列表
[ERROR] page:5请求无数据，放入错误列表
--------2021-01-15 23:58:02 站点1开始更新--------
站点1今日更新： 180
已更新200条数据
--------2021-01-15 23:58:12 站点1更新完成--------
--------2021-01-15 23:58:12 站点2开始更新--------
站点2今日更新： 480
已更新420条数据
出现错误页面： ['17', '10', '5']
--------2021-01-15 23:59:03 站点2更新完成--------
--------2021-01-16 11:58:02 站点1开始更新--------
站点1今日更新： 78
已更新80条数据
--------2021-01-16 11:58:05 站点1更新完成--------
--------2021-01-16 11:58:05 站点2开始更新--------
站点2今日更新： 480
已更新480条数据
--------2021-01-16 11:58:50 站点2更新完成--------
--------2021-01-16 15:58:02 站点1开始更新--------
站点1今日更新： 114
已更新120条数据
--------2021-01-16 15:58:05 站点1更新完成--------
--------2021-01-16 15:58:05 站点2开始更新--------
站点2今日更新： 480
已更新480条数据
--------2021-01-16 15:58:47 站点2更新完成--------
--------2021-01-16 21:58:02 站点1开始更新--------
站点1今日更新： 139
已更新160条数据
--------2021-01-16 21:58:04 站点1更新完成--------
--------2021-01-16 21:58:04 站点2开始更新--------
站点2今日更新： 480
已更新480条数据
--------2021-01-16 21:58:47 站点2更新完成--------
[ERROR] page:7请求无数据，放入错误列表
--------2021-01-16 23:58:01 站点1开始更新--------
站点1今日更新： 145
已更新160条数据
--------2021-01-16 23:58:08 站点1更新完成--------
--------2021-01-16 23:58:08 站点2开始更新--------
站点2今日更新： 480
已更新460条数据
出现错误页面： ['7']
--------2021-01-16 23:58:55 站点2更新完成--------
--------2021-01-17 11:58:02 站点1开始更新--------
站点1今日更新： 72
已更新80条数据
--------2021-01-17 11:58:05 站点1更新完成--------
--------2021-01-17 11:58:05 站点2开始更新--------
站点2今日更新： 480
已更新480条数据
--------2021-01-17 11:58:47 站点2更新完成--------
[ERROR] page:18请求无数据，放入错误列表
--------2021-01-17 15:58:01 站点1开始更新--------
站点1今日更新： 122
已更新160条数据
--------2021-01-17 15:58:32 站点1更新完成--------
--------2021-01-17 15:58:32 站点2开始更新--------
站点2今日更新： 480
已更新460条数据
出现错误页面： ['18']
--------2021-01-17 15:59:14 站点2更新完成--------
--------2021-01-17 21:58:02 站点1开始更新--------
站点1今日更新： 163
已更新200条数据
--------2021-01-17 21:58:12 站点1更新完成--------
--------2021-01-17 21:58:12 站点2开始更新--------
站点2今日更新： 480
已更新480条数据
--------2021-01-17 21:58:54 站点2更新完成--------
--------2021-01-17 23:58:01 站点1开始更新--------
站点1今日更新： 168
已更新200条数据
--------2021-01-17 23:58:06 站点1更新完成--------
--------2021-01-17 23:58:06 站点2开始更新--------
站点2今日更新： 480
已更新480条数据
--------2021-01-17 23:58:50 站点2更新完成--------
--------2021-01-18 11:58:01 站点1开始更新--------
站点1今日更新： 63
已更新80条数据
--------2021-01-18 11:58:03 站点1更新完成--------
--------2021-01-18 11:58:03 站点2开始更新--------
站点2今日更新： 480
已更新480条数据
--------2021-01-18 11:58:42 站点2更新完成--------
--------2021-01-18 15:58:02 站点1开始更新--------
站点1今日更新： 109
已更新120条数据
--------2021-01-18 15:58:07 站点1更新完成--------
--------2021-01-18 15:58:07 站点2开始更新--------
站点2今日更新： 480
已更新480条数据
--------2021-01-18 15:58:46 站点2更新完成--------
--------2021-01-18 21:58:01 站点1开始更新--------
站点1今日更新： 126
已更新160条数据
--------2021-01-18 21:58:17 站点1更新完成--------
--------2021-01-18 21:58:17 站点2开始更新--------
站点2今日更新： 480
已更新480条数据
--------2021-01-18 21:58:59 站点2更新完成--------
--------2021-01-18 23:58:01 站点1开始更新--------
站点1今日更新： 132
已更新160条数据
--------2021-01-18 23:58:04 站点1更新完成--------
--------2021-01-18 23:58:04 站点2开始更新--------
站点2今日更新： 480
已更新480条数据
--------2021-01-18 23:58:47 站点2更新完成--------
--------2021-01-19 11:58:01 站点1开始更新--------
站点1今日更新： 96
已更新120条数据
--------2021-01-19 11:58:04 站点1更新完成--------
--------2021-01-19 11:58:04 站点2开始更新--------
站点2今日更新： 480
已更新480条数据
--------2021-01-19 11:58:44 站点2更新完成--------
--------2021-01-19 15:58:01 站点1开始更新--------
站点1今日更新： 131
已更新160条数据
--------2021-01-19 15:58:04 站点1更新完成--------
--------2021-01-19 15:58:04 站点2开始更新--------
站点2今日更新： 480
已更新480条数据
--------2021-01-19 15:58:48 站点2更新完成--------
--------2021-01-19 21:58:01 站点1开始更新--------
站点1今日更新： 157
已更新160条数据
--------2021-01-19 21:58:20 站点1更新完成--------
--------2021-01-19 21:58:20 站点2开始更新--------
站点2今日更新： 480
已更新480条数据
--------2021-01-19 21:59:00 站点2更新完成--------
--------2021-01-19 23:58:01 站点1开始更新--------
站点1今日更新： 167
已更新200条数据
--------2021-01-19 23:58:16 站点1更新完成--------
--------2021-01-19 23:58:16 站点2开始更新--------
站点2今日更新： 480
已更新480条数据
--------2021-01-19 23:59:09 站点2更新完成--------
--------2021-01-20 11:58:01 站点1开始更新--------
站点1今日更新： 84
已更新120条数据
--------2021-01-20 11:58:05 站点1更新完成--------
--------2021-01-20 11:58:05 站点2开始更新--------
站点2今日更新： 480
已更新480条数据
--------2021-01-20 11:58:48 站点2更新完成--------
--------2021-01-20 15:58:01 站点1开始更新--------
站点1今日更新： 140
已更新160条数据
--------2021-01-20 15:58:06 站点1更新完成--------
--------2021-01-20 15:58:06 站点2开始更新--------
站点2今日更新： 480
已更新480条数据
--------2021-01-20 15:58:51 站点2更新完成--------
--------2021-01-20 21:58:01 站点1开始更新--------
站点1今日更新： 174
已更新200条数据
--------2021-01-20 21:58:08 站点1更新完成--------
--------2021-01-20 21:58:08 站点2开始更新--------
站点2今日更新： 480
已更新480条数据
--------2021-01-20 21:58:52 站点2更新完成--------
--------2021-01-20 23:58:01 站点1开始更新--------
站点1今日更新： 180
已更新200条数据
--------2021-01-20 23:58:16 站点1更新完成--------
--------2021-01-20 23:58:16 站点2开始更新--------
站点2今日更新： 480
已更新480条数据
--------2021-01-20 23:58:59 站点2更新完成--------
--------2021-01-21 11:58:01 站点1开始更新--------
站点1今日更新： 87
已更新120条数据
--------2021-01-21 11:58:18 站点1更新完成--------
--------2021-01-21 11:58:18 站点2开始更新--------
站点2今日更新： 480
已更新480条数据
--------2021-01-21 11:59:01 站点2更新完成--------
--------2021-01-21 15:58:02 站点1开始更新--------
获取更新数量出错：local variable 'e' referenced before assignment
已更新480条数据
--------2021-01-21 15:59:00 站点1更新完成--------
--------2021-01-21 15:59:00 站点2开始更新--------
站点2今日更新： 480
已更新480条数据
--------2021-01-21 15:59:43 站点2更新完成--------
[ERROR] page:1请求无数据，放入错误列表
--------2021-01-21 21:58:02 站点1开始更新--------
站点1今日更新： 168
已更新160条数据
出现错误页面： ['1']
--------2021-01-21 21:59:22 站点1更新完成--------
--------2021-01-21 21:59:22 站点2开始更新--------
站点2今日更新： 480
已更新480条数据
--------2021-01-21 22:00:05 站点2更新完成--------
[ERROR] page:23请求无数据，放入错误列表
--------2021-01-21 23:58:02 站点1开始更新--------
站点1今日更新： 173
已更新200条数据
--------2021-01-21 23:58:09 站点1更新完成--------
--------2021-01-21 23:58:09 站点2开始更新--------
站点2今日更新： 480
已更新460条数据
出现错误页面： ['23']
--------2021-01-21 23:58:55 站点2更新完成--------
[ERROR] page:17请求无数据，放入错误列表
--------2021-01-22 11:58:02 站点1开始更新--------
站点1今日更新： 69
已更新80条数据
--------2021-01-22 11:58:05 站点1更新完成--------
--------2021-01-22 11:58:05 站点2开始更新--------
站点2今日更新： 480
已更新460条数据
出现错误页面： ['17']
--------2021-01-22 11:58:45 站点2更新完成--------
--------2021-01-22 15:58:02 站点1开始更新--------
站点1今日更新： 111
已更新120条数据
--------2021-01-22 15:58:09 站点1更新完成--------
--------2021-01-22 15:58:09 站点2开始更新--------
站点2今日更新： 480
已更新480条数据
--------2021-01-22 15:58:52 站点2更新完成--------
--------2021-01-22 21:58:02 站点1开始更新--------
站点1今日更新： 161
已更新200条数据
--------2021-01-22 21:58:10 站点1更新完成--------
--------2021-01-22 21:58:10 站点2开始更新--------
站点2今日更新： 480
已更新480条数据
--------2021-01-22 21:58:56 站点2更新完成--------
--------2021-01-22 23:58:01 站点1开始更新--------
站点1今日更新： 167
已更新200条数据
--------2021-01-22 23:58:12 站点1更新完成--------
--------2021-01-22 23:58:12 站点2开始更新--------
站点2今日更新： 480
已更新480条数据
--------2021-01-22 23:58:53 站点2更新完成--------
--------2021-01-23 11:58:01 站点1开始更新--------
站点1今日更新： 78
已更新80条数据
--------2021-01-23 11:58:04 站点1更新完成--------
--------2021-01-23 11:58:04 站点2开始更新--------
站点2今日更新： 480
已更新480条数据
--------2021-01-23 11:58:46 站点2更新完成--------
--------2021-01-23 15:58:01 站点1开始更新--------
站点1今日更新： 106
已更新120条数据
--------2021-01-23 15:58:05 站点1更新完成--------
--------2021-01-23 15:58:05 站点2开始更新--------
站点2今日更新： 480
已更新480条数据
--------2021-01-23 15:58:48 站点2更新完成--------
[ERROR] page:9请求无数据，放入错误列表
--------2021-01-23 21:58:01 站点1开始更新--------
站点1今日更新： 143
已更新160条数据
--------2021-01-23 21:58:08 站点1更新完成--------
--------2021-01-23 21:58:08 站点2开始更新--------
站点2今日更新： 480
已更新460条数据
出现错误页面： ['9']
--------2021-01-23 21:59:00 站点2更新完成--------
--------2021-01-23 23:58:01 站点1开始更新--------
站点1今日更新： 150
已更新160条数据
--------2021-01-23 23:58:06 站点1更新完成--------
--------2021-01-23 23:58:06 站点2开始更新--------
站点2今日更新： 480
已更新480条数据
--------2021-01-23 23:58:57 站点2更新完成--------
--------2021-01-24 11:58:01 站点1开始更新--------
站点1今日更新： 98
已更新120条数据
--------2021-01-24 11:58:04 站点1更新完成--------
--------2021-01-24 11:58:04 站点2开始更新--------
站点2今日更新： 480
已更新480条数据
--------2021-01-24 11:58:51 站点2更新完成--------
--------2021-01-24 15:58:01 站点1开始更新--------
站点1今日更新： 122
已更新160条数据
--------2021-01-24 15:58:08 站点1更新完成--------
--------2021-01-24 15:58:08 站点2开始更新--------
站点2今日更新： 480
已更新480条数据
--------2021-01-24 15:58:50 站点2更新完成--------
[ERROR] page:19请求无数据，放入错误列表
--------2021-01-24 21:58:01 站点1开始更新--------
站点1今日更新： 171
已更新200条数据
--------2021-01-24 21:58:08 站点1更新完成--------
--------2021-01-24 21:58:08 站点2开始更新--------
站点2今日更新： 480
已更新460条数据
出现错误页面： ['19']
--------2021-01-24 21:58:47 站点2更新完成--------
--------2021-01-24 23:58:01 站点1开始更新--------
站点1今日更新： 182
已更新200条数据
--------2021-01-24 23:58:12 站点1更新完成--------
--------2021-01-24 23:58:12 站点2开始更新--------
站点2今日更新： 480
已更新480条数据
--------2021-01-24 23:58:54 站点2更新完成--------
--------2021-01-25 11:58:02 站点1开始更新--------
站点1今日更新： 64
已更新80条数据
--------2021-01-25 11:58:10 站点1更新完成--------
--------2021-01-25 11:58:10 站点2开始更新--------
站点2今日更新： 480
已更新480条数据
--------2021-01-25 11:58:54 站点2更新完成--------
--------2021-01-25 15:58:02 站点1开始更新--------
站点1今日更新： 83
已更新120条数据
--------2021-01-25 15:58:06 站点1更新完成--------
--------2021-01-25 15:58:06 站点2开始更新--------
站点2今日更新： 480
已更新480条数据
--------2021-01-25 15:58:48 站点2更新完成--------
--------2021-01-25 21:58:02 站点1开始更新--------
站点1今日更新： 143
已更新160条数据
--------2021-01-25 21:58:11 站点1更新完成--------
--------2021-01-25 21:58:11 站点2开始更新--------
站点2今日更新： 480
已更新480条数据
--------2021-01-25 21:59:01 站点2更新完成--------
[ERROR] page:9请求无数据，放入错误列表
--------2021-01-25 23:58:02 站点1开始更新--------
站点1今日更新： 164
已更新200条数据
--------2021-01-25 23:58:10 站点1更新完成--------
--------2021-01-25 23:58:10 站点2开始更新--------
站点2今日更新： 480
已更新460条数据
出现错误页面： ['9']
--------2021-01-25 23:58:55 站点2更新完成--------
--------2021-01-26 11:58:02 站点1开始更新--------
站点1今日更新： 57
已更新80条数据
--------2021-01-26 11:58:04 站点1更新完成--------
--------2021-01-26 11:58:04 站点2开始更新--------
站点2今日更新： 480
已更新480条数据
--------2021-01-26 11:58:47 站点2更新完成--------
--------2021-01-26 15:58:01 站点1开始更新--------
站点1今日更新： 100
已更新120条数据
--------2021-01-26 15:58:05 站点1更新完成--------
--------2021-01-26 15:58:05 站点2开始更新--------
站点2今日更新： 480
已更新480条数据
--------2021-01-26 15:58:53 站点2更新完成--------
--------2021-01-26 21:58:02 站点1开始更新--------
站点1今日更新： 139
已更新160条数据
--------2021-01-26 21:58:09 站点1更新完成--------
--------2021-01-26 21:58:09 站点2开始更新--------
站点2今日更新： 480
已更新480条数据
--------2021-01-26 21:58:52 站点2更新完成--------
--------2021-01-26 23:58:01 站点1开始更新--------
站点1今日更新： 158
已更新160条数据
--------2021-01-26 23:58:09 站点1更新完成--------
--------2021-01-26 23:58:09 站点2开始更新--------
站点2今日更新： 480
已更新480条数据
--------2021-01-26 23:58:55 站点2更新完成--------
--------2021-01-27 11:58:01 站点1开始更新--------
站点1今日更新： 63
已更新80条数据
--------2021-01-27 11:58:04 站点1更新完成--------
--------2021-01-27 11:58:04 站点2开始更新--------
站点2今日更新： 480
已更新480条数据
--------2021-01-27 11:58:47 站点2更新完成--------
[ERROR] 首页请求无数据
--------2021-01-27 15:58:02 站点1开始更新--------
站点1今日更新： 113
已更新120条数据
--------2021-01-27 15:58:05 站点1更新完成--------
--------2021-01-27 15:58:05 站点2开始更新--------
[ERROR] page:2请求无数据，放入错误列表
[ERROR] page:3请求无数据，放入错误列表
[ERROR] page:23请求无数据，放入错误列表
[ERROR] page:13请求无数据，放入错误列表
[ERROR] page:1请求无数据，放入错误列表
--------2021-01-27 21:58:02 站点1开始更新--------
站点1今日更新： 152
proxy:  Status Code： 502 重试
get_json ERROR: list.remove(x): x not in list
proxy:  Status Code： 502 重试
get_json ERROR: list.remove(x): x not in list
None
None
已更新80条数据
出现错误页面： ['2', '3']
--------2021-01-27 21:58:15 站点1更新完成--------
--------2021-01-27 21:58:15 站点2开始更新--------
站点2今日更新： 480
已更新420条数据
出现错误页面： ['23', '13', '1']
--------2021-01-27 21:59:43 站点2更新完成--------
--------2021-01-27 23:58:02 站点1开始更新--------
获取更新数量出错：local variable 'e' referenced before assignment
已更新480条数据
--------2021-01-27 23:58:39 站点1更新完成--------
--------2021-01-27 23:58:39 站点2开始更新--------
站点2今日更新： 480
已更新480条数据
--------2021-01-27 23:59:28 站点2更新完成--------
--------2021-01-28 11:58:02 站点1开始更新--------
站点1今日更新： 61
已更新80条数据
--------2021-01-28 11:58:05 站点1更新完成--------
--------2021-01-28 11:58:05 站点2开始更新--------
站点2今日更新： 480
已更新480条数据
--------2021-01-28 11:58:49 站点2更新完成--------
[ERROR] page:14请求无数据，放入错误列表
--------2021-01-28 15:58:02 站点1开始更新--------
站点1今日更新： 94
已更新120条数据
--------2021-01-28 15:58:06 站点1更新完成--------
--------2021-01-28 15:58:06 站点2开始更新--------
站点2今日更新： 480
已更新460条数据
出现错误页面： ['14']
--------2021-01-28 15:58:50 站点2更新完成--------
[ERROR] 首页请求无数据
--------2021-01-28 21:58:01 站点1开始更新--------
proxy:  Status Code： 502 重试
get_json ERROR: list.remove(x): x not in list
None
--------2021-01-28 21:58:02 站点2开始更新--------
站点2今日更新： 480
已更新480条数据
--------2021-01-28 21:58:46 站点2更新完成--------
[ERROR] page:7请求无数据，放入错误列表
--------2021-01-28 23:58:02 站点1开始更新--------
站点1今日更新： 151
已更新160条数据
--------2021-01-28 23:58:07 站点1更新完成--------
--------2021-01-28 23:58:07 站点2开始更新--------
站点2今日更新： 480
已更新460条数据
出现错误页面： ['7']
--------2021-01-28 23:58:52 站点2更新完成--------
--------2021-01-29 11:58:02 站点1开始更新--------
站点1今日更新： 87
已更新120条数据
--------2021-01-29 11:58:05 站点1更新完成--------
--------2021-01-29 11:58:05 站点2开始更新--------
站点2今日更新： 480
已更新480条数据
--------2021-01-29 11:58:49 站点2更新完成--------
--------2021-01-29 15:58:01 站点1开始更新--------
获取更新数量出错：local variable 'e' referenced before assignment
已更新480条数据
--------2021-01-29 15:58:23 站点1更新完成--------
--------2021-01-29 15:58:23 站点2开始更新--------
站点2今日更新： 480
已更新480条数据
--------2021-01-29 15:59:06 站点2更新完成--------
[ERROR] 首页请求无数据
--------2021-01-29 21:58:01 站点1开始更新--------
proxy:  Status Code： 502 重试
get_json ERROR: list.remove(x): x not in list
None
--------2021-01-29 21:58:02 站点2开始更新--------
站点2今日更新： 480
已更新480条数据
--------2021-01-29 21:58:44 站点2更新完成--------
[ERROR] page:20请求无数据，放入错误列表
--------2021-01-29 23:58:01 站点1开始更新--------
获取更新数量出错：local variable 'e' referenced before assignment
已更新480条数据
--------2021-01-29 23:58:12 站点1更新完成--------
--------2021-01-29 23:58:12 站点2开始更新--------
站点2今日更新： 480
已更新460条数据
出现错误页面： ['20']
--------2021-01-29 23:59:02 站点2更新完成--------
[ERROR] page:11请求无数据，放入错误列表
--------2021-01-30 11:58:01 站点1开始更新--------
站点1今日更新： 74
已更新80条数据
--------2021-01-30 11:58:04 站点1更新完成--------
--------2021-01-30 11:58:04 站点2开始更新--------
站点2今日更新： 480
已更新460条数据
出现错误页面： ['11']
--------2021-01-30 11:58:45 站点2更新完成--------
[ERROR] page:19请求无数据，放入错误列表
--------2021-01-30 15:58:01 站点1开始更新--------
获取更新数量出错：local variable 'e' referenced before assignment
已更新480条数据
--------2021-01-30 15:58:32 站点1更新完成--------
--------2021-01-30 15:58:32 站点2开始更新--------
站点2今日更新： 480
已更新460条数据
出现错误页面： ['19']
--------2021-01-30 15:59:35 站点2更新完成--------
[ERROR] 首页请求无数据
[ERROR] page:24请求无数据，放入错误列表
[ERROR] page:17请求无数据，放入错误列表
[ERROR] page:3请求无数据，放入错误列表
--------2021-01-30 21:58:02 站点1开始更新--------
proxy:  Status Code： 502 重试
get_json ERROR: list.remove(x): x not in list
None
--------2021-01-30 21:58:03 站点2开始更新--------
站点2今日更新： 480
已更新420条数据
出现错误页面： ['24', '17', '3']
--------2021-01-30 21:59:26 站点2更新完成--------
[ERROR] page:24请求无数据，放入错误列表
[ERROR] page:10请求无数据，放入错误列表
[ERROR] page:17请求无数据，放入错误列表
[ERROR] page:1请求无数据，放入错误列表
--------2021-01-30 23:58:01 站点1开始更新--------
站点1今日更新： 180
已更新200条数据
--------2021-01-30 23:58:09 站点1更新完成--------
--------2021-01-30 23:58:09 站点2开始更新--------
站点2今日更新： 480
已更新400条数据
出现错误页面： ['24', '10', '17', '1']
--------2021-01-30 23:59:29 站点2更新完成--------
--------2021-01-31 11:58:01 站点1开始更新--------
站点1今日更新： 83
已更新120条数据
--------2021-01-31 11:58:04 站点1更新完成--------
--------2021-01-31 11:58:04 站点2开始更新--------
站点2今日更新： 480
已更新480条数据
--------2021-01-31 11:58:45 站点2更新完成--------
[ERROR] page:21请求无数据，放入错误列表
[ERROR] page:20请求无数据，放入错误列表
[ERROR] page:23请求无数据，放入错误列表
[ERROR] page:15请求无数据，放入错误列表
[ERROR] page:7请求无数据，放入错误列表
--------2021-01-31 15:58:01 站点1开始更新--------
站点1今日更新： 119
已更新120条数据
--------2021-01-31 15:58:26 站点1更新完成--------
--------2021-01-31 15:58:26 站点2开始更新--------
站点2今日更新： 480
已更新380条数据
出现错误页面： ['21', '20', '23', '15', '7']
--------2021-01-31 15:59:37 站点2更新完成--------
[ERROR] 首页请求无数据
--------2021-01-31 21:58:01 站点1开始更新--------
站点1今日更新： 160
已更新160条数据
--------2021-01-31 21:58:18 站点1更新完成--------
--------2021-01-31 21:58:18 站点2开始更新--------
[ERROR] 首页请求无数据
--------2021-01-31 23:58:02 站点1开始更新--------
站点1今日更新： 177
已更新200条数据
--------2021-01-31 23:58:11 站点1更新完成--------
--------2021-01-31 23:58:11 站点2开始更新--------
--------2021-02-01 11:58:01 站点1开始更新--------
站点1今日更新： 68
已更新80条数据
--------2021-02-01 11:58:03 站点1更新完成--------
--------2021-02-01 11:58:03 站点2开始更新--------
站点2今日更新： 480
已更新480条数据
--------2021-02-01 11:58:48 站点2更新完成--------
--------2021-02-01 15:58:01 站点1开始更新--------
站点1今日更新： 84
已更新120条数据
--------2021-02-01 15:58:04 站点1更新完成--------
--------2021-02-01 15:58:04 站点2开始更新--------
站点2今日更新： 480
已更新480条数据
--------2021-02-01 15:58:49 站点2更新完成--------
[ERROR] page:2请求无数据，放入错误列表
[ERROR] page:3请求无数据，放入错误列表
[ERROR] page:1请求无数据，放入错误列表
[ERROR] 首页请求无数据
--------2021-02-01 21:58:01 站点1开始更新--------
站点1今日更新： 142
proxy:  Status Code： 502 重试
get_json ERROR: list.remove(x): x not in list
None
proxy:  Status Code： 502 重试
get_json ERROR: list.remove(x): x not in list
None
proxy:  Status Code： 502 重试
get_json ERROR: list.remove(x): x not in list
None
已更新40条数据
出现错误页面： ['2', '3', '1']
--------2021-02-01 21:58:08 站点1更新完成--------
--------2021-02-01 21:58:08 站点2开始更新--------
[ERROR] 首页请求无数据
--------2021-02-01 23:58:02 站点1开始更新--------
站点1今日更新： 154
已更新160条数据
--------2021-02-01 23:58:09 站点1更新完成--------
--------2021-02-01 23:58:09 站点2开始更新--------
--------2021-02-02 11:58:01 站点1开始更新--------
站点1今日更新： 107
已更新120条数据
--------2021-02-02 11:58:03 站点1更新完成--------
--------2021-02-02 11:58:03 站点2开始更新--------
站点2今日更新： 480
已更新480条数据
--------2021-02-02 11:58:47 站点2更新完成--------
--------2021-02-02 15:58:02 站点1开始更新--------
站点1今日更新： 136
已更新160条数据
--------2021-02-02 15:58:06 站点1更新完成--------
--------2021-02-02 15:58:06 站点2开始更新--------
站点2今日更新： 480
已更新480条数据
--------2021-02-02 15:58:51 站点2更新完成--------
[ERROR] page:8请求无数据，放入错误列表
--------2021-02-02 21:58:02 站点1开始更新--------
站点1今日更新： 167
已更新200条数据
--------2021-02-02 21:58:11 站点1更新完成--------
--------2021-02-02 21:58:11 站点2开始更新--------
站点2今日更新： 480
已更新460条数据
出现错误页面： ['8']
--------2021-02-02 21:59:05 站点2更新完成--------
[ERROR] page:9请求无数据，放入错误列表
--------2021-02-02 23:58:01 站点1开始更新--------
站点1今日更新： 170
已更新200条数据
--------2021-02-02 23:58:16 站点1更新完成--------
--------2021-02-02 23:58:16 站点2开始更新--------
站点2今日更新： 480
已更新460条数据
出现错误页面： ['9']
--------2021-02-02 23:59:04 站点2更新完成--------
--------2021-02-03 11:58:01 站点1开始更新--------
站点1今日更新： 84
已更新120条数据
--------2021-02-03 11:58:05 站点1更新完成--------
--------2021-02-03 11:58:05 站点2开始更新--------
站点2今日更新： 480
已更新480条数据
--------2021-02-03 11:58:55 站点2更新完成--------
[ERROR] page:4请求无数据，放入错误列表
--------2021-02-03 15:58:02 站点1开始更新--------
站点1今日更新： 116
已更新120条数据
--------2021-02-03 15:58:04 站点1更新完成--------
--------2021-02-03 15:58:04 站点2开始更新--------
站点2今日更新： 480
已更新460条数据
出现错误页面： ['4']
--------2021-02-03 15:58:49 站点2更新完成--------
[ERROR] page:3请求无数据，放入错误列表
[ERROR] page:18请求无数据，放入错误列表
--------2021-02-03 21:58:01 站点1开始更新--------
站点1今日更新： 137
proxy:  Status Code： 502 重试
get_json ERROR: list.remove(x): x not in list
None
已更新120条数据
出现错误页面： ['3']
--------2021-02-03 21:58:12 站点1更新完成--------
--------2021-02-03 21:58:12 站点2开始更新--------
站点2今日更新： 480
已更新460条数据
出现错误页面： ['18']
--------2021-02-03 21:58:55 站点2更新完成--------
--------2021-02-03 23:58:02 站点1开始更新--------
站点1今日更新： 139
已更新160条数据
--------2021-02-03 23:58:08 站点1更新完成--------
--------2021-02-03 23:58:08 站点2开始更新--------
站点2今日更新： 480
已更新480条数据
--------2021-02-03 23:58:57 站点2更新完成--------
--------2021-02-04 11:58:01 站点1开始更新--------
站点1今日更新： 109
已更新120条数据
--------2021-02-04 11:58:10 站点1更新完成--------
--------2021-02-04 11:58:10 站点2开始更新--------
站点2今日更新： 480
已更新480条数据
--------2021-02-04 11:58:52 站点2更新完成--------
--------2021-02-04 15:58:02 站点1开始更新--------
站点1今日更新： 131
已更新160条数据
--------2021-02-04 15:58:10 站点1更新完成--------
--------2021-02-04 15:58:10 站点2开始更新--------
站点2今日更新： 480
已更新480条数据
--------2021-02-04 15:58:53 站点2更新完成--------
[ERROR] page:5请求无数据，放入错误列表
[ERROR] page:4请求无数据，放入错误列表
[ERROR] page:3请求无数据，放入错误列表
[ERROR] page:2请求无数据，放入错误列表
[ERROR] page:12请求无数据，放入错误列表
[ERROR] page:11请求无数据，放入错误列表
[ERROR] page:14请求无数据，放入错误列表
[ERROR] page:2请求无数据，放入错误列表
--------2021-02-04 21:58:01 站点1开始更新--------
站点1今日更新： 165
proxy:  Status Code： 502 重试
get_json ERROR: list.remove(x): x not in list
None
proxy:  Status Code： 502 重试
get_json ERROR: list.remove(x): x not in list
None
proxy:  Status Code： 502 重试
get_json ERROR: list.remove(x): x not in list
None
proxy:  Status Code： 502 重试
get_json ERROR: list.remove(x): x not in list
None
已更新40条数据
出现错误页面： ['5', '4', '3', '2']
--------2021-02-04 21:58:18 站点1更新完成--------
--------2021-02-04 21:58:18 站点2开始更新--------
站点2今日更新： 480
已更新400条数据
出现错误页面： ['12', '11', '14', '2']
--------2021-02-04 21:59:28 站点2更新完成--------
--------2021-02-04 23:58:01 站点1开始更新--------
获取更新数量出错：local variable 'e' referenced before assignment
已更新480条数据
--------2021-02-04 23:58:35 站点1更新完成--------
--------2021-02-04 23:58:35 站点2开始更新--------
站点2今日更新： 480
已更新480条数据
--------2021-02-04 23:59:29 站点2更新完成--------
[ERROR] page:21请求无数据，放入错误列表
--------2021-02-05 11:58:02 站点1开始更新--------
站点1今日更新： 65
已更新80条数据
--------2021-02-05 11:58:04 站点1更新完成--------
--------2021-02-05 11:58:04 站点2开始更新--------
站点2今日更新： 480
已更新460条数据
出现错误页面： ['21']
--------2021-02-05 11:58:47 站点2更新完成--------
--------2021-02-05 15:58:02 站点1开始更新--------
站点1今日更新： 98
已更新120条数据
--------2021-02-05 15:58:08 站点1更新完成--------
--------2021-02-05 15:58:08 站点2开始更新--------
站点2今日更新： 480
已更新480条数据
--------2021-02-05 15:59:00 站点2更新完成--------
--------2021-02-05 21:58:01 站点1开始更新--------
站点1今日更新： 154
已更新160条数据
--------2021-02-05 21:58:14 站点1更新完成--------
--------2021-02-05 21:58:14 站点2开始更新--------
站点2今日更新： 480
已更新480条数据
--------2021-02-05 21:58:56 站点2更新完成--------
[ERROR] 首页请求无数据
[ERROR] 首页请求无数据
--------2021-02-05 23:58:01 站点1开始更新--------
--------2021-02-05 23:58:30 站点2开始更新--------
--------2021-02-06 11:58:02 站点1开始更新--------
站点1今日更新： 92
已更新120条数据
--------2021-02-06 11:58:06 站点1更新完成--------
--------2021-02-06 11:58:06 站点2开始更新--------
站点2今日更新： 480
已更新480条数据
--------2021-02-06 11:58:46 站点2更新完成--------
--------2021-02-06 15:58:02 站点1开始更新--------
站点1今日更新： 119
已更新120条数据
--------2021-02-06 15:58:27 站点1更新完成--------
--------2021-02-06 15:58:27 站点2开始更新--------
站点2今日更新： 480
已更新480条数据
--------2021-02-06 15:59:09 站点2更新完成--------
[ERROR] page:21请求无数据，放入错误列表
[ERROR] page:14请求无数据，放入错误列表
--------2021-02-06 21:58:01 站点1开始更新--------
站点1今日更新： 181
已更新200条数据
--------2021-02-06 21:58:08 站点1更新完成--------
--------2021-02-06 21:58:08 站点2开始更新--------
站点2今日更新： 480
已更新440条数据
出现错误页面： ['21', '14']
--------2021-02-06 21:58:50 站点2更新完成--------
--------2021-02-06 23:58:01 站点1开始更新--------
站点1今日更新： 190
已更新200条数据
--------2021-02-06 23:58:10 站点1更新完成--------
--------2021-02-06 23:58:10 站点2开始更新--------
站点2今日更新： 480
已更新480条数据
--------2021-02-06 23:58:52 站点2更新完成--------
--------2021-02-07 11:58:01 站点1开始更新--------
站点1今日更新： 104
已更新120条数据
--------2021-02-07 11:58:04 站点1更新完成--------
--------2021-02-07 11:58:04 站点2开始更新--------
站点2今日更新： 480
已更新480条数据
--------2021-02-07 11:58:43 站点2更新完成--------
--------2021-02-07 15:58:01 站点1开始更新--------
站点1今日更新： 143
已更新160条数据
--------2021-02-07 15:58:06 站点1更新完成--------
--------2021-02-07 15:58:06 站点2开始更新--------
站点2今日更新： 480
已更新480条数据
--------2021-02-07 15:58:48 站点2更新完成--------
[ERROR] 首页请求无数据
--------2021-02-07 21:58:01 站点1开始更新--------
proxy:  Status Code： 502 重试
get_json ERROR: list.remove(x): x not in list
None
--------2021-02-07 21:58:02 站点2开始更新--------
站点2今日更新： 480
已更新480条数据
--------2021-02-07 21:58:44 站点2更新完成--------
[ERROR] page:8请求无数据，放入错误列表
--------2021-02-07 23:58:01 站点1开始更新--------
站点1今日更新： 187
已更新200条数据
--------2021-02-07 23:58:06 站点1更新完成--------
--------2021-02-07 23:58:06 站点2开始更新--------
站点2今日更新： 480
已更新460条数据
出现错误页面： ['8']
--------2021-02-07 23:59:03 站点2更新完成--------
--------2021-02-08 11:58:01 站点1开始更新--------
站点1今日更新： 81
已更新120条数据
--------2021-02-08 11:58:04 站点1更新完成--------
--------2021-02-08 11:58:04 站点2开始更新--------
站点2今日更新： 480
已更新480条数据
--------2021-02-08 11:58:45 站点2更新完成--------
--------2021-02-08 15:58:01 站点1开始更新--------
站点1今日更新： 108
已更新120条数据
--------2021-02-08 15:58:04 站点1更新完成--------
--------2021-02-08 15:58:04 站点2开始更新--------
站点2今日更新： 480
已更新480条数据
--------2021-02-08 15:58:47 站点2更新完成--------
--------2021-02-08 21:58:02 站点1开始更新--------
站点1今日更新： 143
已更新160条数据
--------2021-02-08 21:58:15 站点1更新完成--------
--------2021-02-08 21:58:15 站点2开始更新--------
站点2今日更新： 480
已更新480条数据
--------2021-02-08 21:59:01 站点2更新完成--------
[ERROR] 首页请求无数据
--------2021-02-08 23:58:01 站点1开始更新--------
站点1今日更新： 166
已更新200条数据
--------2021-02-08 23:58:27 站点1更新完成--------
--------2021-02-08 23:58:27 站点2开始更新--------
--------2021-02-09 11:58:02 站点1开始更新--------
站点1今日更新： 90
已更新120条数据
--------2021-02-09 11:58:05 站点1更新完成--------
--------2021-02-09 11:58:05 站点2开始更新--------
站点2今日更新： 480
已更新480条数据
--------2021-02-09 11:58:47 站点2更新完成--------
--------2021-02-09 15:58:01 站点1开始更新--------
站点1今日更新： 125
已更新160条数据
--------2021-02-09 15:58:06 站点1更新完成--------
--------2021-02-09 15:58:06 站点2开始更新--------
站点2今日更新： 480
已更新480条数据
--------2021-02-09 15:58:51 站点2更新完成--------
[ERROR] page:4请求无数据，放入错误列表
--------2021-02-09 21:58:03 站点1开始更新--------
站点1今日更新： 153
proxy:  Status Code： 502 重试
get_json ERROR: list.remove(x): x not in list
None
已更新120条数据
出现错误页面： ['4']
--------2021-02-09 21:58:11 站点1更新完成--------
--------2021-02-09 21:58:11 站点2开始更新--------
站点2今日更新： 480
已更新480条数据
--------2021-02-09 21:58:57 站点2更新完成--------
--------2021-02-09 23:58:01 站点1开始更新--------
站点1今日更新： 169
已更新200条数据
--------2021-02-09 23:58:06 站点1更新完成--------
--------2021-02-09 23:58:06 站点2开始更新--------
站点2今日更新： 480
已更新480条数据
--------2021-02-09 23:58:49 站点2更新完成--------
--------2021-02-10 11:58:01 站点1开始更新--------
站点1今日更新： 79
已更新80条数据
--------2021-02-10 11:58:03 站点1更新完成--------
--------2021-02-10 11:58:03 站点2开始更新--------
站点2今日更新： 480
已更新480条数据
--------2021-02-10 11:58:46 站点2更新完成--------
--------2021-02-10 15:58:02 站点1开始更新--------
站点1今日更新： 91
已更新120条数据
--------2021-02-10 15:58:05 站点1更新完成--------
--------2021-02-10 15:58:05 站点2开始更新--------
站点2今日更新： 480
已更新480条数据
--------2021-02-10 15:58:50 站点2更新完成--------
[ERROR] page:8请求无数据，放入错误列表
--------2021-02-10 21:58:01 站点1开始更新--------
站点1今日更新： 106
已更新120条数据
--------2021-02-10 21:58:07 站点1更新完成--------
--------2021-02-10 21:58:07 站点2开始更新--------
站点2今日更新： 480
已更新460条数据
出现错误页面： ['8']
--------2021-02-10 21:58:46 站点2更新完成--------
[ERROR] page:23请求无数据，放入错误列表
--------2021-02-10 23:58:01 站点1开始更新--------
站点1今日更新： 110
已更新120条数据
--------2021-02-10 23:58:08 站点1更新完成--------
--------2021-02-10 23:58:08 站点2开始更新--------
站点2今日更新： 480
已更新460条数据
出现错误页面： ['23']
--------2021-02-10 23:58:51 站点2更新完成--------
--------2021-02-11 11:58:02 站点1开始更新--------
站点1今日更新： 53
已更新80条数据
--------2021-02-11 11:58:04 站点1更新完成--------
--------2021-02-11 11:58:04 站点2开始更新--------
站点2今日更新： 480
已更新480条数据
--------2021-02-11 11:58:47 站点2更新完成--------
--------2021-02-11 15:58:01 站点1开始更新--------
站点1今日更新： 106
已更新120条数据
--------2021-02-11 15:58:05 站点1更新完成--------
--------2021-02-11 15:58:05 站点2开始更新--------
站点2今日更新： 480
已更新480条数据
--------2021-02-11 15:58:50 站点2更新完成--------
--------2021-02-11 21:58:02 站点1开始更新--------
站点1今日更新： 122
已更新160条数据
--------2021-02-11 21:58:04 站点1更新完成--------
--------2021-02-11 21:58:04 站点2开始更新--------
站点2今日更新： 480
已更新480条数据
--------2021-02-11 21:58:47 站点2更新完成--------
--------2021-02-11 23:58:01 站点1开始更新--------
站点1今日更新： 122
已更新160条数据
--------2021-02-11 23:58:03 站点1更新完成--------
--------2021-02-11 23:58:03 站点2开始更新--------
站点2今日更新： 480
已更新480条数据
--------2021-02-11 23:58:45 站点2更新完成--------
--------2021-02-12 11:58:02 站点1开始更新--------
站点1今日更新： 80
已更新80条数据
--------2021-02-12 11:58:04 站点1更新完成--------
--------2021-02-12 11:58:04 站点2开始更新--------
站点2今日更新： 480
已更新480条数据
--------2021-02-12 11:58:48 站点2更新完成--------
--------2021-02-12 15:58:02 站点1开始更新--------
站点1今日更新： 122
已更新160条数据
--------2021-02-12 15:58:05 站点1更新完成--------
--------2021-02-12 15:58:05 站点2开始更新--------
站点2今日更新： 480
已更新480条数据
--------2021-02-12 15:58:49 站点2更新完成--------
--------2021-02-12 21:58:02 站点1开始更新--------
站点1今日更新： 162
已更新200条数据
--------2021-02-12 21:58:12 站点1更新完成--------
--------2021-02-12 21:58:12 站点2开始更新--------
站点2今日更新： 480
已更新480条数据
--------2021-02-12 21:58:56 站点2更新完成--------
--------2021-02-13 11:58:02 站点1开始更新--------
站点1今日更新： 64
已更新80条数据
--------2021-02-13 11:58:04 站点1更新完成--------
--------2021-02-13 11:58:04 站点2开始更新--------
站点2今日更新： 480
已更新480条数据
--------2021-02-13 11:58:47 站点2更新完成--------
--------2021-02-13 15:58:02 站点1开始更新--------
站点1今日更新： 100
已更新120条数据
--------2021-02-13 15:58:07 站点1更新完成--------
--------2021-02-13 15:58:07 站点2开始更新--------
站点2今日更新： 480
已更新480条数据
--------2021-02-13 15:58:49 站点2更新完成--------
[ERROR] 首页请求无数据
--------2021-02-13 21:58:01 站点1开始更新--------
proxy:  Status Code： 502 重试
get_json ERROR: list.remove(x): x not in list
None
--------2021-02-13 21:58:02 站点2开始更新--------
--------2021-02-14 11:58:01 站点1开始更新--------
站点1今日更新： 58
已更新80条数据
--------2021-02-14 11:58:04 站点1更新完成--------
--------2021-02-14 11:58:04 站点2开始更新--------
站点2今日更新： 480
已更新480条数据
--------2021-02-14 11:58:45 站点2更新完成--------
--------2021-02-14 15:58:01 站点1开始更新--------
站点1今日更新： 77
已更新80条数据
--------2021-02-14 15:58:04 站点1更新完成--------
--------2021-02-14 15:58:04 站点2开始更新--------
获取更新数量出错：local variable 'e' referenced before assignment
已更新480条数据
--------2021-02-14 15:59:25 站点2更新完成--------
[ERROR] 首页请求无数据
--------2021-02-14 21:58:01 站点1开始更新--------
proxy:  Status Code： 502 重试
get_json ERROR: list.remove(x): x not in list
None
--------2021-02-14 21:58:02 站点2开始更新--------
站点2今日更新： 480
已更新480条数据
--------2021-02-14 21:58:49 站点2更新完成--------
[ERROR] page:23请求无数据，放入错误列表
[ERROR] page:24请求无数据，放入错误列表
--------2021-02-14 23:58:01 站点1开始更新--------
站点1今日更新： 138
已更新160条数据
--------2021-02-14 23:58:09 站点1更新完成--------
--------2021-02-14 23:58:09 站点2开始更新--------
站点2今日更新： 480
proxy:  Status Code： 502 重试
get_json ERROR: list.remove(x): x not in list
None
proxy:  Status Code： 502 重试
get_json ERROR: list.remove(x): x not in list
None
已更新440条数据
出现错误页面： ['23', '24']
--------2021-02-14 23:59:20 站点2更新完成--------
--------2021-02-15 11:58:02 站点1开始更新--------
站点1今日更新： 65
已更新80条数据
--------2021-02-15 11:58:04 站点1更新完成--------
--------2021-02-15 11:58:04 站点2开始更新--------
站点2今日更新： 480
已更新480条数据
--------2021-02-15 11:58:45 站点2更新完成--------
--------2021-02-15 15:58:01 站点1开始更新--------
站点1今日更新： 103
已更新120条数据
--------2021-02-15 15:58:05 站点1更新完成--------
--------2021-02-15 15:58:05 站点2开始更新--------
站点2今日更新： 480
已更新480条数据
--------2021-02-15 15:58:48 站点2更新完成--------
--------2021-02-15 21:58:01 站点1开始更新--------
站点1今日更新： 137
已更新160条数据
--------2021-02-15 21:58:11 站点1更新完成--------
--------2021-02-15 21:58:11 站点2开始更新--------
站点2今日更新： 480
已更新480条数据
--------2021-02-15 21:58:54 站点2更新完成--------
--------2021-02-15 23:58:02 站点1开始更新--------
站点1今日更新： 159
已更新160条数据
--------2021-02-15 23:58:06 站点1更新完成--------
--------2021-02-15 23:58:06 站点2开始更新--------
站点2今日更新： 480
已更新480条数据
--------2021-02-15 23:58:50 站点2更新完成--------
--------2021-02-16 11:58:02 站点1开始更新--------
站点1今日更新： 80
已更新80条数据
--------2021-02-16 11:58:05 站点1更新完成--------
--------2021-02-16 11:58:05 站点2开始更新--------
--------2021-02-16 15:58:02 站点1开始更新--------
站点1今日更新： 104
已更新120条数据
--------2021-02-16 15:58:06 站点1更新完成--------
--------2021-02-16 15:58:06 站点2开始更新--------
[ERROR] 首页请求无数据
--------2021-02-17 15:58:01 站点1开始更新--------
站点1今日更新： 111
已更新120条数据
--------2021-02-17 15:58:04 站点1更新完成--------
--------2021-02-17 15:58:04 站点2开始更新--------
[ERROR] page:4请求无数据，放入错误列表
[ERROR] page:1请求无数据，放入错误列表
--------2021-02-18 11:58:01 站点1开始更新--------
站点1今日更新： 68
已更新80条数据
--------2021-02-18 11:58:03 站点1更新完成--------
--------2021-02-18 11:58:03 站点2开始更新--------
站点2今日更新： 480
已更新480条数据
--------2021-02-18 11:58:39 站点2更新完成--------
--------2021-02-18 15:58:02 站点1开始更新--------
站点1今日更新： 119
已更新120条数据
--------2021-02-18 15:58:08 站点1更新完成--------
--------2021-02-18 15:58:08 站点2开始更新--------
站点2今日更新： 480
已更新480条数据
--------2021-02-18 15:58:43 站点2更新完成--------
--------2021-02-18 21:58:02 站点1开始更新--------
站点1今日更新： 155
已更新160条数据
--------2021-02-18 21:58:32 站点1更新完成--------
--------2021-02-18 21:58:32 站点2开始更新--------
站点2今日更新： 480
已更新480条数据
--------2021-02-18 21:59:08 站点2更新完成--------
--------2021-02-19 11:58:02 站点1开始更新--------
站点1今日更新： 81
已更新120条数据
--------2021-02-19 11:58:07 站点1更新完成--------
--------2021-02-19 11:58:07 站点2开始更新--------
站点2今日更新： 480
已更新480条数据
--------2021-02-19 11:58:41 站点2更新完成--------
[ERROR] 首页请求无数据
--------2021-02-19 21:58:01 站点1开始更新--------
proxy:  Status Code： 502 重试
get_json ERROR: list.remove(x): x not in list
None
--------2021-02-19 21:58:02 站点2开始更新--------
站点2今日更新： 480
已更新480条数据
--------2021-02-19 21:58:36 站点2更新完成--------
--------2021-02-20 11:58:02 站点1开始更新--------
站点1今日更新： 73
已更新80条数据
--------2021-02-20 11:58:06 站点1更新完成--------
--------2021-02-20 11:58:06 站点2开始更新--------
站点2今日更新： 480
已更新480条数据
--------2021-02-20 11:58:39 站点2更新完成--------
--------2021-02-20 15:58:02 站点1开始更新--------
站点1今日更新： 108
已更新120条数据
--------2021-02-20 15:58:15 站点1更新完成--------
--------2021-02-20 15:58:15 站点2开始更新--------
站点2今日更新： 480
已更新480条数据
--------2021-02-20 15:58:50 站点2更新完成--------
[ERROR] page:4请求无数据，放入错误列表
--------2021-02-20 21:58:01 站点1开始更新--------
站点1今日更新： 131
proxy:  Status Code： 502 重试
get_json ERROR: list.remove(x): x not in list
None
已更新120条数据
出现错误页面： ['4']
--------2021-02-20 21:58:18 站点1更新完成--------
--------2021-02-20 21:58:18 站点2开始更新--------
站点2今日更新： 480
已更新480条数据
--------2021-02-20 21:58:50 站点2更新完成--------
--------2021-02-20 23:58:01 站点1开始更新--------
站点1今日更新： 146
已更新160条数据
--------2021-02-20 23:58:31 站点1更新完成--------
--------2021-02-20 23:58:31 站点2开始更新--------
站点2今日更新： 480
已更新480条数据
--------2021-02-20 23:59:04 站点2更新完成--------
--------2021-02-21 11:58:02 站点1开始更新--------
站点1今日更新： 76
已更新80条数据
--------2021-02-21 11:58:06 站点1更新完成--------
--------2021-02-21 11:58:06 站点2开始更新--------
站点2今日更新： 480
已更新480条数据
--------2021-02-21 11:58:39 站点2更新完成--------
--------2021-02-21 15:58:02 站点1开始更新--------
站点1今日更新： 115
已更新120条数据
--------2021-02-21 15:58:29 站点1更新完成--------
--------2021-02-21 15:58:29 站点2开始更新--------
站点2今日更新： 480
已更新480条数据
--------2021-02-21 15:59:05 站点2更新完成--------
--------2021-02-21 21:58:01 站点1开始更新--------
--------2021-02-21 23:58:01 站点1开始更新--------
站点1今日更新： 143
已更新160条数据
--------2021-02-21 23:59:14 站点1更新完成--------
--------2021-02-21 23:59:14 站点2开始更新--------
站点2今日更新： 480
已更新480条数据
--------2021-02-21 23:59:53 站点2更新完成--------
--------2021-02-22 11:58:01 站点1开始更新--------
站点1今日更新： 59
已更新80条数据
--------2021-02-22 11:58:05 站点1更新完成--------
--------2021-02-22 11:58:05 站点2开始更新--------
站点2今日更新： 480
已更新480条数据
--------2021-02-22 11:58:38 站点2更新完成--------
--------2021-02-22 15:58:02 站点1开始更新--------
站点1今日更新： 89
已更新120条数据
--------2021-02-22 15:58:11 站点1更新完成--------
--------2021-02-22 15:58:11 站点2开始更新--------
站点2今日更新： 480
已更新480条数据
--------2021-02-22 15:58:44 站点2更新完成--------
--------2021-02-22 21:58:01 站点1开始更新--------
站点1今日更新： 114
已更新120条数据
--------2021-02-22 21:58:21 站点1更新完成--------
--------2021-02-22 21:58:21 站点2开始更新--------
站点2今日更新： 480
已更新480条数据
--------2021-02-22 21:58:55 站点2更新完成--------
--------2021-02-22 23:58:02 站点1开始更新--------
--------2021-02-23 11:58:02 站点1开始更新--------
站点1今日更新： 95
已更新120条数据
--------2021-02-23 11:58:05 站点1更新完成--------
--------2021-02-23 11:58:05 站点2开始更新--------
站点2今日更新： 480
已更新480条数据
--------2021-02-23 11:58:41 站点2更新完成--------
--------2021-02-23 15:58:02 站点1开始更新--------
站点1今日更新： 120
已更新120条数据
--------2021-02-23 15:58:20 站点1更新完成--------
--------2021-02-23 15:58:20 站点2开始更新--------
站点2今日更新： 480
已更新480条数据
--------2021-02-23 15:58:53 站点2更新完成--------
--------2021-02-23 21:58:02 站点1开始更新--------
站点1今日更新： 182
已更新200条数据
--------2021-02-23 21:58:13 站点1更新完成--------
--------2021-02-23 21:58:13 站点2开始更新--------
站点2今日更新： 480
已更新480条数据
--------2021-02-23 21:58:51 站点2更新完成--------
--------2021-02-24 11:58:01 站点1开始更新--------
站点1今日更新： 116
已更新120条数据
--------2021-02-24 11:58:09 站点1更新完成--------
--------2021-02-24 11:58:09 站点2开始更新--------
站点2今日更新： 480
已更新480条数据
--------2021-02-24 11:58:51 站点2更新完成--------
--------2021-02-24 15:58:01 站点1开始更新--------
站点1今日更新： 141
已更新160条数据
--------2021-02-24 15:58:09 站点1更新完成--------
--------2021-02-24 15:58:09 站点2开始更新--------
站点2今日更新： 480
已更新480条数据
--------2021-02-24 15:58:44 站点2更新完成--------
--------2021-02-24 21:58:02 站点1开始更新--------
站点1今日更新： 180
已更新200条数据
--------2021-02-24 21:58:14 站点1更新完成--------
--------2021-02-24 21:58:14 站点2开始更新--------
站点2今日更新： 480
已更新480条数据
--------2021-02-24 21:58:49 站点2更新完成--------
--------2021-02-25 11:58:02 站点1开始更新--------
站点1今日更新： 64
已更新80条数据
--------2021-02-25 11:58:04 站点1更新完成--------
--------2021-02-25 11:58:04 站点2开始更新--------
站点2今日更新： 480
已更新480条数据
--------2021-02-25 11:58:43 站点2更新完成--------
--------2021-02-25 15:58:01 站点1开始更新--------
站点1今日更新： 112
已更新120条数据
--------2021-02-25 15:58:06 站点1更新完成--------
--------2021-02-25 15:58:06 站点2开始更新--------
站点2今日更新： 480
已更新480条数据
--------2021-02-25 15:58:45 站点2更新完成--------
--------2021-02-25 21:58:01 站点1开始更新--------
站点1今日更新： 153
已更新160条数据
--------2021-02-25 21:58:38 站点1更新完成--------
--------2021-02-25 21:58:38 站点2开始更新--------
--------2021-02-26 11:58:02 站点1开始更新--------
站点1今日更新： 100
已更新120条数据
--------2021-02-26 11:58:06 站点1更新完成--------
--------2021-02-26 11:58:06 站点2开始更新--------
站点2今日更新： 480
已更新480条数据
--------2021-02-26 11:58:51 站点2更新完成--------
--------2021-02-26 15:58:01 站点1开始更新--------
站点1今日更新： 138
已更新160条数据
--------2021-02-26 15:58:14 站点1更新完成--------
--------2021-02-26 15:58:14 站点2开始更新--------
站点2今日更新： 480
已更新480条数据
--------2021-02-26 15:58:54 站点2更新完成--------
[ERROR] 首页请求无数据
--------2021-02-26 21:58:01 站点1开始更新--------
proxy:  Status Code： 502 重试
get_json ERROR: list.remove(x): x not in list
None
--------2021-02-26 21:58:02 站点2开始更新--------
站点2今日更新： 480
已更新480条数据
--------2021-02-26 21:58:40 站点2更新完成--------
--------2021-02-26 23:58:01 站点1开始更新--------
站点1今日更新： 187
已更新200条数据
--------2021-02-26 23:58:13 站点1更新完成--------
--------2021-02-26 23:58:13 站点2开始更新--------
站点2今日更新： 480
已更新480条数据
--------2021-02-26 23:58:55 站点2更新完成--------
--------2021-02-27 11:58:02 站点1开始更新--------
站点1今日更新： 82
已更新120条数据
--------2021-02-27 11:58:06 站点1更新完成--------
--------2021-02-27 11:58:06 站点2开始更新--------
站点2今日更新： 480
已更新480条数据
--------2021-02-27 11:58:42 站点2更新完成--------
--------2021-02-27 15:58:02 站点1开始更新--------
站点1今日更新： 112
已更新120条数据
--------2021-02-27 15:58:43 站点1更新完成--------
--------2021-02-27 15:58:43 站点2开始更新--------
站点2今日更新： 480
已更新480条数据
--------2021-02-27 15:59:20 站点2更新完成--------
[ERROR] page:1请求无数据，放入错误列表
[ERROR] page:3请求无数据，放入错误列表
[ERROR] page:4请求无数据，放入错误列表
[ERROR] page:2请求无数据，放入错误列表
--------2021-02-27 21:58:02 站点1开始更新--------
站点1今日更新： 153
proxy:  Status Code： 502 重试
get_json ERROR: list.remove(x): x not in list
proxy:  Status Code： 502 重试
get_json ERROR: list.remove(x): x not in list
None
None
proxy:  Status Code： 502 重试
get_json ERROR: list.remove(x): x not in list
None
proxy:  Status Code： 502 重试
get_json ERROR: list.remove(x): x not in list
None
已更新0条数据
出现错误页面： ['1', '3', '4', '2']
--------2021-02-27 21:58:09 站点1更新完成--------
--------2021-02-27 21:58:09 站点2开始更新--------
站点2今日更新： 480
已更新480条数据
--------2021-02-27 21:58:48 站点2更新完成--------
--------2021-02-27 23:58:01 站点1开始更新--------
站点1今日更新： 169
已更新200条数据
--------2021-02-27 23:58:09 站点1更新完成--------
--------2021-02-27 23:58:09 站点2开始更新--------
站点2今日更新： 480
已更新480条数据
--------2021-02-27 23:58:45 站点2更新完成--------
--------2021-02-28 11:58:02 站点1开始更新--------
站点1今日更新： 74
已更新80条数据
--------2021-02-28 11:58:05 站点1更新完成--------
--------2021-02-28 11:58:05 站点2开始更新--------
站点2今日更新： 480
已更新480条数据
--------2021-02-28 11:58:39 站点2更新完成--------
--------2021-02-28 15:58:02 站点1开始更新--------
站点1今日更新： 119
已更新120条数据
--------2021-02-28 15:58:06 站点1更新完成--------
--------2021-02-28 15:58:06 站点2开始更新--------
站点2今日更新： 480
已更新480条数据
--------2021-02-28 15:58:42 站点2更新完成--------
--------2021-02-28 21:58:02 站点1开始更新--------
站点1今日更新： 165
已更新200条数据
--------2021-02-28 21:58:13 站点1更新完成--------
--------2021-02-28 21:58:13 站点2开始更新--------
站点2今日更新： 480
已更新480条数据
--------2021-02-28 21:58:46 站点2更新完成--------
--------2021-02-28 23:58:02 站点1开始更新--------
站点1今日更新： 167
已更新200条数据
--------2021-02-28 23:58:09 站点1更新完成--------
--------2021-02-28 23:58:09 站点2开始更新--------
站点2今日更新： 480
已更新480条数据
--------2021-02-28 23:58:45 站点2更新完成--------
--------2021-03-01 11:58:02 站点1开始更新--------
站点1今日更新： 92
已更新120条数据
--------2021-03-01 11:58:05 站点1更新完成--------
--------2021-03-01 11:58:05 站点2开始更新--------
站点2今日更新： 480
已更新480条数据
--------2021-03-01 11:58:41 站点2更新完成--------
--------2021-03-01 15:58:01 站点1开始更新--------
站点1今日更新： 110
已更新120条数据
--------2021-03-01 15:58:06 站点1更新完成--------
--------2021-03-01 15:58:06 站点2开始更新--------
站点2今日更新： 480
已更新480条数据
--------2021-03-01 15:58:43 站点2更新完成--------
--------2021-03-01 21:58:01 站点1开始更新--------
站点1今日更新： 144
已更新160条数据
--------2021-03-01 21:58:08 站点1更新完成--------
--------2021-03-01 21:58:08 站点2开始更新--------
站点2今日更新： 480
已更新480条数据
--------2021-03-01 21:58:44 站点2更新完成--------
--------2021-03-01 23:58:01 站点1开始更新--------
站点1今日更新： 155
已更新160条数据
--------2021-03-01 23:58:13 站点1更新完成--------
--------2021-03-01 23:58:13 站点2开始更新--------
站点2今日更新： 480
已更新480条数据
--------2021-03-01 23:58:50 站点2更新完成--------
--------2021-03-02 11:58:02 站点1开始更新--------
站点1今日更新： 103
已更新120条数据
--------2021-03-02 11:58:08 站点1更新完成--------
--------2021-03-02 11:58:08 站点2开始更新--------
站点2今日更新： 480
已更新480条数据
--------2021-03-02 11:58:45 站点2更新完成--------
--------2021-03-02 15:58:01 站点1开始更新--------
站点1今日更新： 122
已更新160条数据
--------2021-03-02 15:58:06 站点1更新完成--------
--------2021-03-02 15:58:06 站点2开始更新--------
站点2今日更新： 480
已更新480条数据
--------2021-03-02 15:58:43 站点2更新完成--------
--------2021-03-02 21:58:01 站点1开始更新--------
站点1今日更新： 153
已更新160条数据
--------2021-03-02 21:58:15 站点1更新完成--------
--------2021-03-02 21:58:15 站点2开始更新--------
站点2今日更新： 480
已更新480条数据
--------2021-03-02 21:58:51 站点2更新完成--------
--------2021-03-02 23:58:02 站点1开始更新--------
站点1今日更新： 163
已更新200条数据
--------2021-03-02 23:58:13 站点1更新完成--------
--------2021-03-02 23:58:13 站点2开始更新--------
站点2今日更新： 480
已更新480条数据
--------2021-03-02 23:58:50 站点2更新完成--------
--------2021-03-03 11:58:02 站点1开始更新--------
站点1今日更新： 101
已更新120条数据
--------2021-03-03 11:58:04 站点1更新完成--------
--------2021-03-03 11:58:04 站点2开始更新--------
站点2今日更新： 480
已更新480条数据
--------2021-03-03 11:58:40 站点2更新完成--------
--------2021-03-03 15:58:02 站点1开始更新--------
站点1今日更新： 127
已更新160条数据
--------2021-03-03 15:58:14 站点1更新完成--------
--------2021-03-03 15:58:14 站点2开始更新--------
站点2今日更新： 480
已更新480条数据
--------2021-03-03 15:58:48 站点2更新完成--------
--------2021-03-03 21:58:01 站点1开始更新--------
站点1今日更新： 176
已更新200条数据
--------2021-03-03 21:58:20 站点1更新完成--------
--------2021-03-03 21:58:20 站点2开始更新--------
站点2今日更新： 480
已更新480条数据
--------2021-03-03 21:58:57 站点2更新完成--------
--------2021-03-03 23:58:02 站点1开始更新--------
站点1今日更新： 180
已更新200条数据
--------2021-03-03 23:58:11 站点1更新完成--------
--------2021-03-03 23:58:11 站点2开始更新--------
站点2今日更新： 480
已更新480条数据
--------2021-03-03 23:58:47 站点2更新完成--------
--------2021-03-04 11:58:02 站点1开始更新--------
站点1今日更新： 102
已更新120条数据
--------2021-03-04 11:58:08 站点1更新完成--------
--------2021-03-04 11:58:08 站点2开始更新--------
站点2今日更新： 480
已更新480条数据
--------2021-03-04 11:58:48 站点2更新完成--------
--------2021-03-04 15:58:01 站点1开始更新--------
站点1今日更新： 120
已更新120条数据
--------2021-03-04 15:58:06 站点1更新完成--------
--------2021-03-04 15:58:06 站点2开始更新--------
站点2今日更新： 480
已更新480条数据
--------2021-03-04 15:58:40 站点2更新完成--------
--------2021-03-04 21:58:02 站点1开始更新--------
站点1今日更新： 165
已更新200条数据
--------2021-03-04 21:58:19 站点1更新完成--------
--------2021-03-04 21:58:19 站点2开始更新--------
站点2今日更新： 480
已更新480条数据
--------2021-03-04 21:58:56 站点2更新完成--------
--------2021-03-04 23:58:02 站点1开始更新--------
站点1今日更新： 176
已更新200条数据
--------2021-03-04 23:58:21 站点1更新完成--------
--------2021-03-04 23:58:21 站点2开始更新--------
站点2今日更新： 480
已更新480条数据
--------2021-03-04 23:58:58 站点2更新完成--------
--------2021-03-05 11:58:02 站点1开始更新--------
站点1今日更新： 93
已更新120条数据
--------2021-03-05 11:58:05 站点1更新完成--------
--------2021-03-05 11:58:05 站点2开始更新--------
站点2今日更新： 480
已更新480条数据
--------2021-03-05 11:58:42 站点2更新完成--------
--------2021-03-05 15:58:01 站点1开始更新--------
站点1今日更新： 127
已更新160条数据
--------2021-03-05 15:58:07 站点1更新完成--------
--------2021-03-05 15:58:07 站点2开始更新--------
站点2今日更新： 480
已更新480条数据
--------2021-03-05 15:58:44 站点2更新完成--------
--------2021-03-05 21:58:02 站点1开始更新--------
站点1今日更新： 181
已更新200条数据
--------2021-03-05 21:59:02 站点1更新完成--------
--------2021-03-05 21:59:02 站点2开始更新--------
站点2今日更新： 480
已更新480条数据
--------2021-03-05 21:59:37 站点2更新完成--------
--------2021-03-05 23:58:01 站点1开始更新--------
--------2021-03-06 11:58:02 站点1开始更新--------
站点1今日更新： 77
已更新80条数据
--------2021-03-06 11:58:05 站点1更新完成--------
--------2021-03-06 11:58:05 站点2开始更新--------
站点2今日更新： 480
已更新480条数据
--------2021-03-06 11:58:41 站点2更新完成--------
--------2021-03-06 15:58:02 站点1开始更新--------
站点1今日更新： 103
已更新120条数据
--------2021-03-06 15:58:07 站点1更新完成--------
--------2021-03-06 15:58:07 站点2开始更新--------
站点2今日更新： 480
已更新480条数据
--------2021-03-06 15:58:43 站点2更新完成--------
[ERROR] page:2请求无数据，放入错误列表
--------2021-03-06 21:58:01 站点1开始更新--------
站点1今日更新： 138
proxy:  Status Code： 502 重试
get_json ERROR: list.remove(x): x not in list
None
已更新120条数据
出现错误页面： ['2']
--------2021-03-06 21:58:10 站点1更新完成--------
--------2021-03-06 21:58:10 站点2开始更新--------
站点2今日更新： 480
已更新480条数据
--------2021-03-06 21:58:46 站点2更新完成--------
--------2021-03-06 23:58:01 站点1开始更新--------
站点1今日更新： 155
已更新160条数据
--------2021-03-06 23:58:10 站点1更新完成--------
--------2021-03-06 23:58:10 站点2开始更新--------
站点2今日更新： 480
已更新480条数据
--------2021-03-06 23:58:46 站点2更新完成--------
--------2021-03-07 11:58:01 站点1开始更新--------
站点1今日更新： 95
已更新120条数据
--------2021-03-07 11:58:05 站点1更新完成--------
--------2021-03-07 11:58:05 站点2开始更新--------
站点2今日更新： 480
已更新480条数据
--------2021-03-07 11:58:42 站点2更新完成--------
--------2021-03-07 15:58:01 站点1开始更新--------
站点1今日更新： 121
已更新160条数据
--------2021-03-07 15:58:20 站点1更新完成--------
--------2021-03-07 15:58:20 站点2开始更新--------
站点2今日更新： 480
已更新480条数据
--------2021-03-07 15:58:55 站点2更新完成--------
--------2021-03-07 21:58:02 站点1开始更新--------
站点1今日更新： 155
已更新160条数据
--------2021-03-07 21:58:21 站点1更新完成--------
--------2021-03-07 21:58:21 站点2开始更新--------
站点2今日更新： 480
已更新480条数据
--------2021-03-07 21:58:58 站点2更新完成--------
--------2021-03-07 23:58:01 站点1开始更新--------
站点1今日更新： 162
已更新200条数据
--------2021-03-07 23:58:10 站点1更新完成--------
--------2021-03-07 23:58:10 站点2开始更新--------
站点2今日更新： 480
已更新480条数据
--------2021-03-07 23:58:44 站点2更新完成--------
--------2021-03-08 11:58:02 站点1开始更新--------
站点1今日更新： 102
已更新120条数据
--------2021-03-08 11:58:04 站点1更新完成--------
--------2021-03-08 11:58:04 站点2开始更新--------
站点2今日更新： 480
已更新480条数据
--------2021-03-08 11:58:42 站点2更新完成--------
--------2021-03-08 15:58:02 站点1开始更新--------
站点1今日更新： 114
已更新120条数据
--------2021-03-08 15:58:05 站点1更新完成--------
--------2021-03-08 15:58:05 站点2开始更新--------
站点2今日更新： 480
已更新480条数据
--------2021-03-08 15:58:40 站点2更新完成--------
--------2021-03-08 21:58:02 站点1开始更新--------
站点1今日更新： 150
已更新160条数据
--------2021-03-08 21:58:20 站点1更新完成--------
--------2021-03-08 21:58:20 站点2开始更新--------
站点2今日更新： 480
已更新480条数据
--------2021-03-08 21:58:57 站点2更新完成--------
--------2021-03-08 23:58:02 站点1开始更新--------
站点1今日更新： 164
已更新200条数据
--------2021-03-08 23:58:10 站点1更新完成--------
--------2021-03-08 23:58:10 站点2开始更新--------
站点2今日更新： 480
已更新480条数据
--------2021-03-08 23:58:48 站点2更新完成--------
--------2021-03-09 11:58:01 站点1开始更新--------
站点1今日更新： 84
已更新120条数据
--------2021-03-09 11:58:04 站点1更新完成--------
--------2021-03-09 11:58:04 站点2开始更新--------
站点2今日更新： 480
已更新480条数据
--------2021-03-09 11:58:41 站点2更新完成--------
--------2021-03-09 15:58:02 站点1开始更新--------
站点1今日更新： 113
已更新120条数据
--------2021-03-09 15:58:10 站点1更新完成--------
--------2021-03-09 15:58:10 站点2开始更新--------
站点2今日更新： 480
已更新480条数据
--------2021-03-09 15:58:47 站点2更新完成--------
[ERROR] page:1请求无数据，放入错误列表
[ERROR] page:3请求无数据，放入错误列表
--------2021-03-09 21:58:02 站点1开始更新--------
站点1今日更新： 156
proxy:  Status Code： 502 重试
get_json ERROR: list.remove(x): x not in list
None
proxy:  Status Code： 502 重试
get_json ERROR: list.remove(x): x not in list
None
已更新80条数据
出现错误页面： ['1', '3']
--------2021-03-09 21:58:16 站点1更新完成--------
--------2021-03-09 21:58:16 站点2开始更新--------
站点2今日更新： 480
已更新480条数据
--------2021-03-09 21:58:54 站点2更新完成--------
--------2021-03-09 23:58:01 站点1开始更新--------
站点1今日更新： 163
已更新200条数据
--------2021-03-09 23:58:12 站点1更新完成--------
--------2021-03-09 23:58:12 站点2开始更新--------
站点2今日更新： 480
已更新480条数据
--------2021-03-09 23:58:46 站点2更新完成--------
--------2021-03-10 11:58:01 站点1开始更新--------
站点1今日更新： 97
已更新120条数据
--------2021-03-10 11:58:06 站点1更新完成--------
--------2021-03-10 11:58:06 站点2开始更新--------
站点2今日更新： 480
已更新480条数据
--------2021-03-10 11:58:43 站点2更新完成--------
--------2021-03-10 15:58:01 站点1开始更新--------
站点1今日更新： 115
已更新120条数据
--------2021-03-10 15:58:06 站点1更新完成--------
--------2021-03-10 15:58:06 站点2开始更新--------
站点2今日更新： 480
已更新480条数据
--------2021-03-10 15:58:39 站点2更新完成--------
[ERROR] page:4请求无数据，放入错误列表
--------2021-03-10 21:58:02 站点1开始更新--------
站点1今日更新： 157
proxy:  Status Code： 502 重试
get_json ERROR: list.remove(x): x not in list
None
已更新120条数据
出现错误页面： ['4']
--------2021-03-10 21:58:12 站点1更新完成--------
--------2021-03-10 21:58:12 站点2开始更新--------
站点2今日更新： 480
已更新480条数据
--------2021-03-10 21:58:50 站点2更新完成--------
--------2021-03-10 23:58:01 站点1开始更新--------
站点1今日更新： 169
已更新200条数据
--------2021-03-10 23:58:12 站点1更新完成--------
--------2021-03-10 23:58:12 站点2开始更新--------
站点2今日更新： 480
已更新480条数据
--------2021-03-10 23:58:47 站点2更新完成--------
--------2021-03-11 11:58:02 站点1开始更新--------
站点1今日更新： 103
已更新120条数据
--------2021-03-11 11:58:05 站点1更新完成--------
--------2021-03-11 11:58:05 站点2开始更新--------
站点2今日更新： 480
已更新480条数据
--------2021-03-11 11:58:43 站点2更新完成--------
--------2021-03-11 15:58:01 站点1开始更新--------
站点1今日更新： 118
已更新120条数据
--------2021-03-11 15:58:05 站点1更新完成--------
--------2021-03-11 15:58:05 站点2开始更新--------
站点2今日更新： 480
已更新480条数据
--------2021-03-11 15:58:41 站点2更新完成--------
--------2021-03-11 21:58:01 站点1开始更新--------
站点1今日更新： 157
已更新160条数据
--------2021-03-11 21:58:17 站点1更新完成--------
--------2021-03-11 21:58:17 站点2开始更新--------
站点2今日更新： 480
已更新480条数据
--------2021-03-11 21:58:53 站点2更新完成--------
--------2021-03-11 23:58:02 站点1开始更新--------
站点1今日更新： 159
已更新160条数据
--------2021-03-11 23:58:21 站点1更新完成--------
--------2021-03-11 23:58:21 站点2开始更新--------
站点2今日更新： 480
已更新480条数据
--------2021-03-11 23:58:56 站点2更新完成--------
--------2021-03-12 11:58:01 站点1开始更新--------
站点1今日更新： 97
已更新120条数据
--------2021-03-12 11:58:05 站点1更新完成--------
--------2021-03-12 11:58:05 站点2开始更新--------
站点2今日更新： 480
已更新480条数据
--------2021-03-12 11:58:44 站点2更新完成--------
--------2021-03-12 15:58:01 站点1开始更新--------
站点1今日更新： 126
已更新160条数据
--------2021-03-12 15:58:12 站点1更新完成--------
--------2021-03-12 15:58:12 站点2开始更新--------
站点2今日更新： 480
已更新480条数据
--------2021-03-12 15:58:48 站点2更新完成--------
[ERROR] page:12请求无数据，放入错误列表
[ERROR] page:11请求无数据，放入错误列表
[ERROR] page:8请求无数据，放入错误列表
[ERROR] page:5请求无数据，放入错误列表
[ERROR] page:6请求无数据，放入错误列表
[ERROR] page:9请求无数据，放入错误列表
--------2021-03-12 21:58:01 站点1开始更新--------
获取更新数量出错：local variable 'e' referenced before assignment
proxy:  Status Code： 502 重试
get_json ERROR: list.remove(x): x not in list
None
proxy:  Status Code： 502 重试
get_json ERROR: list.remove(x): x not in list
None
proxy:  Status Code： 502 重试
get_json ERROR: list.remove(x): x not in list
None
proxy:  Status Code： 502 重试
get_json ERROR: list.remove(x): x not in list
None
proxy:  Status Code： 502 重试
get_json ERROR: list.remove(x): x not in list
None
proxy:  Status Code： 502 重试
get_json ERROR: list.remove(x): x not in list
None
已更新240条数据
出现错误页面： ['12', '11', '8', '5', '6', '9']
--------2021-03-12 21:58:15 站点1更新完成--------
--------2021-03-12 21:58:15 站点2开始更新--------
站点2今日更新： 480
已更新480条数据
--------2021-03-12 21:58:48 站点2更新完成--------
--------2021-03-12 23:58:02 站点1开始更新--------
已更新480条数据
--------2021-03-12 23:58:33 站点1更新完成--------
--------2021-03-12 23:58:33 站点2开始更新--------
站点2今日更新： 480
已更新480条数据
--------2021-03-12 23:59:11 站点2更新完成--------
--------2021-03-13 11:58:02 站点1开始更新--------
站点1今日更新： 77
已更新80条数据
--------2021-03-13 11:58:08 站点1更新完成--------
--------2021-03-13 11:58:08 站点2开始更新--------
站点2今日更新： 480
已更新480条数据
--------2021-03-13 11:58:43 站点2更新完成--------
--------2021-03-13 15:58:02 站点1开始更新--------
站点1今日更新： 82
已更新120条数据
--------2021-03-13 15:58:09 站点1更新完成--------
--------2021-03-13 15:58:09 站点2开始更新--------
站点2今日更新： 480
已更新480条数据
--------2021-03-13 15:58:45 站点2更新完成--------
[ERROR] 首页请求无数据
--------2021-03-13 21:58:02 站点1开始更新--------
proxy:  Status Code： 502 重试
get_json ERROR: list.remove(x): x not in list
None
--------2021-03-13 21:58:03 站点2开始更新--------
站点2今日更新： 480
已更新480条数据
--------2021-03-13 21:58:40 站点2更新完成--------
--------2021-03-13 23:58:02 站点1开始更新--------
站点1今日更新： 131
已更新160条数据
--------2021-03-13 23:58:11 站点1更新完成--------
--------2021-03-13 23:58:11 站点2开始更新--------
站点2今日更新： 480
已更新480条数据
--------2021-03-13 23:58:45 站点2更新完成--------
--------2021-03-14 11:58:02 站点1开始更新--------
站点1今日更新： 63
已更新80条数据
--------2021-03-14 11:58:14 站点1更新完成--------
--------2021-03-14 11:58:14 站点2开始更新--------
站点2今日更新： 480
已更新480条数据
--------2021-03-14 11:58:50 站点2更新完成--------
--------2021-03-14 15:58:01 站点1开始更新--------
站点1今日更新： 72
已更新80条数据
--------2021-03-14 15:58:06 站点1更新完成--------
--------2021-03-14 15:58:06 站点2开始更新--------
站点2今日更新： 480
已更新480条数据
--------2021-03-14 15:58:41 站点2更新完成--------
--------2021-03-14 21:58:02 站点1开始更新--------
站点1今日更新： 118
已更新120条数据
--------2021-03-14 21:58:08 站点1更新完成--------
--------2021-03-14 21:58:08 站点2开始更新--------
站点2今日更新： 480
已更新480条数据
--------2021-03-14 21:58:43 站点2更新完成--------
--------2021-03-14 23:58:02 站点1开始更新--------
站点1今日更新： 131
已更新160条数据
--------2021-03-14 23:58:09 站点1更新完成--------
--------2021-03-14 23:58:09 站点2开始更新--------
站点2今日更新： 480
已更新480条数据
--------2021-03-14 23:58:43 站点2更新完成--------
--------2021-03-15 11:58:02 站点1开始更新--------
站点1今日更新： 76
已更新80条数据
--------2021-03-15 11:58:04 站点1更新完成--------
--------2021-03-15 11:58:04 站点2开始更新--------
站点2今日更新： 480
已更新480条数据
--------2021-03-15 11:58:41 站点2更新完成--------
--------2021-03-15 15:58:01 站点1开始更新--------
站点1今日更新： 91
已更新120条数据
--------2021-03-15 15:58:05 站点1更新完成--------
--------2021-03-15 15:58:05 站点2开始更新--------
站点2今日更新： 480
已更新480条数据
--------2021-03-15 15:58:41 站点2更新完成--------
[ERROR] 首页请求无数据
--------2021-03-15 21:58:02 站点1开始更新--------
proxy:  Status Code： 502 重试
get_json ERROR: list.remove(x): x not in list
None
--------2021-03-15 21:58:03 站点2开始更新--------
站点2今日更新： 480
已更新480条数据
--------2021-03-15 21:58:39 站点2更新完成--------
--------2021-03-15 23:58:01 站点1开始更新--------
站点1今日更新： 161
已更新200条数据
--------2021-03-15 23:58:07 站点1更新完成--------
--------2021-03-15 23:58:07 站点2开始更新--------
站点2今日更新： 480
已更新480条数据
--------2021-03-15 23:58:43 站点2更新完成--------
--------2021-03-16 11:58:02 站点1开始更新--------
站点1今日更新： 69
已更新80条数据
--------2021-03-16 11:58:05 站点1更新完成--------
--------2021-03-16 11:58:05 站点2开始更新--------
站点2今日更新： 480
已更新480条数据
--------2021-03-16 11:58:43 站点2更新完成--------
--------2021-03-16 15:58:01 站点1开始更新--------
站点1今日更新： 96
已更新120条数据
--------2021-03-16 15:58:06 站点1更新完成--------
--------2021-03-16 15:58:06 站点2开始更新--------
站点2今日更新： 480
已更新480条数据
--------2021-03-16 15:58:39 站点2更新完成--------
--------2021-03-16 21:58:01 站点1开始更新--------
站点1今日更新： 133
已更新160条数据
--------2021-03-16 21:58:32 站点1更新完成--------
--------2021-03-16 21:58:32 站点2开始更新--------
站点2今日更新： 480
已更新480条数据
--------2021-03-16 21:59:08 站点2更新完成--------
--------2021-03-16 23:58:01 站点1开始更新--------
站点1今日更新： 143
已更新160条数据
--------2021-03-16 23:58:09 站点1更新完成--------
--------2021-03-16 23:58:09 站点2开始更新--------
站点2今日更新： 480
已更新480条数据
--------2021-03-16 23:58:46 站点2更新完成--------
--------2021-03-17 11:58:02 站点1开始更新--------
站点1今日更新： 62
已更新80条数据
--------2021-03-17 11:58:05 站点1更新完成--------
--------2021-03-17 11:58:05 站点2开始更新--------
站点2今日更新： 480
已更新480条数据
--------2021-03-17 11:58:42 站点2更新完成--------
--------2021-03-17 15:58:01 站点1开始更新--------
站点1今日更新： 100
已更新120条数据
--------2021-03-17 15:58:16 站点1更新完成--------
--------2021-03-17 15:58:16 站点2开始更新--------
站点2今日更新： 480
已更新480条数据
--------2021-03-17 15:58:49 站点2更新完成--------
[ERROR] 首页请求无数据
--------2021-03-17 21:58:02 站点1开始更新--------
proxy:  Status Code： 502 重试
get_json ERROR: list.remove(x): x not in list
None
--------2021-03-17 21:58:02 站点2开始更新--------
站点2今日更新： 480
已更新480条数据
--------2021-03-17 21:58:39 站点2更新完成--------
--------2021-03-17 23:58:02 站点1开始更新--------
站点1今日更新： 145
已更新160条数据
--------2021-03-17 23:58:06 站点1更新完成--------
--------2021-03-17 23:58:06 站点2开始更新--------
站点2今日更新： 480
已更新480条数据
--------2021-03-17 23:58:43 站点2更新完成--------
--------2021-03-18 11:58:02 站点1开始更新--------
站点1今日更新： 85
已更新120条数据
--------2021-03-18 11:58:04 站点1更新完成--------
--------2021-03-18 11:58:04 站点2开始更新--------
站点2今日更新： 480
已更新480条数据
--------2021-03-18 11:58:44 站点2更新完成--------
--------2021-03-18 15:58:01 站点1开始更新--------
站点1今日更新： 112
已更新120条数据
--------2021-03-18 15:58:04 站点1更新完成--------
--------2021-03-18 15:58:04 站点2开始更新--------
站点2今日更新： 480
已更新480条数据
--------2021-03-18 15:58:41 站点2更新完成--------
[ERROR] 首页请求无数据
--------2021-03-18 21:58:01 站点1开始更新--------
proxy:  Status Code： 502 重试
get_json ERROR: list.remove(x): x not in list
None
--------2021-03-18 21:58:02 站点2开始更新--------
站点2今日更新： 480
已更新480条数据
--------2021-03-18 21:58:39 站点2更新完成--------
--------2021-03-18 23:58:01 站点1开始更新--------
站点1今日更新： 152
已更新160条数据
--------2021-03-18 23:58:05 站点1更新完成--------
--------2021-03-18 23:58:05 站点2开始更新--------
站点2今日更新： 480
已更新480条数据
--------2021-03-18 23:58:41 站点2更新完成--------
--------2021-03-19 11:58:01 站点1开始更新--------
站点1今日更新： 69
已更新80条数据
--------2021-03-19 11:58:04 站点1更新完成--------
--------2021-03-19 11:58:04 站点2开始更新--------
站点2今日更新： 480
已更新480条数据
--------2021-03-19 11:58:40 站点2更新完成--------
--------2021-03-19 15:58:02 站点1开始更新--------
已更新480条数据
--------2021-03-19 15:58:20 站点1更新完成--------
--------2021-03-19 15:58:20 站点2开始更新--------
站点2今日更新： 480
已更新480条数据
--------2021-03-19 15:58:59 站点2更新完成--------
[ERROR] 首页请求无数据
--------2021-03-19 21:58:01 站点1开始更新--------
proxy:  Status Code： 502 重试
get_json ERROR: list.remove(x): x not in list
None
--------2021-03-19 21:58:02 站点2开始更新--------
站点2今日更新： 480
已更新480条数据
--------2021-03-19 21:58:37 站点2更新完成--------
--------2021-03-19 23:58:01 站点1开始更新--------
站点1今日更新： 161
已更新200条数据
--------2021-03-19 23:58:10 站点1更新完成--------
--------2021-03-19 23:58:10 站点2开始更新--------
站点2今日更新： 480
已更新480条数据
--------2021-03-19 23:58:48 站点2更新完成--------
--------2021-03-20 11:58:02 站点1开始更新--------
站点1今日更新： 55
已更新80条数据
--------2021-03-20 11:58:04 站点1更新完成--------
--------2021-03-20 11:58:04 站点2开始更新--------
站点2今日更新： 480
已更新480条数据
--------2021-03-20 11:58:40 站点2更新完成--------
--------2021-03-20 15:58:02 站点1开始更新--------
站点1今日更新： 89
已更新120条数据
--------2021-03-20 15:58:14 站点1更新完成--------
--------2021-03-20 15:58:14 站点2开始更新--------
站点2今日更新： 480
已更新480条数据
--------2021-03-20 15:58:51 站点2更新完成--------
--------2021-03-20 21:58:02 站点1开始更新--------
站点1今日更新： 118
已更新120条数据
--------2021-03-20 21:58:10 站点1更新完成--------
--------2021-03-20 21:58:10 站点2开始更新--------
站点2今日更新： 480
已更新480条数据
--------2021-03-20 21:58:44 站点2更新完成--------
--------2021-03-20 23:58:01 站点1开始更新--------
站点1今日更新： 129
已更新160条数据
--------2021-03-20 23:58:43 站点1更新完成--------
--------2021-03-20 23:58:43 站点2开始更新--------
站点2今日更新： 480
已更新480条数据
--------2021-03-20 23:59:20 站点2更新完成--------
--------2021-03-21 11:58:01 站点1开始更新--------
站点1今日更新： 52
已更新80条数据
--------2021-03-21 11:58:10 站点1更新完成--------
--------2021-03-21 11:58:10 站点2开始更新--------
站点2今日更新： 480
已更新480条数据
--------2021-03-21 11:58:45 站点2更新完成--------
--------2021-03-21 15:58:02 站点1开始更新--------
站点1今日更新： 85
已更新120条数据
--------2021-03-21 15:58:07 站点1更新完成--------
--------2021-03-21 15:58:07 站点2开始更新--------
站点2今日更新： 480
已更新480条数据
--------2021-03-21 15:58:40 站点2更新完成--------
[ERROR] page:3请求无数据，放入错误列表
[ERROR] page:4请求无数据，放入错误列表
[ERROR] page:1请求无数据，放入错误列表
[ERROR] page:2请求无数据，放入错误列表
--------2021-03-21 21:58:01 站点1开始更新--------
站点1今日更新： 135
proxy:  Status Code： 502 重试
get_json ERROR: list.remove(x): x not in list
None
proxy:  Status Code： 502 重试
get_json ERROR: list.remove(x): x not in list
None
proxy:  Status Code： 502 重试
get_json ERROR: list.remove(x): x not in list
None
proxy:  Status Code： 502 重试
get_json ERROR: list.remove(x): x not in list
None
已更新0条数据
出现错误页面： ['3', '4', '1', '2']
--------2021-03-21 21:58:14 站点1更新完成--------
--------2021-03-21 21:58:14 站点2开始更新--------
站点2今日更新： 480
已更新480条数据
--------2021-03-21 21:58:50 站点2更新完成--------
--------2021-03-21 23:58:01 站点1开始更新--------
站点1今日更新： 142
已更新160条数据
--------2021-03-21 23:58:12 站点1更新完成--------
--------2021-03-21 23:58:12 站点2开始更新--------
站点2今日更新： 480
已更新480条数据
--------2021-03-21 23:58:47 站点2更新完成--------
--------2021-03-22 11:58:01 站点1开始更新--------
站点1今日更新： 53
已更新80条数据
--------2021-03-22 11:58:05 站点1更新完成--------
--------2021-03-22 11:58:05 站点2开始更新--------
站点2今日更新： 480
已更新480条数据
--------2021-03-22 11:58:40 站点2更新完成--------
--------2021-03-22 15:58:02 站点1开始更新--------
站点1今日更新： 87
已更新120条数据
--------2021-03-22 15:58:08 站点1更新完成--------
--------2021-03-22 15:58:08 站点2开始更新--------
站点2今日更新： 480
已更新480条数据
--------2021-03-22 15:58:45 站点2更新完成--------
--------2021-03-22 21:58:01 站点1开始更新--------
站点1今日更新： 124
已更新160条数据
--------2021-03-22 21:58:11 站点1更新完成--------
--------2021-03-22 21:58:11 站点2开始更新--------
站点2今日更新： 480
已更新480条数据
--------2021-03-22 21:58:47 站点2更新完成--------
--------2021-03-23 11:58:02 站点1开始更新--------
站点1今日更新： 50
已更新80条数据
--------2021-03-23 11:58:05 站点1更新完成--------
--------2021-03-23 11:58:05 站点2开始更新--------
站点2今日更新： 480
已更新480条数据
--------2021-03-23 11:58:46 站点2更新完成--------
--------2021-03-23 15:58:01 站点1开始更新--------
站点1今日更新： 80
已更新80条数据
--------2021-03-23 15:58:05 站点1更新完成--------
--------2021-03-23 15:58:05 站点2开始更新--------
站点2今日更新： 480
已更新480条数据
--------2021-03-23 15:58:41 站点2更新完成--------
--------2021-03-23 21:58:01 站点1开始更新--------
站点1今日更新： 102
已更新120条数据
--------2021-03-23 21:58:07 站点1更新完成--------
--------2021-03-23 21:58:07 站点2开始更新--------
站点2今日更新： 480
已更新480条数据
--------2021-03-23 21:58:45 站点2更新完成--------
--------2021-03-23 23:58:01 站点1开始更新--------
站点1今日更新： 112
已更新120条数据
--------2021-03-23 23:58:17 站点1更新完成--------
--------2021-03-23 23:58:17 站点2开始更新--------
站点2今日更新： 480
已更新480条数据
--------2021-03-23 23:58:54 站点2更新完成--------
--------2021-03-24 11:58:02 站点1开始更新--------
站点1今日更新： 76
已更新80条数据
--------2021-03-24 11:58:05 站点1更新完成--------
--------2021-03-24 11:58:05 站点2开始更新--------
站点2今日更新： 480
已更新480条数据
--------2021-03-24 11:58:45 站点2更新完成--------
--------2021-03-24 15:58:02 站点1开始更新--------
站点1今日更新： 114
已更新120条数据
--------2021-03-24 15:58:05 站点1更新完成--------
--------2021-03-24 15:58:05 站点2开始更新--------
站点2今日更新： 480
已更新480条数据
--------2021-03-24 15:58:41 站点2更新完成--------
--------2021-03-24 21:58:01 站点1开始更新--------
站点1今日更新： 148
已更新160条数据
--------2021-03-24 21:58:07 站点1更新完成--------
--------2021-03-24 21:58:07 站点2开始更新--------
站点2今日更新： 480
已更新480条数据
--------2021-03-24 21:58:44 站点2更新完成--------
--------2021-03-24 23:58:02 站点1开始更新--------
站点1今日更新： 159
已更新160条数据
--------2021-03-24 23:58:10 站点1更新完成--------
--------2021-03-24 23:58:10 站点2开始更新--------
站点2今日更新： 480
已更新480条数据
--------2021-03-24 23:58:47 站点2更新完成--------
--------2021-03-25 11:58:01 站点1开始更新--------
站点1今日更新： 71
已更新80条数据
--------2021-03-25 11:58:04 站点1更新完成--------
--------2021-03-25 11:58:04 站点2开始更新--------
站点2今日更新： 480
已更新480条数据
--------2021-03-25 11:58:43 站点2更新完成--------
--------2021-03-25 15:58:02 站点1开始更新--------
站点1今日更新： 89
已更新120条数据
--------2021-03-25 15:58:05 站点1更新完成--------
--------2021-03-25 15:58:05 站点2开始更新--------
站点2今日更新： 480
已更新480条数据
--------2021-03-25 15:58:41 站点2更新完成--------
--------2021-03-25 21:58:02 站点1开始更新--------
站点1今日更新： 125
已更新160条数据
--------2021-03-25 21:58:07 站点1更新完成--------
--------2021-03-25 21:58:07 站点2开始更新--------
站点2今日更新： 480
已更新480条数据
--------2021-03-25 21:58:43 站点2更新完成--------
--------2021-03-25 23:58:01 站点1开始更新--------
站点1今日更新： 139
已更新160条数据
--------2021-03-25 23:58:13 站点1更新完成--------
--------2021-03-25 23:58:13 站点2开始更新--------
站点2今日更新： 480
已更新480条数据
--------2021-03-25 23:58:50 站点2更新完成--------
--------2021-03-26 11:58:02 站点1开始更新--------
站点1今日更新： 88
已更新120条数据
--------2021-03-26 11:58:04 站点1更新完成--------
--------2021-03-26 11:58:04 站点2开始更新--------
站点2今日更新： 480
已更新480条数据
--------2021-03-26 11:58:41 站点2更新完成--------
--------2021-03-26 15:58:02 站点1开始更新--------
站点1今日更新： 124
已更新160条数据
--------2021-03-26 15:58:05 站点1更新完成--------
--------2021-03-26 15:58:05 站点2开始更新--------
站点2今日更新： 480
已更新480条数据
--------2021-03-26 15:58:42 站点2更新完成--------
--------2021-03-26 21:58:02 站点1开始更新--------
站点1今日更新： 152
已更新160条数据
--------2021-03-26 21:58:06 站点1更新完成--------
--------2021-03-26 21:58:06 站点2开始更新--------
站点2今日更新： 480
已更新480条数据
--------2021-03-26 21:58:40 站点2更新完成--------
--------2021-03-26 23:58:02 站点1开始更新--------
站点1今日更新： 165
已更新200条数据
--------2021-03-26 23:58:24 站点1更新完成--------
--------2021-03-26 23:58:24 站点2开始更新--------
站点2今日更新： 480
已更新480条数据
--------2021-03-26 23:59:01 站点2更新完成--------
--------2021-03-27 11:58:02 站点1开始更新--------
站点1今日更新： 54
已更新80条数据
--------2021-03-27 11:58:08 站点1更新完成--------
--------2021-03-27 11:58:08 站点2开始更新--------
站点2今日更新： 480
已更新480条数据
--------2021-03-27 11:58:43 站点2更新完成--------
--------2021-03-27 15:58:01 站点1开始更新--------
站点1今日更新： 70
已更新80条数据
--------2021-03-27 15:58:05 站点1更新完成--------
--------2021-03-27 15:58:05 站点2开始更新--------
站点2今日更新： 480
已更新480条数据
--------2021-03-27 15:58:41 站点2更新完成--------
--------2021-03-27 21:58:01 站点1开始更新--------
站点1今日更新： 121
已更新160条数据
--------2021-03-27 21:58:25 站点1更新完成--------
--------2021-03-27 21:58:25 站点2开始更新--------
站点2今日更新： 480
已更新480条数据
--------2021-03-27 21:58:59 站点2更新完成--------
--------2021-03-27 23:58:01 站点1开始更新--------
站点1今日更新： 127
已更新160条数据
--------2021-03-27 23:58:47 站点1更新完成--------
--------2021-03-27 23:58:47 站点2开始更新--------
站点2今日更新： 480
已更新480条数据
--------2021-03-27 23:59:24 站点2更新完成--------
--------2021-03-28 11:58:02 站点1开始更新--------
站点1今日更新： 55
已更新80条数据
--------2021-03-28 11:58:05 站点1更新完成--------
--------2021-03-28 11:58:05 站点2开始更新--------
站点2今日更新： 480
已更新480条数据
--------2021-03-28 11:58:41 站点2更新完成--------
--------2021-03-28 15:58:01 站点1开始更新--------
站点1今日更新： 76
已更新80条数据
--------2021-03-28 15:58:13 站点1更新完成--------
--------2021-03-28 15:58:13 站点2开始更新--------
站点2今日更新： 480
已更新480条数据
--------2021-03-28 15:58:48 站点2更新完成--------
--------2021-03-28 21:58:02 站点1开始更新--------
站点1今日更新： 126
已更新160条数据
--------2021-03-28 21:58:08 站点1更新完成--------
--------2021-03-28 21:58:08 站点2开始更新--------
站点2今日更新： 480
已更新480条数据
--------2021-03-28 21:58:43 站点2更新完成--------
--------2021-03-28 23:58:01 站点1开始更新--------
站点1今日更新： 143
已更新160条数据
--------2021-03-28 23:58:18 站点1更新完成--------
--------2021-03-28 23:58:18 站点2开始更新--------
站点2今日更新： 480
已更新480条数据
--------2021-03-28 23:58:52 站点2更新完成--------
--------2021-03-29 11:58:02 站点1开始更新--------
站点1今日更新： 33
已更新40条数据
--------2021-03-29 11:58:05 站点1更新完成--------
--------2021-03-29 11:58:05 站点2开始更新--------
站点2今日更新： 480
已更新480条数据
--------2021-03-29 11:58:40 站点2更新完成--------
--------2021-03-29 15:58:02 站点1开始更新--------
站点1今日更新： 67
已更新80条数据
--------2021-03-29 15:58:04 站点1更新完成--------
--------2021-03-29 15:58:04 站点2开始更新--------
站点2今日更新： 480
已更新480条数据
--------2021-03-29 15:58:40 站点2更新完成--------
--------2021-03-29 21:58:02 站点1开始更新--------
站点1今日更新： 99
已更新120条数据
--------2021-03-29 21:58:18 站点1更新完成--------
--------2021-03-29 21:58:18 站点2开始更新--------
站点2今日更新： 480
已更新480条数据
--------2021-03-29 21:58:57 站点2更新完成--------
--------2021-03-29 23:58:02 站点1开始更新--------
站点1今日更新： 125
已更新160条数据
--------2021-03-29 23:58:09 站点1更新完成--------
--------2021-03-29 23:58:09 站点2开始更新--------
站点2今日更新： 480
已更新480条数据
--------2021-03-29 23:58:48 站点2更新完成--------
--------2021-03-30 11:58:01 站点1开始更新--------
站点1今日更新： 48
已更新80条数据
--------2021-03-30 11:58:04 站点1更新完成--------
--------2021-03-30 11:58:04 站点2开始更新--------
站点2今日更新： 480
已更新480条数据
--------2021-03-30 11:58:42 站点2更新完成--------
--------2021-03-30 15:58:02 站点1开始更新--------
站点1今日更新： 63
已更新80条数据
--------2021-03-30 15:58:04 站点1更新完成--------
--------2021-03-30 15:58:04 站点2开始更新--------
站点2今日更新： 480
已更新480条数据
--------2021-03-30 15:58:44 站点2更新完成--------
[ERROR] 首页请求无数据
--------2021-03-30 21:58:02 站点1开始更新--------
page jSON解析错误，重试1次
page jSON解析错误，重试2次
page jSON解析错误，重试3次
get_json 请求超过3次失败
--------2021-03-30 21:58:08 站点2开始更新--------
站点2今日更新： 480
已更新480条数据
--------2021-03-30 21:58:46 站点2更新完成--------
--------2021-03-30 23:58:02 站点1开始更新--------
站点1今日更新： 480
已更新480条数据
--------2021-03-30 23:59:20 站点1更新完成--------
--------2021-03-30 23:59:20 站点2开始更新--------
站点2今日更新： 480
已更新480条数据
--------2021-03-30 23:59:58 站点2更新完成--------
[ERROR] 首页请求无数据
--------2021-03-31 11:58:02 站点1开始更新--------
page jSON解析错误，重试1次
page jSON解析错误，重试2次
page jSON解析错误，重试3次
get_json 请求超过3次失败
--------2021-03-31 11:58:05 站点2开始更新--------
站点2今日更新： 480
已更新480条数据
--------2021-03-31 11:58:46 站点2更新完成--------
[ERROR] 首页请求无数据
--------2021-03-31 15:58:02 站点1开始更新--------
page jSON解析错误，重试1次
page jSON解析错误，重试2次
page jSON解析错误，重试3次
get_json 请求超过3次失败
--------2021-03-31 15:58:05 站点2开始更新--------
站点2今日更新： 480
已更新480条数据
--------2021-03-31 15:58:39 站点2更新完成--------
[ERROR] 首页请求无数据
--------2021-03-31 21:58:02 站点1开始更新--------
page jSON解析错误，重试1次
page jSON解析错误，重试2次
page jSON解析错误，重试3次
get_json 请求超过3次失败
--------2021-03-31 21:58:04 站点2开始更新--------
站点2今日更新： 480
已更新480条数据
--------2021-03-31 21:58:42 站点2更新完成--------
[ERROR] 首页请求无数据
--------2021-03-31 23:58:02 站点1开始更新--------
page jSON解析错误，重试1次
page jSON解析错误，重试2次
page jSON解析错误，重试3次
get_json 请求超过3次失败
--------2021-03-31 23:58:06 站点2开始更新--------
站点2今日更新： 480
已更新480条数据
--------2021-03-31 23:58:46 站点2更新完成--------
[ERROR] 首页请求无数据
--------2021-04-01 11:58:01 站点1开始更新--------
page jSON解析错误，重试1次
page jSON解析错误，重试2次
page jSON解析错误，重试3次
get_json 请求超过3次失败
--------2021-04-01 11:58:04 站点2开始更新--------
站点2今日更新： 480
已更新480条数据
--------2021-04-01 11:58:43 站点2更新完成--------
[ERROR] 首页请求无数据
--------2021-04-01 15:58:02 站点1开始更新--------
page jSON解析错误，重试1次
page jSON解析错误，重试2次
page jSON解析错误，重试3次
get_json 请求超过3次失败
--------2021-04-01 15:58:04 站点2开始更新--------
站点2今日更新： 480
已更新480条数据
--------2021-04-01 15:58:41 站点2更新完成--------
[ERROR] 首页请求无数据
--------2021-04-01 21:58:01 站点1开始更新--------
page jSON解析错误，重试1次
page jSON解析错误，重试2次
page jSON解析错误，重试3次
get_json 请求超过3次失败
--------2021-04-01 21:58:07 站点2开始更新--------
站点2今日更新： 480
已更新480条数据
--------2021-04-01 21:58:44 站点2更新完成--------
[ERROR] 首页请求无数据
--------2021-04-01 23:58:02 站点1开始更新--------
page jSON解析错误，重试1次
page jSON解析错误，重试2次
page jSON解析错误，重试3次
get_json 请求超过3次失败
--------2021-04-01 23:58:06 站点2开始更新--------
站点2今日更新： 480
已更新480条数据
--------2021-04-01 23:58:42 站点2更新完成--------
[ERROR] 首页请求无数据
--------2021-04-02 11:58:01 站点1开始更新--------
page jSON解析错误，重试1次
page jSON解析错误，重试2次
page jSON解析错误，重试3次
get_json 请求超过3次失败
--------2021-04-02 11:58:04 站点2开始更新--------
站点2今日更新： 480
已更新480条数据
--------2021-04-02 11:58:40 站点2更新完成--------
[ERROR] 首页请求无数据
--------2021-04-02 15:58:02 站点1开始更新--------
page jSON解析错误，重试1次
page jSON解析错误，重试2次
page jSON解析错误，重试3次
get_json 请求超过3次失败
--------2021-04-02 15:58:05 站点2开始更新--------
站点2今日更新： 480
已更新480条数据
--------2021-04-02 15:58:43 站点2更新完成--------
[ERROR] 首页请求无数据
--------2021-04-02 21:58:01 站点1开始更新--------
page jSON解析错误，重试1次
page jSON解析错误，重试2次
page jSON解析错误，重试3次
get_json 请求超过3次失败
--------2021-04-02 21:58:03 站点2开始更新--------
站点2今日更新： 480
已更新480条数据
--------2021-04-02 21:58:44 站点2更新完成--------
[ERROR] 首页请求无数据
--------2021-04-02 23:58:02 站点1开始更新--------
page jSON解析错误，重试1次
page jSON解析错误，重试2次
page jSON解析错误，重试3次
get_json 请求超过3次失败
--------2021-04-02 23:58:09 站点2开始更新--------
站点2今日更新： 480
已更新480条数据
--------2021-04-02 23:58:50 站点2更新完成--------
--------2021-04-03 11:58:02 站点1开始更新--------
--------2021-04-03 15:58:02 站点1开始更新--------
--------2021-04-03 21:58:02 站点1开始更新--------
--------2021-04-03 23:58:02 站点1开始更新--------
--------2021-04-04 11:58:02 站点1开始更新--------
--------2021-04-04 15:58:02 站点1开始更新--------
--------2021-04-04 21:58:02 站点1开始更新--------
--------2021-04-04 23:58:01 站点1开始更新--------
--------2021-04-05 11:58:01 站点1开始更新--------
--------2021-04-05 15:58:02 站点1开始更新--------
--------2021-04-05 21:58:01 站点1开始更新--------
--------2021-04-05 23:58:01 站点1开始更新--------
--------2021-04-06 11:58:01 站点1开始更新--------
--------2021-04-06 15:58:02 站点1开始更新--------
--------2021-04-06 21:58:01 站点1开始更新--------
[ERROR] 首页请求无数据
--------2021-04-06 23:58:01 站点1开始更新--------
page jSON解析错误，重试1次
page jSON解析错误，重试2次
page jSON解析错误，重试3次
get_json 请求超过3次失败
--------2021-04-06 23:58:04 站点2开始更新--------
站点2今日更新： 480
已更新480条数据
--------2021-04-06 23:58:42 站点2更新完成--------
[ERROR] 首页请求无数据
--------2021-04-07 11:58:02 站点1开始更新--------
page jSON解析错误，重试1次
page jSON解析错误，重试2次
page jSON解析错误，重试3次
get_json 请求超过3次失败
--------2021-04-07 11:58:05 站点2开始更新--------
站点2今日更新： 480
已更新480条数据
--------2021-04-07 11:58:43 站点2更新完成--------
[ERROR] 首页请求无数据
--------2021-04-07 15:58:02 站点1开始更新--------
page jSON解析错误，重试1次
page jSON解析错误，重试2次
page jSON解析错误，重试3次
get_json 请求超过3次失败
--------2021-04-07 15:58:04 站点2开始更新--------
站点2今日更新： 480
已更新480条数据
--------2021-04-07 15:58:46 站点2更新完成--------
[ERROR] 首页请求无数据
--------2021-04-07 21:58:02 站点1开始更新--------
page jSON解析错误，重试1次
page jSON解析错误，重试2次
page jSON解析错误，重试3次
get_json 请求超过3次失败
--------2021-04-07 21:58:07 站点2开始更新--------
站点2今日更新： 480
已更新480条数据
--------2021-04-07 21:58:47 站点2更新完成--------
[ERROR] 首页请求无数据
--------2021-04-07 23:58:01 站点1开始更新--------
page jSON解析错误，重试1次
page jSON解析错误，重试2次
page jSON解析错误，重试3次
get_json 请求超过3次失败
--------2021-04-07 23:58:05 站点2开始更新--------
站点2今日更新： 480
已更新480条数据
--------2021-04-07 23:58:43 站点2更新完成--------
[ERROR] 首页请求无数据
--------2021-04-08 11:58:02 站点1开始更新--------
page jSON解析错误，重试1次
page jSON解析错误，重试2次
page jSON解析错误，重试3次
get_json 请求超过3次失败
--------2021-04-08 11:58:04 站点2开始更新--------
站点2今日更新： 480
已更新480条数据
--------2021-04-08 11:58:46 站点2更新完成--------
[ERROR] 首页请求无数据
--------2021-04-08 15:58:01 站点1开始更新--------
page jSON解析错误，重试1次
page jSON解析错误，重试2次
page jSON解析错误，重试3次
get_json 请求超过3次失败
--------2021-04-08 15:58:04 站点2开始更新--------
站点2今日更新： 480
已更新480条数据
--------2021-04-08 15:58:43 站点2更新完成--------
[ERROR] 首页请求无数据
[ERROR] page:9请求无数据，放入错误列表
--------2021-04-08 21:58:02 站点1开始更新--------
page jSON解析错误，重试1次
page jSON解析错误，重试2次
page jSON解析错误，重试3次
get_json 请求超过3次失败
--------2021-04-08 21:58:05 站点2开始更新--------
站点2今日更新： 480
proxy:  Status Code： 502 重试
get_json ERROR: list.remove(x): x not in list
None
已更新460条数据
出现错误页面： ['9']
--------2021-04-08 21:58:51 站点2更新完成--------
[ERROR] 首页请求无数据
--------2021-04-08 23:58:02 站点1开始更新--------
page jSON解析错误，重试1次
page jSON解析错误，重试2次
page jSON解析错误，重试3次
get_json 请求超过3次失败
--------2021-04-08 23:58:05 站点2开始更新--------
站点2今日更新： 480
已更新480条数据
--------2021-04-08 23:58:46 站点2更新完成--------
[ERROR] 首页请求无数据
--------2021-04-09 11:58:02 站点1开始更新--------
page jSON解析错误，重试1次
page jSON解析错误，重试2次
page jSON解析错误，重试3次
get_json 请求超过3次失败
--------2021-04-09 11:58:04 站点2开始更新--------
站点2今日更新： 480
已更新480条数据
--------2021-04-09 11:58:44 站点2更新完成--------
[ERROR] 首页请求无数据
--------2021-04-09 15:58:01 站点1开始更新--------
page jSON解析错误，重试1次
page jSON解析错误，重试2次
page jSON解析错误，重试3次
get_json 请求超过3次失败
--------2021-04-09 15:58:03 站点2开始更新--------
站点2今日更新： 480
已更新480条数据
--------2021-04-09 15:58:46 站点2更新完成--------
[ERROR] 首页请求无数据
[ERROR] 首页请求无数据
--------2021-04-09 21:58:02 站点1开始更新--------
page jSON解析错误，重试1次
page jSON解析错误，重试2次
page jSON解析错误，重试3次
get_json 请求超过3次失败
--------2021-04-09 21:58:07 站点2开始更新--------
proxy:  Status Code： 502 重试
get_json ERROR: list.remove(x): x not in list
None
[ERROR] 首页请求无数据
--------2021-04-09 23:58:01 站点1开始更新--------
page jSON解析错误，重试1次
page jSON解析错误，重试2次
page jSON解析错误，重试3次
get_json 请求超过3次失败
--------2021-04-09 23:58:04 站点2开始更新--------
站点2今日更新： 480
已更新480条数据
--------2021-04-09 23:58:41 站点2更新完成--------
[ERROR] 首页请求无数据
--------2021-04-10 11:58:02 站点1开始更新--------
page jSON解析错误，重试1次
page jSON解析错误，重试2次
page jSON解析错误，重试3次
get_json 请求超过3次失败
--------2021-04-10 11:58:04 站点2开始更新--------
站点2今日更新： 480
已更新480条数据
--------2021-04-10 11:58:44 站点2更新完成--------
[ERROR] 首页请求无数据
--------2021-04-10 15:58:01 站点1开始更新--------
page jSON解析错误，重试1次
page jSON解析错误，重试2次
page jSON解析错误，重试3次
get_json 请求超过3次失败
--------2021-04-10 15:58:03 站点2开始更新--------
站点2今日更新： 480
已更新480条数据
--------2021-04-10 15:58:41 站点2更新完成--------
[ERROR] 首页请求无数据
[ERROR] 首页请求无数据
--------2021-04-10 21:58:01 站点1开始更新--------
page jSON解析错误，重试1次
page jSON解析错误，重试2次
page jSON解析错误，重试3次
get_json 请求超过3次失败
--------2021-04-10 21:58:05 站点2开始更新--------
proxy:  Status Code： 502 重试
get_json ERROR: list.remove(x): x not in list
None
[ERROR] 首页请求无数据
[ERROR] page:9请求无数据，放入错误列表
[ERROR] page:4请求无数据，放入错误列表
--------2021-04-10 23:58:01 站点1开始更新--------
page jSON解析错误，重试1次
page jSON解析错误，重试2次
page jSON解析错误，重试3次
get_json 请求超过3次失败
--------2021-04-10 23:58:06 站点2开始更新--------
站点2今日更新： 480
proxy:  Status Code： 502 重试
get_json ERROR: list.remove(x): x not in list
None
proxy:  Status Code： 502 重试
get_json ERROR: list.remove(x): x not in list
None
已更新440条数据
出现错误页面： ['9', '4']
--------2021-04-10 23:58:52 站点2更新完成--------
[ERROR] 首页请求无数据
--------2021-04-11 11:58:02 站点1开始更新--------
page jSON解析错误，重试1次
page jSON解析错误，重试2次
page jSON解析错误，重试3次
get_json 请求超过3次失败
--------2021-04-11 11:58:04 站点2开始更新--------
站点2今日更新： 480
已更新480条数据
--------2021-04-11 11:58:46 站点2更新完成--------
[ERROR] 首页请求无数据
--------2021-04-11 15:58:01 站点1开始更新--------
page jSON解析错误，重试1次
page jSON解析错误，重试2次
page jSON解析错误，重试3次
get_json 请求超过3次失败
--------2021-04-11 15:58:03 站点2开始更新--------
站点2今日更新： 480
已更新480条数据
--------2021-04-11 15:58:40 站点2更新完成--------
[ERROR] 首页请求无数据
[ERROR] page:20请求无数据，放入错误列表
[ERROR] page:10请求无数据，放入错误列表
[ERROR] page:9请求无数据，放入错误列表
[ERROR] page:8请求无数据，放入错误列表
[ERROR] page:7请求无数据，放入错误列表
[ERROR] page:3请求无数据，放入错误列表
[ERROR] page:2请求无数据，放入错误列表
--------2021-04-11 21:58:01 站点1开始更新--------
page jSON解析错误，重试1次
page jSON解析错误，重试2次
page jSON解析错误，重试3次
get_json 请求超过3次失败
--------2021-04-11 21:58:04 站点2开始更新--------
站点2今日更新： 480
proxy:  Status Code： 502 重试
get_json ERROR: list.remove(x): x not in list
None
proxy:  Status Code： 502 重试
get_json ERROR: list.remove(x): x not in list
None
proxy:  Status Code： 502 重试
get_json ERROR: list.remove(x): x not in list
None
proxy:  Status Code： 502 重试
get_json ERROR: list.remove(x): x not in list
None
proxy:  Status Code： 502 重试
get_json ERROR: list.remove(x): x not in list
None
proxy:  Status Code： 502 重试
get_json ERROR: list.remove(x): x not in list
None
proxy:  Status Code： 502 重试
get_json ERROR: list.remove(x): x not in list
None
已更新340条数据
出现错误页面： ['20', '10', '9', '8', '7', '3', '2']
--------2021-04-11 21:58:46 站点2更新完成--------
[ERROR] 首页请求无数据
--------2021-04-11 23:58:02 站点1开始更新--------
page jSON解析错误，重试1次
page jSON解析错误，重试2次
page jSON解析错误，重试3次
get_json 请求超过3次失败
--------2021-04-11 23:58:04 站点2开始更新--------
站点2今日更新： 480
已更新480条数据
--------2021-04-11 23:58:42 站点2更新完成--------
--------2021-04-12 11:58:02 站点1开始更新--------
[ERROR] 首页请求无数据
--------2021-04-12 15:58:01 站点1开始更新--------
page jSON解析错误，重试1次
page jSON解析错误，重试2次
page jSON解析错误，重试3次
get_json 请求超过3次失败
--------2021-04-12 15:58:03 站点2开始更新--------
站点2今日更新： 480
已更新480条数据
--------2021-04-12 15:58:46 站点2更新完成--------
--------2021-04-12 21:58:02 站点1开始更新--------
[ERROR] 首页请求无数据
--------2021-04-12 23:58:01 站点1开始更新--------
page jSON解析错误，重试1次
page jSON解析错误，重试2次
page jSON解析错误，重试3次
get_json 请求超过3次失败
--------2021-04-12 23:58:03 站点2开始更新--------
站点2今日更新： 480
已更新480条数据
--------2021-04-12 23:58:42 站点2更新完成--------
[ERROR] 首页请求无数据
--------2021-04-13 11:58:02 站点1开始更新--------
page jSON解析错误，重试1次
page jSON解析错误，重试2次
page jSON解析错误，重试3次
get_json 请求超过3次失败
--------2021-04-13 11:58:04 站点2开始更新--------
站点2今日更新： 480
已更新480条数据
--------2021-04-13 11:58:49 站点2更新完成--------
[ERROR] 首页请求无数据
--------2021-04-13 15:58:01 站点1开始更新--------
page jSON解析错误，重试1次
page jSON解析错误，重试2次
page jSON解析错误，重试3次
get_json 请求超过3次失败
--------2021-04-13 15:58:03 站点2开始更新--------
站点2今日更新： 480
已更新480条数据
--------2021-04-13 15:58:42 站点2更新完成--------
[ERROR] 首页请求无数据
--------2021-04-13 21:58:02 站点1开始更新--------
page jSON解析错误，重试1次
page jSON解析错误，重试2次
page jSON解析错误，重试3次
get_json 请求超过3次失败
--------2021-04-13 21:58:11 站点2开始更新--------
站点2今日更新： 480
已更新480条数据
--------2021-04-13 21:58:48 站点2更新完成--------
[ERROR] 首页请求无数据
--------2021-04-13 23:58:01 站点1开始更新--------
page jSON解析错误，重试1次
page jSON解析错误，重试2次
page jSON解析错误，重试3次
get_json 请求超过3次失败
--------2021-04-13 23:58:03 站点2开始更新--------
站点2今日更新： 480
已更新480条数据
--------2021-04-13 23:58:41 站点2更新完成--------
[ERROR] 首页请求无数据
--------2021-04-14 11:58:02 站点1开始更新--------
page jSON解析错误，重试1次
page jSON解析错误，重试2次
page jSON解析错误，重试3次
get_json 请求超过3次失败
--------2021-04-14 11:58:04 站点2开始更新--------
站点2今日更新： 480
已更新480条数据
--------2021-04-14 11:58:44 站点2更新完成--------
[ERROR] 首页请求无数据
--------2021-04-14 15:58:02 站点1开始更新--------
page jSON解析错误，重试1次
page jSON解析错误，重试2次
page jSON解析错误，重试3次
get_json 请求超过3次失败
--------2021-04-14 15:58:04 站点2开始更新--------
站点2今日更新： 480
已更新480条数据
--------2021-04-14 15:58:42 站点2更新完成--------
[ERROR] 首页请求无数据
--------2021-04-14 21:58:02 站点1开始更新--------
page jSON解析错误，重试1次
page jSON解析错误，重试2次
page jSON解析错误，重试3次
get_json 请求超过3次失败
--------2021-04-14 21:58:08 站点2开始更新--------
站点2今日更新： 480
已更新480条数据
--------2021-04-14 21:58:48 站点2更新完成--------
[ERROR] 首页请求无数据
--------2021-04-14 23:58:01 站点1开始更新--------
page jSON解析错误，重试1次
page jSON解析错误，重试2次
page jSON解析错误，重试3次
get_json 请求超过3次失败
--------2021-04-14 23:58:04 站点2开始更新--------
站点2今日更新： 480
已更新480条数据
--------2021-04-14 23:58:41 站点2更新完成--------
[ERROR] 首页请求无数据
--------2021-04-15 11:58:02 站点1开始更新--------
page jSON解析错误，重试1次
page jSON解析错误，重试2次
page jSON解析错误，重试3次
get_json 请求超过3次失败
--------2021-04-15 11:58:04 站点2开始更新--------
站点2今日更新： 480
已更新480条数据
--------2021-04-15 11:59:04 站点2更新完成--------
[ERROR] 首页请求无数据
--------2021-04-15 15:58:02 站点1开始更新--------
page jSON解析错误，重试1次
page jSON解析错误，重试2次
page jSON解析错误，重试3次
get_json 请求超过3次失败
--------2021-04-15 15:58:04 站点2开始更新--------
站点2今日更新： 480
已更新480条数据
--------2021-04-15 15:58:47 站点2更新完成--------
[ERROR] 首页请求无数据
--------2021-04-15 21:58:02 站点1开始更新--------
page jSON解析错误，重试1次
page jSON解析错误，重试2次
page jSON解析错误，重试3次
get_json 请求超过3次失败
--------2021-04-15 21:58:05 站点2开始更新--------
站点2今日更新： 480
已更新480条数据
--------2021-04-15 21:58:49 站点2更新完成--------
[ERROR] 首页请求无数据
--------2021-04-15 23:58:01 站点1开始更新--------
page jSON解析错误，重试1次
page jSON解析错误，重试2次
page jSON解析错误，重试3次
get_json 请求超过3次失败
--------2021-04-15 23:58:04 站点2开始更新--------
站点2今日更新： 480
已更新480条数据
--------2021-04-15 23:58:48 站点2更新完成--------
[ERROR] 首页请求无数据
--------2021-04-16 11:58:02 站点1开始更新--------
page jSON解析错误，重试1次
page jSON解析错误，重试2次
page jSON解析错误，重试3次
get_json 请求超过3次失败
--------2021-04-16 11:58:02 站点2开始更新--------
站点2今日更新： 480
已更新480条数据
--------2021-04-16 11:58:48 站点2更新完成--------
[ERROR] 首页请求无数据
--------2021-04-16 15:58:01 站点1开始更新--------
page jSON解析错误，重试1次
page jSON解析错误，重试2次
page jSON解析错误，重试3次
get_json 请求超过3次失败
--------2021-04-16 15:58:02 站点2开始更新--------
站点2今日更新： 480
已更新480条数据
--------2021-04-16 15:58:44 站点2更新完成--------
--------2021-04-16 21:58:01 站点1开始更新--------
--------2021-04-16 23:58:02 站点1开始更新--------
--------2021-04-17 11:58:02 站点1开始更新--------
--------2021-04-17 15:58:01 站点1开始更新--------
--------2021-04-17 21:58:01 站点1开始更新--------
--------2021-04-17 23:58:01 站点1开始更新--------
--------2021-04-18 11:58:01 站点1开始更新--------
--------2021-04-18 15:58:02 站点1开始更新--------
--------2021-04-18 21:58:02 站点1开始更新--------
--------2021-04-18 23:58:01 站点1开始更新--------
--------2021-04-19 11:58:02 站点1开始更新--------
--------2021-04-19 15:58:01 站点1开始更新--------
--------2021-04-19 21:58:02 站点1开始更新--------
--------2021-04-19 23:58:02 站点1开始更新--------
--------2021-04-20 11:58:01 站点1开始更新--------
--------2021-04-20 15:58:02 站点1开始更新--------
--------2021-04-20 21:58:01 站点1开始更新--------
--------2021-04-20 23:58:01 站点1开始更新--------
--------2021-04-21 11:58:02 站点1开始更新--------
--------2021-04-21 15:58:02 站点1开始更新--------
--------2021-04-21 21:58:01 站点1开始更新--------
--------2021-04-21 23:58:01 站点1开始更新--------
--------2021-04-22 11:58:02 站点1开始更新--------
--------2021-04-22 15:58:01 站点1开始更新--------
--------2021-04-22 21:58:01 站点1开始更新--------
--------2021-04-22 23:58:01 站点1开始更新--------
--------2021-04-23 11:58:02 站点1开始更新--------
--------2021-04-23 15:58:02 站点1开始更新--------
--------2021-04-23 21:58:02 站点1开始更新--------
--------2021-04-23 23:58:02 站点1开始更新--------
--------2021-04-24 11:58:02 站点1开始更新--------
--------2021-04-24 15:58:01 站点1开始更新--------
--------2021-04-24 21:58:02 站点1开始更新--------
--------2021-04-24 23:58:02 站点1开始更新--------
--------2021-04-25 11:58:02 站点1开始更新--------
--------2021-04-25 15:58:02 站点1开始更新--------
--------2021-04-25 21:58:01 站点1开始更新--------
--------2021-04-25 23:58:02 站点1开始更新--------
--------2021-04-26 11:58:02 站点1开始更新--------
[ERROR] 首页请求无数据
--------2021-04-26 15:58:02 站点1开始更新--------
page jSON解析错误，重试1次
page jSON解析错误，重试2次
page jSON解析错误，重试3次
get_json 请求超过3次失败
--------2021-04-26 15:58:15 站点2开始更新--------
爬虫网站http://cj.bajiecaiji.com/返回状态码错误：403 proxy: 
已更新480条数据
--------2021-04-26 15:58:57 站点2更新完成--------
--------2021-04-26 21:58:01 站点1开始更新--------
