[1589731201] ./uwsgi.log reopened.
爱是永恒 25836137 6.0保存成功[douban]
中邪 26820833 6.8保存成功[douban]
超级保镖 未匹配到合适id [{'episode': '', 'img': 'https://img1.doubanio.com/view/photo/s_ratio_poster/public/p2366827948.jpg', 'title': '超级保镖', 'url': 'https://movie.douban.com/subject/26673947/?suggest=%E8%B6%85%E7%BA%A7%E4%BF%9D%E9%95%96', 'type': 'movie', 'year': '2016', 'sub_title': '超级保镖', 'id': '26673947'}, {'episode': '', 'img': 'https://img1.doubanio.com/view/photo/s_ratio_poster/public/p2397357527.jpg', 'title': '校花的超级保镖之无极诀', 'url': 'https://movie.douban.com/subject/26846787/?suggest=%E8%B6%85%E7%BA%A7%E4%BF%9D%E9%95%96', 'type': 'movie', 'year': '2016', 'sub_title': '校花的超级保镖之无极诀', 'id': '26846787'}]
超级保镖 无豆瓣id数据，存入列表
终极胜利 26431412 6.4保存成功[douban]
勇士 未匹配到合适id []
----------地址被限制,稍后重试----------
拥有神之舌的男子：鬼灯死亡之路篇 26871731 4.8保存成功[douban]
刑柱之地2 26925294 5.4保存成功[douban]
我的女神女汉子 26899304 2.7保存成功[douban]
情深意浓 27092455 7.3保存成功[douban]
都市封魔传 未匹配到合适id []
----------地址被限制,稍后重试----------
百万个幸福现在 27063031 6.7保存成功[douban]
帕特森 26677495 8.1保存成功[douban]
奥斯特里茨 26845271 6.9保存成功[douban]
为爱叛逆 26783526 6.1保存成功[douban]
血战狂沙 未匹配到合适id []
血战狂沙 无豆瓣id数据，存入列表
心语阳光 26841635 0保存成功[douban]
提着心吊着胆 26808466 6.8保存成功[douban]
美好的人生 26852163 7.2保存成功[douban]
进入地狱 未匹配到合适id []
----------地址被限制,稍后重试----------
复生实验 26329176 5.8保存成功[douban]
再见瓦城 26724235 6.8保存成功[douban]
永远的托词 26581774 7.6保存成功[douban]
燕子号与亚马逊号 未匹配到合适id [{'episode': '', 'img': 'https://img9.doubanio.com/view/photo/s_ratio_poster/public/p2493587385.jpg', 'title': '燕子号与亚马逊号', 'url': 'https://movie.douban.com/subject/3060625/?suggest=%E7%87%95%E5%AD%90%E5%8F%B7%E4%B8%8E%E4%BA%9A%E9%A9%AC%E9%80%8A%E5%8F%B7', 'type': 'movie', 'year': '2016', 'sub_title': 'Swallows and Amazons', 'id': '3060625'}, {'episode': '', 'img': 'https://img3.doubanio.com/view/photo/s_ratio_poster/public/p2572384192.jpg', 'title': '不列颠云梦泽：逃往燕子号与亚马逊号国度', 'url': 'https://movie.douban.com/subject/26835352/?suggest=%E7%87%95%E5%AD%90%E5%8F%B7%E4%B8%8E%E4%BA%9A%E9%A9%AC%E9%80%8A%E5%8F%B7', 'type': 'movie', 'year': '2016', 'sub_title': "Britain's Lost Waterways: Escape to Swallows and Amazons Country", 'id': '26835352'}]
燕子号与亚马逊号 无豆瓣id数据，存入列表
血战铜锣湾2 未匹配到合适id []
----------地址被限制,稍后重试----------
血战铜锣湾 未匹配到合适id [{'episode': '', 'img': 'https://img3.doubanio.com/view/photo/s_ratio_poster/public/p2390845521.jpg', 'title': '血战铜锣湾2', 'url': 'https://movie.douban.com/subject/26896804/?suggest=%E8%A1%80%E6%88%98%E9%93%9C%E9%94%A3%E6%B9%BE', 'type': 'movie', 'year': '2016', 'sub_title': '血战铜锣湾2', 'id': '26896804'}, {'episode': '', 'img': 'https://img9.doubanio.com/view/photo/s_ratio_poster/public/p2352306305.jpg', 'title': '血战铜锣湾', 'url': 'https://movie.douban.com/subject/26779536/?suggest=%E8%A1%80%E6%88%98%E9%93%9C%E9%94%A3%E6%B9%BE', 'type': 'movie', 'year': '2016', 'sub_title': '血战铜锣湾', 'id': '26779536'}]
血战铜锣湾 无豆瓣id数据，存入列表
我去哪儿？ 26700276 8.1保存成功[douban]
凤伊金先达 26328112 6.5保存成功[douban]
神奇队长 25834735 7.9保存成功[douban]
纪念日 未匹配到合适id []
----------地址被限制,稍后重试----------
贞子归来 未匹配到合适id []
贞子归来 无豆瓣id数据，存入列表
耐撕侦探 25917787 7.0保存成功[douban]
浴血而战 4901345 6.6保存成功[douban]
生日卡片 26438851 8.1保存成功[douban]
极速之巅 未匹配到合适id []
----------地址被限制,稍后重试----------
酒神小姐 26713504 8.3保存成功[douban]
通往儿子的心路 27012857 7.2保存成功[douban]
魅影浮生2 26700834 0保存成功[douban]
地狱：亡灵栖所 26796646 5.9保存成功[douban]
一个叫Po的男孩 未匹配到合适id []
----------地址被限制,稍后重试----------
深夜食堂电影版2 26798437 8.1保存成功[douban]
生活，动画 26677788 7.7保存成功[douban]
胡丽叶塔 26296258 7.4保存成功[douban]
群鸟之地 27007256 0保存成功[douban]
爹，请你死吧 26338304 5.8保存成功[douban]
贝拉的奇幻花园 26611806 7.4保存成功[douban]
美国经历：长津湖战役 未匹配到合适id []
美国经历：长津湖战役 无豆瓣id数据，存入列表
洛可 26922792 6.5保存成功[douban]
净化大师 26290047 4.6保存成功[douban]
爱丽丝：季节的缝隙 未匹配到合适id []
----------地址被限制,稍后重试----------
卡斯特纳与小星期二 未匹配到合适id []
----------地址被限制,稍后重试----------
超暴力机斗/亡命游戏 未匹配到合适id []
----------地址被限制,稍后重试----------
突然成为老师的我，和她恋爱了 未匹配到合适id []
----------地址被限制,稍后重试----------
女猎鹰人 未匹配到合适id []
----------地址被限制,稍后重试----------
连续五次失败，等待30分钟
----------重新启动查找------------
指导惊魂 未匹配到合适id []
----------地址被限制,稍后重试----------
春潮 未匹配到合适id []
----------地址被限制,稍后重试----------
新方世玉前传侠者无畏 未匹配到合适id []
----------地址被限制,稍后重试----------
希望沟壑 未匹配到合适id []
----------地址被限制,稍后重试----------
[pid: 11746|app: 0|req: 316/396] 5.101.0.209 () {36 vars in 621 bytes} [Mon May 18 02:22:59 2020] GET /vendor/phpunit/phpunit/src/Util/PHP/eval-stdin.php => generated 179 bytes in 1 msecs (HTTP/1.1 404) 4 headers in 128 bytes (1 switches on core 0)
火药之心 未匹配到合适id []
----------地址被限制,稍后重试----------
连续五次失败，等待30分钟
[pid: 11746|app: 0|req: 317/397] 182.254.52.17 () {36 vars in 592 bytes} [Mon May 18 02:33:22 2020] GET /video/play/84919/1-6.html => generated 13020 bytes in 5 msecs (HTTP/1.1 200) 6 headers in 320 bytes (1 switches on core 0)
[pid: 11746|app: 0|req: 318/398] 5.101.0.209 () {38 vars in 709 bytes} [Mon May 18 02:53:34 2020] POST /vendor/phpunit/phpunit/src/Util/PHP/eval-stdin.php => generated 179 bytes in 1 msecs (HTTP/1.1 404) 4 headers in 128 bytes (1 switches on core 0)
----------重新启动查找------------
指导惊魂 未匹配到合适id []
----------地址被限制,稍后重试----------
春潮 未匹配到合适id []
----------地址被限制,稍后重试----------
新方世玉前传侠者无畏 未匹配到合适id []
----------地址被限制,稍后重试----------
希望沟壑 未匹配到合适id []
----------地址被限制,稍后重试----------
火药之心 未匹配到合适id []
----------地址被限制,稍后重试----------
连续五次失败，等待30分钟
[pid: 11746|app: 0|req: 319/399] 24.100.94.49 () {28 vars in 306 bytes} [Mon May 18 03:39:58 2020] GET / => generated 179 bytes in 1 msecs (HTTP/1.1 404) 4 headers in 128 bytes (1 switches on core 0)
[pid: 11746|app: 0|req: 320/400] 61.241.50.63 () {36 vars in 604 bytes} [Mon May 18 04:04:10 2020] GET /solr/admin/info/system?wt%3Djson => generated 179 bytes in 1 msecs (HTTP/1.1 404) 4 headers in 128 bytes (1 switches on core 0)
----------重新启动查找------------
指导惊魂 未匹配到合适id []
----------地址被限制,稍后重试----------
春潮 未匹配到合适id []
----------地址被限制,稍后重试----------
新方世玉前传侠者无畏 未匹配到合适id []
----------地址被限制,稍后重试----------
希望沟壑 未匹配到合适id []
----------地址被限制,稍后重试----------
火药之心 未匹配到合适id []
----------地址被限制,稍后重试----------
连续五次失败，等待30分钟
----------重新启动查找------------
指导惊魂 未匹配到合适id []
----------地址被限制,稍后重试----------
春潮 未匹配到合适id []
----------地址被限制,稍后重试----------
新方世玉前传侠者无畏 未匹配到合适id []
----------地址被限制,稍后重试----------
希望沟壑 未匹配到合适id []
----------地址被限制,稍后重试----------
火药之心 未匹配到合适id []
----------地址被限制,稍后重试----------
连续五次失败，等待30分钟
[pid: 11746|app: 0|req: 321/401] 195.54.160.123 () {34 vars in 556 bytes} [Mon May 18 06:11:24 2020] GET /solr/admin/info/system?wt=json => generated 179 bytes in 1 msecs (HTTP/1.1 404) 4 headers in 128 bytes (1 switches on core 0)
----------重新启动查找------------
指导惊魂 35042821 0保存成功[douban]
春潮 未匹配到合适id []
春潮 无豆瓣id数据，存入列表
新方世玉前传侠者无畏 35070306 0保存成功[douban]
希望沟壑 27186368 0保存成功[douban]
火药之心 未匹配到合适id []
----------地址被限制,稍后重试----------
踏影而行 30177691 0保存成功[douban]
蓝翔传奇 未匹配到合适id []
蓝翔传奇 无豆瓣id数据，存入列表
异教徒 未匹配到合适id []
异教徒 无豆瓣id数据，存入列表
骑士2017 未匹配到合适id []
----------地址被限制,稍后重试----------
[pid: 11746|app: 0|req: 322/402] 195.54.160.123 () {36 vars in 653 bytes} [Mon May 18 06:20:46 2020] GET /?a=fetch&content=<php>die(@md5(HelloThinkCMF))</php> => generated 179 bytes in 1 msecs (HTTP/1.1 404) 4 headers in 128 bytes (1 switches on core 0)
[pid: 11746|app: 0|req: 323/403] 195.54.160.123 () {34 vars in 556 bytes} [Mon May 18 06:20:47 2020] GET /?XDEBUG_SESSION_START=phpstorm => generated 179 bytes in 1 msecs (HTTP/1.1 404) 4 headers in 128 bytes (1 switches on core 0)
电影大亨之横店风云 未匹配到合适id []
电影大亨之横店风云 无豆瓣id数据，存入列表
火花 26974725 6.3保存成功[douban]
最后的肖像 26317786 6.9保存成功[douban]
秘藏传说之长生姬 27038916 0保存成功[douban]
隐形守护者 未匹配到合适id []
----------地址被限制,稍后重试----------
[pid: 11746|app: 0|req: 324/404] 195.54.160.123 () {34 vars in 716 bytes} [Mon May 18 06:32:19 2020] GET /index.php?s=/Index/\think\app/invokefunction&function=call_user_func_array&vars[0]=md5&vars[1][]=HelloThinkPHP => generated 179 bytes in 1 msecs (HTTP/1.1 404) 4 headers in 128 bytes (1 switches on core 0)
无法触及 未匹配到合适id []
无法触及 无豆瓣id数据，存入列表
小奸小恶 26792059 6.2保存成功[douban]
我的驱魔总裁 未匹配到合适id []
我的驱魔总裁 无豆瓣id数据，存入列表
宠物恐龙 未匹配到合适id []
----------地址被限制,稍后重试----------
引魂灯 未匹配到合适id []
引魂灯 无豆瓣id数据，存入列表
辣妹特工 27607357 0保存成功[douban]
3月的狮子：前篇 26615511 7.4保存成功[douban]
我的青春非主流 未匹配到合适id []
----------地址被限制,稍后重试----------
浙江卫视2018跨年演唱会 未匹配到合适id []
浙江卫视2018跨年演唱会 无豆瓣id数据，存入列表
我罩袍下的口红 未匹配到合适id []
我罩袍下的口红 无豆瓣id数据，存入列表
机车兄弟 未匹配到合适id []
----------地址被限制,稍后重试----------
[pid: 11746|app: 0|req: 325/405] 182.254.52.17 () {36 vars in 554 bytes} [Mon May 18 06:49:59 2020] GET /hudson => generated 179 bytes in 1 msecs (HTTP/1.1 404) 4 headers in 128 bytes (1 switches on core 0)
决战江湖之乞丐传奇 未匹配到合适id []
决战江湖之乞丐传奇 无豆瓣id数据，存入列表
挣扎 未匹配到合适id []
挣扎 无豆瓣id数据，存入列表
大将金昌洙 26945130 6.1保存成功[douban]
Magic Hour 未匹配到合适id []
----------地址被限制,稍后重试----------
末日生机 27203153 0保存成功[douban]
恋爱合约 27203588 0保存成功[douban]
欲望赎金 27186606 0保存成功[douban]
科搜研之女SP 未匹配到合适id []
科搜研之女SP 无豆瓣id数据，存入列表
疯狂修道院 未匹配到合适id []
----------地址被限制,稍后重试----------
黑钻 27086165 0保存成功[douban]
所有的不眠之夜 未匹配到合适id []
所有的不眠之夜 无豆瓣id数据，存入列表
校对女孩河野悦子SP特别篇 未匹配到合适id []
校对女孩河野悦子SP特别篇 无豆瓣id数据，存入列表
请叫我救世主 未匹配到合适id []
----------地址被限制,稍后重试----------
原罪的羔羊 27088552 0保存成功[douban]
罗马假日 26945135 6.6保存成功[douban]
霸道女总套路我 未匹配到合适id []
霸道女总套路我 无豆瓣id数据，存入列表
江湖救急 27135980 0保存成功[douban]
血战墓碑镇2 未匹配到合适id []
----------地址被限制,稍后重试----------
异形：人族的统治 27109380 2.4保存成功[douban]
鲛珠传 25857966 4.3保存成功[douban]
孤岛终结 26897547 6.5保存成功[douban]
晚宴上的比特丽兹 26930060 6.1保存成功[douban]
不可抗力2：不可抗力爱上你 未匹配到合适id []
不可抗力2：不可抗力爱上你 无豆瓣id数据，存入列表
优雅姿态 27131176 0保存成功[douban]
母女大战 26647125 5.5保存成功[douban]
生有余罪 未匹配到合适id []
----------地址被限制,稍后重试----------
绝色特攻 27121202 0保存成功[douban]
喵酱妹妹帮我追女神吧 27097914 0保存成功[douban]
杀戮本性 26965018 6.1保存成功[douban]
鹰眼侦探社 27099222 0保存成功[douban]
青禾男高 26787124 3.9保存成功[douban]
一些怪人 未匹配到合适id []
----------地址被限制,稍后重试----------
新小屁孩日记 26845971 6.2保存成功[douban]
宝贝老板 未匹配到合适id [{'episode': '', 'img': 'https://img9.doubanio.com/view/photo/s_ratio_poster/public/p2407336615.jpg', 'title': '宝贝老板', 'url': 'https://movie.douban.com/subject/25907029/?suggest=%E5%AE%9D%E8%B4%9D%E8%80%81%E6%9D%BF', 'type': 'movie', 'year': '2017', 'sub_title': 'The Boss Baby', 'id': '25907029'}, {'episode': '', 'img': 'https://img3.doubanio.com/view/photo/s_ratio_poster/public/p2592823631.jpg', 'title': '宝贝老板：提姆的寻宝时间', 'url': 'https://movie.douban.com/subject/35008469/?suggest=%E5%AE%9D%E8%B4%9D%E8%80%81%E6%9D%BF', 'type': 'movie', 'year': '2017', 'sub_title': "The Boss Baby and Tim's Treasure Hunt Through Time", 'id': '35008469'}]
宝贝老板 无豆瓣id数据，存入列表
灵魂诊所 未匹配到合适id []
灵魂诊所 无豆瓣id数据，存入列表
命运轮 未匹配到合适id []
----------地址被限制,稍后重试----------
逆袭2017 未匹配到合适id []
逆袭2017 无豆瓣id数据，存入列表
激斗街篮 27097485 5.4保存成功[douban]
人间大炮 26842614 2.4保存成功[douban]
梦游侠 27061583 0保存成功[douban]
我是卢武铉 未匹配到合适id []
----------地址被限制,稍后重试----------
异形：契约 未匹配到合适id [{'episode': '', 'img': 'https://img9.doubanio.com/view/photo/s_ratio_poster/public/p2459944375.jpg', 'title': '异形：契约', 'url': 'https://movie.douban.com/subject/11803087/?suggest=%E5%BC%82%E5%BD%A2%EF%BC%9A%E5%A5%91%E7%BA%A6', 'type': 'movie', 'year': '2017', 'sub_title': 'Alien: Covenant', 'id': '11803087'}, {'episode': '', 'img': 'https://img3.doubanio.com/view/photo/s_ratio_poster/public/p2463787250.jpg', 'title': '异形：契约-番外：十字路口', 'url': 'https://movie.douban.com/subject/27070044/?suggest=%E5%BC%82%E5%BD%A2%EF%BC%9A%E5%A5%91%E7%BA%A6', 'type': 'movie', 'year': '2017', 'sub_title': 'Alien: Covenant - Prologue: The Crossing', 'id': '27070044'}, {'episode': '', 'img': 'https://img9.doubanio.com/view/photo/s_ratio_poster/public/p2504500675.jpg', 'title': '异形：契约-番外：大卫实验室的秘密', 'url': 'https://movie.douban.com/subject/27121208/?suggest=%E5%BC%82%E5%BD%A2%EF%BC%9A%E5%A5%91%E7%BA%A6', 'type': 'movie', 'year': '2017', 'sub_title': 'Alien: Covenant - Prologue: The Secrets of David’s Lab', 'id': '27121208'}, {'episode': '', 'img': 'https://img9.doubanio.com/view/photo/s_ratio_poster/public/p2493077094.jpg', 'title': '异形：契约-番外：最后的晚餐', 'url': 'https://movie.douban.com/subject/27028944/?suggest=%E5%BC%82%E5%BD%A2%EF%BC%9A%E5%A5%91%E7%BA%A6', 'type': 'movie', 'year': '2017', 'sub_title': 'Alien: Covenant - Prologue: Last Supper', 'id': '27028944'}, {'episode': '', 'img': 'https://img1.doubanio.com/view/photo/s_ratio_poster/public/p2464643408.jpg', 'title': '异形：契约-番外：认识沃尔特', 'url': 'https://movie.douban.com/subject/27073264/?suggest=%E5%BC%82%E5%BD%A2%EF%BC%9A%E5%A5%91%E7%BA%A6', 'type': 'movie', 'year': '2017', 'sub_title': 'Alien: Covenant - Prologue: Meet Walter', 'id': '27073264'}, {'episode': '', 'img': 'https://img3.doubanio.com/view/photo/s_ratio_poster/public/p2557018270.jpg', 'title': '异形：契约-番外：火卫一', 'url': 'https://movie.douban.com/subject/30439234/?suggest=%E5%BC%82%E5%BD%A2%EF%BC%9A%E5%A5%91%E7%BA%A6', 'type': 'movie', 'year': '2017', 'sub_title': 'Alien: Covenant - Phobos', 'id': '30439234'}]
异形：契约 无豆瓣id数据，存入列表
黑道老师 27099289 0保存成功[douban]
超能特工学院 27099255 0保存成功[douban]
心机识表 26999809 0保存成功[douban]
御天神帝2修罗戮神 27091199 0保存成功[douban]
美女总裁爱上我 27086160 0保存成功[douban]
狩灵记 未匹配到合适id []
狩灵记 无豆瓣id数据，存入列表
战狼少女 未匹配到合适id []
----------地址被限制,稍后重试----------
死于独特 27090211 7.9保存成功[douban]
彼岸花灯 未匹配到合适id []
彼岸花灯 无豆瓣id数据，存入列表
镜头下的爱情 27099241 0保存成功[douban]
刺儿头 未匹配到合适id [{'episode': '', 'img': 'https://img1.doubanio.com/f/movie/b6dc761f5e4cf04032faa969826986efbecd54bb/pics/movie/movie_default_small.png', 'title': '刺儿头', 'url': 'https://movie.douban.com/subject/27077543/?suggest=%E5%88%BA%E5%84%BF%E5%A4%B4', 'type': 'movie', 'year': '2017', 'sub_title': '刺儿头', 'id': '27077543'}, {'episode': '', 'img': 'https://img1.doubanio.com/view/photo/s_ratio_poster/public/p2481048859.jpg', 'title': '刺儿头', 'url': 'https://movie.douban.com/subject/27081829/?suggest=%E5%88%BA%E5%84%BF%E5%A4%B4', 'type': 'movie', 'year': '2017', 'sub_title': '刺儿头', 'id': '27081829'}]
----------地址被限制,稍后重试----------
热血女主播 26946480 0保存成功[douban]
箫魂传2上古神器 27099295 0保存成功[douban]
女浴室的哭声 未匹配到合适id []
女浴室的哭声 无豆瓣id数据，存入列表
女特工的秘密武器 27083700 0保存成功[douban]
来者不善 未匹配到合适id []
----------地址被限制,稍后重试----------
时空特战队 27075278 0保存成功[douban]
我们这种叛徒 未匹配到合适id []
我们这种叛徒 无豆瓣id数据，存入列表
将界·十日决 27018232 0保存成功[douban]
海昏侯传奇之猎天 27075264 0保存成功[douban]
扫黄 未匹配到合适id []
----------地址被限制,稍后重试----------
唐山风云2 27068234 0保存成功[douban]
半城 未匹配到合适id [{'episode': '', 'img': 'https://img1.doubanio.com/f/movie/b6dc761f5e4cf04032faa969826986efbecd54bb/pics/movie/movie_default_small.png', 'title': '半城', 'url': 'https://movie.douban.com/subject/27091179/?suggest=%E5%8D%8A%E5%9F%8E', 'type': 'movie', 'year': '2017', 'sub_title': '半城', 'id': '27091179'}, {'episode': '', 'img': 'https://img3.doubanio.com/view/photo/s_ratio_poster/public/p2497909911.jpg', 'title': '下半城风云', 'url': 'https://movie.douban.com/subject/27080900/?suggest=%E5%8D%8A%E5%9F%8E', 'type': 'movie', 'year': '2017', 'sub_title': '下半城风云', 'id': '27080900'}]
半城 无豆瓣id数据，存入列表
恶女 26946508 6.4保存成功[douban]
狐闹干探 未匹配到合适id [{'episode': '', 'img': 'https://img1.doubanio.com/view/photo/s_ratio_poster/public/p2463609509.jpg', 'title': '狐闹干探', 'url': 'https://movie.douban.com/subject/27071125/?suggest=%E7%8B%90%E9%97%B9%E5%B9%B2%E6%8E%A2', 'type': 'movie', 'year': '2017', 'sub_title': '狐闹干探', 'id': '27071125'}, {'episode': '', 'img': 'https://img3.doubanio.com/view/photo/s_ratio_poster/public/p2503840840.jpg', 'title': '狐闹干探2', 'url': 'https://movie.douban.com/subject/27187178/?suggest=%E7%8B%90%E9%97%B9%E5%B9%B2%E6%8E%A2', 'type': 'movie', 'year': '2017', 'sub_title': '狐闹干探2', 'id': '27187178'}]
----------地址被限制,稍后重试----------
惊门 未匹配到合适id [{'episode': '', 'img': 'https://img3.doubanio.com/view/photo/s_ratio_poster/public/p2461147410.jpg', 'title': '惊门', 'url': 'https://movie.douban.com/subject/27041577/?suggest=%E6%83%8A%E9%97%A8', 'type': 'movie', 'year': '2017', 'sub_title': '惊门', 'id': '27041577'}, {'episode': 'unknow', 'img': 'https://img1.doubanio.com/view/photo/s_ratio_poster/public/p2519531637.jpg', 'title': '暴走恐怖故事 第六季', 'url': 'https://movie.douban.com/subject/27601012/?suggest=%E6%83%8A%E9%97%A8', 'type': 'movie', 'year': '2017', 'sub_title': '暴走恐怖故事 第六季', 'id': '27601012'}]
惊门 无豆瓣id数据，存入列表
西游外传之爱上美猴王 27081613 0保存成功[douban]
哀乐女子天团 27041519 6.7保存成功[douban]
网购女友 未匹配到合适id []
----------地址被限制,稍后重试----------
哈桑·明哈杰：返校之王 27055607 8.1保存成功[douban]
血猎者之吸血女王 27065653 0保存成功[douban]
极品桃花运 27068226 0保存成功[douban]
风流刺客 27047925 0保存成功[douban]
红人制造之卧底女王 未匹配到合适id []
红人制造之卧底女王 无豆瓣id数据，存入列表
猎兽少女队 27065699 0保存成功[douban]
嫌疑人X的献身 未匹配到合适id []
----------地址被限制,稍后重试----------
[pid: 11746|app: 0|req: 326/406] 182.254.52.17 () {36 vars in 542 bytes} [Mon May 18 08:36:24 2020] GET / => generated 179 bytes in 1 msecs (HTTP/1.1 404) 4 headers in 128 bytes (1 switches on core 0)
高空 26917156 4.0保存成功[douban]
我的木偶男友 27068988 0保存成功[douban]
醒醒吧之跟风者 26974075 0保存成功[douban]
新说聊斋之114号别墅 未匹配到合适id []
新说聊斋之114号别墅 无豆瓣id数据，存入列表
兄弟大作战之我的女友叫静香 未匹配到合适id []
----------地址被限制,稍后重试----------
超凡战队 25881615 4.5保存成功[douban]
追凶者之双重身份 27069823 0保存成功[douban]
特工程城 未匹配到合适id []
特工程城 无豆瓣id数据，存入列表
春娇救志明 26639958 7.0保存成功[douban]
霸道了，我的姐 未匹配到合适id []
----------地址被限制,稍后重试----------
深夜药店 未匹配到合适id []
深夜药店 无豆瓣id数据，存入列表
贴身卧底 26996835 0保存成功[douban]
仙女潭 27073093 0保存成功[douban]
乔乔的魔法 27114874 0保存成功[douban]
再审 未匹配到合适id []
----------地址被限制,稍后重试----------
超速驾驶 6529890 5.5保存成功[douban]
莉莉的魔法圣诞节 34835946 0保存成功[douban]
保姆上路：模里西斯 34461469 0保存成功[douban]
遇见贵人 26970841 5.1保存成功[douban]
我为花狂 27029950 0保存成功[douban]
骇故事之生死翡翠湖 26951594 0保存成功[douban]
猫咪后院之家 26954690 6.6保存成功[douban]
怪笑少女 27101936 0保存成功[douban]
三牙峰 未匹配到合适id []
----------地址被限制,稍后重试----------
[pid: 11746|app: 0|req: 327/407] 195.54.160.123 () {38 vars in 610 bytes} [Mon May 18 09:09:57 2020] POST /api/jsonws/invoke => generated 179 bytes in 1 msecs (HTTP/1.1 404) 4 headers in 128 bytes (1 switches on core 0)
黑网三角洲 未匹配到合适id []
黑网三角洲 无豆瓣id数据，存入列表
八月 未匹配到合适id []
八月 无豆瓣id数据，存入列表
轨道9 未匹配到合适id []
----------地址被限制,稍后重试----------
不成问题的问题 未匹配到合适id []
不成问题的问题 无豆瓣id数据，存入列表
健忘村 26717795 6.7保存成功[douban]
老娘出击 27017439 0保存成功[douban]
命运晚餐 25732071 5.5保存成功[douban]
燃烧的沙漠 未匹配到合适id []
----------地址被限制,稍后重试----------
这是我们的钱 未匹配到合适id []
这是我们的钱 无豆瓣id数据，存入列表
再奏一曲圣诞歌 27602398 0保存成功[douban]
大话射雕之正义化身 未匹配到合适id []
大话射雕之正义化身 无豆瓣id数据，存入列表
逃亡 未匹配到合适id []
----------地址被限制,稍后重试----------
陈翔六点半之废话少说 27024924 6.1保存成功[douban]
三生三世十里桃花 未匹配到合适id [{'episode': '', 'img': 'https://img1.doubanio.com/view/photo/s_ratio_poster/public/p2494279388.jpg', 'title': '三生三世十里桃花', 'url': 'https://movie.douban.com/subject/25823277/?suggest=%E4%B8%89%E7%94%9F%E4%B8%89%E4%B8%96%E5%8D%81%E9%87%8C%E6%A1%83%E8%8A%B1', 'type': 'movie', 'year': '2017', 'sub_title': '三生三世十里桃花', 'id': '25823277'}, {'episode': '58', 'img': 'https://img9.doubanio.com/view/photo/s_ratio_poster/public/p2412572406.jpg', 'title': '三生三世十里桃花', 'url': 'https://movie.douban.com/subject/25975243/?suggest=%E4%B8%89%E7%94%9F%E4%B8%89%E4%B8%96%E5%8D%81%E9%87%8C%E6%A1%83%E8%8A%B1', 'type': 'movie', 'year': '2017', 'sub_title': '三生三世十里桃花', 'id': '25975243'}]
三生三世十里桃花 无豆瓣id数据，存入列表
僵局 未匹配到合适id []
僵局 无豆瓣id数据，存入列表
全境封锁：特工起源 未匹配到合适id []
----------地址被限制,稍后重试----------
[pid: 11746|app: 0|req: 328/408] 128.14.134.170 () {34 vars in 488 bytes} [Mon May 18 09:32:52 2020] GET / => generated 179 bytes in 1 msecs (HTTP/1.1 404) 4 headers in 128 bytes (1 switches on core 0)
一起入魔 26835461 4.0保存成功[douban]
鹅滴个神 26852072 0保存成功[douban]
致命还击 未匹配到合适id []
致命还击 无豆瓣id数据，存入列表
我的麻吉女友 26849872 5.1保存成功[douban]
僵尸归来2：消失的御林军 未匹配到合适id []
----------地址被限制,稍后重试----------
梦二爱的水花 25985151 6.1保存成功[douban]
真实犯罪 未匹配到合适id [{'episode': '', 'img': 'https://img3.doubanio.com/view/photo/s_ratio_poster/public/p2519114103.jpg', 'title': '真实犯罪', 'url': 'https://movie.douban.com/subject/6985825/?suggest=%E7%9C%9F%E5%AE%9E%E7%8A%AF%E7%BD%AA', 'type': 'movie', 'year': '2016', 'sub_title': 'Dark Crimes', 'id': '6985825'}, {'episode': '3', 'img': 'https://img9.doubanio.com/view/photo/s_ratio_poster/public/p2600695846.jpg', 'title': '英国皇家检控署：真实的犯罪和定刑', 'url': 'https://movie.douban.com/subject/26421394/?suggest=%E7%9C%9F%E5%AE%9E%E7%8A%AF%E7%BD%AA', 'type': 'movie', 'year': '2016', 'sub_title': 'The Prosecutors: Real Crime and Punishment', 'id': '26421394'}]
真实犯罪 无豆瓣id数据，存入列表
五台山儿女英雄传 未匹配到合适id []
五台山儿女英雄传 无豆瓣id数据，存入列表
魔术师：不可能的生活 未匹配到合适id []
----------地址被限制,稍后重试----------
快手枪手快枪手 26219893 5.2保存成功[douban]
早安秀 26607046 6.6保存成功[douban]
赏金猎人 21941770 5.1保存成功[douban]
画皮师 未匹配到合适id []
画皮师 无豆瓣id数据，存入列表
老九门番外之四屠黄葵 26870057 5.7保存成功[douban]
模特 26298251 5.8保存成功[douban]
甜心战士：眼泪 未匹配到合适id []
----------地址被限制,稍后重试----------
爸爸的女儿 未匹配到合适id []
爸爸的女儿 无豆瓣id数据，存入列表
勇士 未匹配到合适id [{'episode': '', 'img': 'https://img3.doubanio.com/view/photo/s_ratio_poster/public/p2393908940.jpg', 'title': '勇士之门', 'url': 'https://movie.douban.com/subject/25845294/?suggest=%E5%8B%87%E5%A3%AB', 'type': 'movie', 'year': '2016', 'sub_title': '勇士之门', 'id': '25845294'}, {'episode': '', 'img': 'https://img1.doubanio.com/view/photo/s_ratio_poster/public/p2390260819.jpg', 'title': '勇士', 'url': 'https://movie.douban.com/subject/26822683/?suggest=%E5%8B%87%E5%A3%AB', 'type': 'movie', 'year': '2016', 'sub_title': '勇士', 'id': '26822683'}]
勇士 无豆瓣id数据，存入列表
都市封魔传 未匹配到合适id []
----------地址被限制,稍后重试----------
进入地狱 26682399 7.8保存成功[douban]
血战铜锣湾2 26896804 3.0保存成功[douban]
纪念日 26833868 5.9保存成功[douban]
极速之巅 25708452 5.2保存成功[douban]
一个叫Po的男孩 未匹配到合适id []
----------地址被限制,稍后重试----------
[pid: 11746|app: 0|req: 329/409] 59.36.132.240 () {36 vars in 576 bytes} [Mon May 18 10:11:36 2020] GET /video/play/84919/ => generated 13026 bytes in 5 msecs (HTTP/1.1 200) 6 headers in 320 bytes (1 switches on core 0)
爱丽丝：季节的缝隙 26816085 7.6保存成功[douban]
卡斯特纳与小星期二 27600925 8.4保存成功[douban]
超暴力机斗/亡命游戏 未匹配到合适id []
超暴力机斗/亡命游戏 无豆瓣id数据，存入列表
突然成为老师的我，和她恋爱了 26821297 5.5保存成功[douban]
女猎鹰人 未匹配到合适id []
----------地址被限制,稍后重试----------
[pid: 11746|app: 0|req: 330/410] 183.136.225.57 () {34 vars in 456 bytes} [Mon May 18 10:20:17 2020] GET / => generated 179 bytes in 1 msecs (HTTP/1.1 404) 4 headers in 128 bytes (1 switches on core 0)
门徒2016 未匹配到合适id []
门徒2016 无豆瓣id数据，存入列表
路边野餐 30258100 0保存成功[douban]
滚烫的爱 26421442 8.0保存成功[douban]
点亮青春 未匹配到合适id []
点亮青春 无豆瓣id数据，存入列表
暗金丑岛君：完结篇 26788944 7.8保存成功[douban]
野战惊魂 26795160 2.8保存成功[douban]
轩辕大帝 11632599 4.9保存成功[douban]
沃伦 未匹配到合适id []
----------地址被限制,稍后重试----------
[pid: 11746|app: 0|req: 331/411] 162.243.137.43 () {34 vars in 422 bytes} [Mon May 18 10:25:30 2020] GET /portal/redlion => generated 179 bytes in 1 msecs (HTTP/1.1 404) 4 headers in 128 bytes (1 switches on core 0)
何者 26683353 7.3保存成功[douban]
公社 未匹配到合适id [{'episode': '', 'img': 'https://img1.doubanio.com/view/photo/s_ratio_poster/public/p2305198038.jpg', 'title': '公社', 'url': 'https://movie.douban.com/subject/24696729/?suggest=%E5%85%AC%E7%A4%BE', 'type': 'movie', 'year': '2016', 'sub_title': 'Kollektivet', 'id': '24696729'}, {'episode': '', 'img': 'https://img1.doubanio.com/view/photo/s_ratio_poster/public/p2365870567.jpg', 'title': '咖啡公社', 'url': 'https://movie.douban.com/subject/26340522/?suggest=%E5%85%AC%E7%A4%BE', 'type': 'movie', 'year': '2016', 'sub_title': 'Café Society', 'id': '26340522'}]
公社 无豆瓣id数据，存入列表
哥/我的麻烦大佬 未匹配到合适id []
哥/我的麻烦大佬 无豆瓣id数据，存入列表
毕业会考 未匹配到合适id []
----------地址被限制,稍后重试----------
奇怪的她日版 未匹配到合适id []
奇怪的她日版 无豆瓣id数据，存入列表
独立之日 26815107 3.0保存成功[douban]
孕中惊魂 26846564 4.3保存成功[douban]
离开的女人 26844993 6.7保存成功[douban]
游戏人生 未匹配到合适id []
----------地址被限制,稍后重试----------
三伏天 26715485 4.8保存成功[douban]
摩卡 26614203 6.3保存成功[douban]
波尔图 26636693 6.1保存成功[douban]
小镇杀手/乌龙劫匪帮 未匹配到合适id []
小镇杀手/乌龙劫匪帮 无豆瓣id数据，存入列表
冷酷的心/心之物语(台) 未匹配到合适id []
----------地址被限制,稍后重试----------
国王口信 26247133 6.2保存成功[douban]
堕落花之鬼打墙 26765716 4.4保存成功[douban]
永恒之路 未匹配到合适id []
永恒之路 无豆瓣id数据，存入列表
十七后 与青春化敌为友 26731790 0保存成功[douban]
红粉惊魂 26772052 7.6保存成功[douban]
忍者神龟2：破影而出 25955779 6.5保存成功[douban]
渡灵人 未匹配到合适id []
----------地址被限制,稍后重试----------
奇幻森林 25777636 7.8保存成功[douban]
会计刺客 24325861 7.5保存成功[douban]
人工智能：灭绝危机 未匹配到合适id []
人工智能：灭绝危机 无豆瓣id数据，存入列表
太平洋战场 26829709 2.6保存成功[douban]
独立日2：卷土重来 未匹配到合适id []
----------地址被限制,稍后重试----------
关键判决 26473775 7.6保存成功[douban]
神战：权力之眼 26662345 6.4保存成功[douban]
强制措施 26661153 4.1保存成功[douban]
去日无痕 未匹配到合适id []
去日无痕 无豆瓣id数据，存入列表
微光之城 26389652 6.8保存成功[douban]
秘密手稿 25773361 7.0保存成功[douban]
小镇 未匹配到合适id []
----------地址被限制,稍后重试----------
尸地伏魔 26806220 0保存成功[douban]
热血街区电影版2：红雨篇 26837948 5.8保存成功[douban]
猎神：冬日之战 10791575 5.5保存成功[douban]
雄狮 26220650 7.4保存成功[douban]
恶魔蛙男 未匹配到合适id [{'episode': '', 'img': 'https://img9.doubanio.com/view/photo/s_ratio_poster/public/p2363100875.jpg', 'title': '恶魔蛙男', 'url': 'https://movie.douban.com/subject/26661608/?suggest=%E6%81%B6%E9%AD%94%E8%9B%99%E7%94%B7', 'type': 'movie', 'year': '2016', 'sub_title': 'ミュージアム', 'id': '26661608'}, {'episode': '4', 'img': 'https://img3.doubanio.com/view/photo/s_ratio_poster/public/p2459730821.jpg', 'title': '恶魔蛙男：序章', 'url': 'https://movie.douban.com/subject/26870763/?suggest=%E6%81%B6%E9%AD%94%E8%9B%99%E7%94%B7', 'type': 'movie', 'year': '2016', 'sub_title': 'ミュージアム -序章-', 'id': '26870763'}]
----------地址被限制,稍后重试----------
舞者 26720946 8.8保存成功[douban]
侍女(2016) 未匹配到合适id []
侍女(2016) 无豆瓣id数据，存入列表
断魂小丑 未匹配到合适id []
断魂小丑 无豆瓣id数据，存入列表
我们的时间就在当前 未匹配到合适id []
----------地址被限制,稍后重试----------
追捕聂鲁达 26411217 7.3保存成功[douban]
对手 26975075 0保存成功[douban]
生死旅途 27147483 0保存成功[douban]
悍女 6874166 6.8保存成功[douban]
抓住 26415196 5.1保存成功[douban]
金矿 7065334 8.1保存成功[douban]
一句顶一万句 26389466 6.3保存成功[douban]
我所看到的都是你 26333300 5.6保存成功[douban]
恋上哲学家 26643176 7.6保存成功[douban]
巴哈旺大饭店 未匹配到合适id []
----------地址被限制,稍后重试----------
星际叛将：欧西里斯之子 26611048 5.2保存成功[douban]
冰岛誓言 26649257 7.1保存成功[douban]
人类清除计划3 26101255 6.2保存成功[douban]
寻找费里尼 未匹配到合适id []
寻找费里尼 无豆瓣id数据，存入列表
夜魔人 未匹配到合适id []
----------地址被限制,稍后重试----------
珍宝大战 26543037 5.2保存成功[douban]
惊天魔盗团2 25662337 6.8保存成功[douban]
琼斯的自由国度 3008662 6.9保存成功[douban]
乌龙特工 3927749 6.3保存成功[douban]
仲夏夜之梦 26627723 5.5保存成功[douban]
最后的王 26419159 6.1保存成功[douban]
玩命直播 未匹配到合适id []
----------地址被限制,稍后重试----------
飞鹰艾迪 3072064 8.1保存成功[douban]
傲慢与偏见与僵尸 3543318 5.6保存成功[douban]
好友请求 26373527 6.1保存成功[douban]
瑞士军刀男 26437237 7.8保存成功[douban]
审讯 26582029 5.0保存成功[douban]
追捕野蛮人 26411201 8.1保存成功[douban]
巴黎危机 25834333 6.5保存成功[douban]
诡计 26665873 6.0保存成功[douban]
苦中带甜的滋味 26628352 6.7保存成功[douban]
犯罪女王 未匹配到合适id []
----------地址被限制,稍后重试----------
我们恋爱的履历 26326434 5.7保存成功[douban]
我们的世界 26616436 8.4保存成功[douban]
狩猎 26353381 5.8保存成功[douban]
铁道飞虎 26389069 5.2保存成功[douban]
贞子大战伽椰子 26682875 4.6保存成功[douban]
伦敦陷落 25757186 6.2保存成功[douban]
火力全开 26869140 7.9保存成功[douban]
钻石岛 26428305 6.3保存成功[douban]
[pid: 11746|app: 0|req: 332/412] 212.55.98.183 () {32 vars in 463 bytes} [Mon May 18 12:00:23 2020] GET / => generated 179 bytes in 1 msecs (HTTP/1.1 404) 4 headers in 128 bytes (1 switches on core 0)
呆呆计划 26910800 3.3保存成功[douban]
隧道 未匹配到合适id [{'episode': '', 'img': 'https://img3.doubanio.com/view/photo/s_ratio_poster/public/p2358109451.jpg', 'title': '隧道', 'url': 'https://movie.douban.com/subject/26410594/?suggest=%E9%9A%A7%E9%81%93', 'type': 'movie', 'year': '2016', 'sub_title': '터널', 'id': '26410594'}, {'episode': '', 'img': 'https://img1.doubanio.com/view/photo/s_ratio_poster/public/p2563538599.jpg', 'title': '隧道尽头', 'url': 'https://movie.douban.com/subject/26661229/?suggest=%E9%9A%A7%E9%81%93', 'type': 'movie', 'year': '2016', 'sub_title': 'Al final del túnel', 'id': '26661229'}]
----------地址被限制,稍后重试----------
吾父吾血 25909389 5.9保存成功[douban]
谎言西西里 26271094 5.1保存成功[douban]
潜伏者 3428500 7.0保存成功[douban]
被挠 26712559 7.3保存成功[douban]
新哥斯拉 26279124 6.7保存成功[douban]
痞子兵王之特种使命 26868836 0保存成功[douban]
雪花 26701239 6.9保存成功[douban]
风之舞者 26698340 0保存成功[douban]
国家代表2 26312093 6.9保存成功[douban]
彼岸岛 Deluxe 25961123 4.4保存成功[douban]
火车司机日记 未匹配到合适id []
----------地址被限制,稍后重试----------
克罗地亚宪法 26754101 8.2保存成功[douban]
泰山归来：险战丛林 2131669 6.1保存成功[douban]
比利时国王 26341049 7.5保存成功[douban]
汉中风云 26928512 0保存成功[douban]
为情所困 26313641 7.1保存成功[douban]
清算日 26965189 3.4保存成功[douban]
女士复仇 26801733 4.1保存成功[douban]
入黑之时 26835883 6.4保存成功[douban]
麻烦您啦 未匹配到合适id []
麻烦您啦 无豆瓣id数据，存入列表
神探夏洛克：可恶的新娘 未匹配到合适id []
----------地址被限制,稍后重试----------
爆头 26713424 5.6保存成功[douban]
维京：王者之战 26769449 5.8保存成功[douban]
筑地仙境 26743591 8.1保存成功[douban]
惊魂七夜 26923563 2.3保存成功[douban]
深郁之蓝 27092187 6.0保存成功[douban]
愿上帝宽恕我们 未匹配到合适id []
----------地址被限制,稍后重试----------
幽蓝幻境 27202946 6.9保存成功[douban]
4年，2男，1爱情 26873008 0保存成功[douban]
曲面 26823498 7.6保存成功[douban]
阿兰胡埃斯的美好日子 26394684 5.7保存成功[douban]
反物质危机 26856683 5.1保存成功[douban]
水中效应 26616708 6.8保存成功[douban]
可不可以不毕业2 26942430 0保存成功[douban]
儿童总裁 未匹配到合适id []
----------地址被限制,稍后重试----------
[pid: 11746|app: 0|req: 333/413] 162.243.144.220 () {34 vars in 429 bytes} [Mon May 18 12:32:19 2020] GET /manager/text/list => generated 179 bytes in 1 msecs (HTTP/1.1 404) 4 headers in 128 bytes (1 switches on core 0)
可不可以不毕业 未匹配到合适id [{'episode': '', 'img': 'https://img9.doubanio.com/view/photo/s_ratio_poster/public/p2503508726.jpg', 'title': '可不可以不毕业2', 'url': 'https://movie.douban.com/subject/26942430/?suggest=%E5%8F%AF%E4%B8%8D%E5%8F%AF%E4%BB%A5%E4%B8%8D%E6%AF%95%E4%B8%9A', 'type': 'movie', 'year': '2016', 'sub_title': '可不可以不毕业2', 'id': '26942430'}, {'episode': '', 'img': 'https://img1.doubanio.com/f/movie/b6dc761f5e4cf04032faa969826986efbecd54bb/pics/movie/movie_default_small.png', 'title': '可不可以不毕业', 'url': 'https://movie.douban.com/subject/26940037/?suggest=%E5%8F%AF%E4%B8%8D%E5%8F%AF%E4%BB%A5%E4%B8%8D%E6%AF%95%E4%B8%9A', 'type': 'movie', 'year': '2016', 'sub_title': '可不可以不毕业', 'id': '26940037'}]
可不可以不毕业 无豆瓣id数据，存入列表
玛利亚 未匹配到合适id []
玛利亚 无豆瓣id数据，存入列表
咖啡风暴 26649225 5.4保存成功[douban]
幽冥 未匹配到合适id []
----------地址被限制,稍后重试----------
[pid: 11746|app: 0|req: 334/414] 139.162.119.197 () {32 vars in 401 bytes} [Mon May 18 12:43:21 2020] GET / => generated 179 bytes in 2 msecs (HTTP/1.1 404) 4 headers in 128 bytes (1 switches on core 0)
灵异摄影师 26857226 4.2保存成功[douban]
乌娜 24699556 6.4保存成功[douban]
请叫我英雄 26694961 6.4保存成功[douban]
我才不会对黑崎君说的话言听计从 26576793 5.7保存成功[douban]
情义无悔 26860324 0保存成功[douban]
丧尸李志 未匹配到合适id [{'episode': '', 'img': 'https://img1.doubanio.com/view/photo/s_ratio_poster/public/p2392015208.jpg', 'title': '丧尸李志', 'url': 'https://movie.douban.com/subject/26898908/?suggest=%E4%B8%A7%E5%B0%B8%E6%9D%8E%E5%BF%97', 'type': 'movie', 'year': '2016', 'sub_title': '丧尸李志', 'id': '26898908'}, {'episode': '', 'img': 'https://img3.doubanio.com/view/photo/s_ratio_poster/public/p2393879021.jpg', 'title': '丧尸李志3', 'url': 'https://movie.douban.com/subject/26904206/?suggest=%E4%B8%A7%E5%B0%B8%E6%9D%8E%E5%BF%97', 'type': 'movie', 'year': '2016', 'sub_title': '丧尸李志3', 'id': '26904206'}, {'episode': '', 'img': 'https://img3.doubanio.com/view/photo/s_ratio_poster/public/p2392015382.jpg', 'title': '丧尸李志2', 'url': 'https://movie.douban.com/subject/26899418/?suggest=%E4%B8%A7%E5%B0%B8%E6%9D%8E%E5%BF%97', 'type': 'movie', 'year': '2016', 'sub_title': '丧尸李志2', 'id': '26899418'}]
丧尸李志 无豆瓣id数据，存入列表
丧尸李志2 26899418 0保存成功[douban]
丧尸李志3 26904206 0保存成功[douban]
疯狂特警队 未匹配到合适id []
----------地址被限制,稍后重试----------
降临 21324900 7.8保存成功[douban]
末世孤行 26700089 5.3保存成功[douban]
超能太监 未匹配到合适id []
超能太监 无豆瓣id数据，存入列表
超能太监2之黄金右手 未匹配到合适id []
----------地址被限制,稍后重试----------
小戏骨洪湖赤卫队 26890955 7.4保存成功[douban]
夺金四贱客 26678784 6.6保存成功[douban]
少年犯 26876180 8.0保存成功[douban]
最佳伙伴 26773722 5.2保存成功[douban]
废柴王爷 26832891 2.4保存成功[douban]
寻：电影版 26354587 7.9保存成功[douban]
秋天之前 26930690 7.1保存成功[douban]
无名女尸 26339213 7.5保存成功[douban]
她的应招日记 未匹配到合适id []
----------地址被限制,稍后重试----------
釜山行 25986180 8.5保存成功[douban]
金光石 26823023 7.8保存成功[douban]
我们是浪潮 26728692 5.6保存成功[douban]
看不见的客人 26580232 8.8保存成功[douban]
拳击烈女 26719729 6.7保存成功[douban]
千术1 未匹配到合适id []
千术1 无豆瓣id数据，存入列表
短波 26890860 3.8保存成功[douban]
归咎 26830781 0保存成功[douban]
监狱之花 26775085 6.4保存成功[douban]
盗墓笔记 未匹配到合适id []
----------地址被限制,稍后重试----------
[pid: 11746|app: 0|req: 335/415] 80.82.78.104 () {40 vars in 627 bytes} [Mon May 18 13:11:10 2020] GET / => generated 179 bytes in 1 msecs (HTTP/1.1 404) 4 headers in 128 bytes (1 switches on core 0)
四平青年之浩哥大战古惑仔 未匹配到合适id []
四平青年之浩哥大战古惑仔 无豆瓣id数据，存入列表
灿烂这一刻 26289140 5.5保存成功[douban]
辛普森：美国制造 26681664 9.5保存成功[douban]
塑胶海洋 26940487 9.2保存成功[douban]
小伙时代之忆当年 未匹配到合适id []
----------地址被限制,稍后重试----------
我的天使 26893606 6.6保存成功[douban]
午夜前十五分钟 未匹配到合适id []
午夜前十五分钟 无豆瓣id数据，存入列表
拉拉行不行 未匹配到合适id []
拉拉行不行 无豆瓣id数据，存入列表
欢迎光临哈特曼一家 未匹配到合适id []
----------地址被限制,稍后重试----------
黑暗之歌 26822127 5.8保存成功[douban]
杀手回家过年前一天 未匹配到合适id []
杀手回家过年前一天 无豆瓣id数据，存入列表
王牌贱谍：格林斯比 25830732 7.3保存成功[douban]
溺水小刀 26611076 7.6保存成功[douban]
星球大战外传：侠盗一号 25894431 7.3保存成功[douban]
一周八天：披头士的巡演时代 26821230 8.8保存成功[douban]
你的短信 26850287 7.1保存成功[douban]
单身指南 3217770 6.8保存成功[douban]
战场来信 未匹配到合适id []
----------地址被限制,稍后重试----------
那天的氛围 21766698 6.6保存成功[douban]
龙来了 26712792 6.9保存成功[douban]
深水区 未匹配到合适id [{'episode': '', 'img': 'https://img3.doubanio.com/view/photo/s_ratio_poster/public/p2464640732.jpg', 'title': '深水区', 'url': 'https://movie.douban.com/subject/26710108/?suggest=%E6%B7%B1%E6%B0%B4%E5%8C%BA', 'type': 'movie', 'year': '2016', 'sub_title': '12 Feet Deep', 'id': '26710108'}, {'episode': '', 'img': 'https://img9.doubanio.com/view/photo/s_ratio_poster/public/p2537047484.jpg', 'title': '泥足深陷', 'url': 'https://movie.douban.com/subject/30351360/?suggest=%E6%B7%B1%E6%B0%B4%E5%8C%BA', 'type': 'movie', 'year': '2016', 'sub_title': 'Deep Water: The Real Story', 'id': '30351360'}]
深水区 无豆瓣id数据，存入列表
月光男孩 26648249 7.4保存成功[douban]
最萌身高差 未匹配到合适id []
----------地址被限制,稍后重试----------
两个爱人和一只熊 26315901 6.1保存成功[douban]
谢幕 26748707 4.8保存成功[douban]
布莱尔女巫 26377033 5.0保存成功[douban]
背带短裤丧尸来袭 26318125 4.4保存成功[douban]
海伦娜之路 25918593 5.8保存成功[douban]
罗莎妈妈 26772204 7.3保存成功[douban]
天文馆 26388629 5.2保存成功[douban]
燃烧的国土 未匹配到合适id []
----------地址被限制,稍后重试----------
终极交换 未匹配到合适id []
终极交换 无豆瓣id数据，存入列表
请爱黎娜 26743292 5.4保存成功[douban]
日常对话 26884826 8.3保存成功[douban]
微微一笑很倾城电影版 26301582 4.9保存成功[douban]
错乱的一代 26418093 6.9保存成功[douban]
佳人有约 26800456 0保存成功[douban]
狂欢日缉凶 26818734 0保存成功[douban]
死亡笔记：点亮新世界 未匹配到合适id []
死亡笔记：点亮新世界 无豆瓣id数据，存入列表
死亡笔记 未匹配到合适id []
----------地址被限制,稍后重试----------
妖怪手表：飞天鲸鱼与跨时空大冒险喵！ 26680408 6.7保存成功[douban]
四平青年3偷天换日 26705706 5.0保存成功[douban]
寡妇刺客 26909244 0保存成功[douban]
我的妈呀 未匹配到合适id [{'episode': '', 'img': 'https://img3.doubanio.com/view/photo/s_ratio_poster/public/p2500041403.jpg', 'title': '我的妈呀', 'url': 'https://movie.douban.com/subject/26712235/?suggest=%E6%88%91%E7%9A%84%E5%A6%88%E5%91%80', 'type': 'movie', 'year': '2016', 'sub_title': '大手牽小手', 'id': '26712235'}, {'episode': '', 'img': 'https://img1.doubanio.com/view/photo/s_ratio_poster/public/p2508124197.jpg', 'title': '我的妈呀！', 'url': 'https://movie.douban.com/subject/27061572/?suggest=%E6%88%91%E7%9A%84%E5%A6%88%E5%91%80', 'type': 'movie', 'year': '2016', 'sub_title': '我的妈呀！', 'id': '27061572'}]
我的妈呀 无豆瓣id数据，存入列表
湄公河行动 未匹配到合适id []
----------地址被限制,稍后重试----------
王牌逗王牌 26662192 3.3保存成功[douban]
招魂2 24860563 7.8保存成功[douban]
悍妻理论 26727891 7.7保存成功[douban]
北风 26771067 7.2保存成功[douban]
毁灭之路 未匹配到合适id []
毁灭之路 无豆瓣id数据，存入列表
群狗 26728042 5.7保存成功[douban]
意大利赛车 26728685 7.4保存成功[douban]
野蛮地区 26653369 5.7保存成功[douban]
绕行 未匹配到合适id []
----------地址被限制,稍后重试----------
另类爱情 26895978 0保存成功[douban]
龙之诞生 22552302 5.1保存成功[douban]
以女儿之名 26384493 8.4保存成功[douban]
恋恋难知音 未匹配到合适id []
恋恋难知音 无豆瓣id数据，存入列表
暗房秘密 未匹配到合适id []
----------地址被限制,稍后重试----------
[pid: 11746|app: 0|req: 336/416] 182.254.52.17 () {36 vars in 550 bytes} [Mon May 18 14:18:49 2020] GET /.env => generated 179 bytes in 1 msecs (HTTP/1.1 404) 4 headers in 128 bytes (1 switches on core 0)
[pid: 11746|app: 0|req: 337/417] 182.254.52.17 () {36 vars in 570 bytes} [Mon May 18 14:21:12 2020] GET /video/jx-play/ => generated 9836 bytes in 2 msecs (HTTP/1.1 200) 6 headers in 319 bytes (1 switches on core 0)
真白之恋 26833865 7.5保存成功[douban]
星际迷航3：超越星辰 22939161 7.4保存成功[douban]
[pid: 11746|app: 0|req: 338/418] 101.89.19.140 () {36 vars in 568 bytes} [Mon May 18 14:23:56 2020] GET /video/type/3/ => generated 32986 bytes in 95 msecs (HTTP/1.1 200) 6 headers in 320 bytes (1 switches on core 0)
我的老婆未成年2 26811846 6.0保存成功[douban]
本·霍尔传奇 26341927 6.0保存成功[douban]
神秘工作 26948747 6.4保存成功[douban]
绝世神偷 26828259 0保存成功[douban]
劣质爱情 26348847 5.6保存成功[douban]
反情色 26856907 6.7保存成功[douban]
梦中人 未匹配到合适id []
----------地址被限制,稍后重试----------
斯诺登 25900819 7.6保存成功[douban]
楼下的房客 26575937 6.5保存成功[douban]
好鬼两个半 26868822 0保存成功[douban]
开饭啦 未匹配到合适id [{'episode': '', 'img': 'https://img1.doubanio.com/view/photo/s_ratio_poster/public/p2372217278.jpg', 'title': '开饭啦！', 'url': 'https://movie.douban.com/subject/26844013/?suggest=%E5%BC%80%E9%A5%AD%E5%95%A6', 'type': 'movie', 'year': '2016', 'sub_title': '開飯啦！', 'id': '26844013'}, {'episode': '16', 'img': 'https://img9.doubanio.com/view/photo/s_ratio_poster/public/p2551580845.jpg', 'title': '逛吃逛吃开饭啦', 'url': 'https://movie.douban.com/subject/30317819/?suggest=%E5%BC%80%E9%A5%AD%E5%95%A6', 'type': 'movie', 'year': '2016', 'sub_title': '逛吃逛吃开饭啦', 'id': '30317819'}]
开饭啦 无豆瓣id数据，存入列表
早死早投胎之地狱摇滚篇 26413269 7.8保存成功[douban]
植物图鉴 26429883 6.4保存成功[douban]
我不是连环杀手 26347897 5.8保存成功[douban]
伤心往事 未匹配到合适id []
----------地址被限制,稍后重试----------
天才捕手 5262339 7.5保存成功[douban]
疯爱 26375417 7.0保存成功[douban]
为什么猫都叫不来 26263428 7.5保存成功[douban]
我们是X 26679190 9.2保存成功[douban]
劲道猪头肉 26868731 6.3保存成功[douban]
交叉封锁线 未匹配到合适id []
----------地址被限制,稍后重试----------
空尖弹 25773930 4.9保存成功[douban]
侠探杰克2：永不回头 未匹配到合适id []
侠探杰克2：永不回头 无豆瓣id数据，存入列表
成长边缘 6873905 7.7保存成功[douban]
来找我 26474033 5.5保存成功[douban]
狗咬狗 26390973 4.9保存成功[douban]
全民战争 25980709 5.4保存成功[douban]
火车上的女孩 26413089 6.4保存成功[douban]
路易·德拉克斯的第九条命 26088326 6.8保存成功[douban]
秘密 未匹配到合适id []
----------地址被限制,稍后重试----------
使徒行者电影版 26336253 6.8保存成功[douban]
背叛的街角 未匹配到合适id [{'episode': '6', 'img': 'https://img9.doubanio.com/view/photo/s_ratio_poster/public/p2315459216.jpg', 'title': '背叛的街角', 'url': 'https://movie.douban.com/subject/26711886/?suggest=%E8%83%8C%E5%8F%9B%E7%9A%84%E8%A1%97%E8%A7%92', 'type': 'movie', 'year': '2016', 'sub_title': '裏切りの街', 'id': '26711886'}, {'episode': '', 'img': 'https://img3.doubanio.com/view/photo/s_ratio_poster/public/p2391182470.jpg', 'title': '背叛的街角', 'url': 'https://movie.douban.com/subject/26895375/?suggest=%E8%83%8C%E5%8F%9B%E7%9A%84%E8%A1%97%E8%A7%92', 'type': 'movie', 'year': '2016', 'sub_title': '裏切りの街', 'id': '26895375'}]
背叛的街角 无豆瓣id数据，存入列表
隧道尽头 26661229 7.2保存成功[douban]
便利贴 25925853 6.6保存成功[douban]
救命解药 未匹配到合适id []
----------地址被限制,稍后重试----------
火星异种 未匹配到合适id [{'episode': '', 'img': 'https://img9.doubanio.com/view/photo/s_ratio_poster/public/p2325212536.jpg', 'title': '火星异种', 'url': 'https://movie.douban.com/subject/26322637/?suggest=%E7%81%AB%E6%98%9F%E5%BC%82%E7%A7%8D', 'type': 'movie', 'year': '2016', 'sub_title': 'テラフォーマーズ', 'id': '26322637'}, {'episode': '13', 'img': 'https://img3.doubanio.com/view/photo/s_ratio_poster/public/p2415374403.jpg', 'title': '火星异种 复仇', 'url': 'https://movie.douban.com/subject/26590973/?suggest=%E7%81%AB%E6%98%9F%E5%BC%82%E7%A7%8D', 'type': 'movie', 'year': '2016', 'sub_title': 'テラフォーマーズ リベンジ', 'id': '26590973'}, {'episode': '3', 'img': 'https://img1.doubanio.com/view/photo/s_ratio_poster/public/p2321741979.jpg', 'title': '火星异种：新的希望', 'url': 'https://movie.douban.com/subject/26724848/?suggest=%E7%81%AB%E6%98%9F%E5%BC%82%E7%A7%8D', 'type': 'movie', 'year': '2016', 'sub_title': 'テラフォーマーズ／新たなる希望', 'id': '26724848'}]
火星异种 无豆瓣id数据，存入列表
环法之旅 未匹配到合适id []
环法之旅 无豆瓣id数据，存入列表
冰川鲨鱼 26890667 3.6保存成功[douban]
她唇之下 26815983 6.0保存成功[douban]
性爱娃娃 26942844 5.0保存成功[douban]
突然20岁 26882440 7.2保存成功[douban]
解语花 26283288 7.1保存成功[douban]
树大招风 未匹配到合适id []
----------地址被限制,稍后重试----------
[pid: 11746|app: 0|req: 339/419] 182.254.52.17 () {36 vars in 508 bytes} [Mon May 18 15:08:32 2020] GET /.ftpconfig => generated 179 bytes in 1 msecs (HTTP/1.1 404) 4 headers in 128 bytes (1 switches on core 0)
侠探西蒙 未匹配到合适id []
侠探西蒙 无豆瓣id数据，存入列表
讨厌的女人 未匹配到合适id [{'episode': '', 'img': 'https://img1.doubanio.com/view/photo/s_ratio_poster/public/p2373518259.jpg', 'title': '讨厌的女人', 'url': 'https://movie.douban.com/subject/26577206/?suggest=%E8%AE%A8%E5%8E%8C%E7%9A%84%E5%A5%B3%E4%BA%BA', 'type': 'movie', 'year': '2016', 'sub_title': '嫌な女', 'id': '26577206'}, {'episode': '6', 'img': 'https://img9.doubanio.com/view/photo/s_ratio_poster/public/p2319915355.jpg', 'title': '讨厌的女人', 'url': 'https://movie.douban.com/subject/26655950/?suggest=%E8%AE%A8%E5%8E%8C%E7%9A%84%E5%A5%B3%E4%BA%BA', 'type': 'movie', 'year': '2016', 'sub_title': '嫌な女', 'id': '26655950'}]
讨厌的女人 无豆瓣id数据，存入列表
凶手还未睡 26602966 3.9保存成功[douban]
致命邻居 未匹配到合适id []
----------地址被限制,稍后重试----------
血战钢锯岭 26325320 8.7保存成功[douban]
热血街区电影版 未匹配到合适id [{'episode': '', 'img': 'https://img3.doubanio.com/view/photo/s_ratio_poster/public/p2338058302.jpg', 'title': '热血街区电影版', 'url': 'https://movie.douban.com/subject/26589497/?suggest=%E7%83%AD%E8%A1%80%E8%A1%97%E5%8C%BA%E7%94%B5%E5%BD%B1%E7%89%88', 'type': 'movie', 'year': '2016', 'sub_title': 'HiGH&LOW THE MOVIE', 'id': '26589497'}, {'episode': '', 'img': 'https://img1.doubanio.com/view/photo/s_ratio_poster/public/p2367756349.jpg', 'title': '热血街区电影版2：红雨篇', 'url': 'https://movie.douban.com/subject/26837948/?suggest=%E7%83%AD%E8%A1%80%E8%A1%97%E5%8C%BA%E7%94%B5%E5%BD%B1%E7%89%88', 'type': 'movie', 'year': '2016', 'sub_title': 'HiGH＆LOW THE RED RAIN', 'id': '26837948'}]
热血街区电影版 无豆瓣id数据，存入列表
天赐之女 26704623 6.9保存成功[douban]
柏林孤影 25887265 7.3保存成功[douban]
梅格雷的陷阱 26608800 7.3保存成功[douban]
脑火 25899335 6.2保存成功[douban]
仁川登陆作战 26382689 5.4保存成功[douban]
女汉子真爱公式 26345736 5.1保存成功[douban]
莱姆豪斯的杀人魔 26616731 6.6保存成功[douban]
杀戮场 未匹配到合适id []
----------地址被限制,稍后重试----------
山2 26911450 6.8保存成功[douban]
虚空异界 26427810 6.0保存成功[douban]
屋顶的散步者 26818318 5.0保存成功[douban]
自杀小队 未匹配到合适id [{'episode': '', 'img': 'https://img9.doubanio.com/view/photo/s_ratio_poster/public/p2363084076.jpg', 'title': '自杀小队', 'url': 'https://movie.douban.com/subject/3569910/?suggest=%E8%87%AA%E6%9D%80%E5%B0%8F%E9%98%9F', 'type': 'movie', 'year': '2016', 'sub_title': 'Suicide Squad', 'id': '3569910'}, {'episode': '', 'img': 'https://img1.doubanio.com/f/movie/b6dc761f5e4cf04032faa969826986efbecd54bb/pics/movie/movie_default_small.png', 'title': '自杀小队：力量与速度', 'url': 'https://movie.douban.com/subject/27078049/?suggest=%E8%87%AA%E6%9D%80%E5%B0%8F%E9%98%9F', 'type': 'movie', 'year': '2016', 'sub_title': 'Suicide Squad Strength and Speed', 'id': '27078049'}, {'episode': '', 'img': 'https://img1.doubanio.com/f/movie/b6dc761f5e4cf04032faa969826986efbecd54bb/pics/movie/movie_default_small.png', 'title': '自杀小队：全副武装', 'url': 'https://movie.douban.com/subject/27078050/?suggest=%E8%87%AA%E6%9D%80%E5%B0%8F%E9%98%9F', 'type': 'movie', 'year': '2016', 'sub_title': 'Suicide Squad: Armed to the Teeth', 'id': '27078050'}, {'episode': '', 'img': 'https://img1.doubanio.com/f/movie/b6dc761f5e4cf04032faa969826986efbecd54bb/pics/movie/movie_default_small.png', 'title': '自杀小队：追逐真实', 'url': 'https://movie.douban.com/subject/27078053/?suggest=%E8%87%AA%E6%9D%80%E5%B0%8F%E9%98%9F', 'type': 'movie', 'year': '2016', 'sub_title': 'Suicide Squad: Chasing the Real', 'id': '27078053'}]
自杀小队 无豆瓣id数据，存入列表
类人猿行动 26335580 7.6保存成功[douban]
白昼之雨 26351171 7.0保存成功[douban]
变态假面：变态危机 26733260 5.4保存成功[douban]
九条命 未匹配到合适id []
----------地址被限制,稍后重试----------
绝对统治 26584104 6.1保存成功[douban]
辣警霸王花 26235351 3.9保存成功[douban]
灵偶契约 26359246 6.1保存成功[douban]
山2 26911450 6.8保存成功[douban]
撩乱的裸舞曲 26872550 5.9保存成功[douban]
湿濡的女人 未匹配到合适id []
----------地址被限制,稍后重试----------
小姐 25977027 8.2保存成功[douban]
鸭王2 26614645 4.4保存成功[douban]
怪兽卡车 24910035 6.1保存成功[douban]
屏住呼吸 26704620 7.1保存成功[douban]
顽石之拳 6034028 6.3保存成功[douban]
英雄迷的生活 26581099 5.7保存成功[douban]
机械师2:复活 未匹配到合适id []
----------地址被限制,稍后重试----------
大话西游3 26284595 3.9保存成功[douban]
将来的事 26215216 8.2保存成功[douban]
安全邻域 26731238 6.4保存成功[douban]
生吃 26653833 7.1保存成功[douban]
温柔的谎言 26946661 0保存成功[douban]
我的同桌是极品 26881325 4.7保存成功[douban]
末世肉体 26698862 4.8保存成功[douban]
桌子 26803993 7.1保存成功[douban]
你好安妮 26322801 6.9保存成功[douban]
盐与火 未匹配到合适id []
----------地址被限制,稍后重试----------
深海逃生 未匹配到合适id []
深海逃生 无豆瓣id数据，存入列表
鬼拳 26852168 3.7保存成功[douban]
我不做大哥好多年 26429879 5.2保存成功[douban]
甜水谣 26925719 0保存成功[douban]
求生者 24379805 0保存成功[douban]
催乳大师 26865359 4.7保存成功[douban]
真·爱 未匹配到合适id []
真·爱 无豆瓣id数据，存入列表
诡梦凶铃 26582780 2.4保存成功[douban]
流行歌星：永不停歇 未匹配到合适id []
----------地址被限制,稍后重试----------
大小笑探 26864449 0保存成功[douban]
愚行录 26751899 7.7保存成功[douban]
苌山虎 未匹配到合适id []
苌山虎 无豆瓣id数据，存入列表
血染黄沙 26881627 5.6保存成功[douban]
猎头召唤 未匹配到合适id []
----------地址被限制,稍后重试----------
[pid: 11746|app: 0|req: 340/420] 116.128.128.41 () {36 vars in 569 bytes} [Mon May 18 16:08:47 2020] GET /video/type/4/ => generated 31987 bytes in 120 msecs (HTTP/1.1 200) 6 headers in 320 bytes (1 switches on core 0)
印第安纳波利斯号：勇者无惧 26322816 6.2保存成功[douban]
总有一天 26390631 8.7保存成功[douban]
一个国家的诞生 26600422 5.6保存成功[douban]
深海浩劫 22266320 7.0保存成功[douban]
少女龙婆 26901404 2.5保存成功[douban]
谜域之噬魂岭 未匹配到合适id []
----------地址被限制,稍后重试----------
[pid: 11746|app: 0|req: 341/421] 113.11.87.186 () {32 vars in 464 bytes} [Mon May 18 16:14:54 2020] GET / => generated 179 bytes in 1 msecs (HTTP/1.1 404) 4 headers in 128 bytes (1 switches on core 0)
死于父手 未匹配到合适id []
死于父手 无豆瓣id数据，存入列表
寒战2 20505982 7.0保存成功[douban]
伯斯特的心 26870204 5.2保存成功[douban]
环法 26757546 6.2保存成功[douban]
最完美的女孩 未匹配到合适id []
----------地址被限制,稍后重试----------
[pid: 11746|app: 0|req: 342/422] 61.153.110.83 () {34 vars in 500 bytes} [Mon May 18 16:19:33 2020] GET /TP/public/index.php => generated 179 bytes in 1 msecs (HTTP/1.1 404) 4 headers in 128 bytes (1 switches on core 0)
[pid: 11748|app: 0|req: 23/423] 61.153.110.83 () {34 vars in 486 bytes} [Mon May 18 16:19:33 2020] GET /TP/index.php => generated 179 bytes in 1 msecs (HTTP/1.1 404) 4 headers in 128 bytes (1 switches on core 0)
[pid: 11748|app: 0|req: 24/424] 61.153.110.83 () {34 vars in 522 bytes} [Mon May 18 16:19:33 2020] GET /thinkphp/html/public/index.php => generated 179 bytes in 1 msecs (HTTP/1.1 404) 4 headers in 128 bytes (1 switches on core 1)
[pid: 11747|app: 0|req: 49/425] 61.153.110.83 () {34 vars in 504 bytes} [Mon May 18 16:19:33 2020] GET /html/public/index.php => generated 179 bytes in 1 msecs (HTTP/1.1 404) 4 headers in 128 bytes (1 switches on core 0)
[pid: 11747|app: 0|req: 50/426] 61.153.110.83 () {34 vars in 494 bytes} [Mon May 18 16:19:33 2020] GET /public/index.php => generated 179 bytes in 1 msecs (HTTP/1.1 404) 4 headers in 128 bytes (1 switches on core 1)
[pid: 11749|app: 0|req: 12/427] 61.153.110.83 () {34 vars in 510 bytes} [Mon May 18 16:19:33 2020] GET /TP/html/public/index.php => generated 179 bytes in 1 msecs (HTTP/1.1 404) 4 headers in 128 bytes (1 switches on core 0)
[pid: 11749|app: 0|req: 13/428] 61.153.110.83 () {34 vars in 482 bytes} [Mon May 18 16:19:33 2020] GET /elrekt.php => generated 179 bytes in 1 msecs (HTTP/1.1 404) 4 headers in 128 bytes (1 switches on core 1)
[pid: 11747|app: 0|req: 51/429] 61.153.110.83 () {34 vars in 480 bytes} [Mon May 18 16:19:33 2020] GET /index.php => generated 179 bytes in 1 msecs (HTTP/1.1 404) 4 headers in 128 bytes (1 switches on core 1)
[pid: 11749|app: 0|req: 14/430] 61.153.110.83 () {34 vars in 465 bytes} [Mon May 18 16:19:33 2020] GET / => generated 179 bytes in 1 msecs (HTTP/1.1 404) 4 headers in 128 bytes (1 switches on core 1)
血浓于罪 25831286 6.5保存成功[douban]
非常绑架 26902207 0保存成功[douban]
斯隆女士 26703158 8.8保存成功[douban]
危城 26125779 5.8保存成功[douban]
少女椿 26726912 5.3保存成功[douban]
明明不喜欢 未匹配到合适id []
----------地址被限制,稍后重试----------
佩小姐的奇幻城堡 7051830 7.2保存成功[douban]
摩根 26341137 6.2保存成功[douban]
战神：只是爱着你电影版 26726895 5.0保存成功[douban]
昭和64年：前篇 26328481 7.2保存成功[douban]
萨利机长 26416603 8.3保存成功[douban]
反贪风暴2 26352445 5.7保存成功[douban]
宾虚 25731059 5.7保存成功[douban]
报告班长7：勇往直前 25927489 0保存成功[douban]
被掩盖的时间 26527937 7.6保存成功[douban]
26种死法2.5：M号档案 26163644 5.3保存成功[douban]
勒索风云 未匹配到合适id []
----------地址被限制,稍后重试----------
[pid: 11746|app: 0|req: 343/431] 182.254.52.17 () {36 vars in 568 bytes} [Mon May 18 16:34:54 2020] GET /video/type/2/ => generated 36486 bytes in 177 msecs (HTTP/1.1 200) 6 headers in 320 bytes (1 switches on core 0)
亡命徒与天使 26715795 7.5保存成功[douban]
豪勇七蛟龙 10774184 7.6保存成功[douban]
惊天破 26220722 3.9保存成功[douban]
舞力重击 26388981 6.6保存成功[douban]
假如猫从世界上消失了 25984803 7.3保存成功[douban]
彼得的龙 24299052 6.6保存成功[douban]
奇奇欲爱世界 26757919 6.5保存成功[douban]
丧尸围城：终结篇 26734038 4.8保存成功[douban]
圆梦巨人 未匹配到合适id []
----------地址被限制,稍后重试----------
军火贩 6872936 7.3保存成功[douban]
毛骨悚然 未匹配到合适id [{'episode': '', 'img': 'https://img9.doubanio.com/view/photo/s_ratio_poster/public/p2326789036.jpg', 'title': '毛骨悚然', 'url': 'https://movie.douban.com/subject/26581083/?suggest=%E6%AF%9B%E9%AA%A8%E6%82%9A%E7%84%B6', 'type': 'movie', 'year': '2016', 'sub_title': 'クリーピー', 'id': '26581083'}, {'episode': '', 'img': 'https://img9.doubanio.com/view/photo/s_ratio_poster/public/p2371331745.jpg', 'title': '毛骨悚然撞鬼经 2016夏季特别篇', 'url': 'https://movie.douban.com/subject/26837949/?suggest=%E6%AF%9B%E9%AA%A8%E6%82%9A%E7%84%B6', 'type': 'movie', 'year': '2016', 'sub_title': 'ほんとにあった怖い話 夏の特別編2016', 'id': '26837949'}]
毛骨悚然 无豆瓣id数据，存入列表
谍影重重5 26266072 7.4保存成功[douban]
三少爷的剑 21350556 4.9保存成功[douban]
比利·林恩的中场战事 25983044 8.4保存成功[douban]
流浪猫鲍勃 26685451 8.0保存成功[douban]
迷失Z城 3025669 6.9保存成功[douban]
我要发达 未匹配到合适id []
我要发达 无豆瓣id数据，存入列表
我心雀跃 未匹配到合适id []
----------地址被限制,稍后重试----------
女神们 26735048 7.6保存成功[douban]
帅气的恶魔 26647024 7.2保存成功[douban]
疾风回旋曲 26737136 6.0保存成功[douban]
被称作海贼的男人 26295921 6.4保存成功[douban]
玛·鲁特 26279128 6.5保存成功[douban]
橄榄树 未匹配到合适id []
----------地址被限制,稍后重试----------
战争天堂 26649041 7.8保存成功[douban]
[pid: 11746|app: 0|req: 344/432] 182.254.52.17 () {36 vars in 554 bytes} [Mon May 18 17:05:00 2020] GET /video/ => generated 58594 bytes in 397 msecs (HTTP/1.1 200) 6 headers in 320 bytes (1 switches on core 0)
喔我的僵尸 未匹配到合适id []
喔我的僵尸 无豆瓣id数据，存入列表
例外 26417545 6.8保存成功[douban]
白百合 26855690 5.1保存成功[douban]
乡关何处 未匹配到合适id []
----------地址被限制,稍后重试----------
[pid: 11746|app: 0|req: 345/433] 183.192.179.16 () {36 vars in 593 bytes} [Mon May 18 17:11:21 2020] GET /video/play/84919/1-5.html => generated 13020 bytes in 6 msecs (HTTP/1.1 200) 6 headers in 320 bytes (1 switches on core 0)
我不是你的黑鬼 26861970 7.7保存成功[douban]
我们的情人们 26577500 7.1保存成功[douban]
诺曼 26321115 7.2保存成功[douban]
走火交易 26200183 6.1保存成功[douban]
恐吓运动 26649095 7.0保存成功[douban]
当怪物来敲门 未匹配到合适id []
----------地址被限制,稍后重试----------
[pid: 11746|app: 0|req: 346/434] 182.254.52.17 () {36 vars in 591 bytes} [Mon May 18 17:14:36 2020] GET /admin/view_log/?page%3D11 => generated 0 bytes in 1 msecs (HTTP/1.1 302) 6 headers in 180 bytes (1 switches on core 0)
[pid: 11748|app: 0|req: 25/435] 182.254.52.17 () {38 vars in 636 bytes} [Mon May 18 17:14:36 2020] GET /admin/login.html => generated 5348 bytes in 1 msecs (HTTP/1.1 200) 6 headers in 319 bytes (1 switches on core 0)
无名女孩 26374586 6.6保存成功[douban]
星丘车站失物招领 26259642 6.3保存成功[douban]
容顺 26870096 5.1保存成功[douban]
内心引力 未匹配到合适id []
内心引力 无豆瓣id数据，存入列表
尖叫周 26952969 0保存成功[douban]
金融决战 26688846 6.7保存成功[douban]
托尼·厄德曼 未匹配到合适id []
----------地址被限制,稍后重试----------
[pid: 11748|app: 0|req: 26/436] 177.126.78.10 () {32 vars in 464 bytes} [Mon May 18 17:21:14 2020] GET / => generated 179 bytes in 1 msecs (HTTP/1.1 404) 4 headers in 128 bytes (1 switches on core 1)
斗牛犬之女 27012016 6.1保存成功[douban]
好邻居 26388342 7.1保存成功[douban]
承诺2016 未匹配到合适id []
承诺2016 无豆瓣id数据，存入列表
魔术技法 26642976 5.1保存成功[douban]
一念无明 未匹配到合适id []
----------地址被限制,稍后重试----------
碰撞 未匹配到合适id [{'episode': '', 'img': 'https://img3.doubanio.com/view/photo/s_ratio_poster/public/p2377940281.jpg', 'title': '碰撞', 'url': 'https://movie.douban.com/subject/26756851/?suggest=%E7%A2%B0%E6%92%9E', 'type': 'movie', 'year': '2016', 'sub_title': 'اشتباك', 'id': '26756851'}, {'episode': '', 'img': 'https://img1.doubanio.com/view/photo/s_ratio_poster/public/p2537418899.jpg', 'title': '碰撞与燃烧', 'url': 'https://movie.douban.com/subject/27005955/?suggest=%E7%A2%B0%E6%92%9E', 'type': 'movie', 'year': '2016', 'sub_title': 'Crash and Burn', 'id': '27005955'}]
碰撞 无豆瓣id数据，存入列表
大创业家 26280709 7.5保存成功[douban]
29+1 26877237 7.2保存成功[douban]
假小子 26653227 5.0保存成功[douban]
让她走 26970756 4.4保存成功[douban]
[pid: 11746|app: 0|req: 347/437] 58.247.212.239 () {36 vars in 606 bytes} [Mon May 18 17:35:19 2020] GET /solr/admin/info/system?wt%3Djson => generated 179 bytes in 1 msecs (HTTP/1.1 404) 4 headers in 128 bytes (1 switches on core 0)
修复生命 26614201 7.3保存成功[douban]
他们最好的 5327224 7.8保存成功[douban]
古都 未匹配到合适id []
----------地址被限制,稍后重试----------
小气鬼 26811449 6.8保存成功[douban]
九扇窗户 26678764 4.7保存成功[douban]
被遗忘的礼物 26901695 0保存成功[douban]
间谍同盟 25978126 7.0保存成功[douban]
石之痛 26051524 6.6保存成功[douban]
完美陌生人 26614893 8.5保存成功[douban]
寻侠英雄传之护花 26851456 0保存成功[douban]
护士也疯狂 26765715 3.5保存成功[douban]
艳遇也疯狂 未匹配到合适id []
----------地址被限制,稍后重试----------
日长似岁 未匹配到合适id []
日长似岁 无豆瓣id数据，存入列表
漂洋过海来爱你 26775674 4.0保存成功[douban]
破冰船 26894886 6.6保存成功[douban]
遇见神仙的奇幻基夜 26703311 3.3保存成功[douban]
跆拳道 未匹配到合适id []
----------地址被限制,稍后重试----------
宝物招领 26930072 5.0保存成功[douban]
安昙春子下落不明 26644833 6.5保存成功[douban]
贝尔科实验 3008691 6.1保存成功[douban]
一万公里的约定 26388555 4.6保存成功[douban]
阿修罗 26389331 7.4保存成功[douban]
鼹鼠之歌2：香港狂骚曲 未匹配到合适id []
----------地址被限制,稍后重试----------
[pid: 11746|app: 0|req: 348/438] 195.54.160.123 () {34 vars in 556 bytes} [Mon May 18 17:59:57 2020] GET /solr/admin/info/system?wt=json => generated 179 bytes in 1 msecs (HTTP/1.1 404) 4 headers in 128 bytes (1 switches on core 0)
纽约纽约 25881781 5.4保存成功[douban]
爱恋 26617076 7.2保存成功[douban]
明日的我与昨日的你约会 26707472 7.6保存成功[douban]
时光插班生 26915603 0保存成功[douban]
少年 未匹配到合适id []
少年 无豆瓣id数据，存入列表
我不是潘金莲 26630781 6.7保存成功[douban]
居里夫人 26816017 6.5保存成功[douban]
摆渡人 未匹配到合适id []
----------地址被限制,稍后重试----------
[pid: 11746|app: 0|req: 349/439] 195.54.160.123 () {36 vars in 653 bytes} [Mon May 18 18:08:20 2020] GET /?a=fetch&content=<php>die(@md5(HelloThinkCMF))</php> => generated 179 bytes in 1 msecs (HTTP/1.1 404) 4 headers in 128 bytes (1 switches on core 0)
[pid: 11746|app: 0|req: 350/440] 195.54.160.123 () {34 vars in 556 bytes} [Mon May 18 18:08:20 2020] GET /?XDEBUG_SESSION_START=phpstorm => generated 179 bytes in 1 msecs (HTTP/1.1 404) 4 headers in 128 bytes (1 switches on core 0)
魔轮 26596158 4.5保存成功[douban]
醉侠苏乞儿 26834248 3.5保存成功[douban]
伦敦父女档 26668283 6.6保存成功[douban]
迷失：消失的女人 26339228 6.9保存成功[douban]
你口袋里有把枪吗？ 26849595 5.4保存成功[douban]
你会在那里吗？ 26352412 6.8保存成功[douban]
怒 26279289 7.7保存成功[douban]
契克 26586432 8.4保存成功[douban]
人类削减计划 26853690 5.5保存成功[douban]
校塔枪击案 未匹配到合适id []
----------地址被限制,稍后重试----------
[pid: 11746|app: 0|req: 351/441] 92.26.32.124 () {32 vars in 462 bytes} [Mon May 18 18:18:03 2020] GET / => generated 179 bytes in 1 msecs (HTTP/1.1 404) 4 headers in 128 bytes (1 switches on core 0)
虚拟世界 26926452 5.3保存成功[douban]
地雷险区 26600428 6.0保存成功[douban]
箭士柳白猿 未匹配到合适id []
箭士柳白猿 无豆瓣id数据，存入列表
黑色闪电 25928763 7.6保存成功[douban]
黑之暴动 未匹配到合适id []
----------地址被限制,稍后重试----------
绝地逃亡 24529353 5.6保存成功[douban]
铁道飞虎 26389069 5.2保存成功[douban]
卧虎藏龙：青冥宝剑 21327512 4.8保存成功[douban]
宝贝当家 26352361 2.8保存成功[douban]
三人行 未匹配到合适id [{'episode': '', 'img': 'https://img3.doubanio.com/view/photo/s_ratio_poster/public/p2360775241.jpg', 'title': '三人行', 'url': 'https://movie.douban.com/subject/26235349/?suggest=%E4%B8%89%E4%BA%BA%E8%A1%8C', 'type': 'movie', 'year': '2016', 'sub_title': '三人行', 'id': '26235349'}, {'episode': '', 'img': 'https://img3.doubanio.com/view/photo/s_ratio_poster/public/p2382802813.jpg', 'title': '春梦', 'url': 'https://movie.douban.com/subject/26752337/?suggest=%E4%B8%89%E4%BA%BA%E8%A1%8C', 'type': 'movie', 'year': '2016', 'sub_title': '춘몽', 'id': '26752337'}]
----------地址被限制,稍后重试----------
火锅英雄 25662327 7.2保存成功[douban]
流血的拳击手 6875404 6.3保存成功[douban]
凯蒂的道别 26616732 7.6保存成功[douban]
奔爱 26637534 3.9保存成功[douban]
洛杉矶捣蛋计划 26729533 5.4保存成功[douban]
六弄咖啡馆 26351867 6.6保存成功[douban]
恋爱教父之三个“坏”家伙 26369910 3.3保存成功[douban]
外公芳龄38 26415200 4.2保存成功[douban]
暗色天堂 26351532 6.4保存成功[douban]
不速之客 未匹配到合适id []
----------地址被限制,稍后重试----------
在世界中心呼唤爱 26611083 4.8保存成功[douban]
天亮之前 26352440 5.8保存成功[douban]
西游记之孙悟空三打白骨精 25827963 5.6保存成功[douban]
梦想合伙人 26299410 4.2保存成功[douban]
冰河追凶 26315270 5.7保存成功[douban]
超级快递 26651353 4.5保存成功[douban]
那件疯狂的小事叫爱情 26607928 4.0保存成功[douban]
捉迷藏 26757373 5.5保存成功[douban]
夏有乔木 雅望天堂 25843976 4.8保存成功[douban]
我的战争 未匹配到合适id []
----------地址被限制,稍后重试----------
真相禁区 26348798 4.5保存成功[douban]
自杀羽衣甘蓝 26990287 5.2保存成功[douban]
太阳河 26826009 0保存成功[douban]
我最好朋友的婚礼 26394441 4.4保存成功[douban]
狙击精英：幽灵射手 26802286 5.8保存成功[douban]
我的极品女神 26602368 4.1保存成功[douban]
[pid: 11746|app: 0|req: 352/442] 112.96.134.253 () {42 vars in 904 bytes} [Mon May 18 18:53:28 2020] GET /admin/view_log/?page=10 => generated 20523 bytes in 140 msecs (HTTP/1.1 200) 5 headers in 152 bytes (1 switches on core 0)
打开我天空 26790676 6.0保存成功[douban]
半熟少女 未匹配到合适id []
----------地址被限制,稍后重试----------
[pid: 11746|app: 0|req: 353/443] 112.96.134.253 () {44 vars in 964 bytes} [Mon May 18 18:53:58 2020] GET /admin/view_log/?page=10 => generated 20783 bytes in 148 msecs (HTTP/1.1 200) 5 headers in 152 bytes (1 switches on core 0)
[pid: 11746|app: 0|req: 354/444] 112.96.134.253 () {44 vars in 964 bytes} [Mon May 18 18:54:13 2020] GET /admin/view_log/?page=11 => generated 14907 bytes in 135 msecs (HTTP/1.1 200) 5 headers in 152 bytes (1 switches on core 0)
[pid: 11746|app: 0|req: 355/445] 112.96.134.253 () {44 vars in 964 bytes} [Mon May 18 18:54:22 2020] GET /admin/view_log/?page=10 => generated 20783 bytes in 150 msecs (HTTP/1.1 200) 5 headers in 152 bytes (1 switches on core 0)
[pid: 11746|app: 0|req: 356/446] 112.96.134.253 () {44 vars in 962 bytes} [Mon May 18 18:54:28 2020] GET /admin/view_log/?page=1 => generated 22772 bytes in 151 msecs (HTTP/1.1 200) 5 headers in 152 bytes (1 switches on core 0)
[pid: 11746|app: 0|req: 357/447] 112.96.134.253 () {44 vars in 961 bytes} [Mon May 18 18:54:47 2020] GET /admin/view_log/?page=2 => generated 19787 bytes in 141 msecs (HTTP/1.1 200) 5 headers in 152 bytes (1 switches on core 0)
[pid: 11747|app: 0|req: 52/448] 112.96.134.253 () {44 vars in 961 bytes} [Mon May 18 18:54:48 2020] GET /admin/view_log/?page=2 => generated 19787 bytes in 148 msecs (HTTP/1.1 200) 5 headers in 152 bytes (1 switches on core 0)
[pid: 11747|app: 0|req: 53/449] 112.96.134.253 () {44 vars in 961 bytes} [Mon May 18 18:54:48 2020] GET /admin/view_log/?page=2 => generated 19787 bytes in 153 msecs (HTTP/1.1 200) 5 headers in 152 bytes (1 switches on core 1)
[pid: 11746|app: 0|req: 358/450] 112.96.134.253 () {44 vars in 961 bytes} [Mon May 18 18:54:48 2020] GET /admin/view_log/?page=2 => generated 19787 bytes in 146 msecs (HTTP/1.1 200) 5 headers in 152 bytes (1 switches on core 0)
[pid: 11746|app: 0|req: 359/451] 112.96.134.253 () {44 vars in 961 bytes} [Mon May 18 18:54:48 2020] GET /admin/view_log/?page=2 => generated 19787 bytes in 159 msecs (HTTP/1.1 200) 5 headers in 152 bytes (1 switches on core 0)
[pid: 11747|app: 0|req: 54/452] 112.96.134.253 () {44 vars in 961 bytes} [Mon May 18 18:54:48 2020] GET /admin/view_log/?page=2 => generated 19787 bytes in 154 msecs (HTTP/1.1 200) 5 headers in 152 bytes (1 switches on core 0)
[pid: 11747|app: 0|req: 55/453] 112.96.134.253 () {42 vars in 885 bytes} [Mon May 18 18:55:00 2020] GET /video/type/2/ => generated 36486 bytes in 219 msecs (HTTP/1.1 200) 6 headers in 320 bytes (1 switches on core 1)
[pid: 11746|app: 0|req: 360/454] 112.96.134.253 () {44 vars in 935 bytes} [Mon May 18 18:55:25 2020] GET /video/type/1/ => generated 37984 bytes in 269 msecs (HTTP/1.1 200) 6 headers in 320 bytes (1 switches on core 0)
[pid: 11746|app: 0|req: 361/455] 112.96.134.253 () {44 vars in 980 bytes} [Mon May 18 18:55:40 2020] GET /video/type/1/?year=&area=&rating=9.0 => generated 37015 bytes in 117 msecs (HTTP/1.1 200) 6 headers in 320 bytes (1 switches on core 0)
[pid: 11746|app: 0|req: 362/456] 112.96.134.253 () {44 vars in 1003 bytes} [Mon May 18 18:55:41 2020] GET /video/type/1/?year=&area=&rating=8.0 => generated 41705 bytes in 113 msecs (HTTP/1.1 200) 6 headers in 320 bytes (1 switches on core 0)
[pid: 11746|app: 0|req: 363/457] 112.96.134.253 () {44 vars in 1003 bytes} [Mon May 18 18:55:43 2020] GET /video/type/1/?year=&area=&rating=7.0 => generated 42699 bytes in 133 msecs (HTTP/1.1 200) 6 headers in 320 bytes (1 switches on core 0)
[pid: 11746|app: 0|req: 364/458] 112.96.134.253 () {44 vars in 1003 bytes} [Mon May 18 18:55:44 2020] GET /video/type/1/?year=&area=&rating=6.0 => generated 41520 bytes in 125 msecs (HTTP/1.1 200) 6 headers in 320 bytes (1 switches on core 0)
[pid: 11746|app: 0|req: 365/459] 112.96.134.253 () {44 vars in 1003 bytes} [Mon May 18 18:55:45 2020] GET /video/type/1/?year=&area=&rating=5.0 => generated 44831 bytes in 116 msecs (HTTP/1.1 200) 6 headers in 320 bytes (1 switches on core 0)
[pid: 11746|app: 0|req: 366/460] 112.96.134.253 () {44 vars in 1039 bytes} [Mon May 18 18:55:46 2020] GET /video/type/1/?year=&area=&rating=5.0%E4%BB%A5%E4%B8%8B => generated 37971 bytes in 152 msecs (HTTP/1.1 200) 6 headers in 320 bytes (1 switches on core 0)
[pid: 11746|app: 0|req: 367/461] 112.96.134.253 () {44 vars in 987 bytes} [Mon May 18 18:55:52 2020] GET /video/type/1/?area= => generated 37984 bytes in 307 msecs (HTTP/1.1 200) 6 headers in 320 bytes (1 switches on core 0)
[pid: 11746|app: 0|req: 368/462] 112.96.134.253 () {44 vars in 927 bytes} [Mon May 18 18:56:04 2020] GET /video/ => generated 58594 bytes in 402 msecs (HTTP/1.1 200) 6 headers in 320 bytes (1 switches on core 0)
[pid: 11746|app: 0|req: 369/463] 176.78.165.86 () {30 vars in 436 bytes} [Mon May 18 18:58:55 2020] GET / => generated 179 bytes in 1 msecs (HTTP/1.1 404) 4 headers in 128 bytes (1 switches on core 0)
罗曼蒂克消亡史 24751763 7.7保存成功[douban]
蜜月酒店杀人事件 25852314 3.4保存成功[douban]
四十度晒 26720937 6.4保存成功[douban]
古田会议 26821747 3.3保存成功[douban]
勇士之门 25845294 3.5保存成功[douban]
危情生命线 26791623 7.3保存成功[douban]
伟大的愿望 26329059 7.4保存成功[douban]
德云三逗士 未匹配到合适id []
----------地址被限制,稍后重试----------
惊天大逆转 26375609 7.0保存成功[douban]
儿子老子 26890802 5.8保存成功[douban]
育婴室 26318896 5.1保存成功[douban]
换命攻略 26813359 0保存成功[douban]
大赌豪2之龙兄虎弟 26841338 0保存成功[douban]
减法人生 26629328 4.2保存成功[douban]
你好，疯子！ 26696879 6.8保存成功[douban]
爱情麻辣烫之情定终身 25907086 4.9保存成功[douban]
午夜寻访录 未匹配到合适id []
----------地址被限制,稍后重试----------
我们的故事 未匹配到合适id [{'episode': '', 'img': 'https://img3.doubanio.com/view/photo/s_ratio_poster/public/p2307778252.jpg', 'title': '我们的故事', 'url': 'https://movie.douban.com/subject/26705744/?suggest=%E6%88%91%E4%BB%AC%E7%9A%84%E6%95%85%E4%BA%8B', 'type': 'movie', 'year': '2016', 'sub_title': '我们的故事', 'id': '26705744'}, {'episode': '', 'img': 'https://img1.doubanio.com/view/photo/s_ratio_poster/public/p2382579428.jpg', 'title': '我们的故事2', 'url': 'https://movie.douban.com/subject/26878605/?suggest=%E6%88%91%E4%BB%AC%E7%9A%84%E6%95%85%E4%BA%8B', 'type': 'movie', 'year': '2016', 'sub_title': '我们的故事2', 'id': '26878605'}]
我们的故事 无豆瓣id数据，存入列表
我们的故事2 26878605 8.0保存成功[douban]
致命恋爱 26348778 5.1保存成功[douban]
一家老小向前冲 26630517 3.6保存成功[douban]
致我们终将到来的爱情 26413306 3.6保存成功[douban]
生死96小时 未匹配到合适id []
----------地址被限制,稍后重试----------
雪山之家 26332941 6.9保存成功[douban]
逆天侠盗团：百盗之局 26847062 4.7保存成功[douban]
战墙 26894529 0保存成功[douban]
我们的十年 未匹配到合适id [{'episode': '', 'img': 'https://img3.doubanio.com/view/photo/s_ratio_poster/public/p2375677172.jpg', 'title': '我们的十年', 'url': 'https://movie.douban.com/subject/25908065/?suggest=%E6%88%91%E4%BB%AC%E7%9A%84%E5%8D%81%E5%B9%B4', 'type': 'movie', 'year': '2016', 'sub_title': '我们的十年', 'id': '25908065'}, {'episode': '40', 'img': 'https://img9.doubanio.com/view/photo/s_ratio_poster/public/p2497592794.jpg', 'title': '我们最美好的十年', 'url': 'https://movie.douban.com/subject/25907009/?suggest=%E6%88%91%E4%BB%AC%E7%9A%84%E5%8D%81%E5%B9%B4', 'type': 'movie', 'year': '2016', 'sub_title': '我们最美好的十年', 'id': '25907009'}]
我们的十年 无豆瓣id数据，存入列表
为房痴狂 26748026 0保存成功[douban]
喊·山 未匹配到合适id []
----------地址被限制,稍后重试----------
隐藏人物 26615208 8.8保存成功[douban]
失心者 26711052 3.3保存成功[douban]
如果没有遇见你 26864448 0保存成功[douban]
冒牌卧底 26743534 4.0保存成功[douban]
花样厨神 未匹配到合适id []
----------地址被限制,稍后重试----------
杠上开花 24867829 3.4保存成功[douban]
白日末路 未匹配到合适id []
白日末路 无豆瓣id数据，存入列表
长江图 7062596 6.8保存成功[douban]
废柴特工 未匹配到合适id []
废柴特工 无豆瓣id数据，存入列表
骇故事之往生刑 未匹配到合适id []
----------地址被限制,稍后重试----------
骇故事之无罪日 26946461 4.4保存成功[douban]
骇故事之招魂 26857617 6.2保存成功[douban]
骇故事之凶宅 26924737 4.5保存成功[douban]
一票混蛋 26902115 0保存成功[douban]
千门唐八将 26860801 0保存成功[douban]
恭喜发财之谈钱说爱 未匹配到合适id []
----------地址被限制,稍后重试----------
[pid: 11746|app: 0|req: 370/464] 80.82.78.104 () {40 vars in 627 bytes} [Mon May 18 19:50:09 2020] GET / => generated 179 bytes in 1 msecs (HTTP/1.1 404) 4 headers in 128 bytes (1 switches on core 0)
美人劫 26774408 0保存成功[douban]
充气情人 26979995 3.0保存成功[douban]
函馆咖啡 26588666 6.3保存成功[douban]
恋妻家宫本 26675512 7.3保存成功[douban]
萨米之血 26717494 7.9保存成功[douban]
骇故事之禁锢之屋 26914739 6.9保存成功[douban]
魔都凶音 26772860 5.0保存成功[douban]
骇故事之恐怖殡仪馆 未匹配到合适id []
----------地址被限制,稍后重试----------
骇故事之女舍惊魂 26938770 6.4保存成功[douban]
穿越麦田 未匹配到合适id []
穿越麦田 无豆瓣id数据，存入列表
看见我和你 未匹配到合适id [{'episode': '', 'img': 'https://img9.doubanio.com/view/photo/s_ratio_poster/public/p2377672066.jpg', 'title': '看见我和你', 'url': 'https://movie.douban.com/subject/26865401/?suggest=%E7%9C%8B%E8%A7%81%E6%88%91%E5%92%8C%E4%BD%A0', 'type': 'movie', 'year': '2016', 'sub_title': '看见我和你', 'id': '26865401'}, {'episode': '13', 'img': 'https://img9.doubanio.com/view/photo/s_ratio_poster/public/p2338388725.jpg', 'title': '我能看见你', 'url': 'https://movie.douban.com/subject/26797567/?suggest=%E7%9C%8B%E8%A7%81%E6%88%91%E5%92%8C%E4%BD%A0', 'type': 'movie', 'year': '2016', 'sub_title': 'I See You พยาบาลพิเศษ..เคสพิศวง', 'id': '26797567'}]
看见我和你 无豆瓣id数据，存入列表
墨子籍之潜龙秘宝 未匹配到合适id []
----------地址被限制,稍后重试----------
龙拳小子 26721322 4.2保存成功[douban]
情况不妙 26774772 6.4保存成功[douban]
昨日重现 未匹配到合适id [{'episode': '', 'img': 'https://img3.doubanio.com/view/photo/s_ratio_poster/public/p2461301732.jpg', 'title': '昨日重现', 'url': 'https://movie.douban.com/subject/26698112/?suggest=%E6%98%A8%E6%97%A5%E9%87%8D%E7%8E%B0', 'type': 'movie', 'year': '2016', 'sub_title': 'Le passé devant nous', 'id': '26698112'}, {'episode': '', 'img': 'https://img3.doubanio.com/view/photo/s_ratio_poster/public/p2313981843.jpg', 'title': '昨日重现之舍命情缘', 'url': 'https://movie.douban.com/subject/26716394/?suggest=%E6%98%A8%E6%97%A5%E9%87%8D%E7%8E%B0', 'type': 'movie', 'year': '2016', 'sub_title': '昨日重现之舍命情缘', 'id': '26716394'}]
昨日重现 无豆瓣id数据，存入列表
艾瑞斯 26837803 5.9保存成功[douban]
大王来绑我呀 未匹配到合适id []
----------地址被限制,稍后重试----------
越囧 26903988 2.5保存成功[douban]
我不是王毛 未匹配到合适id []
我不是王毛 无豆瓣id数据，存入列表
翻身 未匹配到合适id [{'episode': '10', 'img': 'https://img1.doubanio.com/view/photo/s_ratio_poster/public/p2324313839.jpg', 'title': '翻身姐妹 第二季', 'url': 'https://movie.douban.com/subject/26744072/?suggest=%E7%BF%BB%E8%BA%AB', 'type': 'movie', 'year': '2016', 'sub_title': '翻身姐妹 第二季', 'id': '26744072'}, {'episode': '', 'img': 'https://img1.doubanio.com/view/photo/s_ratio_poster/public/p2522564669.jpg', 'title': '翻身', 'url': 'https://movie.douban.com/subject/26887011/?suggest=%E7%BF%BB%E8%BA%AB', 'type': 'movie', 'year': '2016', 'sub_title': '翻身', 'id': '26887011'}]
翻身 无豆瓣id数据，存入列表
骇故事之暗窗 未匹配到合适id []
----------地址被限制,稍后重试----------
殿下，这是利息！ 26361631 7.1保存成功[douban]
列侬报道 26888217 5.6保存成功[douban]
杰克回家了 26630253 4.5保存成功[douban]
对决 26746374 4.3保存成功[douban]
七号病人 26891065 5.8保存成功[douban]
无伴奏 26577937 6.5保存成功[douban]
樱之雨 26339245 5.0保存成功[douban]
雅多维尔围城战 25953430 7.4保存成功[douban]
新警界双雄 26772001 6.3保存成功[douban]
关灯后 未匹配到合适id []
----------地址被限制,稍后重试----------
[pid: 11746|app: 0|req: 371/465] 112.96.134.253 () {44 vars in 963 bytes} [Mon May 18 20:26:02 2020] GET /admin/view_log/?page=11 => generated 23841 bytes in 154 msecs (HTTP/1.1 200) 5 headers in 152 bytes (1 switches on core 0)
[pid: 11746|app: 0|req: 372/466] 112.96.134.253 () {44 vars in 964 bytes} [Mon May 18 20:27:15 2020] GET /admin/view_log/?page=12 => generated 16575 bytes in 163 msecs (HTTP/1.1 200) 5 headers in 152 bytes (1 switches on core 0)
[pid: 11746|app: 0|req: 373/467] 112.96.134.253 () {42 vars in 885 bytes} [Mon May 18 20:27:36 2020] GET /video/type/1/ => generated 37984 bytes in 291 msecs (HTTP/1.1 200) 6 headers in 320 bytes (1 switches on core 0)
[pid: 11746|app: 0|req: 374/468] 112.96.134.253 () {44 vars in 980 bytes} [Mon May 18 20:27:38 2020] GET /video/type/1/?year=&area=&rating=9.0 => generated 37015 bytes in 117 msecs (HTTP/1.1 200) 6 headers in 320 bytes (1 switches on core 0)
[pid: 11746|app: 0|req: 375/469] 112.96.134.253 () {44 vars in 966 bytes} [Mon May 18 20:27:48 2020] GET /video/play/69486/ => generated 13514 bytes in 5 msecs (HTTP/1.1 200) 6 headers in 320 bytes (1 switches on core 0)
[pid: 11746|app: 0|req: 376/470] 112.96.134.253 () {44 vars in 958 bytes} [Mon May 18 20:28:15 2020] GET /video/type/2/ => generated 36486 bytes in 188 msecs (HTTP/1.1 200) 6 headers in 320 bytes (1 switches on core 0)
[pid: 11746|app: 0|req: 377/471] 112.96.134.253 () {44 vars in 1010 bytes} [Mon May 18 20:28:24 2020] GET /video/type/2/?area=%E5%A4%A7%E9%99%86&year=&rating= => generated 32876 bytes in 119 msecs (HTTP/1.1 200) 6 headers in 320 bytes (1 switches on core 0)
[pid: 11746|app: 0|req: 378/472] 112.96.134.253 () {44 vars in 1048 bytes} [Mon May 18 20:28:27 2020] GET /video/type/2/?area=%E9%A6%99%E6%B8%AF&year=&rating= => generated 53372 bytes in 96 msecs (HTTP/1.1 200) 6 headers in 320 bytes (1 switches on core 0)
[pid: 11746|app: 0|req: 379/473] 112.96.134.253 () {44 vars in 1048 bytes} [Mon May 18 20:28:33 2020] GET /video/type/2/?area=%E7%BE%8E%E5%9B%BD&year=&rating= => generated 42656 bytes in 107 msecs (HTTP/1.1 200) 6 headers in 320 bytes (1 switches on core 0)
[pid: 11746|app: 0|req: 380/474] 112.96.134.253 () {44 vars in 1048 bytes} [Mon May 18 20:28:39 2020] GET /video/type/2/?area=%E9%A6%99%E6%B8%AF&year=&rating= => generated 53372 bytes in 105 msecs (HTTP/1.1 200) 6 headers in 320 bytes (1 switches on core 0)
[pid: 11746|app: 0|req: 381/475] 112.96.134.253 () {44 vars in 1036 bytes} [Mon May 18 20:29:26 2020] GET /video/type/2/?&area=%E9%A6%99%E6%B8%AF&page=2 => generated 36441 bytes in 102 msecs (HTTP/1.1 200) 6 headers in 320 bytes (1 switches on core 0)
[pid: 11746|app: 0|req: 382/476] 112.96.134.253 () {44 vars in 967 bytes} [Mon May 18 20:29:44 2020] GET /video/type/1/ => generated 37984 bytes in 258 msecs (HTTP/1.1 200) 6 headers in 320 bytes (1 switches on core 0)
[pid: 11746|app: 0|req: 383/477] 112.96.134.253 () {44 vars in 935 bytes} [Mon May 18 20:29:48 2020] GET /video/type/2/ => generated 36486 bytes in 172 msecs (HTTP/1.1 200) 6 headers in 320 bytes (1 switches on core 0)
[pid: 11747|app: 0|req: 56/478] 112.96.134.253 () {44 vars in 935 bytes} [Mon May 18 20:29:50 2020] GET /video/type/1/ => generated 37984 bytes in 247 msecs (HTTP/1.1 200) 6 headers in 320 bytes (1 switches on core 0)
[pid: 11747|app: 0|req: 57/479] 112.96.134.253 () {44 vars in 1010 bytes} [Mon May 18 20:29:53 2020] GET /video/type/1/?area=%E9%A6%99%E6%B8%AF&year=&rating= => generated 38346 bytes in 96 msecs (HTTP/1.1 200) 6 headers in 320 bytes (1 switches on core 1)
[pid: 11746|app: 0|req: 384/480] 112.96.134.253 () {44 vars in 1054 bytes} [Mon May 18 20:29:54 2020] GET /video/type/1/?year=&area=%E9%A6%99%E6%B8%AF&rating=9.0 => generated 14255 bytes in 88 msecs (HTTP/1.1 200) 6 headers in 320 bytes (1 switches on core 0)
[pid: 11747|app: 0|req: 58/481] 112.96.134.253 () {44 vars in 1057 bytes} [Mon May 18 20:29:55 2020] GET /video/type/1/?year=&area=%E9%A6%99%E6%B8%AF&rating=8.0 => generated 29228 bytes in 91 msecs (HTTP/1.1 200) 6 headers in 320 bytes (1 switches on core 0)
[pid: 11747|app: 0|req: 59/482] 112.96.134.253 () {44 vars in 1057 bytes} [Mon May 18 20:29:56 2020] GET /video/type/1/?year=&area=%E9%A6%99%E6%B8%AF&rating=7.0 => generated 36092 bytes in 96 msecs (HTTP/1.1 200) 6 headers in 320 bytes (1 switches on core 1)
[pid: 11746|app: 0|req: 385/483] 112.96.134.253 () {44 vars in 1057 bytes} [Mon May 18 20:30:16 2020] GET /video/type/1/?year=&area=%E9%A6%99%E6%B8%AF&rating=9.0 => generated 14255 bytes in 85 msecs (HTTP/1.1 200) 6 headers in 320 bytes (1 switches on core 0)
[pid: 11747|app: 0|req: 60/484] 112.96.134.253 () {44 vars in 1057 bytes} [Mon May 18 20:30:17 2020] GET /video/type/1/?year=&area=%E9%A6%99%E6%B8%AF&rating=8.0 => generated 29228 bytes in 89 msecs (HTTP/1.1 200) 6 headers in 320 bytes (1 switches on core 0)
[pid: 11747|app: 0|req: 61/485] 112.96.134.253 () {44 vars in 984 bytes} [Mon May 18 20:30:21 2020] GET /video/play/80676/ => generated 12922 bytes in 4 msecs (HTTP/1.1 200) 6 headers in 320 bytes (1 switches on core 1)
[pid: 11746|app: 0|req: 386/486] 112.96.134.253 () {44 vars in 962 bytes} [Mon May 18 20:30:36 2020] GET /video/ => generated 58594 bytes in 393 msecs (HTTP/1.1 200) 6 headers in 320 bytes (1 switches on core 0)
[pid: 11747|app: 0|req: 62/487] 112.96.134.253 () {42 vars in 871 bytes} [Mon May 18 20:30:38 2020] GET /video/ => generated 58594 bytes in 389 msecs (HTTP/1.1 200) 6 headers in 320 bytes (1 switches on core 0)
船只 26781638 6.2保存成功[douban]
八月的雾 26754085 7.7保存成功[douban]
弗兰克和洛拉 3219542 5.9保存成功[douban]
父亲与伊藤先生 26642163 7.7保存成功[douban]
忏悔录 26381033 6.7保存成功[douban]
别叫我儿子 26722110 6.5保存成功[douban]
金牌男人 26611625 7.1保存成功[douban]
后妻业之女 未匹配到合适id []
----------地址被限制,稍后重试----------
成年人生存技能 未匹配到合适id []
成年人生存技能 无豆瓣id数据，存入列表
联合王国 26385490 6.5保存成功[douban]
跨越栅栏 26391951 6.8保存成功[douban]
小学生 26718407 7.3保存成功[douban]
约瑟夫之子 26420616 6.9保存成功[douban]
一分五十四秒 26872492 6.3保存成功[douban]
阿里与尼诺 26333017 7.0保存成功[douban]
喜禾 25857434 5.8保存成功[douban]
车场 26711418 6.7保存成功[douban]
超智能恋爱 未匹配到合适id []
----------地址被限制,稍后重试----------
家族之苦 26020796 8.1保存成功[douban]
纪念 25833441 6.7保存成功[douban]
劫中劫 未匹配到合适id [{'episode': '', 'img': 'https://img1.doubanio.com/view/photo/s_ratio_poster/public/p2276798458.jpg', 'title': '百年宽恕', 'url': 'https://movie.douban.com/subject/26323405/?suggest=%E5%8A%AB%E4%B8%AD%E5%8A%AB', 'type': 'movie', 'year': '2016', 'sub_title': 'Cien años de perdón', 'id': '26323405'}, {'episode': '3', 'img': 'https://img1.doubanio.com/view/photo/s_ratio_poster/public/p2563980167.jpg', 'title': '中俄列车大劫案', 'url': 'https://movie.douban.com/subject/27191378/?suggest=%E5%8A%AB%E4%B8%AD%E5%8A%AB', 'type': 'movie', 'year': '2016', 'sub_title': '中俄列车大劫案', 'id': '27191378'}]
劫中劫 无豆瓣id数据，存入列表
波丽娜：舞蹈人生 26612528 6.9保存成功[douban]
芬妮的旅程 26710657 8.6保存成功[douban]
迷失巴黎 26457368 7.5保存成功[douban]
爱宠 未匹配到合适id [{'episode': '', 'img': 'https://img9.doubanio.com/view/photo/s_ratio_poster/public/p2363369616.jpg', 'title': '爱宠大机密', 'url': 'https://movie.douban.com/subject/21817627/?suggest=%E7%88%B1%E5%AE%A0', 'type': 'movie', 'year': '2016', 'sub_title': 'The Secret Life of Pets', 'id': '21817627'}, {'episode': '', 'img': 'https://img3.doubanio.com/view/photo/s_ratio_poster/public/p2393778761.jpg', 'title': '爱宠', 'url': 'https://movie.douban.com/subject/3012033/?suggest=%E7%88%B1%E5%AE%A0', 'type': 'movie', 'year': '2016', 'sub_title': 'Pet', 'id': '3012033'}, {'episode': '', 'img': 'https://img1.doubanio.com/view/photo/s_ratio_poster/public/p2595010857.jpg', 'title': '诺尔曼电视台', 'url': 'https://movie.douban.com/subject/26909613/?suggest=%E7%88%B1%E5%AE%A0', 'type': 'movie', 'year': '2016', 'sub_title': 'Norman Television', 'id': '26909613'}]
爱宠 无豆瓣id数据，存入列表
爱宠 未匹配到合适id [{'episode': '', 'img': 'https://img9.doubanio.com/view/photo/s_ratio_poster/public/p2363369616.jpg', 'title': '爱宠大机密', 'url': 'https://movie.douban.com/subject/21817627/?suggest=%E7%88%B1%E5%AE%A0', 'type': 'movie', 'year': '2016', 'sub_title': 'The Secret Life of Pets', 'id': '21817627'}, {'episode': '', 'img': 'https://img3.doubanio.com/view/photo/s_ratio_poster/public/p2393778761.jpg', 'title': '爱宠', 'url': 'https://movie.douban.com/subject/3012033/?suggest=%E7%88%B1%E5%AE%A0', 'type': 'movie', 'year': '2016', 'sub_title': 'Pet', 'id': '3012033'}, {'episode': '', 'img': 'https://img1.doubanio.com/view/photo/s_ratio_poster/public/p2595010857.jpg', 'title': '诺尔曼电视台', 'url': 'https://movie.douban.com/subject/26909613/?suggest=%E7%88%B1%E5%AE%A0', 'type': 'movie', 'year': '2016', 'sub_title': 'Norman Television', 'id': '26909613'}]
----------地址被限制,稍后重试----------
暗金丑岛君3 26788943 7.6保存成功[douban]
狗狗监护权 26876229 5.6保存成功[douban]
二十四周 26712793 7.0保存成功[douban]
二十世纪女人 26389928 7.7保存成功[douban]
地下吻 26846057 7.2保存成功[douban]
北极大冒险 未匹配到合适id []
北极大冒险 无豆瓣id数据，存入列表
看了又看 26772039 7.0保存成功[douban]
红海龟 26376558 7.7保存成功[douban]
我被爸爸绑架了 26820450 7.7保存成功[douban]
圣诞公公2 未匹配到合适id []
----------地址被限制,稍后重试----------
时空急转弯3 20497363 6.5保存成功[douban]
水瓶座 26678599 7.0保存成功[douban]
塔洛 未匹配到合适id []
塔洛 无豆瓣id数据，存入列表
团地 26576697 7.0保存成功[douban]
为什么是他？ 未匹配到合适id []
----------地址被限制,稍后重试----------
夏美的萤火虫 26689410 6.5保存成功[douban]
星笼之海 26311976 5.3保存成功[douban]
夜行动物2016 未匹配到合适id []
夜行动物2016 无豆瓣id数据，存入列表
生化岛 26887896 4.3保存成功[douban]
双面人 26913173 5.5保存成功[douban]
天蛾人 未匹配到合适id []
----------地址被限制,稍后重试----------
[pid: 11747|app: 0|req: 63/488] 168.232.15.75 () {32 vars in 463 bytes} [Mon May 18 21:14:28 2020] GET / => generated 179 bytes in 1 msecs (HTTP/1.1 404) 4 headers in 128 bytes (1 switches on core 1)
史蒂文斯小姐 21349750 7.3保存成功[douban]
虚拟现实战 26385113 5.2保存成功[douban]
全员单恋 26782713 6.6保存成功[douban]
森山中教习所 26649889 7.4保存成功[douban]
日本最坏的家伙们 26678813 6.8保存成功[douban]
公路怪物 25980723 4.4保存成功[douban]
夜色人生 10752547 6.5保存成功[douban]
被劫持的爱情 未匹配到合适id []
被劫持的爱情 无豆瓣id数据，存入列表
暴力山谷 25911681 6.0保存成功[douban]
狱门岛 未匹配到合适id []
----------地址被限制,稍后重试----------
斗艳 26866820 3.1保存成功[douban]
比海更深 26694988 8.7保存成功[douban]
非常父子档 26253737 5.6保存成功[douban]
极乐宿舍 26791352 5.3保存成功[douban]
母牛 26346315 7.4保存成功[douban]
如何与我的猫分手 26823021 6.0保存成功[douban]
重见光明 未匹配到合适id []
重见光明 无豆瓣id数据，存入列表
别杀它 26384902 4.9保存成功[douban]
百家拳之关门弟子 未匹配到合适id []
----------地址被限制,稍后重试----------
诗无尽头 26352306 8.1保存成功[douban]
谁的木琴 26693302 6.5保存成功[douban]
一种谋杀 25884731 5.6保存成功[douban]
雪崩行动 25939432 6.2保存成功[douban]
先发制人 26652258 5.2保存成功[douban]
约纳坦 26710270 6.5保存成功[douban]
终极斗士4 26577541 7.1保存成功[douban]
呼吸正常 26665828 5.7保存成功[douban]
卡推女王 26265101 7.6保存成功[douban]
灵魂纸扎店 未匹配到合适id []
----------地址被限制,稍后重试----------
闹鬼校园 26381224 5.1保存成功[douban]
美国甜心 25884741 7.3保存成功[douban]
梅格雷的亡者 26706957 7.5保存成功[douban]
鸟类学家 26600929 6.3保存成功[douban]
潘多拉 26169607 7.6保存成功[douban]
阿尔芭 26743405 7.1保存成功[douban]
荒村怨灵 未匹配到合适id []
荒村怨灵 无豆瓣id数据，存入列表
否认 未匹配到合适id []
----------地址被限制,稍后重试----------
嘿玛 嘿玛 26855043 7.4保存成功[douban]
汉娜的睡犬 26746329 6.6保存成功[douban]
监狱学警 26753490 6.2保存成功[douban]
亚美尼亚大地震 26775546 6.7保存成功[douban]
文森特与世界的尽头 26835667 6.9保存成功[douban]
蛮好侦探 26704735 6.0保存成功[douban]
一路顺风 26769480 7.5保存成功[douban]
犯罪大师 21335963 6.1保存成功[douban]
藩篱 21339682 7.1保存成功[douban]
多莉·巴顿的七彩圣诞: 爱之圣环 未匹配到合适id []
----------地址被限制,稍后重试----------
[pid: 11746|app: 0|req: 387/489] 195.54.160.123 () {34 vars in 556 bytes} [Mon May 18 21:54:00 2020] GET /solr/admin/info/system?wt=json => generated 179 bytes in 1 msecs (HTTP/1.1 404) 4 headers in 128 bytes (1 switches on core 0)
点五步 26704592 6.5保存成功[douban]
办公室圣诞派对 26731589 5.8保存成功[douban]
奥利最开心的一天 26717467 7.3保存成功[douban]
附属美丽 26389329 6.8保存成功[douban]
高台家的成员 未匹配到合适id [{'episode': '', 'img': 'https://img9.doubanio.com/view/photo/s_ratio_poster/public/p2324393586.jpg', 'title': '高台家的成员', 'url': 'https://movie.douban.com/subject/26609126/?suggest=%E9%AB%98%E5%8F%B0%E5%AE%B6%E7%9A%84%E6%88%90%E5%91%98', 'type': 'movie', 'year': '2016', 'sub_title': '高台家の人々', 'id': '26609126'}, {'episode': '2', 'img': 'https://img9.doubanio.com/view/photo/s_ratio_poster/public/p2356836425.jpg', 'title': '高台家的成员', 'url': 'https://movie.douban.com/subject/26796642/?suggest=%E9%AB%98%E5%8F%B0%E5%AE%B6%E7%9A%84%E6%88%90%E5%91%98', 'type': 'movie', 'year': '2016', 'sub_title': '高台家の人々', 'id': '26796642'}]
高台家的成员 无豆瓣id数据，存入列表
戈德斯通 26797430 5.7保存成功[douban]
国王的选择 26596704 7.3保存成功[douban]
赶尸人之九阴蛊女 未匹配到合适id []
----------地址被限制,稍后重试----------
[pid: 11746|app: 0|req: 388/490] 195.54.160.123 () {36 vars in 653 bytes} [Mon May 18 22:01:41 2020] GET /?a=fetch&content=<php>die(@md5(HelloThinkCMF))</php> => generated 179 bytes in 1 msecs (HTTP/1.1 404) 4 headers in 128 bytes (1 switches on core 0)
[pid: 11746|app: 0|req: 389/491] 195.54.160.123 () {34 vars in 556 bytes} [Mon May 18 22:01:42 2020] GET /?XDEBUG_SESSION_START=phpstorm => generated 179 bytes in 1 msecs (HTTP/1.1 404) 4 headers in 128 bytes (1 switches on core 0)
青空呐喊 26683352 6.5保存成功[douban]
宁静的热情 24299620 7.2保存成功[douban]
随心所欲 26772027 6.8保存成功[douban]
水色站 未匹配到合适id []
水色站 无豆瓣id数据，存入列表
他和她的故事 未匹配到合适id []
----------地址被限制,稍后重试----------
心碎的感觉 26629043 7.3保存成功[douban]
无敌球鞋 26741089 7.2保存成功[douban]
我是布莱克 26653676 8.2保存成功[douban]
[pid: 11746|app: 0|req: 390/492] 195.54.160.123 () {34 vars in 716 bytes} [Mon May 18 22:15:21 2020] GET /index.php?s=/Index/\think\app/invokefunction&function=call_user_func_array&vars[0]=md5&vars[1][]=HelloThinkPHP => generated 179 bytes in 1 msecs (HTTP/1.1 404) 4 headers in 128 bytes (1 switches on core 0)
国际杀手的真实回忆录 4135436 6.2保存成功[douban]
毁灭者 26427677 5.5保存成功[douban]
荒野逃生 未匹配到合适id []
----------地址被限制,稍后重试----------
禁闭 26253606 4.9保存成功[douban]
摩根 26341137 6.2保存成功[douban]
母亲的双眼 26679202 6.4保存成功[douban]
南边有你 26280500 6.4保存成功[douban]
谁的青春不热血之深流不息 26775637 5.8保存成功[douban]
互换青春 26903184 6.1保存成功[douban]
黑处有什么 未匹配到合适id []
----------地址被限制,稍后重试----------
流氓督察2 26783505 6.0保存成功[douban]
密探 26374671 6.6保存成功[douban]
太阳 25831874 8.0保存成功[douban]
王蛇帝国 26647011 5.2保存成功[douban]
德惠翁主 10774104 7.5保存成功[douban]
绝路反击 26288185 5.6保存成功[douban]
腊肠狗 26307055 6.1保存成功[douban]
咖啡公社 26340522 7.2保存成功[douban]
莱娜 未匹配到合适id []
----------地址被限制,稍后重试----------
盛先生的花儿 26779337 6.6保存成功[douban]
恐惧有限公司 26779151 5.4保存成功[douban]
成年人的爱情故事 26721325 4.4保存成功[douban]
光杆司令 26309430 5.3保存成功[douban]
废纸板拳击手 25799331 8.1保存成功[douban]
竞走女王 26701246 5.9保存成功[douban]
小修女 26725346 6.4保存成功[douban]
祖父 未匹配到合适id []
----------地址被限制,稍后重试----------
在边境 未匹配到合适id [{'episode': '', 'img': 'https://img3.doubanio.com/view/photo/s_ratio_poster/public/p2384510233.jpg', 'title': '在边境', 'url': 'https://movie.douban.com/subject/26882507/?suggest=%E5%9C%A8%E8%BE%B9%E5%A2%83', 'type': 'movie', 'year': '2016', 'sub_title': 'Na granicy', 'id': '26882507'}, {'episode': '', 'img': 'https://img1.doubanio.com/f/movie/b6dc761f5e4cf04032faa969826986efbecd54bb/pics/movie/movie_default_small.png', 'title': '爱在边境', 'url': 'https://movie.douban.com/subject/26920355/?suggest=%E5%9C%A8%E8%BE%B9%E5%A2%83', 'type': 'movie', 'year': '2016', 'sub_title': 'Loving in Limbo', 'id': '26920355'}]
在边境 无豆瓣id数据，存入列表
伊利湖 未匹配到合适id []
伊利湖 无豆瓣id数据，存入列表
雪行 未匹配到合适id []
----------地址被限制,稍后重试----------
[pid: 11746|app: 0|req: 391/493] 188.119.30.65 () {32 vars in 464 bytes} [Mon May 18 22:52:46 2020] GET / => generated 179 bytes in 1 msecs (HTTP/1.1 404) 4 headers in 128 bytes (1 switches on core 0)
幸运是我 26351526 8.0保存成功[douban]
我们诞生在中国 26376454 8.1保存成功[douban]
发条城市 26695145 5.8保存成功[douban]
跑调天后 26259202 6.9保存成功[douban]
三十七个证人 26612649 6.2保存成功[douban]
一路到底 25931635 7.1保存成功[douban]
格尔尼卡 未匹配到合适id []
----------地址被限制,稍后重试----------
XOXO 26849684 5.8保存成功[douban]
超时空传输 26849308 6.7保存成功[douban]
不速之客：嘉宾 未匹配到合适id []
不速之客：嘉宾 无豆瓣id数据，存入列表
边境惊魂 26755168 5.3保存成功[douban]
爱情与友谊 25851799 6.8保存成功[douban]
落选英豪/无人问津 未匹配到合适id []
----------地址被限制,稍后重试----------
兄弟之北漂歌手 未匹配到合适id []
兄弟之北漂歌手 无豆瓣id数据，存入列表
小丫头淡紫历险记 26895579 0保存成功[douban]
阴影之下 26700688 6.4保存成功[douban]
油腻凶手 26309894 6.1保存成功[douban]
真相专员 未匹配到合适id []
----------地址被限制,稍后重试----------
[pid: 11746|app: 0|req: 392/494] 162.243.143.7 () {34 vars in 405 bytes} [Mon May 18 23:13:11 2020] GET /hudson => generated 179 bytes in 1 msecs (HTTP/1.1 404) 4 headers in 128 bytes (1 switches on core 0)
[pid: 11746|app: 0|req: 393/495] 80.82.78.104 () {40 vars in 627 bytes} [Mon May 18 23:15:07 2020] GET / => generated 179 bytes in 1 msecs (HTTP/1.1 404) 4 headers in 128 bytes (1 switches on core 0)
暗杀教室：毕业篇 26375028 6.6保存成功[douban]
花牌情缘 上之句 26365262 7.3保存成功[douban]
花牌情缘 下之句 26430669 7.3保存成功[douban]
不朽的时光 25762270 6.5保存成功[douban]
终极标靶2 26685114 4.9保存成功[douban]
驯鬼为夫 26860055 0保存成功[douban]
晚上兼职 未匹配到合适id []
----------地址被限制,稍后重试----------
[pid: 11746|app: 0|req: 394/496] 182.254.52.17 () {36 vars in 642 bytes} [Mon May 18 23:22:53 2020] GET /vendor/phpunit/phpunit/src/Util/PHP/eval-stdin.php => generated 179 bytes in 1 msecs (HTTP/1.1 404) 4 headers in 128 bytes (1 switches on core 0)
返乡 26827514 3.1保存成功[douban]
十字架 未匹配到合适id [{'episode': '', 'img': 'https://img3.doubanio.com/view/photo/s_ratio_poster/public/p2398004911.jpg', 'title': '十字架上的女人', 'url': 'https://movie.douban.com/subject/26915919/?suggest=%E5%8D%81%E5%AD%97%E6%9E%B6', 'type': 'movie', 'year': '2016', 'sub_title': 'Akira', 'id': '26915919'}, {'episode': '', 'img': 'https://img3.doubanio.com/view/photo/s_ratio_poster/public/p2261810791.jpg', 'title': '十字架', 'url': 'https://movie.douban.com/subject/26336505/?suggest=%E5%8D%81%E5%AD%97%E6%9E%B6', 'type': 'movie', 'year': '2016', 'sub_title': '十字架', 'id': '26336505'}]
十字架 无豆瓣id数据，存入列表
活着的尸体 26760795 0保存成功[douban]
柯盼旅馆 25790753 5.4保存成功[douban]
疾速天使 3011342 3.7保存成功[douban]
狼少女与黑王子 26605967 6.3保存成功[douban]
女团杀人事件 26801912 0保存成功[douban]
尸体派对2：影之书 26703789 4.3保存成功[douban]
维齐尔 未匹配到合适id []
----------地址被限制,稍后重试----------
霓虹恶魔 6860147 6.3保存成功[douban]
蜜之哀伤 26453233 6.2保存成功[douban]
热舞甜心 3 26860893 4.9保存成功[douban]
七星龙墓 26847067 0保存成功[douban]
母亲节 26436645 6.3保存成功[douban]
玩命警探7 26318051 5.5保存成功[douban]
再见单身 26386434 6.6保存成功[douban]
东京不热 未匹配到合适id []
----------地址被限制,稍后重试----------
秋日之光 26434942 6.3保存成功[douban]
读取记忆碎片的男人 26579369 6.3保存成功[douban]
本小姐乃白鸟丽子 电影版 26676347 4.5保存成功[douban]
丘奇先生 26414979 8.4保存成功[douban]
掘金女郎 26891280 6.0保存成功[douban]
真相背后 25862560 6.9保存成功[douban]
夏日狂欢 26635372 5.9保存成功[douban]
盲眼的淑则老师 未匹配到合适id []
----------地址被限制,稍后重试----------
贝壳收藏家 26306646 5.7保存成功[douban]
最爽的一天 26680247 7.8保存成功[douban]
明珠三国2之貂蝉攻略 26871475 0保存成功[douban]
人狼游戏：越狱 26802833 5.4保存成功[douban]
杀死萨拉查 26863137 4.9保存成功[douban]
天使请吻我 未匹配到合适id []
天使请吻我 无豆瓣id数据，存入列表
印巴冤狱 未匹配到合适id []
----------地址被限制,稍后重试----------
荔枝☆光俱乐部 未匹配到合适id []
荔枝☆光俱乐部 无豆瓣id数据，存入列表
塔卢拉 26393989 7.1保存成功[douban]
谢丽 26713634 5.2保存成功[douban]
一个近乎完美的国家 26842000 7.9保存成功[douban]
验收测试 未匹配到合适id []
----------地址被限制,稍后重试----------
[1589817602] logsize: 112733, triggering log-reopen...
