[1590336002] ./uwsgi.log reopened.
----------重新启动查找------------
无豆瓣id的视频总数：4283
无匹配视频总数：2306
伤口 未匹配到合适id
伤口 无豆瓣id数据，存入列表
超能电竞：传奇一代 未匹配到合适id
超能电竞：传奇一代 无豆瓣id数据，存入列表
咸鱼要翻身 未匹配到合适id
----------地址被限制,稍后重试----------
none_list 暂存
none_list2 暂存
主持人的风暴 未匹配到合适id
主持人的风暴 无豆瓣id数据，存入列表
春潮 未匹配到合适id
春潮 无豆瓣id数据，存入列表
继承2020 未匹配到合适id
----------地址被限制,稍后重试----------
none_list 暂存
[pid: 15535|app: 0|req: 38/61] 183.27.44.160 () {46 vars in 970 bytes} [Mon May 25 00:21:49 2020] GET /admin/view_log/?page=21 => generated 0 bytes in 9 msecs (HTTP/1.1 302) 6 headers in 184 bytes (1 switches on core 0)
[pid: 15538|app: 0|req: 25/62] 183.27.44.160 () {46 vars in 965 bytes} [Mon May 25 00:21:49 2020] GET /view_log/2020-05-25/ => generated 179 bytes in 1 msecs (HTTP/1.1 404) 4 headers in 128 bytes (1 switches on core 0)
[pid: 15537|app: 0|req: 1/63] 183.27.44.160 () {44 vars in 824 bytes} [Mon May 25 00:21:49 2020] GET /favicon.ico => generated 179 bytes in 158 msecs (HTTP/1.1 404) 4 headers in 128 bytes (1 switches on core 0)
[pid: 15538|app: 0|req: 26/64] 183.27.44.160 () {46 vars in 968 bytes} [Mon May 25 00:21:53 2020] GET /admin/view_log/?page=1 => generated 15472 bytes in 8 msecs (HTTP/1.1 200) 5 headers in 152 bytes (1 switches on core 1)
[pid: 15537|app: 0|req: 2/65] 183.27.44.160 () {46 vars in 974 bytes} [Mon May 25 00:22:20 2020] GET /admin/view_log/2020-05-24 => generated 0 bytes in 3 msecs (HTTP/1.1 301) 4 headers in 165 bytes (1 switches on core 1)
[pid: 15535|app: 0|req: 39/66] 183.27.44.160 () {46 vars in 976 bytes} [Mon May 25 00:22:20 2020] GET /admin/view_log/2020-05-24/ => generated 22969 bytes in 62 msecs (HTTP/1.1 200) 5 headers in 152 bytes (1 switches on core 0)
[pid: 15538|app: 0|req: 27/67] 183.27.44.160 () {46 vars in 995 bytes} [Mon May 25 00:22:24 2020] GET /admin/view_log/2020-05-24/?page=21 => generated 19781 bytes in 61 msecs (HTTP/1.1 200) 5 headers in 152 bytes (1 switches on core 0)
[pid: 15538|app: 0|req: 28/68] 183.27.44.160 () {46 vars in 966 bytes} [Mon May 25 00:22:33 2020] GET /admin/view_log/ => generated 15653 bytes in 2 msecs (HTTP/1.1 200) 5 headers in 152 bytes (1 switches on core 1)
*** Starting uWSGI 2.0.18 (64bit) on [Mon May 25 00:22:49 2020] ***
compiled with version: 7.4.0 on 31 January 2020 10:32:09
os: Linux-4.15.0-54-generic #58-Ubuntu SMP Mon Jun 24 10:55:24 UTC 2019
nodename: VM-32-8-ubuntu
machine: x86_64
clock source: unix
detected number of CPU cores: 1
current working directory: /home/ubuntu/git/django_project
writing pidfile to ./uwsgi.pid
detected binary path: /home/ubuntu/.local/bin/uwsgi
!!! no internal routing support, rebuild with pcre support !!!
chdir() to /home/ubuntu/git/django_project
your processes number limit is 7079
your memory page size is 4096 bytes
detected max file descriptor number: 1024
lock engine: pthread robust mutexes
thunder lock: disabled (you can enable it with --thunder-lock)
uwsgi socket 0 bound to TCP address 127.0.0.1:8001 fd 6
Python version: 3.6.8 (default, Oct  7 2019, 12:59:55)  [GCC 8.3.0]
Python main interpreter initialized at 0x5599b76ae540
python threads support enabled
your server socket listen backlog is limited to 100 connections
your mercy for graceful operations on workers is 60 seconds
mapped 416720 bytes (406 KB) for 8 cores
*** Operational MODE: preforking+threaded ***
WSGI app 0 (mountpoint='') ready in 0 seconds on interpreter 0x5599b76ae540 pid: 16324 (default app)
*** uWSGI is running in multiple interpreter mode ***
spawned uWSGI master process (pid: 16324)
spawned uWSGI worker 1 (pid: 16330, cores: 2)
spawned uWSGI worker 2 (pid: 16331, cores: 2)
spawned uWSGI worker 3 (pid: 16332, cores: 2)
spawned uWSGI worker 4 (pid: 16333, cores: 2)
[pid: 16330|app: 0|req: 1/1] 183.27.44.160 () {46 vars in 941 bytes} [Mon May 25 00:36:20 2020] GET /video/type/2/ => generated 35472 bytes in 333 msecs (HTTP/1.1 200) 6 headers in 320 bytes (1 switches on core 0)
[pid: 16330|app: 0|req: 2/2] 183.27.44.160 () {46 vars in 941 bytes} [Mon May 25 00:36:21 2020] GET /video/type/1/ => generated 37244 bytes in 238 msecs (HTTP/1.1 200) 6 headers in 320 bytes (1 switches on core 1)
[pid: 16330|app: 0|req: 3/3] 183.27.44.160 () {46 vars in 949 bytes} [Mon May 25 00:36:23 2020] GET /video/play/43782/ => generated 13958 bytes in 9 msecs (HTTP/1.1 200) 6 headers in 320 bytes (1 switches on core 0)
*** Starting uWSGI 2.0.18 (64bit) on [Mon May 25 00:48:45 2020] ***
compiled with version: 7.4.0 on 31 January 2020 10:32:09
os: Linux-4.15.0-54-generic #58-Ubuntu SMP Mon Jun 24 10:55:24 UTC 2019
nodename: VM-32-8-ubuntu
machine: x86_64
clock source: unix
detected number of CPU cores: 1
current working directory: /home/ubuntu/git/django_project
writing pidfile to ./uwsgi.pid
detected binary path: /home/ubuntu/.local/bin/uwsgi
!!! no internal routing support, rebuild with pcre support !!!
chdir() to /home/ubuntu/git/django_project
your processes number limit is 7079
your memory page size is 4096 bytes
detected max file descriptor number: 1024
lock engine: pthread robust mutexes
thunder lock: disabled (you can enable it with --thunder-lock)
uwsgi socket 0 bound to TCP address 127.0.0.1:8001 fd 6
Python version: 3.6.8 (default, Oct  7 2019, 12:59:55)  [GCC 8.3.0]
Python main interpreter initialized at 0x55bb69715540
python threads support enabled
your server socket listen backlog is limited to 100 connections
your mercy for graceful operations on workers is 60 seconds
mapped 416720 bytes (406 KB) for 8 cores
*** Operational MODE: preforking+threaded ***
WSGI app 0 (mountpoint='') ready in 0 seconds on interpreter 0x55bb69715540 pid: 16593 (default app)
*** uWSGI is running in multiple interpreter mode ***
spawned uWSGI master process (pid: 16593)
spawned uWSGI worker 1 (pid: 16595, cores: 2)
spawned uWSGI worker 2 (pid: 16596, cores: 2)
spawned uWSGI worker 3 (pid: 16597, cores: 2)
spawned uWSGI worker 4 (pid: 16598, cores: 2)
[pid: 16595|app: 0|req: 1/1] 183.27.44.160 () {46 vars in 929 bytes} [Mon May 25 00:49:15 2020] GET /admin/ => generated 27873 bytes in 161 msecs (HTTP/1.1 200) 6 headers in 320 bytes (1 switches on core 0)
————————开始获取豆瓣id数据————————
无豆瓣id的视频总数：4283
无匹配视频总数：2285
伤口 未匹配到合适id
伤口 无豆瓣id数据，存入列表
[pid: 16595|app: 0|req: 3/2] 183.27.44.160 () {46 vars in 938 bytes} [Mon May 25 00:49:17 2020] GET /admin/view_log/ => generated 16586 bytes in 7 msecs (HTTP/1.1 200) 5 headers in 152 bytes (1 switches on core 0)
超能电竞：传奇一代 未匹配到合适id
超能电竞：传奇一代 无豆瓣id数据，存入列表
咸鱼要翻身 未匹配到合适id
----------地址被限制,稍后重试----------
none_list 暂存
none_list2 暂存
[pid: 16595|app: 0|req: 4/3] 183.27.44.160 () {46 vars in 960 bytes} [Mon May 25 00:49:20 2020] GET /admin/view_log/?page=1 => generated 16865 bytes in 3 msecs (HTTP/1.1 200) 5 headers in 152 bytes (1 switches on core 0)
[pid: 16595|app: 0|req: 5/4] 183.27.44.160 () {46 vars in 967 bytes} [Mon May 25 00:50:03 2020] GET /admin/view_log/?page=1 => generated 16920 bytes in 3 msecs (HTTP/1.1 200) 5 headers in 152 bytes (1 switches on core 0)
主持人的风暴 未匹配到合适id
主持人的风暴 无豆瓣id数据，存入列表
春潮 未匹配到合适id
春潮 无豆瓣id数据，存入列表
继承2020 未匹配到合适id
----------地址被限制,稍后重试----------
none_list 暂存
牛皮纸袋 未匹配到合适id
牛皮纸袋 无豆瓣id数据，存入列表
生死夜2020 未匹配到合适id
生死夜2020 无豆瓣id数据，存入列表
蒙眼缉凶 未匹配到合适id
----------地址被限制,稍后重试----------
none_list 暂存
我们都不满意 未匹配到合适id
我们都不满意 无豆瓣id数据，存入列表
女房客2020 未匹配到合适id
女房客2020 无豆瓣id数据，存入列表
势不可挡2020 未匹配到合适id
----------地址被限制,稍后重试----------
none_list 暂存
平行宇宙之恋 未匹配到合适id
----------地址被限制,稍后重试----------
连续五次失败，等待30分钟
----------重新启动查找------------
无豆瓣id的视频总数：4283
无匹配视频总数：2291
伤口 未匹配到合适id
----------地址被限制,稍后重试----------
none_list 暂存
none_list2 暂存
超能电竞：传奇一代 未匹配到合适id
----------地址被限制,稍后重试----------
咸鱼要翻身 未匹配到合适id
----------地址被限制,稍后重试----------
主持人的风暴 未匹配到合适id
----------地址被限制,稍后重试----------
春潮 未匹配到合适id
----------地址被限制,稍后重试----------
-----连续十次失败，等待1小时-----
[pid: 16595|app: 0|req: 6/5] 91.136.184.125 () {32 vars in 471 bytes} [Mon May 25 02:14:33 2020] GET / => generated 179 bytes in 1 msecs (HTTP/1.1 404) 4 headers in 128 bytes (1 switches on core 0)
[pid: 16595|app: 0|req: 7/6] 101.89.19.140 () {36 vars in 566 bytes} [Mon May 25 02:21:50 2020] GET /lala-dpr.php => generated 179 bytes in 1 msecs (HTTP/1.1 404) 4 headers in 128 bytes (1 switches on core 0)
[pid: 16595|app: 0|req: 8/7] 182.254.52.17 () {36 vars in 570 bytes} [Mon May 25 02:36:30 2020] GET /admin/view_log => generated 0 bytes in 0 msecs (HTTP/1.1 301) 4 headers in 154 bytes (1 switches on core 0)
[pid: 16596|app: 0|req: 1/8] 182.254.52.17 () {38 vars in 623 bytes} [Mon May 25 02:36:30 2020] GET /admin/view_log/ => generated 0 bytes in 151 msecs (HTTP/1.1 302) 6 headers in 180 bytes (1 switches on core 0)
[pid: 16596|app: 0|req: 2/9] 182.254.52.17 () {38 vars in 626 bytes} [Mon May 25 02:36:30 2020] GET /admin/login.html => generated 5348 bytes in 11 msecs (HTTP/1.1 200) 6 headers in 319 bytes (1 switches on core 1)
无豆瓣id的视频总数：4283
无匹配视频总数：2291
伤口 未匹配到合适id
----------地址被限制,稍后重试----------
none_list 暂存
none_list2 暂存
超能电竞：传奇一代 未匹配到合适id
----------地址被限制,稍后重试----------
咸鱼要翻身 未匹配到合适id
----------地址被限制,稍后重试----------
主持人的风暴 未匹配到合适id
----------地址被限制,稍后重试----------
[pid: 16595|app: 0|req: 9/10] 45.195.146.140 () {38 vars in 590 bytes} [Mon May 25 03:00:37 2020] GET / => generated 179 bytes in 1 msecs (HTTP/1.1 404) 4 headers in 128 bytes (1 switches on core 0)
春潮 未匹配到合适id
----------地址被限制,稍后重试----------
连续五次失败，等待30分钟
----------重新启动查找------------
无豆瓣id的视频总数：4283
无匹配视频总数：2291
伤口 未匹配到合适id
----------地址被限制,稍后重试----------
none_list 暂存
none_list2 暂存
超能电竞：传奇一代 未匹配到合适id
----------地址被限制,稍后重试----------
[pid: 16595|app: 0|req: 10/11] 103.247.22.17 () {32 vars in 470 bytes} [Mon May 25 03:38:53 2020] GET / => generated 179 bytes in 1 msecs (HTTP/1.1 404) 4 headers in 128 bytes (1 switches on core 0)
咸鱼要翻身 未匹配到合适id
----------地址被限制,稍后重试----------
主持人的风暴 未匹配到合适id
----------地址被限制,稍后重试----------
春潮 未匹配到合适id
----------地址被限制,稍后重试----------
-----连续十次失败，等待1小时-----
[pid: 16595|app: 0|req: 11/12] 2.183.222.89 () {32 vars in 462 bytes} [Mon May 25 03:54:15 2020] GET / => generated 179 bytes in 1 msecs (HTTP/1.1 404) 4 headers in 128 bytes (1 switches on core 0)
[pid: 16598|app: 0|req: 2/13] 2.183.222.89 () {32 vars in 462 bytes} [Mon May 25 03:54:15 2020] GET / => generated 179 bytes in 155 msecs (HTTP/1.1 404) 4 headers in 128 bytes (1 switches on core 0)
[pid: 16598|app: 0|req: 2/14] 2.183.222.89 () {32 vars in 462 bytes} [Mon May 25 03:54:15 2020] GET / => generated 179 bytes in 152 msecs (HTTP/1.1 404) 4 headers in 128 bytes (1 switches on core 1)
[pid: 16595|app: 0|req: 12/15] 138.219.92.72 () {32 vars in 463 bytes} [Mon May 25 04:03:43 2020] GET / => generated 179 bytes in 1 msecs (HTTP/1.1 404) 4 headers in 128 bytes (1 switches on core 0)
[pid: 16595|app: 0|req: 13/16] 162.243.144.216 () {34 vars in 423 bytes} [Mon May 25 04:19:01 2020] GET /portal/redlion => generated 179 bytes in 1 msecs (HTTP/1.1 404) 4 headers in 128 bytes (1 switches on core 0)
[pid: 16595|app: 0|req: 14/17] 101.89.19.140 () {36 vars in 582 bytes} [Mon May 25 04:36:06 2020] GET /view_log/2020-05-24/ => generated 179 bytes in 1 msecs (HTTP/1.1 404) 4 headers in 128 bytes (1 switches on core 0)
无豆瓣id的视频总数：4283
无匹配视频总数：2291
伤口 未匹配到合适id
----------地址被限制,稍后重试----------
none_list 暂存
none_list2 暂存
超能电竞：传奇一代 未匹配到合适id
----------地址被限制,稍后重试----------
咸鱼要翻身 未匹配到合适id
----------地址被限制,稍后重试----------
主持人的风暴 未匹配到合适id
----------地址被限制,稍后重试----------
春潮 未匹配到合适id
----------地址被限制,稍后重试----------
连续五次失败，等待30分钟
----------重新启动查找------------
无豆瓣id的视频总数：4283
无匹配视频总数：2291
伤口 未匹配到合适id
----------地址被限制,稍后重试----------
none_list 暂存
none_list2 暂存
超能电竞：传奇一代 未匹配到合适id
----------地址被限制,稍后重试----------
咸鱼要翻身 未匹配到合适id
----------地址被限制,稍后重试----------
主持人的风暴 未匹配到合适id
----------地址被限制,稍后重试----------
春潮 未匹配到合适id
----------地址被限制,稍后重试----------
-----连续十次失败，等待1小时-----
[pid: 16595|app: 0|req: 15/18] 45.76.144.219 () {36 vars in 432 bytes} [Mon May 25 05:59:38 2020] GET / => generated 179 bytes in 1 msecs (HTTP/1.1 404) 4 headers in 128 bytes (1 switches on core 0)
[pid: 16595|app: 0|req: 16/19] 14.18.182.223 () {36 vars in 589 bytes} [Mon May 25 06:15:55 2020] GET /admin/view_log/?page%3D1 => generated 0 bytes in 10 msecs (HTTP/1.1 302) 6 headers in 180 bytes (1 switches on core 0)
[pid: 16596|app: 0|req: 3/20] 14.18.182.223 () {38 vars in 635 bytes} [Mon May 25 06:15:55 2020] GET /admin/login.html => generated 5348 bytes in 1 msecs (HTTP/1.1 200) 6 headers in 319 bytes (1 switches on core 0)
[pid: 16596|app: 0|req: 4/21] 167.250.10.87 () {32 vars in 464 bytes} [Mon May 25 06:25:16 2020] GET / => generated 179 bytes in 1 msecs (HTTP/1.1 404) 4 headers in 128 bytes (1 switches on core 1)
[pid: 16595|app: 0|req: 17/22] 182.254.52.17 () {36 vars in 605 bytes} [Mon May 25 06:29:45 2020] GET /solr/admin/info/system?wt%3Djson => generated 179 bytes in 1 msecs (HTTP/1.1 404) 4 headers in 128 bytes (1 switches on core 0)
[pid: 16595|app: 0|req: 18/23] 182.254.52.17 () {36 vars in 576 bytes} [Mon May 25 06:46:02 2020] GET /video/play/86619/ => generated 14315 bytes in 9 msecs (HTTP/1.1 200) 6 headers in 320 bytes (1 switches on core 0)
无豆瓣id的视频总数：4283
无匹配视频总数：2291
伤口 未匹配到合适id
伤口 无豆瓣id数据，存入列表
超能电竞：传奇一代 未匹配到合适id
超能电竞：传奇一代 无豆瓣id数据，存入列表
咸鱼要翻身 未匹配到合适id
----------地址被限制,稍后重试----------
none_list 暂存
none_list2 暂存
主持人的风暴 未匹配到合适id
主持人的风暴 无豆瓣id数据，存入列表
春潮 未匹配到合适id
春潮 无豆瓣id数据，存入列表
继承2020 未匹配到合适id
----------地址被限制,稍后重试----------
none_list 暂存
牛皮纸袋 未匹配到合适id
牛皮纸袋 无豆瓣id数据，存入列表
生死夜2020 未匹配到合适id
生死夜2020 无豆瓣id数据，存入列表
蒙眼缉凶 未匹配到合适id
----------地址被限制,稍后重试----------
none_list 暂存
[pid: 16595|app: 0|req: 19/24] 182.254.52.17 () {36 vars in 576 bytes} [Mon May 25 06:57:13 2020] GET /video/play/82691/ => generated 19087 bytes in 9 msecs (HTTP/1.1 200) 6 headers in 320 bytes (1 switches on core 0)
我们都不满意 未匹配到合适id
我们都不满意 无豆瓣id数据，存入列表
女房客2020 未匹配到合适id
女房客2020 无豆瓣id数据，存入列表
势不可挡2020 未匹配到合适id
----------地址被限制,稍后重试----------
none_list 暂存
平行宇宙之恋 未匹配到合适id
平行宇宙之恋 无豆瓣id数据，存入列表
冬年2020 未匹配到合适id
冬年2020 无豆瓣id数据，存入列表
毒战[2020] 未匹配到合适id
----------地址被限制,稍后重试----------
none_list 暂存
连续五次失败，等待30分钟
[pid: 16595|app: 0|req: 20/25] 182.254.52.17 () {36 vars in 522 bytes} [Mon May 25 07:07:57 2020] GET /video/play/85387/ => generated 14024 bytes in 5 msecs (HTTP/1.1 200) 6 headers in 320 bytes (1 switches on core 0)
[pid: 16595|app: 0|req: 21/26] 182.254.52.17 () {36 vars in 574 bytes} [Mon May 25 07:33:51 2020] GET /admin/login.html => generated 5348 bytes in 2 msecs (HTTP/1.1 200) 6 headers in 319 bytes (1 switches on core 0)
----------重新启动查找------------
无豆瓣id的视频总数：4283
无匹配视频总数：2299
伤口 未匹配到合适id
伤口 无豆瓣id数据，存入列表
超能电竞：传奇一代 未匹配到合适id
超能电竞：传奇一代 无豆瓣id数据，存入列表
咸鱼要翻身 未匹配到合适id
----------地址被限制,稍后重试----------
none_list 暂存
none_list2 暂存
主持人的风暴 未匹配到合适id
主持人的风暴 无豆瓣id数据，存入列表
春潮 未匹配到合适id
春潮 无豆瓣id数据，存入列表
继承2020 未匹配到合适id
----------地址被限制,稍后重试----------
none_list 暂存
牛皮纸袋 未匹配到合适id
牛皮纸袋 无豆瓣id数据，存入列表
生死夜2020 未匹配到合适id
生死夜2020 无豆瓣id数据，存入列表
蒙眼缉凶 未匹配到合适id
----------地址被限制,稍后重试----------
none_list 暂存
我们都不满意 未匹配到合适id
我们都不满意 无豆瓣id数据，存入列表
女房客2020 未匹配到合适id
女房客2020 无豆瓣id数据，存入列表
势不可挡2020 未匹配到合适id
----------地址被限制,稍后重试----------
none_list 暂存
平行宇宙之恋 未匹配到合适id
平行宇宙之恋 无豆瓣id数据，存入列表
冬年2020 未匹配到合适id
冬年2020 无豆瓣id数据，存入列表
毒战[2020] 未匹配到合适id
----------地址被限制,稍后重试----------
none_list 暂存
-----连续十次失败，等待1小时-----
[pid: 16595|app: 0|req: 22/27] 182.254.52.17 () {36 vars in 576 bytes} [Mon May 25 07:58:08 2020] GET /video/play/82762/ => generated 14365 bytes in 7 msecs (HTTP/1.1 200) 6 headers in 320 bytes (1 switches on core 0)
无豆瓣id的视频总数：4283
无匹配视频总数：2307
伤口 未匹配到合适id
伤口 无豆瓣id数据，存入列表
超能电竞：传奇一代 未匹配到合适id
超能电竞：传奇一代 无豆瓣id数据，存入列表
咸鱼要翻身 未匹配到合适id
----------地址被限制,稍后重试----------
none_list 暂存
none_list2 暂存
主持人的风暴 未匹配到合适id
主持人的风暴 无豆瓣id数据，存入列表
春潮 未匹配到合适id
春潮 无豆瓣id数据，存入列表
继承2020 未匹配到合适id
----------地址被限制,稍后重试----------
none_list 暂存
牛皮纸袋 未匹配到合适id
牛皮纸袋 无豆瓣id数据，存入列表
生死夜2020 未匹配到合适id
生死夜2020 无豆瓣id数据，存入列表
蒙眼缉凶 未匹配到合适id
----------地址被限制,稍后重试----------
none_list 暂存
我们都不满意 未匹配到合适id
我们都不满意 无豆瓣id数据，存入列表
女房客2020 未匹配到合适id
女房客2020 无豆瓣id数据，存入列表
势不可挡2020 未匹配到合适id
----------地址被限制,稍后重试----------
none_list 暂存
平行宇宙之恋 未匹配到合适id
平行宇宙之恋 无豆瓣id数据，存入列表
冬年2020 未匹配到合适id
冬年2020 无豆瓣id数据，存入列表
毒战[2020] 未匹配到合适id
----------地址被限制,稍后重试----------
none_list 暂存
[pid: 16595|app: 0|req: 23/28] 114.67.84.31 () {34 vars in 423 bytes} [Mon May 25 09:03:13 2020] GET / => generated 179 bytes in 1 msecs (HTTP/1.1 404) 4 headers in 128 bytes (1 switches on core 0)
连续五次失败，等待30分钟
[pid: 16595|app: 0|req: 24/29] 101.89.19.140 () {36 vars in 591 bytes} [Mon May 25 09:07:28 2020] GET /admin/view_log/?page%3D13 => generated 0 bytes in 0 msecs (HTTP/1.1 302) 6 headers in 180 bytes (1 switches on core 0)
[pid: 16597|app: 0|req: 1/30] 101.89.19.140 () {38 vars in 636 bytes} [Mon May 25 09:07:28 2020] GET /admin/login.html => generated 5348 bytes in 158 msecs (HTTP/1.1 200) 6 headers in 319 bytes (1 switches on core 0)
[pid: 16597|app: 0|req: 2/31] 182.254.52.17 () {36 vars in 651 bytes} [Mon May 25 09:07:39 2020] GET /admin/set_rating/?vod_id%3D86619%26douban_id%3D30264017 => generated 0 bytes in 14 msecs (HTTP/1.1 302) 6 headers in 180 bytes (1 switches on core 1)
[pid: 16595|app: 0|req: 25/32] 182.254.52.17 () {38 vars in 666 bytes} [Mon May 25 09:07:39 2020] GET /admin/login.html => generated 5348 bytes in 1 msecs (HTTP/1.1 200) 6 headers in 319 bytes (1 switches on core 0)
[pid: 16595|app: 0|req: 26/33] 182.254.52.17 () {36 vars in 576 bytes} [Mon May 25 09:27:15 2020] GET /video/play/84018/ => generated 14462 bytes in 6 msecs (HTTP/1.1 200) 6 headers in 320 bytes (1 switches on core 0)
----------重新启动查找------------
无豆瓣id的视频总数：4283
无匹配视频总数：2315
伤口 未匹配到合适id
伤口 无豆瓣id数据，存入列表
超能电竞：传奇一代 未匹配到合适id
超能电竞：传奇一代 无豆瓣id数据，存入列表
咸鱼要翻身 未匹配到合适id
----------地址被限制,稍后重试----------
none_list 暂存
none_list2 暂存
主持人的风暴 未匹配到合适id
主持人的风暴 无豆瓣id数据，存入列表
春潮 未匹配到合适id
春潮 无豆瓣id数据，存入列表
继承2020 未匹配到合适id
----------地址被限制,稍后重试----------
none_list 暂存
牛皮纸袋 未匹配到合适id
牛皮纸袋 无豆瓣id数据，存入列表
生死夜2020 未匹配到合适id
生死夜2020 无豆瓣id数据，存入列表
蒙眼缉凶 未匹配到合适id
----------地址被限制,稍后重试----------
none_list 暂存
我们都不满意 未匹配到合适id
我们都不满意 无豆瓣id数据，存入列表
女房客2020 未匹配到合适id
女房客2020 无豆瓣id数据，存入列表
势不可挡2020 未匹配到合适id
----------地址被限制,稍后重试----------
none_list 暂存
平行宇宙之恋 未匹配到合适id
平行宇宙之恋 无豆瓣id数据，存入列表
冬年2020 未匹配到合适id
冬年2020 无豆瓣id数据，存入列表
毒战[2020] 未匹配到合适id
----------地址被限制,稍后重试----------
none_list 暂存
-----连续十次失败，等待1小时-----
[pid: 16595|app: 0|req: 27/34] 78.187.62.233 () {32 vars in 464 bytes} [Mon May 25 10:10:52 2020] GET / => generated 179 bytes in 1 msecs (HTTP/1.1 404) 4 headers in 128 bytes (1 switches on core 0)
无豆瓣id的视频总数：4283
无匹配视频总数：2323
伤口 未匹配到合适id
伤口 无豆瓣id数据，存入列表
超能电竞：传奇一代 未匹配到合适id
超能电竞：传奇一代 无豆瓣id数据，存入列表
咸鱼要翻身 未匹配到合适id
----------地址被限制,稍后重试----------
none_list 暂存
none_list2 暂存
主持人的风暴 未匹配到合适id
主持人的风暴 无豆瓣id数据，存入列表
春潮 未匹配到合适id
春潮 无豆瓣id数据，存入列表
继承2020 未匹配到合适id
----------地址被限制,稍后重试----------
none_list 暂存
牛皮纸袋 未匹配到合适id
牛皮纸袋 无豆瓣id数据，存入列表
生死夜2020 未匹配到合适id
生死夜2020 无豆瓣id数据，存入列表
蒙眼缉凶 未匹配到合适id
----------地址被限制,稍后重试----------
none_list 暂存
我们都不满意 未匹配到合适id
我们都不满意 无豆瓣id数据，存入列表
女房客2020 未匹配到合适id
女房客2020 无豆瓣id数据，存入列表
势不可挡2020 未匹配到合适id
----------地址被限制,稍后重试----------
none_list 暂存
平行宇宙之恋 未匹配到合适id
平行宇宙之恋 无豆瓣id数据，存入列表
冬年2020 未匹配到合适id
冬年2020 无豆瓣id数据，存入列表
毒战[2020] 未匹配到合适id
----------地址被限制,稍后重试----------
none_list 暂存
连续五次失败，等待30分钟
[pid: 16595|app: 0|req: 28/35] 182.254.52.17 () {36 vars in 572 bytes} [Mon May 25 11:09:50 2020] GET /admin/view_log/ => generated 0 bytes in 1 msecs (HTTP/1.1 302) 6 headers in 180 bytes (1 switches on core 0)
[pid: 16597|app: 0|req: 3/36] 182.254.52.17 () {38 vars in 626 bytes} [Mon May 25 11:09:50 2020] GET /admin/login.html => generated 5348 bytes in 1 msecs (HTTP/1.1 200) 6 headers in 319 bytes (1 switches on core 0)
----------重新启动查找------------
无豆瓣id的视频总数：4283
无匹配视频总数：2331
伤口 未匹配到合适id
伤口 无豆瓣id数据，存入列表
超能电竞：传奇一代 未匹配到合适id
超能电竞：传奇一代 无豆瓣id数据，存入列表
咸鱼要翻身 未匹配到合适id
----------地址被限制,稍后重试----------
none_list 暂存
none_list2 暂存
主持人的风暴 未匹配到合适id
主持人的风暴 无豆瓣id数据，存入列表
春潮 未匹配到合适id
春潮 无豆瓣id数据，存入列表
继承2020 未匹配到合适id
----------地址被限制,稍后重试----------
none_list 暂存
牛皮纸袋 未匹配到合适id
牛皮纸袋 无豆瓣id数据，存入列表
生死夜2020 未匹配到合适id
生死夜2020 无豆瓣id数据，存入列表
蒙眼缉凶 未匹配到合适id
----------地址被限制,稍后重试----------
none_list 暂存
我们都不满意 未匹配到合适id
我们都不满意 无豆瓣id数据，存入列表
女房客2020 未匹配到合适id
女房客2020 无豆瓣id数据，存入列表
势不可挡2020 未匹配到合适id
----------地址被限制,稍后重试----------
none_list 暂存
平行宇宙之恋 未匹配到合适id
平行宇宙之恋 无豆瓣id数据，存入列表
冬年2020 未匹配到合适id
冬年2020 无豆瓣id数据，存入列表
毒战[2020] 未匹配到合适id
----------地址被限制,稍后重试----------
none_list 暂存
-----连续十次失败，等待1小时-----
[pid: 16597|app: 0|req: 4/37] 162.243.139.139 () {34 vars in 429 bytes} [Mon May 25 12:33:59 2020] GET /manager/text/list => generated 179 bytes in 1 msecs (HTTP/1.1 404) 4 headers in 128 bytes (1 switches on core 1)
[pid: 16595|app: 0|req: 29/38] 112.96.112.79 () {42 vars in 908 bytes} [Mon May 25 12:34:49 2020] GET /video/play/84919/1-7.html => generated 14825 bytes in 6 msecs (HTTP/1.1 200) 6 headers in 320 bytes (1 switches on core 0)
[pid: 16596|app: 0|req: 5/39] 112.96.112.79 () {42 vars in 903 bytes} [Mon May 25 12:34:52 2020] GET /admin/view_log/?page=17 => generated 0 bytes in 10 msecs (HTTP/1.1 302) 6 headers in 184 bytes (1 switches on core 0)
[pid: 16596|app: 0|req: 6/40] 112.96.112.79 () {42 vars in 898 bytes} [Mon May 25 12:34:52 2020] GET /view_log/2020-05-25/ => generated 179 bytes in 1 msecs (HTTP/1.1 404) 4 headers in 128 bytes (1 switches on core 1)
[pid: 16597|app: 0|req: 5/41] 139.162.106.181 () {32 vars in 401 bytes} [Mon May 25 12:34:55 2020] GET / => generated 179 bytes in 1 msecs (HTTP/1.1 404) 4 headers in 128 bytes (1 switches on core 0)
[pid: 16595|app: 0|req: 30/42] 112.96.112.79 () {42 vars in 903 bytes} [Mon May 25 12:34:56 2020] GET /admin/view_log/?page=17 => generated 0 bytes in 5 msecs (HTTP/1.1 302) 6 headers in 184 bytes (1 switches on core 0)
[pid: 16596|app: 0|req: 7/43] 112.96.112.79 () {42 vars in 898 bytes} [Mon May 25 12:34:56 2020] GET /view_log/2020-05-25/ => generated 179 bytes in 1 msecs (HTTP/1.1 404) 4 headers in 128 bytes (1 switches on core 1)
[pid: 16597|app: 0|req: 6/44] 112.96.112.79 () {42 vars in 903 bytes} [Mon May 25 12:34:57 2020] GET /admin/view_log/?page=16 => generated 0 bytes in 10 msecs (HTTP/1.1 302) 6 headers in 184 bytes (1 switches on core 0)
[pid: 16597|app: 0|req: 7/45] 112.96.112.79 () {42 vars in 898 bytes} [Mon May 25 12:34:58 2020] GET /view_log/2020-05-25/ => generated 179 bytes in 1 msecs (HTTP/1.1 404) 4 headers in 128 bytes (1 switches on core 1)
[pid: 16598|app: 0|req: 3/46] 112.96.112.79 () {42 vars in 903 bytes} [Mon May 25 12:34:59 2020] GET /admin/view_log/?page=17 => generated 0 bytes in 19 msecs (HTTP/1.1 302) 6 headers in 184 bytes (1 switches on core 0)
[pid: 16598|app: 0|req: 4/47] 112.96.112.79 () {42 vars in 898 bytes} [Mon May 25 12:34:59 2020] GET /view_log/2020-05-25/ => generated 179 bytes in 1 msecs (HTTP/1.1 404) 4 headers in 128 bytes (1 switches on core 1)
[pid: 16596|app: 0|req: 8/48] 112.96.112.79 () {42 vars in 901 bytes} [Mon May 25 12:35:00 2020] GET /admin/view_log/?page=6 => generated 0 bytes in 6 msecs (HTTP/1.1 302) 6 headers in 184 bytes (1 switches on core 0)
[pid: 16596|app: 0|req: 9/49] 112.96.112.79 () {42 vars in 898 bytes} [Mon May 25 12:35:00 2020] GET /view_log/2020-05-25/ => generated 179 bytes in 1 msecs (HTTP/1.1 404) 4 headers in 128 bytes (1 switches on core 1)
[pid: 16597|app: 0|req: 8/50] 112.96.112.79 () {42 vars in 901 bytes} [Mon May 25 12:35:00 2020] GET /admin/view_log/?page=6 => generated 0 bytes in 7 msecs (HTTP/1.1 302) 6 headers in 184 bytes (1 switches on core 1)
[pid: 16596|app: 0|req: 10/51] 112.96.112.79 () {42 vars in 898 bytes} [Mon May 25 12:35:00 2020] GET /view_log/2020-05-25/ => generated 179 bytes in 1 msecs (HTTP/1.1 404) 4 headers in 128 bytes (1 switches on core 1)
[pid: 16597|app: 0|req: 9/52] 112.96.112.79 () {42 vars in 888 bytes} [Mon May 25 12:35:01 2020] GET /admin/view_log/ => generated 18965 bytes in 10 msecs (HTTP/1.1 200) 5 headers in 152 bytes (1 switches on core 0)
[pid: 16598|app: 0|req: 5/53] 112.96.112.79 () {42 vars in 888 bytes} [Mon May 25 12:35:04 2020] GET /admin/view_log/ => generated 18965 bytes in 12 msecs (HTTP/1.1 200) 5 headers in 152 bytes (1 switches on core 1)
[pid: 16597|app: 0|req: 10/54] 112.96.112.79 () {44 vars in 953 bytes} [Mon May 25 12:35:08 2020] GET /admin/view_log/?page=5 => generated 15889 bytes in 6 msecs (HTTP/1.1 200) 5 headers in 152 bytes (1 switches on core 1)
[pid: 16595|app: 0|req: 31/55] 112.96.112.79 () {44 vars in 960 bytes} [Mon May 25 12:35:11 2020] GET /admin/view_log/?page=4 => generated 18689 bytes in 6 msecs (HTTP/1.1 200) 5 headers in 152 bytes (1 switches on core 0)
[pid: 16595|app: 0|req: 32/56] 112.96.112.79 () {44 vars in 960 bytes} [Mon May 25 12:35:25 2020] GET /admin/view_log/?page=5 => generated 15999 bytes in 6 msecs (HTTP/1.1 200) 5 headers in 152 bytes (1 switches on core 0)
[pid: 16595|app: 0|req: 33/57] 193.104.85.169 () {32 vars in 465 bytes} [Mon May 25 12:47:03 2020] GET / => generated 179 bytes in 1 msecs (HTTP/1.1 404) 4 headers in 128 bytes (1 switches on core 0)
无豆瓣id的视频总数：4293
无匹配视频总数：2339
伤口 未匹配到合适id
伤口 无豆瓣id数据，存入列表
超能电竞：传奇一代 未匹配到合适id
超能电竞：传奇一代 无豆瓣id数据，存入列表
咸鱼要翻身 未匹配到合适id
----------地址被限制,稍后重试----------
none_list 暂存
none_list2 暂存
主持人的风暴 未匹配到合适id
主持人的风暴 无豆瓣id数据，存入列表
春潮 未匹配到合适id
春潮 无豆瓣id数据，存入列表
继承2020 未匹配到合适id
----------地址被限制,稍后重试----------
none_list 暂存
牛皮纸袋 未匹配到合适id
牛皮纸袋 无豆瓣id数据，存入列表
生死夜2020 未匹配到合适id
生死夜2020 无豆瓣id数据，存入列表
蒙眼缉凶 未匹配到合适id
----------地址被限制,稍后重试----------
none_list 暂存
我们都不满意 未匹配到合适id
我们都不满意 无豆瓣id数据，存入列表
女房客2020 未匹配到合适id
女房客2020 无豆瓣id数据，存入列表
势不可挡2020 未匹配到合适id
----------地址被限制,稍后重试----------
none_list 暂存
平行宇宙之恋 未匹配到合适id
平行宇宙之恋 无豆瓣id数据，存入列表
冬年2020 未匹配到合适id
冬年2020 无豆瓣id数据，存入列表
毒战[2020] 未匹配到合适id
----------地址被限制,稍后重试----------
none_list 暂存
连续五次失败，等待30分钟
[pid: 16595|app: 0|req: 34/58] 182.254.52.17 () {36 vars in 542 bytes} [Mon May 25 13:23:52 2020] GET / => generated 179 bytes in 1 msecs (HTTP/1.1 404) 4 headers in 128 bytes (1 switches on core 0)
----------重新启动查找------------
无豆瓣id的视频总数：4293
无匹配视频总数：2347
伤口 未匹配到合适id
伤口 无豆瓣id数据，存入列表
超能电竞：传奇一代 未匹配到合适id
超能电竞：传奇一代 无豆瓣id数据，存入列表
咸鱼要翻身 未匹配到合适id
----------地址被限制,稍后重试----------
none_list 暂存
none_list2 暂存
[pid: 16595|app: 0|req: 35/59] 195.54.160.130 () {34 vars in 556 bytes} [Mon May 25 13:35:27 2020] GET /solr/admin/info/system?wt=json => generated 179 bytes in 1 msecs (HTTP/1.1 404) 4 headers in 128 bytes (1 switches on core 0)
主持人的风暴 未匹配到合适id
主持人的风暴 无豆瓣id数据，存入列表
春潮 未匹配到合适id
春潮 无豆瓣id数据，存入列表
继承2020 未匹配到合适id
----------地址被限制,稍后重试----------
none_list 暂存
牛皮纸袋 未匹配到合适id
牛皮纸袋 无豆瓣id数据，存入列表
生死夜2020 未匹配到合适id
生死夜2020 无豆瓣id数据，存入列表
蒙眼缉凶 未匹配到合适id
----------地址被限制,稍后重试----------
none_list 暂存
[pid: 16595|app: 0|req: 36/60] 195.54.160.130 () {36 vars in 653 bytes} [Mon May 25 13:43:20 2020] GET /?a=fetch&content=<php>die(@md5(HelloThinkCMF))</php> => generated 179 bytes in 1 msecs (HTTP/1.1 404) 4 headers in 128 bytes (1 switches on core 0)
[pid: 16596|app: 0|req: 11/61] 195.54.160.130 () {34 vars in 556 bytes} [Mon May 25 13:43:21 2020] GET /?XDEBUG_SESSION_START=phpstorm => generated 179 bytes in 1 msecs (HTTP/1.1 404) 4 headers in 128 bytes (1 switches on core 0)
[pid: 16596|app: 0|req: 12/62] 186.226.219.123 () {32 vars in 471 bytes} [Mon May 25 13:44:08 2020] GET / => generated 179 bytes in 1 msecs (HTTP/1.1 404) 4 headers in 128 bytes (1 switches on core 1)
我们都不满意 未匹配到合适id
我们都不满意 无豆瓣id数据，存入列表
女房客2020 未匹配到合适id
女房客2020 无豆瓣id数据，存入列表
势不可挡2020 未匹配到合适id
----------地址被限制,稍后重试----------
none_list 暂存
平行宇宙之恋 未匹配到合适id
平行宇宙之恋 无豆瓣id数据，存入列表
冬年2020 未匹配到合适id
冬年2020 无豆瓣id数据，存入列表
毒战[2020] 未匹配到合适id
----------地址被限制,稍后重试----------
none_list 暂存
-----连续十次失败，等待1小时-----
[pid: 16595|app: 0|req: 37/63] 195.54.160.130 () {34 vars in 716 bytes} [Mon May 25 13:54:20 2020] GET /index.php?s=/Index/\think\app/invokefunction&function=call_user_func_array&vars[0]=md5&vars[1][]=HelloThinkPHP => generated 179 bytes in 1 msecs (HTTP/1.1 404) 4 headers in 128 bytes (1 switches on core 0)
[pid: 16595|app: 0|req: 38/64] 182.254.52.17 () {36 vars in 605 bytes} [Mon May 25 14:01:00 2020] GET /solr/admin/info/system?wt%3Djson => generated 179 bytes in 1 msecs (HTTP/1.1 404) 4 headers in 128 bytes (1 switches on core 0)
[pid: 16595|app: 0|req: 39/65] 172.104.108.109 () {34 vars in 391 bytes} [Mon May 25 14:22:17 2020] GET / => generated 179 bytes in 1 msecs (HTTP/1.1 404) 4 headers in 128 bytes (1 switches on core 0)
无豆瓣id的视频总数：4293
无匹配视频总数：2355
伤口 未匹配到合适id
伤口 无豆瓣id数据，存入列表
超能电竞：传奇一代 未匹配到合适id
超能电竞：传奇一代 无豆瓣id数据，存入列表
咸鱼要翻身 未匹配到合适id
----------地址被限制,稍后重试----------
none_list 暂存
none_list2 暂存
主持人的风暴 未匹配到合适id
主持人的风暴 无豆瓣id数据，存入列表
春潮 未匹配到合适id
春潮 无豆瓣id数据，存入列表
继承2020 未匹配到合适id
----------地址被限制,稍后重试----------
none_list 暂存
牛皮纸袋 未匹配到合适id
牛皮纸袋 无豆瓣id数据，存入列表
生死夜2020 未匹配到合适id
生死夜2020 无豆瓣id数据，存入列表
蒙眼缉凶 未匹配到合适id
----------地址被限制,稍后重试----------
none_list 暂存
我们都不满意 未匹配到合适id
我们都不满意 无豆瓣id数据，存入列表
女房客2020 未匹配到合适id
女房客2020 无豆瓣id数据，存入列表
势不可挡2020 未匹配到合适id
----------地址被限制,稍后重试----------
none_list 暂存
平行宇宙之恋 未匹配到合适id
平行宇宙之恋 无豆瓣id数据，存入列表
冬年2020 未匹配到合适id
冬年2020 无豆瓣id数据，存入列表
毒战[2020] 未匹配到合适id
----------地址被限制,稍后重试----------
none_list 暂存
连续五次失败，等待30分钟
[pid: 16595|app: 0|req: 40/66] 221.1.221.37 () {36 vars in 522 bytes} [Mon May 25 15:08:30 2020] GET /app/member/show/Json/BaseBall.php?leaguename=1 => generated 179 bytes in 1 msecs (HTTP/1.1 404) 4 headers in 128 bytes (1 switches on core 0)
----------重新启动查找------------
无豆瓣id的视频总数：4293
无匹配视频总数：2363
伤口 未匹配到合适id
伤口 无豆瓣id数据，存入列表
超能电竞：传奇一代 未匹配到合适id
超能电竞：传奇一代 无豆瓣id数据，存入列表
咸鱼要翻身 未匹配到合适id
----------地址被限制,稍后重试----------
none_list 暂存
none_list2 暂存
主持人的风暴 未匹配到合适id
主持人的风暴 无豆瓣id数据，存入列表
春潮 未匹配到合适id
春潮 无豆瓣id数据，存入列表
继承2020 未匹配到合适id
----------地址被限制,稍后重试----------
none_list 暂存
[pid: 16595|app: 0|req: 41/67] 182.254.52.17 () {36 vars in 605 bytes} [Mon May 25 15:38:45 2020] GET /?XDEBUG_SESSION_START%3Dphpstorm => generated 179 bytes in 1 msecs (HTTP/1.1 404) 4 headers in 128 bytes (1 switches on core 0)
牛皮纸袋 未匹配到合适id
牛皮纸袋 无豆瓣id数据，存入列表
生死夜2020 未匹配到合适id
生死夜2020 无豆瓣id数据，存入列表
蒙眼缉凶 未匹配到合适id
----------地址被限制,稍后重试----------
none_list 暂存
[pid: 16595|app: 0|req: 42/68] 182.254.52.17 () {36 vars in 572 bytes} [Mon May 25 15:44:18 2020] GET /admin/view_log/ => generated 0 bytes in 1 msecs (HTTP/1.1 302) 6 headers in 180 bytes (1 switches on core 0)
[pid: 16596|app: 0|req: 13/69] 182.254.52.17 () {38 vars in 626 bytes} [Mon May 25 15:44:18 2020] GET /admin/login.html => generated 5348 bytes in 1 msecs (HTTP/1.1 200) 6 headers in 319 bytes (1 switches on core 0)
我们都不满意 未匹配到合适id
我们都不满意 无豆瓣id数据，存入列表
女房客2020 未匹配到合适id
女房客2020 无豆瓣id数据，存入列表
势不可挡2020 未匹配到合适id
----------地址被限制,稍后重试----------
none_list 暂存
平行宇宙之恋 未匹配到合适id
平行宇宙之恋 无豆瓣id数据，存入列表
冬年2020 未匹配到合适id
冬年2020 无豆瓣id数据，存入列表
毒战[2020] 未匹配到合适id
----------地址被限制,稍后重试----------
none_list 暂存
-----连续十次失败，等待1小时-----
[pid: 16596|app: 0|req: 14/70] 87.107.56.24 () {32 vars in 469 bytes} [Mon May 25 15:51:36 2020] GET / => generated 179 bytes in 1 msecs (HTTP/1.1 404) 4 headers in 128 bytes (1 switches on core 1)
[pid: 16595|app: 0|req: 43/71] 182.140.238.180 () {34 vars in 404 bytes} [Mon May 25 16:24:40 2020] GET / => generated 179 bytes in 1 msecs (HTTP/1.1 404) 4 headers in 128 bytes (1 switches on core 0)
[pid: 16595|app: 0|req: 44/72] 195.54.160.130 () {38 vars in 610 bytes} [Mon May 25 16:33:36 2020] POST /api/jsonws/invoke => generated 179 bytes in 1 msecs (HTTP/1.1 404) 4 headers in 128 bytes (1 switches on core 0)
无豆瓣id的视频总数：4293
无匹配视频总数：2371
伤口 未匹配到合适id
伤口 无豆瓣id数据，存入列表
超能电竞：传奇一代 未匹配到合适id
超能电竞：传奇一代 无豆瓣id数据，存入列表
咸鱼要翻身 未匹配到合适id
----------地址被限制,稍后重试----------
none_list 暂存
none_list2 暂存
主持人的风暴 未匹配到合适id
主持人的风暴 无豆瓣id数据，存入列表
春潮 未匹配到合适id
春潮 无豆瓣id数据，存入列表
继承2020 未匹配到合适id
----------地址被限制,稍后重试----------
none_list 暂存
牛皮纸袋 未匹配到合适id
牛皮纸袋 无豆瓣id数据，存入列表
生死夜2020 未匹配到合适id
生死夜2020 无豆瓣id数据，存入列表
蒙眼缉凶 未匹配到合适id
----------地址被限制,稍后重试----------
none_list 暂存
我们都不满意 未匹配到合适id
我们都不满意 无豆瓣id数据，存入列表
女房客2020 未匹配到合适id
女房客2020 无豆瓣id数据，存入列表
势不可挡2020 未匹配到合适id
----------地址被限制,稍后重试----------
none_list 暂存
平行宇宙之恋 未匹配到合适id
平行宇宙之恋 无豆瓣id数据，存入列表
冬年2020 未匹配到合适id
冬年2020 无豆瓣id数据，存入列表
毒战[2020] 未匹配到合适id
----------地址被限制,稍后重试----------
none_list 暂存
连续五次失败，等待30分钟
----------重新启动查找------------
无豆瓣id的视频总数：4293
无匹配视频总数：2379
伤口 未匹配到合适id
伤口 无豆瓣id数据，存入列表
超能电竞：传奇一代 未匹配到合适id
超能电竞：传奇一代 无豆瓣id数据，存入列表
咸鱼要翻身 未匹配到合适id
----------地址被限制,稍后重试----------
none_list 暂存
none_list2 暂存
主持人的风暴 未匹配到合适id
主持人的风暴 无豆瓣id数据，存入列表
春潮 未匹配到合适id
春潮 无豆瓣id数据，存入列表
继承2020 未匹配到合适id
----------地址被限制,稍后重试----------
none_list 暂存
牛皮纸袋 未匹配到合适id
牛皮纸袋 无豆瓣id数据，存入列表
生死夜2020 未匹配到合适id
生死夜2020 无豆瓣id数据，存入列表
蒙眼缉凶 未匹配到合适id
----------地址被限制,稍后重试----------
none_list 暂存
我们都不满意 未匹配到合适id
我们都不满意 无豆瓣id数据，存入列表
女房客2020 未匹配到合适id
女房客2020 无豆瓣id数据，存入列表
势不可挡2020 未匹配到合适id
----------地址被限制,稍后重试----------
none_list 暂存
平行宇宙之恋 未匹配到合适id
平行宇宙之恋 无豆瓣id数据，存入列表
冬年2020 未匹配到合适id
冬年2020 无豆瓣id数据，存入列表
毒战[2020] 未匹配到合适id
----------地址被限制,稍后重试----------
none_list 暂存
-----连续十次失败，等待1小时-----
[pid: 16595|app: 0|req: 45/73] 182.254.52.17 () {36 vars in 591 bytes} [Mon May 25 17:59:04 2020] GET /admin/view_log/?page%3D11 => generated 0 bytes in 1 msecs (HTTP/1.1 302) 6 headers in 180 bytes (1 switches on core 0)
[pid: 16596|app: 0|req: 15/74] 182.254.52.17 () {38 vars in 636 bytes} [Mon May 25 17:59:04 2020] GET /admin/login.html => generated 5348 bytes in 1 msecs (HTTP/1.1 200) 6 headers in 319 bytes (1 switches on core 0)
[pid: 16596|app: 0|req: 16/75] 182.254.52.17 () {36 vars in 564 bytes} [Mon May 25 18:16:03 2020] GET /muhstik.php => generated 179 bytes in 2 msecs (HTTP/1.1 404) 4 headers in 128 bytes (1 switches on core 1)
[pid: 16595|app: 0|req: 46/76] 182.254.52.17 () {36 vars in 562 bytes} [Mon May 25 18:16:14 2020] GET /yuyang.php => generated 179 bytes in 1 msecs (HTTP/1.1 404) 4 headers in 128 bytes (1 switches on core 0)
[pid: 16595|app: 0|req: 47/77] 182.254.52.17 () {36 vars in 584 bytes} [Mon May 25 18:16:25 2020] GET /PMA/scripts/setup.php => generated 179 bytes in 1 msecs (HTTP/1.1 404) 4 headers in 128 bytes (1 switches on core 0)
[pid: 16595|app: 0|req: 48/78] 182.254.52.17 () {36 vars in 592 bytes} [Mon May 25 18:16:56 2020] GET /admin/view_log/2020-05-23 => generated 0 bytes in 0 msecs (HTTP/1.1 301) 4 headers in 165 bytes (1 switches on core 0)
[pid: 16597|app: 0|req: 11/79] 182.254.52.17 () {38 vars in 656 bytes} [Mon May 25 18:16:56 2020] GET /admin/view_log/2020-05-23/ => generated 0 bytes in 0 msecs (HTTP/1.1 302) 6 headers in 180 bytes (1 switches on core 0)
[pid: 16596|app: 0|req: 17/80] 182.254.52.17 () {38 vars in 637 bytes} [Mon May 25 18:16:56 2020] GET /admin/login.html => generated 5348 bytes in 1 msecs (HTTP/1.1 200) 6 headers in 319 bytes (1 switches on core 0)
[pid: 16596|app: 0|req: 18/81] 182.254.52.17 () {36 vars in 556 bytes} [Mon May 25 18:22:23 2020] GET /wpc.php => generated 179 bytes in 1 msecs (HTTP/1.1 404) 4 headers in 128 bytes (1 switches on core 1)
[pid: 16595|app: 0|req: 49/82] 182.254.52.17 () {36 vars in 554 bytes} [Mon May 25 18:22:36 2020] GET /hd.php => generated 179 bytes in 1 msecs (HTTP/1.1 404) 4 headers in 128 bytes (1 switches on core 0)
[pid: 16595|app: 0|req: 50/83] 182.254.52.17 () {36 vars in 530 bytes} [Mon May 25 18:23:05 2020] GET /phpmyadmin2/index.php => generated 179 bytes in 1 msecs (HTTP/1.1 404) 4 headers in 128 bytes (1 switches on core 0)
[pid: 16595|app: 0|req: 51/84] 183.192.179.16 () {36 vars in 565 bytes} [Mon May 25 18:27:23 2020] GET /v/index.php => generated 179 bytes in 1 msecs (HTTP/1.1 404) 4 headers in 128 bytes (1 switches on core 0)
[pid: 16595|app: 0|req: 52/85] 182.254.52.17 () {36 vars in 554 bytes} [Mon May 25 18:27:38 2020] GET /hs.php => generated 179 bytes in 1 msecs (HTTP/1.1 404) 4 headers in 128 bytes (1 switches on core 0)
[pid: 16595|app: 0|req: 53/86] 59.36.132.240 () {36 vars in 564 bytes} [Mon May 25 18:27:47 2020] GET /license.php => generated 179 bytes in 1 msecs (HTTP/1.1 404) 4 headers in 128 bytes (1 switches on core 0)
[pid: 16595|app: 0|req: 54/87] 182.254.52.17 () {36 vars in 562 bytes} [Mon May 25 18:28:11 2020] GET /db_pma.php => generated 179 bytes in 1 msecs (HTTP/1.1 404) 4 headers in 128 bytes (1 switches on core 0)
[pid: 16595|app: 0|req: 55/88] 182.254.52.17 () {36 vars in 536 bytes} [Mon May 25 18:28:16 2020] GET /phpMyadmin_bak/index.php => generated 179 bytes in 1 msecs (HTTP/1.1 404) 4 headers in 128 bytes (1 switches on core 0)
[pid: 16595|app: 0|req: 56/89] 182.254.52.17 () {36 vars in 566 bytes} [Mon May 25 18:28:30 2020] GET /manager/html => generated 179 bytes in 1 msecs (HTTP/1.1 404) 4 headers in 128 bytes (1 switches on core 0)
[pid: 16595|app: 0|req: 57/90] 182.254.52.17 () {36 vars in 570 bytes} [Mon May 25 18:28:48 2020] GET /meijianxue.php => generated 179 bytes in 1 msecs (HTTP/1.1 404) 4 headers in 128 bytes (1 switches on core 0)
[pid: 16595|app: 0|req: 58/91] 182.254.52.17 () {36 vars in 566 bytes} [Mon May 25 18:33:44 2020] GET /images/!.php => generated 179 bytes in 1 msecs (HTTP/1.1 404) 4 headers in 128 bytes (1 switches on core 0)
[pid: 16595|app: 0|req: 59/92] 182.254.52.17 () {36 vars in 558 bytes} [Mon May 25 18:33:53 2020] GET /5678.php => generated 179 bytes in 1 msecs (HTTP/1.1 404) 4 headers in 128 bytes (1 switches on core 0)
[pid: 16595|app: 0|req: 60/93] 182.254.52.17 () {36 vars in 558 bytes} [Mon May 25 18:34:21 2020] GET /root.php => generated 179 bytes in 1 msecs (HTTP/1.1 404) 4 headers in 128 bytes (1 switches on core 0)
[pid: 16595|app: 0|req: 61/94] 182.254.52.17 () {36 vars in 570 bytes} [Mon May 25 18:39:12 2020] GET /PMA2/index.php => generated 179 bytes in 1 msecs (HTTP/1.1 404) 4 headers in 128 bytes (1 switches on core 0)
[pid: 16595|app: 0|req: 62/95] 182.254.52.17 () {36 vars in 588 bytes} [Mon May 25 18:39:15 2020] GET /mysql/dbadmin/index.php => generated 179 bytes in 1 msecs (HTTP/1.1 404) 4 headers in 128 bytes (1 switches on core 0)
[pid: 16595|app: 0|req: 63/96] 182.254.52.17 () {36 vars in 562 bytes} [Mon May 25 18:39:48 2020] GET /db_cts.php => generated 179 bytes in 1 msecs (HTTP/1.1 404) 4 headers in 128 bytes (1 switches on core 0)
[pid: 16595|app: 0|req: 64/97] 61.241.50.63 () {36 vars in 601 bytes} [Mon May 25 18:44:07 2020] GET /myadmin/scripts/db___.init.php => generated 179 bytes in 1 msecs (HTTP/1.1 404) 4 headers in 128 bytes (1 switches on core 0)
[pid: 16596|app: 0|req: 19/98] 183.192.179.16 () {36 vars in 603 bytes} [Mon May 25 18:44:08 2020] GET /MyAdmin/scripts/db___.init.php => generated 179 bytes in 1 msecs (HTTP/1.1 404) 4 headers in 128 bytes (1 switches on core 0)
[pid: 16596|app: 0|req: 20/99] 182.254.52.17 () {36 vars in 562 bytes} [Mon May 25 18:44:26 2020] GET /hhhhhh.php => generated 179 bytes in 1 msecs (HTTP/1.1 404) 4 headers in 128 bytes (1 switches on core 1)
[pid: 16595|app: 0|req: 65/100] 182.254.52.17 () {36 vars in 554 bytes} [Mon May 25 18:44:29 2020] GET /99.php => generated 179 bytes in 1 msecs (HTTP/1.1 404) 4 headers in 128 bytes (1 switches on core 0)
[pid: 16595|app: 0|req: 66/101] 182.254.52.17 () {36 vars in 566 bytes} [Mon May 25 18:44:45 2020] GET /composer.php => generated 179 bytes in 1 msecs (HTTP/1.1 404) 4 headers in 128 bytes (1 switches on core 0)
[pid: 16595|app: 0|req: 67/102] 182.254.52.17 () {36 vars in 566 bytes} [Mon May 25 18:44:50 2020] GET /muhstiks.php => generated 179 bytes in 1 msecs (HTTP/1.1 404) 4 headers in 128 bytes (1 switches on core 0)
[pid: 16595|app: 0|req: 68/103] 14.18.182.223 () {36 vars in 582 bytes} [Mon May 25 18:49:45 2020] GET /phpNyAdmin/index.php => generated 179 bytes in 1 msecs (HTTP/1.1 404) 4 headers in 128 bytes (1 switches on core 0)
[pid: 16595|app: 0|req: 69/104] 182.254.52.17 () {36 vars in 504 bytes} [Mon May 25 18:49:55 2020] GET /izom.php => generated 179 bytes in 1 msecs (HTTP/1.1 404) 4 headers in 128 bytes (1 switches on core 0)
[pid: 16595|app: 0|req: 70/105] 182.254.52.17 () {36 vars in 584 bytes} [Mon May 25 18:50:21 2020] GET /phpiMyAdmin/index.php => generated 179 bytes in 1 msecs (HTTP/1.1 404) 4 headers in 128 bytes (1 switches on core 0)
无豆瓣id的视频总数：4293
无匹配视频总数：2387
伤口 未匹配到合适id
伤口 无豆瓣id数据，存入列表
超能电竞：传奇一代 未匹配到合适id
超能电竞：传奇一代 无豆瓣id数据，存入列表
咸鱼要翻身 未匹配到合适id
----------地址被限制,稍后重试----------
none_list 暂存
none_list2 暂存
[pid: 16595|app: 0|req: 71/106] 58.247.212.239 () {36 vars in 581 bytes} [Mon May 25 18:50:52 2020] GET /phpmadmin/index.php => generated 179 bytes in 1 msecs (HTTP/1.1 404) 4 headers in 128 bytes (1 switches on core 0)
[pid: 16596|app: 0|req: 21/107] 182.254.52.17 () {36 vars in 584 bytes} [Mon May 25 18:50:53 2020] GET /admin/mysql/index.php => generated 179 bytes in 1 msecs (HTTP/1.1 404) 4 headers in 128 bytes (1 switches on core 0)
[pid: 16596|app: 0|req: 22/108] 101.89.19.140 () {36 vars in 562 bytes} [Mon May 25 18:50:56 2020] GET /htdocs.php => generated 179 bytes in 1 msecs (HTTP/1.1 404) 4 headers in 128 bytes (1 switches on core 1)
[pid: 16595|app: 0|req: 72/109] 182.254.52.17 () {36 vars in 558 bytes} [Mon May 25 18:51:00 2020] GET /home.php => generated 179 bytes in 1 msecs (HTTP/1.1 404) 4 headers in 128 bytes (1 switches on core 0)
主持人的风暴 未匹配到合适id
主持人的风暴 无豆瓣id数据，存入列表
春潮 未匹配到合适id
春潮 无豆瓣id数据，存入列表
继承2020 未匹配到合适id
----------地址被限制,稍后重试----------
none_list 暂存
[pid: 16595|app: 0|req: 73/110] 61.241.50.63 () {36 vars in 581 bytes} [Mon May 25 18:55:59 2020] GET /phpMyAdm1n/index.php => generated 179 bytes in 1 msecs (HTTP/1.1 404) 4 headers in 128 bytes (1 switches on core 0)
[pid: 16595|app: 0|req: 74/111] 61.241.50.63 () {36 vars in 561 bytes} [Mon May 25 18:56:05 2020] GET /haiyan.php => generated 179 bytes in 1 msecs (HTTP/1.1 404) 4 headers in 128 bytes (1 switches on core 0)
牛皮纸袋 未匹配到合适id
牛皮纸袋 无豆瓣id数据，存入列表
生死夜2020 未匹配到合适id
生死夜2020 无豆瓣id数据，存入列表
蒙眼缉凶 未匹配到合适id
----------地址被限制,稍后重试----------
none_list 暂存
我们都不满意 未匹配到合适id
我们都不满意 无豆瓣id数据，存入列表
女房客2020 未匹配到合适id
女房客2020 无豆瓣id数据，存入列表
势不可挡2020 未匹配到合适id
----------地址被限制,稍后重试----------
none_list 暂存
[pid: 16595|app: 0|req: 75/112] 182.254.52.17 () {36 vars in 558 bytes} [Mon May 25 19:01:16 2020] GET /text.php => generated 179 bytes in 1 msecs (HTTP/1.1 404) 4 headers in 128 bytes (1 switches on core 0)
[pid: 16596|app: 0|req: 23/113] 182.254.52.17 () {36 vars in 558 bytes} [Mon May 25 19:01:17 2020] GET /undx.php => generated 179 bytes in 1 msecs (HTTP/1.1 404) 4 headers in 128 bytes (1 switches on core 0)
[pid: 16596|app: 0|req: 24/114] 182.254.52.17 () {36 vars in 558 bytes} [Mon May 25 19:01:18 2020] GET /sane.php => generated 179 bytes in 1 msecs (HTTP/1.1 404) 4 headers in 128 bytes (1 switches on core 1)
[pid: 16595|app: 0|req: 76/115] 182.254.52.17 () {36 vars in 560 bytes} [Mon May 25 19:01:28 2020] GET /logon.php => generated 179 bytes in 2 msecs (HTTP/1.1 404) 4 headers in 128 bytes (1 switches on core 0)
[pid: 16595|app: 0|req: 77/116] 182.254.52.17 () {36 vars in 584 bytes} [Mon May 25 19:01:33 2020] GET /pma/scripts/setup.php => generated 179 bytes in 2 msecs (HTTP/1.1 404) 4 headers in 128 bytes (1 switches on core 0)
平行宇宙之恋 未匹配到合适id
平行宇宙之恋 无豆瓣id数据，存入列表
冬年2020 未匹配到合适id
冬年2020 无豆瓣id数据，存入列表
毒战[2020] 未匹配到合适id
----------地址被限制,稍后重试----------
none_list 暂存
连续五次失败，等待30分钟
[pid: 16595|app: 0|req: 78/117] 182.254.52.17 () {36 vars in 572 bytes} [Mon May 25 19:06:32 2020] GET /admin/index.php => generated 179 bytes in 2 msecs (HTTP/1.1 404) 4 headers in 128 bytes (1 switches on core 0)
[pid: 16595|app: 0|req: 79/118] 101.89.19.140 () {36 vars in 574 bytes} [Mon May 25 19:06:55 2020] GET /woshimengmei.php => generated 179 bytes in 1 msecs (HTTP/1.1 404) 4 headers in 128 bytes (1 switches on core 0)
[pid: 16595|app: 0|req: 80/119] 182.254.52.17 () {36 vars in 562 bytes} [Mon May 25 19:07:00 2020] GET /Drupal.php => generated 179 bytes in 1 msecs (HTTP/1.1 404) 4 headers in 128 bytes (1 switches on core 0)
[pid: 16595|app: 0|req: 81/120] 14.18.182.223 () {36 vars in 592 bytes} [Mon May 25 19:07:02 2020] GET /myadmin/scripts/setup.php => generated 179 bytes in 1 msecs (HTTP/1.1 404) 4 headers in 128 bytes (1 switches on core 0)
[pid: 16595|app: 0|req: 82/121] 59.36.132.240 () {36 vars in 596 bytes} [Mon May 25 19:07:14 2020] GET /admin/phpmyadmin2/index.php => generated 179 bytes in 1 msecs (HTTP/1.1 404) 4 headers in 128 bytes (1 switches on core 0)
[pid: 16595|app: 0|req: 83/122] 182.254.52.17 () {36 vars in 500 bytes} [Mon May 25 19:12:09 2020] GET /d7.php => generated 179 bytes in 1 msecs (HTTP/1.1 404) 4 headers in 128 bytes (1 switches on core 0)
[pid: 16595|app: 0|req: 84/123] 59.36.132.240 () {36 vars in 562 bytes} [Mon May 25 19:12:16 2020] GET /taisui.php => generated 179 bytes in 1 msecs (HTTP/1.1 404) 4 headers in 128 bytes (1 switches on core 0)
[pid: 16595|app: 0|req: 85/124] 182.254.52.17 () {36 vars in 578 bytes} [Mon May 25 19:12:21 2020] GET /download/index.php => generated 179 bytes in 1 msecs (HTTP/1.1 404) 4 headers in 128 bytes (1 switches on core 0)
[pid: 16595|app: 0|req: 86/125] 182.254.52.17 () {36 vars in 584 bytes} [Mon May 25 19:12:29 2020] GET /phpmyadmin1/index.php => generated 179 bytes in 1 msecs (HTTP/1.1 404) 4 headers in 128 bytes (1 switches on core 0)
[pid: 16595|app: 0|req: 87/126] 182.254.52.17 () {36 vars in 568 bytes} [Mon May 25 19:12:39 2020] GET /SQL/index.php => generated 179 bytes in 1 msecs (HTTP/1.1 404) 4 headers in 128 bytes (1 switches on core 0)
[pid: 16595|app: 0|req: 88/127] 182.254.52.17 () {36 vars in 558 bytes} [Mon May 25 19:17:41 2020] GET /java.php => generated 179 bytes in 1 msecs (HTTP/1.1 404) 4 headers in 128 bytes (1 switches on core 0)
[pid: 16595|app: 0|req: 89/128] 182.254.52.17 () {36 vars in 562 bytes} [Mon May 25 19:17:52 2020] GET /root11.php => generated 179 bytes in 1 msecs (HTTP/1.1 404) 4 headers in 128 bytes (1 switches on core 0)
[pid: 16595|app: 0|req: 90/129] 182.254.52.17 () {36 vars in 560 bytes} [Mon May 25 19:18:03 2020] GET /shell.php => generated 179 bytes in 1 msecs (HTTP/1.1 404) 4 headers in 128 bytes (1 switches on core 0)
[pid: 16595|app: 0|req: 91/130] 182.254.52.17 () {36 vars in 572 bytes} [Mon May 25 19:18:08 2020] GET /images/vuln.php => generated 179 bytes in 1 msecs (HTTP/1.1 404) 4 headers in 128 bytes (1 switches on core 0)
[pid: 16595|app: 0|req: 92/131] 61.241.50.63 () {36 vars in 577 bytes} [Mon May 25 19:18:18 2020] GET /phpadmin/index.php => generated 179 bytes in 1 msecs (HTTP/1.1 404) 4 headers in 128 bytes (1 switches on core 0)
[pid: 16595|app: 0|req: 93/132] 182.254.52.17 () {36 vars in 568 bytes} [Mon May 25 19:18:47 2020] GET /pwd/index.php => generated 179 bytes in 1 msecs (HTTP/1.1 404) 4 headers in 128 bytes (1 switches on core 0)
[pid: 16595|app: 0|req: 94/133] 182.254.52.17 () {36 vars in 572 bytes} [Mon May 25 19:23:18 2020] GET /phpmy/index.php => generated 179 bytes in 1 msecs (HTTP/1.1 404) 4 headers in 128 bytes (1 switches on core 0)
[pid: 16595|app: 0|req: 95/134] 182.254.52.17 () {36 vars in 580 bytes} [Mon May 25 19:23:45 2020] GET /admin/PMA/index.php => generated 179 bytes in 1 msecs (HTTP/1.1 404) 4 headers in 128 bytes (1 switches on core 0)
[pid: 16596|app: 0|req: 25/135] 182.254.52.17 () {36 vars in 562 bytes} [Mon May 25 19:23:46 2020] GET /_query.php => generated 179 bytes in 1 msecs (HTTP/1.1 404) 4 headers in 128 bytes (1 switches on core 0)
[pid: 16596|app: 0|req: 26/136] 182.254.52.17 () {36 vars in 506 bytes} [Mon May 25 19:24:20 2020] GET /floaw.php => generated 179 bytes in 1 msecs (HTTP/1.1 404) 4 headers in 128 bytes (1 switches on core 1)
[pid: 16595|app: 0|req: 96/137] 182.254.52.17 () {36 vars in 566 bytes} [Mon May 25 19:24:27 2020] GET /db/index.php => generated 179 bytes in 1 msecs (HTTP/1.1 404) 4 headers in 128 bytes (1 switches on core 0)
[pid: 16595|app: 0|req: 97/138] 182.254.52.17 () {36 vars in 522 bytes} [Mon May 25 19:28:52 2020] GET /MyAdmin/index.php => generated 179 bytes in 1 msecs (HTTP/1.1 404) 4 headers in 128 bytes (1 switches on core 0)
[pid: 16595|app: 0|req: 98/139] 182.254.52.17 () {36 vars in 582 bytes} [Mon May 25 19:29:02 2020] GET /phpMyAbmin/index.php => generated 179 bytes in 1 msecs (HTTP/1.1 404) 4 headers in 128 bytes (1 switches on core 0)
[pid: 16595|app: 0|req: 99/140] 182.254.52.17 () {36 vars in 568 bytes} [Mon May 25 19:29:08 2020] GET /sbb/index.php => generated 179 bytes in 1 msecs (HTTP/1.1 404) 4 headers in 128 bytes (1 switches on core 0)
[pid: 16595|app: 0|req: 100/141] 182.254.52.17 () {36 vars in 568 bytes} [Mon May 25 19:29:36 2020] GET /wp-config.php => generated 179 bytes in 2 msecs (HTTP/1.1 404) 4 headers in 128 bytes (1 switches on core 0)
[pid: 16596|app: 0|req: 27/142] 182.254.52.17 () {36 vars in 564 bytes} [Mon May 25 19:29:37 2020] GET /s/index.php => generated 179 bytes in 1 msecs (HTTP/1.1 404) 4 headers in 128 bytes (1 switches on core 0)
[pid: 16596|app: 0|req: 28/143] 182.254.52.17 () {36 vars in 554 bytes} [Mon May 25 19:29:43 2020] GET /kk.php => generated 179 bytes in 1 msecs (HTTP/1.1 404) 4 headers in 128 bytes (1 switches on core 1)
[pid: 16595|app: 0|req: 101/144] 182.254.52.17 () {36 vars in 574 bytes} [Mon May 25 19:30:11 2020] GET /123131/index.php => generated 179 bytes in 1 msecs (HTTP/1.1 404) 4 headers in 128 bytes (1 switches on core 0)
[pid: 16595|app: 0|req: 102/145] 182.254.52.17 () {36 vars in 556 bytes} [Mon May 25 19:35:00 2020] GET /joomla/ => generated 179 bytes in 1 msecs (HTTP/1.1 404) 4 headers in 128 bytes (1 switches on core 0)
[pid: 16595|app: 0|req: 103/146] 182.254.52.17 () {36 vars in 574 bytes} [Mon May 25 19:35:03 2020] GET /shopdb/index.php => generated 179 bytes in 1 msecs (HTTP/1.1 404) 4 headers in 128 bytes (1 switches on core 0)
[pid: 16595|app: 0|req: 104/147] 182.254.52.17 () {36 vars in 580 bytes} [Mon May 25 19:35:12 2020] GET /phpMydmin/index.php => generated 179 bytes in 1 msecs (HTTP/1.1 404) 4 headers in 128 bytes (1 switches on core 0)
[pid: 16595|app: 0|req: 105/148] 182.254.52.17 () {36 vars in 566 bytes} [Mon May 25 19:35:38 2020] GET /muhstik2.php => generated 179 bytes in 1 msecs (HTTP/1.1 404) 4 headers in 128 bytes (1 switches on core 0)
[pid: 16596|app: 0|req: 29/149] 182.254.52.17 () {36 vars in 594 bytes} [Mon May 25 19:35:39 2020] GET /PMA/scripts/db___.init.php => generated 179 bytes in 1 msecs (HTTP/1.1 404) 4 headers in 128 bytes (1 switches on core 0)
----------重新启动查找------------
无豆瓣id的视频总数：4293
无匹配视频总数：2395
伤口 未匹配到合适id
伤口 无豆瓣id数据，存入列表
超能电竞：传奇一代 未匹配到合适id
超能电竞：传奇一代 无豆瓣id数据，存入列表
咸鱼要翻身 未匹配到合适id
----------地址被限制,稍后重试----------
none_list 暂存
none_list2 暂存
主持人的风暴 35080536 0保存成功[douban]
春潮 未匹配到合适id
春潮 无豆瓣id数据，存入列表
继承2020 未匹配到合适id
继承2020 无豆瓣id数据，存入列表
牛皮纸袋 未匹配到合适id
----------地址被限制,稍后重试----------
none_list 暂存
[pid: 16596|app: 0|req: 30/150] 101.89.19.140 () {36 vars in 572 bytes} [Mon May 25 19:39:48 2020] GET /muhstik-dpr.php => generated 179 bytes in 1 msecs (HTTP/1.1 404) 4 headers in 128 bytes (1 switches on core 1)
[pid: 16595|app: 0|req: 106/151] 182.254.52.17 () {36 vars in 558 bytes} [Mon May 25 19:39:48 2020] GET /knal.php => generated 179 bytes in 1 msecs (HTTP/1.1 404) 4 headers in 128 bytes (1 switches on core 0)
[pid: 16595|app: 0|req: 107/152] 182.254.52.17 () {36 vars in 564 bytes} [Mon May 25 19:39:54 2020] GET /huoshan.php => generated 179 bytes in 1 msecs (HTTP/1.1 404) 4 headers in 128 bytes (1 switches on core 0)
[pid: 16595|app: 0|req: 108/153] 182.254.52.17 () {36 vars in 582 bytes} [Mon May 25 19:40:08 2020] GET /phpmyadm1n/index.php => generated 179 bytes in 1 msecs (HTTP/1.1 404) 4 headers in 128 bytes (1 switches on core 0)
[pid: 16595|app: 0|req: 109/154] 182.254.52.17 () {36 vars in 584 bytes} [Mon May 25 19:40:31 2020] GET /weathermap/editor.php => generated 179 bytes in 1 msecs (HTTP/1.1 404) 4 headers in 128 bytes (1 switches on core 0)
[pid: 16595|app: 0|req: 110/155] 182.254.52.17 () {36 vars in 556 bytes} [Mon May 25 19:40:36 2020] GET /cmv.php => generated 179 bytes in 1 msecs (HTTP/1.1 404) 4 headers in 128 bytes (1 switches on core 0)
[pid: 16595|app: 0|req: 111/156] 59.36.132.240 () {36 vars in 556 bytes} [Mon May 25 19:40:45 2020] GET /rxr.php => generated 179 bytes in 1 msecs (HTTP/1.1 404) 4 headers in 128 bytes (1 switches on core 0)
[pid: 16596|app: 0|req: 31/157] 182.254.52.17 () {36 vars in 576 bytes} [Mon May 25 19:40:48 2020] GET /dbadmin/index.php => generated 179 bytes in 1 msecs (HTTP/1.1 404) 4 headers in 128 bytes (1 switches on core 0)
[pid: 16596|app: 0|req: 32/158] 182.254.52.17 () {36 vars in 566 bytes} [Mon May 25 19:41:03 2020] GET /uploader.php => generated 179 bytes in 1 msecs (HTTP/1.1 404) 4 headers in 128 bytes (1 switches on core 1)
[pid: 16595|app: 0|req: 112/159] 182.254.52.17 () {36 vars in 584 bytes} [Mon May 25 19:41:06 2020] GET /php2MyAdmin/index.php => generated 179 bytes in 1 msecs (HTTP/1.1 404) 4 headers in 128 bytes (1 switches on core 0)
生死夜2020 未匹配到合适id
生死夜2020 无豆瓣id数据，存入列表
蒙眼缉凶 未匹配到合适id
蒙眼缉凶 无豆瓣id数据，存入列表
我们都不满意 未匹配到合适id
我们都不满意 无豆瓣id数据，存入列表
女房客2020 未匹配到合适id
女房客2020 无豆瓣id数据，存入列表
势不可挡2020 未匹配到合适id
----------地址被限制,稍后重试----------
none_list 暂存
平行宇宙之恋 未匹配到合适id
平行宇宙之恋 无豆瓣id数据，存入列表
冬年2020 未匹配到合适id
冬年2020 无豆瓣id数据，存入列表
毒战[2020] 未匹配到合适id
----------地址被限制,稍后重试----------
none_list 暂存
[pid: 16595|app: 0|req: 113/160] 182.254.52.17 () {36 vars in 619 bytes} [Mon May 25 19:45:22 2020] GET /images/stories/filemga.php?ssp%3DRfVbHu => generated 179 bytes in 1 msecs (HTTP/1.1 404) 4 headers in 128 bytes (1 switches on core 0)
[pid: 16595|app: 0|req: 114/161] 182.254.52.17 () {36 vars in 498 bytes} [Mon May 25 19:45:41 2020] GET /solr/ => generated 179 bytes in 1 msecs (HTTP/1.1 404) 4 headers in 128 bytes (1 switches on core 0)
[pid: 16595|app: 0|req: 115/162] 182.254.52.17 () {36 vars in 554 bytes} [Mon May 25 19:46:13 2020] GET /admin/ => generated 0 bytes in 1 msecs (HTTP/1.1 302) 6 headers in 180 bytes (1 switches on core 0)
[pid: 16597|app: 0|req: 12/163] 182.254.52.17 () {38 vars in 617 bytes} [Mon May 25 19:46:13 2020] GET /admin/login.html => generated 5348 bytes in 1 msecs (HTTP/1.1 200) 6 headers in 319 bytes (1 switches on core 0)
[pid: 16597|app: 0|req: 13/164] 182.254.52.17 () {36 vars in 560 bytes} [Mon May 25 19:46:42 2020] GET /indea.php => generated 179 bytes in 1 msecs (HTTP/1.1 404) 4 headers in 128 bytes (1 switches on core 1)
虫族2020 未匹配到合适id
虫族2020 无豆瓣id数据，存入列表
玛雅2020 未匹配到合适id
玛雅2020 无豆瓣id数据，存入列表
新包青天南侠迷案 未匹配到合适id
----------地址被限制,稍后重试----------
none_list 暂存
[pid: 16595|app: 0|req: 116/165] 182.254.52.17 () {36 vars in 586 bytes} [Mon May 25 19:50:54 2020] GET /scripts/db___.init.php => generated 179 bytes in 1 msecs (HTTP/1.1 404) 4 headers in 128 bytes (1 switches on core 0)
[pid: 16595|app: 0|req: 117/166] 182.254.52.17 () {36 vars in 552 bytes} [Mon May 25 19:50:59 2020] GET /b.php => generated 179 bytes in 1 msecs (HTTP/1.1 404) 4 headers in 128 bytes (1 switches on core 0)
还在相爱吗？ 未匹配到合适id
还在相爱吗？ 无豆瓣id数据，存入列表
灵兽2020 未匹配到合适id
灵兽2020 无豆瓣id数据，存入列表
我爱你2020 未匹配到合适id
----------地址被限制,稍后重试----------
none_list 暂存
[pid: 16595|app: 0|req: 118/167] 182.254.52.17 () {36 vars in 554 bytes} [Mon May 25 19:51:10 2020] GET /dp.php => generated 179 bytes in 1 msecs (HTTP/1.1 404) 4 headers in 128 bytes (1 switches on core 0)
[pid: 16595|app: 0|req: 119/168] 182.254.52.17 () {36 vars in 578 bytes} [Mon May 25 19:51:15 2020] GET /sqladmin/index.php => generated 179 bytes in 1 msecs (HTTP/1.1 404) 4 headers in 128 bytes (1 switches on core 0)
[pid: 16595|app: 0|req: 120/169] 101.89.19.140 () {36 vars in 592 bytes} [Mon May 25 19:51:27 2020] GET /MyAdmin/scripts/setup.php => generated 179 bytes in 1 msecs (HTTP/1.1 404) 4 headers in 128 bytes (1 switches on core 0)
[pid: 16595|app: 0|req: 121/170] 182.254.52.17 () {36 vars in 568 bytes} [Mon May 25 19:52:00 2020] GET /images/up.php => generated 179 bytes in 1 msecs (HTTP/1.1 404) 4 headers in 128 bytes (1 switches on core 0)
[pid: 16596|app: 0|req: 33/171] 182.254.52.17 () {36 vars in 518 bytes} [Mon May 25 19:52:02 2020] GET /new_license.php => generated 179 bytes in 1 msecs (HTTP/1.1 404) 4 headers in 128 bytes (1 switches on core 0)
连续五次失败，等待30分钟
[pid: 16596|app: 0|req: 34/172] 182.254.52.17 () {36 vars in 564 bytes} [Mon May 25 19:56:25 2020] GET /laravel.php => generated 179 bytes in 1 msecs (HTTP/1.1 404) 4 headers in 128 bytes (1 switches on core 1)
[pid: 16595|app: 0|req: 122/173] 183.192.179.16 () {36 vars in 561 bytes} [Mon May 25 19:56:42 2020] GET /phpdm.php => generated 179 bytes in 1 msecs (HTTP/1.1 404) 4 headers in 128 bytes (1 switches on core 0)
[pid: 16595|app: 0|req: 123/174] 14.18.182.223 () {36 vars in 598 bytes} [Mon May 25 19:57:20 2020] GET /mysql/mysqlmanager/index.php => generated 179 bytes in 1 msecs (HTTP/1.1 404) 4 headers in 128 bytes (1 switches on core 0)
[pid: 16595|app: 0|req: 124/175] 182.254.52.17 () {36 vars in 582 bytes} [Mon May 25 19:57:53 2020] GET /phpMyAdmln/index.php => generated 179 bytes in 1 msecs (HTTP/1.1 404) 4 headers in 128 bytes (1 switches on core 0)
[pid: 16595|app: 0|req: 125/176] 182.254.52.17 () {36 vars in 558 bytes} [Mon May 25 20:01:59 2020] GET /hue2.php => generated 179 bytes in 1 msecs (HTTP/1.1 404) 4 headers in 128 bytes (1 switches on core 0)
[pid: 16595|app: 0|req: 126/177] 182.254.52.17 () {36 vars in 558 bytes} [Mon May 25 20:02:09 2020] GET /lala.php => generated 179 bytes in 1 msecs (HTTP/1.1 404) 4 headers in 128 bytes (1 switches on core 0)
[pid: 16595|app: 0|req: 127/178] 182.254.52.17 () {36 vars in 558 bytes} [Mon May 25 20:02:12 2020] GET /t6nv.php => generated 179 bytes in 1 msecs (HTTP/1.1 404) 4 headers in 128 bytes (1 switches on core 0)
[pid: 16595|app: 0|req: 128/179] 182.254.52.17 () {36 vars in 524 bytes} [Mon May 25 20:02:15 2020] GET /phpAdmin/index.php => generated 179 bytes in 1 msecs (HTTP/1.1 404) 4 headers in 128 bytes (1 switches on core 0)
[pid: 16595|app: 0|req: 129/180] 182.254.52.17 () {36 vars in 608 bytes} [Mon May 25 20:02:40 2020] GET /phpmyadmin/scripts/db___.init.php => generated 179 bytes in 1 msecs (HTTP/1.1 404) 4 headers in 128 bytes (1 switches on core 0)
[pid: 16595|app: 0|req: 130/181] 182.254.52.17 () {36 vars in 612 bytes} [Mon May 25 20:02:51 2020] GET /cacti/plugins/weathermap/editor.php => generated 179 bytes in 1 msecs (HTTP/1.1 404) 4 headers in 128 bytes (1 switches on core 0)
[pid: 16595|app: 0|req: 131/182] 182.254.52.17 () {36 vars in 558 bytes} [Mon May 25 20:03:20 2020] GET /cmdd.php => generated 179 bytes in 1 msecs (HTTP/1.1 404) 4 headers in 128 bytes (1 switches on core 0)
[pid: 16595|app: 0|req: 132/183] 182.254.52.17 () {36 vars in 580 bytes} [Mon May 25 20:08:03 2020] GET /admin/pma/index.php => generated 179 bytes in 1 msecs (HTTP/1.1 404) 4 headers in 128 bytes (1 switches on core 0)
[pid: 16595|app: 0|req: 133/184] 182.254.52.17 () {36 vars in 594 bytes} [Mon May 25 20:08:08 2020] GET /xampp/phpmyadmin/index.php => generated 179 bytes in 1 msecs (HTTP/1.1 404) 4 headers in 128 bytes (1 switches on core 0)
[pid: 16595|app: 0|req: 134/185] 59.36.132.240 () {36 vars in 562 bytes} [Mon May 25 20:08:14 2020] GET /help-e.php => generated 179 bytes in 1 msecs (HTTP/1.1 404) 4 headers in 128 bytes (1 switches on core 0)
[pid: 16595|app: 0|req: 135/186] 182.254.52.17 () {36 vars in 562 bytes} [Mon May 25 20:08:19 2020] GET /coonig.php => generated 179 bytes in 1 msecs (HTTP/1.1 404) 4 headers in 128 bytes (1 switches on core 0)
[pid: 16595|app: 0|req: 136/187] 182.254.52.17 () {36 vars in 568 bytes} [Mon May 25 20:08:31 2020] GET /PMA/index.php => generated 179 bytes in 1 msecs (HTTP/1.1 404) 4 headers in 128 bytes (1 switches on core 0)
[pid: 16595|app: 0|req: 137/188] 182.254.52.17 () {36 vars in 582 bytes} [Mon May 25 20:13:04 2020] GET /MySQLAdmin/index.php => generated 179 bytes in 1 msecs (HTTP/1.1 404) 4 headers in 128 bytes (1 switches on core 0)
[pid: 16595|app: 0|req: 138/189] 182.254.52.17 () {36 vars in 576 bytes} [Mon May 25 20:13:11 2020] GET /images/attari.php => generated 179 bytes in 1 msecs (HTTP/1.1 404) 4 headers in 128 bytes (1 switches on core 0)
[pid: 16595|app: 0|req: 139/190] 182.254.52.17 () {36 vars in 576 bytes} [Mon May 25 20:13:15 2020] GET /scripts/setup.php => generated 179 bytes in 1 msecs (HTTP/1.1 404) 4 headers in 128 bytes (1 switches on core 0)
[pid: 16595|app: 0|req: 140/191] 59.36.132.240 () {36 vars in 562 bytes} [Mon May 25 20:13:21 2020] GET /xiaxia.php => generated 179 bytes in 1 msecs (HTTP/1.1 404) 4 headers in 128 bytes (1 switches on core 0)
[pid: 16595|app: 0|req: 141/192] 182.254.52.17 () {36 vars in 582 bytes} [Mon May 25 20:13:48 2020] GET /mysqladmin/index.php => generated 179 bytes in 1 msecs (HTTP/1.1 404) 4 headers in 128 bytes (1 switches on core 0)
[pid: 16595|app: 0|req: 142/193] 182.254.52.17 () {36 vars in 576 bytes} [Mon May 25 20:14:02 2020] GET /myadmin/index.php => generated 179 bytes in 1 msecs (HTTP/1.1 404) 4 headers in 128 bytes (1 switches on core 0)
[pid: 16595|app: 0|req: 143/194] 59.36.132.240 () {36 vars in 562 bytes} [Mon May 25 20:14:12 2020] GET /doudou.php => generated 179 bytes in 1 msecs (HTTP/1.1 404) 4 headers in 128 bytes (1 switches on core 0)
[pid: 16595|app: 0|req: 144/195] 182.254.52.17 () {36 vars in 580 bytes} [Mon May 25 20:14:22 2020] GET /phpMyadmi/index.php => generated 179 bytes in 1 msecs (HTTP/1.1 404) 4 headers in 128 bytes (1 switches on core 0)
[pid: 16596|app: 0|req: 35/196] 182.254.52.17 () {36 vars in 590 bytes} [Mon May 25 20:14:24 2020] GET /phpmyadmin-old/index.php => generated 179 bytes in 1 msecs (HTTP/1.1 404) 4 headers in 128 bytes (1 switches on core 0)
[pid: 16596|app: 0|req: 36/197] 182.254.52.17 () {36 vars in 520 bytes} [Mon May 25 20:18:40 2020] GET /phppma/index.php => generated 179 bytes in 1 msecs (HTTP/1.1 404) 4 headers in 128 bytes (1 switches on core 1)
[pid: 16595|app: 0|req: 145/198] 182.254.52.17 () {36 vars in 586 bytes} [Mon May 25 20:18:42 2020] GET /images/stories/cmd.php => generated 179 bytes in 1 msecs (HTTP/1.1 404) 4 headers in 128 bytes (1 switches on core 0)
[pid: 16595|app: 0|req: 146/199] 182.254.52.17 () {36 vars in 584 bytes} [Mon May 25 20:18:46 2020] GET /mysql/admin/index.php => generated 179 bytes in 1 msecs (HTTP/1.1 404) 4 headers in 128 bytes (1 switches on core 0)
[pid: 16595|app: 0|req: 147/200] 182.254.52.17 () {36 vars in 554 bytes} [Mon May 25 20:19:06 2020] GET /1x.php => generated 179 bytes in 1 msecs (HTTP/1.1 404) 4 headers in 128 bytes (1 switches on core 0)
[pid: 16595|app: 0|req: 148/201] 182.254.52.17 () {36 vars in 556 bytes} [Mon May 25 20:19:33 2020] GET /Joomla/ => generated 179 bytes in 1 msecs (HTTP/1.1 404) 4 headers in 128 bytes (1 switches on core 0)
[pid: 16595|app: 0|req: 149/202] 116.128.128.41 () {36 vars in 569 bytes} [Mon May 25 20:19:43 2020] GET /321/index.php => generated 179 bytes in 1 msecs (HTTP/1.1 404) 4 headers in 128 bytes (1 switches on core 0)
[pid: 16595|app: 0|req: 150/203] 182.254.52.17 () {36 vars in 594 bytes} [Mon May 25 20:19:45 2020] GET /pma/scripts/db___.init.php => generated 179 bytes in 1 msecs (HTTP/1.1 404) 4 headers in 128 bytes (1 switches on core 0)
----------重新启动查找------------
无豆瓣id的视频总数：4292
无匹配视频总数：2407
伤口 未匹配到合适id
伤口 无豆瓣id数据，存入列表
超能电竞：传奇一代 未匹配到合适id
超能电竞：传奇一代 无豆瓣id数据，存入列表
咸鱼要翻身 未匹配到合适id
----------地址被限制,稍后重试----------
none_list 暂存
none_list2 暂存
[pid: 16595|app: 0|req: 151/204] 182.254.52.17 () {36 vars in 590 bytes} [Mon May 25 20:24:16 2020] GET /phpmyadmin3333/index.php => generated 179 bytes in 1 msecs (HTTP/1.1 404) 4 headers in 128 bytes (1 switches on core 0)
[pid: 16595|app: 0|req: 152/205] 14.18.182.223 () {36 vars in 556 bytes} [Mon May 25 20:24:29 2020] GET /xiu.php => generated 179 bytes in 1 msecs (HTTP/1.1 404) 4 headers in 128 bytes (1 switches on core 0)
[pid: 16595|app: 0|req: 153/206] 182.254.52.17 () {36 vars in 582 bytes} [Mon May 25 20:25:17 2020] GET /phpmyadmin/index.php => generated 179 bytes in 1 msecs (HTTP/1.1 404) 4 headers in 128 bytes (1 switches on core 0)
[pid: 16595|app: 0|req: 154/207] 182.254.52.17 () {36 vars in 578 bytes} [Mon May 25 20:25:24 2020] GET /shaAdmin/index.php => generated 179 bytes in 1 msecs (HTTP/1.1 404) 4 headers in 128 bytes (1 switches on core 0)
[pid: 16595|app: 0|req: 155/208] 103.24.104.42 () {32 vars in 463 bytes} [Mon May 25 20:25:38 2020] GET / => generated 179 bytes in 1 msecs (HTTP/1.1 404) 4 headers in 128 bytes (1 switches on core 0)
春潮 未匹配到合适id
春潮 无豆瓣id数据，存入列表
继承2020 未匹配到合适id
继承2020 无豆瓣id数据，存入列表
牛皮纸袋 未匹配到合适id
----------地址被限制,稍后重试----------
none_list 暂存
生死夜2020 未匹配到合适id
生死夜2020 无豆瓣id数据，存入列表
蒙眼缉凶 未匹配到合适id
蒙眼缉凶 无豆瓣id数据，存入列表
我们都不满意 未匹配到合适id
----------地址被限制,稍后重试----------
none_list 暂存
女房客2020 未匹配到合适id
女房客2020 无豆瓣id数据，存入列表
势不可挡2020 未匹配到合适id
势不可挡2020 无豆瓣id数据，存入列表
平行宇宙之恋 未匹配到合适id
----------地址被限制,稍后重试----------
none_list 暂存
冬年2020 未匹配到合适id
冬年2020 无豆瓣id数据，存入列表
毒战[2020] 未匹配到合适id
毒战[2020] 无豆瓣id数据，存入列表
虫族2020 未匹配到合适id
----------地址被限制,稍后重试----------
none_list 暂存
-----连续十次失败，等待1小时-----
[pid: 16595|app: 0|req: 156/209] 71.91.5.204 () {28 vars in 305 bytes} [Mon May 25 20:48:57 2020] GET / => generated 179 bytes in 1 msecs (HTTP/1.1 404) 4 headers in 128 bytes (1 switches on core 0)
[pid: 16595|app: 0|req: 157/210] 182.254.52.17 () {36 vars in 576 bytes} [Mon May 25 21:06:13 2020] GET /admin/get_rating/ => generated 0 bytes in 1 msecs (HTTP/1.1 302) 6 headers in 180 bytes (1 switches on core 0)
[pid: 16596|app: 0|req: 37/211] 182.254.52.17 () {38 vars in 628 bytes} [Mon May 25 21:06:13 2020] GET /admin/login.html => generated 5348 bytes in 1 msecs (HTTP/1.1 200) 6 headers in 319 bytes (1 switches on core 0)
无豆瓣id的视频总数：4292
无匹配视频总数：2415
伤口 未匹配到合适id
伤口 无豆瓣id数据，存入列表
超能电竞：传奇一代 未匹配到合适id
超能电竞：传奇一代 无豆瓣id数据，存入列表
咸鱼要翻身 未匹配到合适id
----------地址被限制,稍后重试----------
none_list 暂存
none_list2 暂存
春潮 未匹配到合适id
春潮 无豆瓣id数据，存入列表
继承2020 未匹配到合适id
继承2020 无豆瓣id数据，存入列表
牛皮纸袋 未匹配到合适id
----------地址被限制,稍后重试----------
none_list 暂存
[pid: 16596|app: 0|req: 38/212] 182.254.52.17 () {36 vars in 589 bytes} [Mon May 25 21:44:44 2020] GET /admin/view_log/?page%3D7 => generated 0 bytes in 1 msecs (HTTP/1.1 302) 6 headers in 180 bytes (1 switches on core 1)
[pid: 16595|app: 0|req: 158/213] 182.254.52.17 () {38 vars in 635 bytes} [Mon May 25 21:44:44 2020] GET /admin/login.html => generated 5348 bytes in 1 msecs (HTTP/1.1 200) 6 headers in 319 bytes (1 switches on core 0)
生死夜2020 未匹配到合适id
生死夜2020 无豆瓣id数据，存入列表
蒙眼缉凶 未匹配到合适id
蒙眼缉凶 无豆瓣id数据，存入列表
我们都不满意 未匹配到合适id
----------地址被限制,稍后重试----------
none_list 暂存
[pid: 16595|app: 0|req: 159/214] 182.254.52.17 () {36 vars in 591 bytes} [Mon May 25 21:48:07 2020] GET /admin/view_log/?page%3D10 => generated 0 bytes in 1 msecs (HTTP/1.1 302) 6 headers in 180 bytes (1 switches on core 0)
[pid: 16596|app: 0|req: 39/215] 182.254.52.17 () {38 vars in 636 bytes} [Mon May 25 21:48:07 2020] GET /admin/login.html => generated 5348 bytes in 2 msecs (HTTP/1.1 200) 6 headers in 319 bytes (1 switches on core 0)
女房客2020 未匹配到合适id
----------地址被限制,稍后重试----------
势不可挡2020 未匹配到合适id
势不可挡2020 无豆瓣id数据，存入列表
平行宇宙之恋 未匹配到合适id
平行宇宙之恋 无豆瓣id数据，存入列表
冬年2020 未匹配到合适id
----------地址被限制,稍后重试----------
none_list 暂存
连续五次失败，等待30分钟
[pid: 16596|app: 0|req: 40/216] 167.249.102.214 () {32 vars in 465 bytes} [Mon May 25 21:57:55 2020] GET / => generated 179 bytes in 1 msecs (HTTP/1.1 404) 4 headers in 128 bytes (1 switches on core 1)
[pid: 16595|app: 0|req: 160/217] 61.241.50.63 () {36 vars in 593 bytes} [Mon May 25 22:03:03 2020] GET /admin/view_log/2020-05-23/ => generated 0 bytes in 1 msecs (HTTP/1.1 302) 6 headers in 180 bytes (1 switches on core 0)
[pid: 16596|app: 0|req: 41/218] 61.241.50.63 () {38 vars in 636 bytes} [Mon May 25 22:03:03 2020] GET /admin/login.html => generated 5348 bytes in 2 msecs (HTTP/1.1 200) 6 headers in 319 bytes (1 switches on core 0)
----------重新启动查找------------
无豆瓣id的视频总数：4318
无匹配视频总数：2421
伤口 未匹配到合适id
伤口 无豆瓣id数据，存入列表
超能电竞：传奇一代 未匹配到合适id
----------地址被限制,稍后重试----------
none_list 暂存
none_list2 暂存
萌宠奇缘 未匹配到合适id
萌宠奇缘 无豆瓣id数据，存入列表
咸鱼要翻身 未匹配到合适id
咸鱼要翻身 无豆瓣id数据，存入列表
春潮 未匹配到合适id
----------地址被限制,稍后重试----------
none_list 暂存
继承2020 未匹配到合适id
继承2020 无豆瓣id数据，存入列表
牛皮纸袋 未匹配到合适id
牛皮纸袋 无豆瓣id数据，存入列表
生死夜2020 未匹配到合适id
----------地址被限制,稍后重试----------
none_list 暂存
蒙眼缉凶 未匹配到合适id
蒙眼缉凶 无豆瓣id数据，存入列表
我们都不满意 未匹配到合适id
我们都不满意 无豆瓣id数据，存入列表
女房客2020 未匹配到合适id
----------地址被限制,稍后重试----------
none_list 暂存
势不可挡2020 未匹配到合适id
势不可挡2020 无豆瓣id数据，存入列表
平行宇宙之恋 未匹配到合适id
平行宇宙之恋 无豆瓣id数据，存入列表
冬年2020 未匹配到合适id
----------地址被限制,稍后重试----------
none_list 暂存
-----连续十次失败，等待1小时-----
[pid: 16596|app: 0|req: 42/219] 82.221.105.6 () {34 vars in 535 bytes} [Mon May 25 23:16:08 2020] GET / => generated 179 bytes in 1 msecs (HTTP/1.1 404) 4 headers in 128 bytes (1 switches on core 1)
[pid: 16595|app: 0|req: 161/220] 82.221.105.6 () {30 vars in 358 bytes} [Mon May 25 23:16:08 2020] GET /robots.txt => generated 179 bytes in 1 msecs (HTTP/1.1 404) 4 headers in 128 bytes (1 switches on core 0)
[pid: 16596|app: 0|req: 43/221] 82.221.105.6 () {30 vars in 360 bytes} [Mon May 25 23:16:09 2020] GET /sitemap.xml => generated 179 bytes in 1 msecs (HTTP/1.1 404) 4 headers in 128 bytes (1 switches on core 0)
[pid: 16596|app: 0|req: 44/222] 82.221.105.6 () {30 vars in 386 bytes} [Mon May 25 23:16:10 2020] GET /.well-known/security.txt => generated 179 bytes in 1 msecs (HTTP/1.1 404) 4 headers in 128 bytes (1 switches on core 1)
[pid: 16595|app: 0|req: 162/223] 82.221.105.6 () {36 vars in 453 bytes} [Mon May 25 23:16:12 2020] GET /favicon.ico => generated 179 bytes in 1 msecs (HTTP/1.1 404) 4 headers in 128 bytes (1 switches on core 0)
[pid: 16595|app: 0|req: 163/224] 182.254.52.17 () {36 vars in 562 bytes} [Mon May 25 23:25:15 2020] GET /elrekt.php => generated 179 bytes in 1 msecs (HTTP/1.1 404) 4 headers in 128 bytes (1 switches on core 0)
[pid: 16595|app: 0|req: 164/225] 182.254.52.17 () {36 vars in 584 bytes} [Mon May 25 23:29:56 2020] GET /html/public/index.php => generated 179 bytes in 1 msecs (HTTP/1.1 404) 4 headers in 128 bytes (1 switches on core 0)
[pid: 16595|app: 0|req: 165/226] 183.192.179.16 () {36 vars in 581 bytes} [Mon May 25 23:33:41 2020] GET /TP/public/index.php => generated 179 bytes in 1 msecs (HTTP/1.1 404) 4 headers in 128 bytes (1 switches on core 0)
无豆瓣id的视频总数：4318
无匹配视频总数：2429
伤口 未匹配到合适id
伤口 无豆瓣id数据，存入列表
超能电竞：传奇一代 未匹配到合适id
超能电竞：传奇一代 无豆瓣id数据，存入列表
萌宠奇缘 未匹配到合适id
----------地址被限制,稍后重试----------
none_list 暂存
none_list2 暂存
咸鱼要翻身 未匹配到合适id
咸鱼要翻身 无豆瓣id数据，存入列表
春潮 未匹配到合适id
春潮 无豆瓣id数据，存入列表
继承2020 未匹配到合适id
----------地址被限制,稍后重试----------
none_list 暂存
牛皮纸袋 未匹配到合适id
牛皮纸袋 无豆瓣id数据，存入列表
生死夜2020 未匹配到合适id
生死夜2020 无豆瓣id数据，存入列表
蒙眼缉凶 未匹配到合适id
----------地址被限制,稍后重试----------
none_list 暂存
我们都不满意 未匹配到合适id
我们都不满意 无豆瓣id数据，存入列表
女房客2020 未匹配到合适id
女房客2020 无豆瓣id数据，存入列表
势不可挡2020 未匹配到合适id
----------地址被限制,稍后重试----------
none_list 暂存
*** Starting uWSGI 2.0.18 (64bit) on [Mon May 25 23:51:19 2020] ***
compiled with version: 7.4.0 on 31 January 2020 10:32:09
os: Linux-4.15.0-54-generic #58-Ubuntu SMP Mon Jun 24 10:55:24 UTC 2019
nodename: VM-32-8-ubuntu
machine: x86_64
clock source: unix
detected number of CPU cores: 1
current working directory: /home/ubuntu/git/django_project
writing pidfile to ./uwsgi.pid
detected binary path: /home/ubuntu/.local/bin/uwsgi
!!! no internal routing support, rebuild with pcre support !!!
chdir() to /home/ubuntu/git/django_project
your processes number limit is 7079
your memory page size is 4096 bytes
detected max file descriptor number: 1024
lock engine: pthread robust mutexes
thunder lock: disabled (you can enable it with --thunder-lock)
uwsgi socket 0 bound to TCP address 127.0.0.1:8001 fd 6
Python version: 3.6.8 (default, Oct  7 2019, 12:59:55)  [GCC 8.3.0]
Python main interpreter initialized at 0x5577523bc540
python threads support enabled
your server socket listen backlog is limited to 100 connections
your mercy for graceful operations on workers is 60 seconds
mapped 416720 bytes (406 KB) for 8 cores
*** Operational MODE: preforking+threaded ***
WSGI app 0 (mountpoint='') ready in 0 seconds on interpreter 0x5577523bc540 pid: 5298 (default app)
*** uWSGI is running in multiple interpreter mode ***
spawned uWSGI master process (pid: 5298)
spawned uWSGI worker 1 (pid: 5303, cores: 2)
spawned uWSGI worker 2 (pid: 5304, cores: 2)
spawned uWSGI worker 3 (pid: 5305, cores: 2)
spawned uWSGI worker 4 (pid: 5306, cores: 2)
[pid: 5303|app: 0|req: 1/1] 183.27.45.190 () {46 vars in 936 bytes} [Mon May 25 23:51:26 2020] GET /admin/ => generated 27873 bytes in 168 msecs (HTTP/1.1 200) 6 headers in 320 bytes (1 switches on core 0)
————————开始获取豆瓣id数据————————
无豆瓣id的视频总数：4318
无匹配视频总数：2435
伤口 未匹配到合适id
伤口 无豆瓣id数据，存入列表
超能电竞：传奇一代 未匹配到合适id
超能电竞：传奇一代 无豆瓣id数据，存入列表
[pid: 5303|app: 0|req: 3/2] 183.27.45.190 () {46 vars in 938 bytes} [Mon May 25 23:51:29 2020] GET /admin/view_log/ => generated 19101 bytes in 17 msecs (HTTP/1.1 200) 5 headers in 152 bytes (1 switches on core 0)
萌宠奇缘 未匹配到合适id
----------地址被限制,稍后重试----------
none_list 暂存
none_list2 暂存
[pid: 5303|app: 0|req: 4/3] 183.27.45.190 () {46 vars in 962 bytes} [Mon May 25 23:51:35 2020] GET /admin/view_log/?page=10 => generated 16151 bytes in 11 msecs (HTTP/1.1 200) 5 headers in 152 bytes (1 switches on core 0)
咸鱼要翻身 未匹配到合适id
咸鱼要翻身 无豆瓣id数据，存入列表
春潮 未匹配到合适id
春潮 无豆瓣id数据，存入列表
继承2020 未匹配到合适id
----------地址被限制,稍后重试----------
none_list 暂存
牛皮纸袋 未匹配到合适id
牛皮纸袋 无豆瓣id数据，存入列表
生死夜2020 未匹配到合适id
生死夜2020 无豆瓣id数据，存入列表
蒙眼缉凶 未匹配到合适id
----------地址被限制,稍后重试----------
none_list 暂存
[1590422402] logsize: 88997, triggering log-reopen...
