[1590595201] ./uwsgi.log reopened.
孤楼求生 未匹配到合适id
孤楼求生 无豆瓣id数据，存入列表
摇滚传奇 匹配到多个豆瓣id数据，存入列表2 ['27021726', '30269005']
最佳前男友之月老下凡来爱你 未匹配到合适id
最佳前男友之月老下凡来爱你 无豆瓣id数据，存入列表
白兰 未匹配到合适id
----------地址被限制,稍后重试----------
none_list 暂存
none_list2 暂存
窗前的女巫 未匹配到合适id
窗前的女巫 无豆瓣id数据，存入列表
买下我 未匹配到合适id
买下我 无豆瓣id数据，存入列表
蜜谋逃杀 未匹配到合适id
----------地址被限制,稍后重试----------
none_list 暂存
魔法2018 未匹配到合适id
魔法2018 无豆瓣id数据，存入列表
狡猾的保姆 未匹配到合适id
狡猾的保姆 无豆瓣id数据，存入列表
兵荒马乱的爱情 未匹配到合适id
----------地址被限制,稍后重试----------
none_list 暂存
神马风云 未匹配到合适id
神马风云 无豆瓣id数据，存入列表
脑洞少女 未匹配到合适id
脑洞少女 无豆瓣id数据，存入列表
热恋女校 未匹配到合适id
----------地址被限制,稍后重试----------
none_list 暂存
十七岁2017 未匹配到合适id
十七岁2017 无豆瓣id数据，存入列表
我儿子去了外星球 未匹配到合适id
我儿子去了外星球 无豆瓣id数据，存入列表
套索 匹配到多个豆瓣id数据，存入列表2 ['27092233', '26615457']
无眠夜 未匹配到合适id
----------地址被限制,稍后重试----------
none_list 暂存
none_list2 暂存
八四年夏天 未匹配到合适id
八四年夏天 无豆瓣id数据，存入列表
美人鱼战队 未匹配到合适id
美人鱼战队 无豆瓣id数据，存入列表
黑暗2017 未匹配到合适id
----------地址被限制,稍后重试----------
none_list 暂存
尸囚狱：前篇 未匹配到合适id
尸囚狱：前篇 无豆瓣id数据，存入列表
幸运2017 未匹配到合适id
幸运2017 无豆瓣id数据，存入列表
中英街1号 未匹配到合适id
----------地址被限制,稍后重试----------
none_list 暂存
[pid: 24504|app: 0|req: 90/134] 182.254.52.17 () {36 vars in 576 bytes} [Thu May 28 00:23:32 2020] GET /video/play/43782/ => generated 13958 bytes in 6 msecs (HTTP/1.1 200) 6 headers in 320 bytes (1 switches on core 1)
以为是老大2金三角风云 未匹配到合适id
以为是老大2金三角风云 无豆瓣id数据，存入列表
大闹天竺 匹配到多个豆瓣id数据，存入列表2 ['26389696', '26966112']
厨霸江湖 未匹配到合适id
厨霸江湖 无豆瓣id数据，存入列表
不能犯 未匹配到合适id
----------地址被限制,稍后重试----------
none_list 暂存
none_list2 暂存
沙海番外之蚌人 未匹配到合适id
沙海番外之蚌人 无豆瓣id数据，存入列表
蓝翔传奇 未匹配到合适id
蓝翔传奇 无豆瓣id数据，存入列表
古堡 未匹配到合适id
----------地址被限制,稍后重试----------
none_list 暂存
又见钟无艳 未匹配到合适id
又见钟无艳 无豆瓣id数据，存入列表
伴你同行 匹配到多个豆瓣id数据，存入列表2 ['30256761', '34996627']
罗曼蒂克振兴史 未匹配到合适id
罗曼蒂克振兴史 无豆瓣id数据，存入列表
大传说 未匹配到合适id
----------地址被限制,稍后重试----------
none_list 暂存
none_list2 暂存
[pid: 24504|app: 0|req: 91/135] 195.54.160.130 () {34 vars in 556 bytes} [Thu May 28 00:32:58 2020] GET /solr/admin/info/system?wt=json => generated 179 bytes in 1 msecs (HTTP/1.1 404) 4 headers in 128 bytes (1 switches on core 1)
[pid: 24504|app: 0|req: 92/136] 195.54.160.130 () {36 vars in 653 bytes} [Thu May 28 00:33:19 2020] GET /?a=fetch&content=<php>die(@md5(HelloThinkCMF))</php> => generated 179 bytes in 1 msecs (HTTP/1.1 404) 4 headers in 128 bytes (1 switches on core 1)
[pid: 24507|app: 0|req: 35/137] 195.54.160.130 () {34 vars in 556 bytes} [Thu May 28 00:33:20 2020] GET /?XDEBUG_SESSION_START=phpstorm => generated 179 bytes in 1 msecs (HTTP/1.1 404) 4 headers in 128 bytes (1 switches on core 0)
[pid: 24504|app: 0|req: 93/138] 195.54.160.130 () {34 vars in 716 bytes} [Thu May 28 00:33:42 2020] GET /index.php?s=/Index/\think\app/invokefunction&function=call_user_func_array&vars[0]=md5&vars[1][]=HelloThinkPHP => generated 179 bytes in 1 msecs (HTTP/1.1 404) 4 headers in 128 bytes (1 switches on core 1)
桃出天际 未匹配到合适id
桃出天际 无豆瓣id数据，存入列表
啦啦队之舞2017 未匹配到合适id
啦啦队之舞2017 无豆瓣id数据，存入列表
山门 未匹配到合适id
----------地址被限制,稍后重试----------
none_list 暂存
遗产2017 未匹配到合适id
遗产2017 无豆瓣id数据，存入列表
异教徒 未匹配到合适id
异教徒 无豆瓣id数据，存入列表
逃亡 未匹配到合适id
----------地址被限制,稍后重试----------
none_list 暂存
京城四少2017 未匹配到合适id
京城四少2017 无豆瓣id数据，存入列表
八万里 未匹配到合适id
八万里 无豆瓣id数据，存入列表
捍卫者 匹配到多个豆瓣id数据，存入列表2 ['27063335', '26293633']
刮目相看 未匹配到合适id
----------地址被限制,稍后重试----------
none_list 暂存
none_list2 暂存
[pid: 24504|app: 0|req: 94/139] 195.54.160.130 () {38 vars in 610 bytes} [Thu May 28 00:42:06 2020] POST /api/jsonws/invoke => generated 179 bytes in 1 msecs (HTTP/1.1 404) 4 headers in 128 bytes (1 switches on core 1)
骑士2017 未匹配到合适id
骑士2017 无豆瓣id数据，存入列表
射手2017 未匹配到合适id
射手2017 无豆瓣id数据，存入列表
混社会3之大庆故事 未匹配到合适id
----------地址被限制,稍后重试----------
none_list 暂存
高山 未匹配到合适id
高山 无豆瓣id数据，存入列表
蓝色天使 未匹配到合适id
蓝色天使 无豆瓣id数据，存入列表
美丽的人 匹配到多个豆瓣id数据，存入列表2 ['27019575', '25807929']
牧野诡事之神仙眼 未匹配到合适id
牧野诡事之神仙眼 无豆瓣id数据，存入列表
少女侦探社 未匹配到合适id
少女侦探社 无豆瓣id数据，存入列表
狂妃千寻 未匹配到合适id
----------地址被限制,稍后重试----------
none_list 暂存
none_list2 暂存
电影大亨之横店风云 未匹配到合适id
----------地址被限制,稍后重试----------
噬梦者之超能雇佣兵 未匹配到合适id
----------地址被限制,稍后重试----------
家[韩版] 未匹配到合适id
----------地址被限制,稍后重试----------
绝杀(爱奇艺独播) 未匹配到合适id
----------地址被限制,稍后重试----------
连续五次失败，等待30分钟
[pid: 24504|app: 0|req: 95/140] 195.54.160.130 () {36 vars in 624 bytes} [Thu May 28 01:03:02 2020] GET /vendor/phpunit/phpunit/src/Util/PHP/eval-stdin.php => generated 179 bytes in 1 msecs (HTTP/1.1 404) 4 headers in 128 bytes (1 switches on core 1)
[pid: 24504|app: 0|req: 96/141] 195.54.160.130 () {38 vars in 712 bytes} [Thu May 28 01:06:34 2020] POST /vendor/phpunit/phpunit/src/Util/PHP/eval-stdin.php => generated 179 bytes in 1 msecs (HTTP/1.1 404) 4 headers in 128 bytes (1 switches on core 1)
[pid: 24504|app: 0|req: 97/142] 182.254.52.17 () {36 vars in 554 bytes} [Thu May 28 01:14:58 2020] GET /admin/ => generated 0 bytes in 1 msecs (HTTP/1.1 302) 6 headers in 180 bytes (1 switches on core 1)
[pid: 24507|app: 0|req: 36/143] 182.254.52.17 () {38 vars in 617 bytes} [Thu May 28 01:14:58 2020] GET /admin/login.html => generated 5348 bytes in 1 msecs (HTTP/1.1 200) 6 headers in 319 bytes (1 switches on core 1)
----------重新启动查找------------
欢乐喜剧人 未匹配到合适id
----------地址被限制,稍后重试----------
战境：火线突围 未匹配到合适id
----------地址被限制,稍后重试----------
我的女朋友男朋友 未匹配到合适id
----------地址被限制,稍后重试----------
凶猛的项链 未匹配到合适id
----------地址被限制,稍后重试----------
我们。 未匹配到合适id
----------地址被限制,稍后重试----------
-----连续十次失败，等待1小时-----
[pid: 24504|app: 0|req: 98/144] 105.212.100.65 () {32 vars in 471 bytes} [Thu May 28 02:17:23 2020] GET / => generated 179 bytes in 1 msecs (HTTP/1.1 404) 4 headers in 128 bytes (1 switches on core 1)
生化危机：终章 未匹配到合适id
----------地址被限制,稍后重试----------
[pid: 24504|app: 0|req: 99/145] 182.254.52.17 () {36 vars in 574 bytes} [Thu May 28 02:49:04 2020] GET /admin/login.html => generated 5348 bytes in 1 msecs (HTTP/1.1 200) 6 headers in 319 bytes (1 switches on core 1)
换青春 未匹配到合适id
----------地址被限制,稍后重试----------
簋街的鬼 未匹配到合适id
----------地址被限制,稍后重试----------
宽恕2017 未匹配到合适id
----------地址被限制,稍后重试----------
酷儿鸭 未匹配到合适id
----------地址被限制,稍后重试----------
[pid: 24504|app: 0|req: 100/146] 182.254.52.17 () {36 vars in 572 bytes} [Thu May 28 02:58:34 2020] GET /admin/view_log/ => generated 0 bytes in 1 msecs (HTTP/1.1 302) 6 headers in 180 bytes (1 switches on core 1)
[pid: 24506|app: 0|req: 7/147] 182.254.52.17 () {38 vars in 626 bytes} [Thu May 28 02:58:35 2020] GET /admin/login.html => generated 5348 bytes in 1 msecs (HTTP/1.1 200) 6 headers in 319 bytes (1 switches on core 0)
[pid: 24504|app: 0|req: 101/148] 179.127.118.37 () {32 vars in 465 bytes} [Thu May 28 02:58:55 2020] GET / => generated 179 bytes in 1 msecs (HTTP/1.1 404) 4 headers in 128 bytes (1 switches on core 1)
连续五次失败，等待30分钟
----------重新启动查找------------
咱们分手吧 未匹配到合适id
----------地址被限制,稍后重试----------
轮回日 未匹配到合适id
----------地址被限制,稍后重试----------
[pid: 24504|app: 0|req: 102/149] 182.254.52.17 () {36 vars in 591 bytes} [Thu May 28 03:36:20 2020] GET /admin/view_log/?page%3D10 => generated 0 bytes in 1 msecs (HTTP/1.1 302) 6 headers in 180 bytes (1 switches on core 1)
[pid: 24505|app: 0|req: 6/150] 182.254.52.17 () {38 vars in 636 bytes} [Thu May 28 03:36:20 2020] GET /admin/login.html => generated 5348 bytes in 6 msecs (HTTP/1.1 200) 6 headers in 319 bytes (1 switches on core 0)
爱乐之城 未匹配到合适id
----------地址被限制,稍后重试----------
午夜办公室 未匹配到合适id
----------地址被限制,稍后重试----------
复仇 未匹配到合适id
----------地址被限制,稍后重试----------
-----连续十次失败，等待1小时-----
[pid: 24504|app: 0|req: 103/151] 182.254.52.17 () {36 vars in 522 bytes} [Thu May 28 04:32:42 2020] GET /admin/get_rating/ => generated 0 bytes in 1 msecs (HTTP/1.1 302) 6 headers in 180 bytes (1 switches on core 1)
[pid: 24507|app: 0|req: 37/152] 182.254.52.17 () {38 vars in 574 bytes} [Thu May 28 04:32:42 2020] GET /admin/login.html => generated 5348 bytes in 1 msecs (HTTP/1.1 200) 6 headers in 319 bytes (1 switches on core 0)
烧烤江湖 未匹配到合适id
----------地址被限制,稍后重试----------
全民道士 未匹配到合适id
----------地址被限制,稍后重试----------
克罗索巨兽 未匹配到合适id
----------地址被限制,稍后重试----------
盲/失明恋曲 未匹配到合适id
----------地址被限制,稍后重试----------
2018台中跨年丽宝后里现场 未匹配到合适id
----------地址被限制,稍后重试----------
连续五次失败，等待30分钟
----------重新启动查找------------
2018台北high新年城 未匹配到合适id
----------地址被限制,稍后重试----------
爱情冻住了 未匹配到合适id
----------地址被限制,稍后重试----------
爱也有阿禾 未匹配到合适id
----------地址被限制,稍后重试----------
极限拯救 未匹配到合适id
----------地址被限制,稍后重试----------
妈妈的笔记本: 记忆的配方 未匹配到合适id
----------地址被限制,稍后重试----------
-----连续十次失败，等待1小时-----
[pid: 24504|app: 0|req: 104/153] 182.254.52.17 () {36 vars in 560 bytes} [Thu May 28 05:56:37 2020] GET /index.php => generated 179 bytes in 1 msecs (HTTP/1.1 404) 4 headers in 128 bytes (1 switches on core 1)
[pid: 24504|app: 0|req: 105/154] 183.136.225.44 () {34 vars in 459 bytes} [Thu May 28 06:12:47 2020] GET / => generated 179 bytes in 1 msecs (HTTP/1.1 404) 4 headers in 128 bytes (1 switches on core 1)
金三角大营救 未匹配到合适id
金三角大营救 无豆瓣id数据，存入列表
捉鬼 未匹配到合适id
捉鬼 无豆瓣id数据，存入列表
无法触及 未匹配到合适id
----------地址被限制,稍后重试----------
none_list 暂存
淘女郎的魔戒 未匹配到合适id
淘女郎的魔戒 无豆瓣id数据，存入列表
儿童十字军 未匹配到合适id
儿童十字军 无豆瓣id数据，存入列表
王牌宫女 未匹配到合适id
----------地址被限制,稍后重试----------
none_list 暂存
暗黑西游之灭神 未匹配到合适id
暗黑西游之灭神 无豆瓣id数据，存入列表
小小心愿 未匹配到合适id
小小心愿 无豆瓣id数据，存入列表
盗行神府 匹配到多个豆瓣id数据，存入列表2 ['27059323', '27617834']
霍利.凯恩潜意识实验 未匹配到合适id
----------地址被限制,稍后重试----------
none_list 暂存
none_list2 暂存
北风和太阳的法庭 匹配到多个豆瓣id数据，存入列表2 ['26967749', '27097871']
运动学概论 未匹配到合适id
运动学概论 无豆瓣id数据，存入列表
舞台背后(爱奇艺独播) 未匹配到合适id
舞台背后(爱奇艺独播) 无豆瓣id数据，存入列表
歧途2016 未匹配到合适id
----------地址被限制,稍后重试----------
none_list 暂存
none_list2 暂存
[pid: 24504|app: 0|req: 106/155] 61.241.50.63 () {36 vars in 604 bytes} [Thu May 28 06:56:18 2020] GET /solr/admin/info/system?wt%3Djson => generated 179 bytes in 1 msecs (HTTP/1.1 404) 4 headers in 128 bytes (1 switches on core 1)
柏林墙 未匹配到合适id
柏林墙 无豆瓣id数据，存入列表
洛溪的养成计划 未匹配到合适id
洛溪的养成计划 无豆瓣id数据，存入列表
那才是我的世界 未匹配到合适id
----------地址被限制,稍后重试----------
none_list 暂存
我的驱魔总裁 未匹配到合适id
我的驱魔总裁 无豆瓣id数据，存入列表
公告牌2017音乐大奖颁奖礼 未匹配到合适id
公告牌2017音乐大奖颁奖礼 无豆瓣id数据，存入列表
房客(2017) 未匹配到合适id
----------地址被限制,稍后重试----------
none_list 暂存
绑架 匹配到多个豆瓣id数据，存入列表2 ['26602933', '3808583']
科洛 未匹配到合适id
科洛 无豆瓣id数据，存入列表
超能整蛊王 未匹配到合适id
超能整蛊王 无豆瓣id数据，存入列表
养鬼吃人10：审判 未匹配到合适id
----------地址被限制,稍后重试----------
none_list 暂存
none_list2 暂存
梦回追凶 未匹配到合适id
梦回追凶 无豆瓣id数据，存入列表
皇拳2017之京归来 未匹配到合适id
皇拳2017之京归来 无豆瓣id数据，存入列表
塑料王国 未匹配到合适id
----------地址被限制,稍后重试----------
none_list 暂存
1987：黎明到来的那一天 未匹配到合适id
1987：黎明到来的那一天 无豆瓣id数据，存入列表
巨人 未匹配到合适id
巨人 无豆瓣id数据，存入列表
恋爱禁止的世界电影版 未匹配到合适id
----------地址被限制,稍后重试----------
none_list 暂存
莫娣/彩绘心天地 未匹配到合适id
莫娣/彩绘心天地 无豆瓣id数据，存入列表
预言家请睁眼/异能情人 未匹配到合适id
预言家请睁眼/异能情人 无豆瓣id数据，存入列表
引魂灯 未匹配到合适id
----------地址被限制,稍后重试----------
none_list 暂存
预兆剧场版 未匹配到合适id
预兆剧场版 无豆瓣id数据，存入列表
梦呓雨林/梦呓别语 未匹配到合适id
梦呓雨林/梦呓别语 无豆瓣id数据，存入列表
网关 未匹配到合适id
----------地址被限制,稍后重试----------
none_list 暂存
连续五次失败，等待30分钟
[pid: 24504|app: 0|req: 107/156] 196.2.14.136 () {32 vars in 462 bytes} [Thu May 28 07:27:09 2020] GET / => generated 179 bytes in 1 msecs (HTTP/1.1 404) 4 headers in 128 bytes (1 switches on core 1)
[pid: 24504|app: 0|req: 108/157] 183.136.225.57 () {34 vars in 456 bytes} [Thu May 28 07:28:44 2020] GET / => generated 179 bytes in 1 msecs (HTTP/1.1 404) 4 headers in 128 bytes (1 switches on core 1)
[pid: 24504|app: 0|req: 109/158] 80.244.36.194 () {32 vars in 470 bytes} [Thu May 28 07:35:28 2020] GET / => generated 179 bytes in 1 msecs (HTTP/1.1 404) 4 headers in 128 bytes (1 switches on core 1)
[pid: 24504|app: 0|req: 110/159] 182.254.52.17 () {36 vars in 580 bytes} [Thu May 28 07:46:57 2020] GET /TP/public/index.php => generated 179 bytes in 2 msecs (HTTP/1.1 404) 4 headers in 128 bytes (1 switches on core 1)
----------重新启动查找------------
局外人 未匹配到合适id
局外人 无豆瓣id数据，存入列表
换季期 未匹配到合适id
换季期 无豆瓣id数据，存入列表
贝克斯 匹配到多个豆瓣id数据，存入列表2 ['27078033', '33392836']
我的老婆未成年4 未匹配到合适id
----------地址被限制,稍后重试----------
none_list 暂存
none_list2 暂存
爱国者之日 未匹配到合适id
爱国者之日 无豆瓣id数据，存入列表
整蛊先锋队 未匹配到合适id
整蛊先锋队 无豆瓣id数据，存入列表
归来 未匹配到合适id
归来 无豆瓣id数据，存入列表
春太与千夏 未匹配到合适id
春太与千夏 无豆瓣id数据，存入列表
菲丽希缇 匹配到多个豆瓣id数据，存入列表2 ['26757827', '34816476']
推理笔记 未匹配到合适id
----------地址被限制,稍后重试----------
none_list 暂存
none_list2 暂存
[pid: 24504|app: 0|req: 111/160] 223.71.167.163 () {34 vars in 459 bytes} [Thu May 28 07:53:58 2020] GET / => generated 179 bytes in 1 msecs (HTTP/1.1 404) 4 headers in 128 bytes (1 switches on core 1)
私人英雄 未匹配到合适id
私人英雄 无豆瓣id数据，存入列表
时空妖姬 未匹配到合适id
时空妖姬 无豆瓣id数据，存入列表
猪太郎的夏天 未匹配到合适id
----------地址被限制,稍后重试----------
none_list 暂存
[pid: 24504|app: 0|req: 112/161] 182.254.52.17 () {36 vars in 584 bytes} [Thu May 28 07:57:12 2020] GET /html/public/index.php => generated 179 bytes in 1 msecs (HTTP/1.1 404) 4 headers in 128 bytes (1 switches on core 1)
沉默 未匹配到合适id
沉默 无豆瓣id数据，存入列表
银魂真人版 匹配到多个豆瓣id数据，存入列表2 ['26816086', '27061520']
西游之诸神再战 未匹配到合适id
西游之诸神再战 无豆瓣id数据，存入列表
邻居明星 未匹配到合适id
----------地址被限制,稍后重试----------
none_list 暂存
none_list2 暂存
澤水困 未匹配到合适id
澤水困 无豆瓣id数据，存入列表
佣兵特战队 未匹配到合适id
佣兵特战队 无豆瓣id数据，存入列表
异能者3 未匹配到合适id
----------地址被限制,稍后重试----------
none_list 暂存
哥哥太爱我了怎么办 匹配到多个豆瓣id数据，存入列表2 ['26874517', '26989728']
本色英雄 未匹配到合适id
本色英雄 无豆瓣id数据，存入列表
我的青春非主流 未匹配到合适id
我的青春非主流 无豆瓣id数据，存入列表
结婚 未匹配到合适id
----------地址被限制,稍后重试----------
none_list 暂存
none_list2 暂存
待斩情人 未匹配到合适id
待斩情人 无豆瓣id数据，存入列表
我的极品新娘 未匹配到合适id
我的极品新娘 无豆瓣id数据，存入列表
浙江卫视2018跨年演唱会 未匹配到合适id
----------地址被限制,稍后重试----------
none_list 暂存
[pid: 24504|app: 0|req: 113/162] 185.244.39.112 () {36 vars in 641 bytes} [Thu May 28 08:08:49 2020] GET /index.php => generated 179 bytes in 1 msecs (HTTP/1.1 404) 4 headers in 128 bytes (1 switches on core 1)
少年，你对群马一无所知 匹配到多个豆瓣id数据，存入列表2 ['26969669', '26969670']
普通人 匹配到多个豆瓣id数据，存入列表2 ['26781663', '25723583']
解冻 匹配到多个豆瓣id数据，存入列表2 ['26574949', '27181871']
我罩袍下的口红 未匹配到合适id
我罩袍下的口红 无豆瓣id数据，存入列表
极品王爷 未匹配到合适id
----------地址被限制,稍后重试----------
none_list 暂存
none_list2 暂存
捉个九尾狐做女友 匹配到多个豆瓣id数据，存入列表2 ['27197208', '27013250']
废柴外星人 未匹配到合适id
废柴外星人 无豆瓣id数据，存入列表
借口.com 未匹配到合适id
借口.com 无豆瓣id数据，存入列表
机车兄弟 未匹配到合适id
----------地址被限制,稍后重试----------
none_list 暂存
none_list2 暂存
神秘家族 未匹配到合适id
神秘家族 无豆瓣id数据，存入列表
财神当铺 未匹配到合适id
财神当铺 无豆瓣id数据，存入列表
西游之诸神之战 未匹配到合适id
----------地址被限制,稍后重试----------
none_list 暂存
偷爱心慌慌 未匹配到合适id
偷爱心慌慌 无豆瓣id数据，存入列表
决战江湖之乞丐传奇 未匹配到合适id
决战江湖之乞丐传奇 无豆瓣id数据，存入列表
心魔 未匹配到合适id
----------地址被限制,稍后重试----------
none_list 暂存
玄魔笔记之妖女灵蛇 未匹配到合适id
玄魔笔记之妖女灵蛇 无豆瓣id数据，存入列表
难以无视的真相2 未匹配到合适id
难以无视的真相2 无豆瓣id数据，存入列表
奇门诡秘之古井深渊 未匹配到合适id
----------地址被限制,稍后重试----------
none_list 暂存
挣扎 未匹配到合适id
挣扎 无豆瓣id数据，存入列表
大话三国之愚人劫 未匹配到合适id
大话三国之愚人劫 无豆瓣id数据，存入列表
杀人狂 未匹配到合适id
----------地址被限制,稍后重试----------
none_list 暂存
[pid: 24504|app: 0|req: 114/163] 128.199.158.184 () {36 vars in 581 bytes} [Thu May 28 08:28:25 2020] GET /stalker_portal/c/version.js => generated 179 bytes in 1 msecs (HTTP/1.1 404) 4 headers in 128 bytes (1 switches on core 1)
[pid: 24504|app: 0|req: 115/164] 128.199.158.184 () {36 vars in 551 bytes} [Thu May 28 08:28:26 2020] GET /client_area/ => generated 179 bytes in 1 msecs (HTTP/1.1 404) 4 headers in 128 bytes (1 switches on core 1)
[pid: 24504|app: 0|req: 116/165] 128.199.158.184 () {36 vars in 555 bytes} [Thu May 28 08:28:27 2020] GET /system_api.php => generated 179 bytes in 1 msecs (HTTP/1.1 404) 4 headers in 128 bytes (1 switches on core 1)
[pid: 24507|app: 0|req: 38/166] 128.199.158.184 () {36 vars in 579 bytes} [Thu May 28 08:28:29 2020] GET /streaming/clients_live.php => generated 179 bytes in 1 msecs (HTTP/1.1 404) 4 headers in 128 bytes (1 switches on core 1)
[pid: 24504|app: 0|req: 117/167] 128.199.158.184 () {36 vars in 561 bytes} [Thu May 28 08:28:30 2020] GET /stalker_portal/c/ => generated 179 bytes in 1 msecs (HTTP/1.1 404) 4 headers in 128 bytes (1 switches on core 1)
[pid: 24504|app: 0|req: 118/168] 128.199.158.184 () {36 vars in 541 bytes} [Thu May 28 08:28:32 2020] GET /api.php => generated 179 bytes in 1 msecs (HTTP/1.1 404) 4 headers in 128 bytes (1 switches on core 1)
[pid: 24506|app: 0|req: 8/169] 128.199.158.184 () {36 vars in 545 bytes} [Thu May 28 08:28:33 2020] GET /login.php => generated 179 bytes in 1 msecs (HTTP/1.1 404) 4 headers in 128 bytes (1 switches on core 1)
[pid: 24504|app: 0|req: 119/170] 128.199.158.184 () {36 vars in 545 bytes} [Thu May 28 08:28:36 2020] GET /streaming => generated 179 bytes in 1 msecs (HTTP/1.1 404) 4 headers in 128 bytes (1 switches on core 1)
[pid: 24505|app: 0|req: 7/171] 128.199.158.184 () {36 vars in 579 bytes} [Thu May 28 08:28:37 2020] GET /streaming/clients_live.php => generated 179 bytes in 1 msecs (HTTP/1.1 404) 4 headers in 128 bytes (1 switches on core 1)
[pid: 24507|app: 0|req: 39/172] 128.199.158.184 () {36 vars in 573 bytes} [Thu May 28 08:28:37 2020] GET /streaming/CVU6z92KB.php => generated 179 bytes in 2 msecs (HTTP/1.1 404) 4 headers in 128 bytes (1 switches on core 0)
[pid: 24504|app: 0|req: 120/173] 128.199.158.184 () {36 vars in 527 bytes} [Thu May 28 08:28:38 2020] GET / => generated 179 bytes in 2 msecs (HTTP/1.1 404) 4 headers in 128 bytes (1 switches on core 1)
连续五次失败，等待30分钟
[pid: 24504|app: 0|req: 121/174] 193.118.53.194 () {34 vars in 488 bytes} [Thu May 28 08:41:55 2020] GET / => generated 179 bytes in 1 msecs (HTTP/1.1 404) 4 headers in 128 bytes (1 switches on core 1)
----------重新启动查找------------
热血军训 未匹配到合适id
热血军训 无豆瓣id数据，存入列表
四平青年之江湖学院 未匹配到合适id
四平青年之江湖学院 无豆瓣id数据，存入列表
酒吧 匹配到多个豆瓣id数据，存入列表2 ['26694497', '27079384']
简装男神 未匹配到合适id
简装男神 无豆瓣id数据，存入列表
海带 匹配到多个豆瓣id数据，存入列表2 ['27133264', '27084010']
兄弟 未匹配到合适id
兄弟 无豆瓣id数据，存入列表
命在谁手 未匹配到合适id
----------地址被限制,稍后重试----------
none_list 暂存
none_list2 暂存
古镇异缘 未匹配到合适id
古镇异缘 无豆瓣id数据，存入列表
陕囧 未匹配到合适id
陕囧 无豆瓣id数据，存入列表
少年英雄之人小鬼大 未匹配到合适id
----------地址被限制,稍后重试----------
none_list 暂存
诱罪师 未匹配到合适id
诱罪师 无豆瓣id数据，存入列表
从未在此 匹配到多个豆瓣id数据，存入列表2 ['10546728', '26791455']
欲望都市 未匹配到合适id
欲望都市 无豆瓣id数据，存入列表
许愿 未匹配到合适id
----------地址被限制,稍后重试----------
none_list 暂存
none_list2 暂存
撕裂人 未匹配到合适id
撕裂人 无豆瓣id数据，存入列表
梦在家乡绽放 27197568 0保存成功[douban]
攻守道 未匹配到合适id
攻守道 无豆瓣id数据，存入列表
微商 未匹配到合适id
----------地址被限制,稍后重试----------
none_list 暂存
罪 未匹配到合适id
罪 无豆瓣id数据，存入列表
不死镇的秘密 未匹配到合适id
不死镇的秘密 无豆瓣id数据，存入列表
大乱斗之少年觉醒 未匹配到合适id
----------地址被限制,稍后重试----------
none_list 暂存
007：幽灵党 未匹配到合适id
----------地址被限制,稍后重试----------
龙吟虎啸 未匹配到合适id
龙吟虎啸 无豆瓣id数据，存入列表
一念之差 未匹配到合适id
一念之差 无豆瓣id数据，存入列表
福祸兄弟 未匹配到合适id
----------地址被限制,稍后重试----------
none_list 暂存
男身女身 匹配到多个豆瓣id数据，存入列表2 ['27160751', '30242148']
危急营救 未匹配到合适id
危急营救 无豆瓣id数据，存入列表
科搜研之女SP 未匹配到合适id
科搜研之女SP 无豆瓣id数据，存入列表
江湖凶猛 未匹配到合适id
----------地址被限制,稍后重试----------
none_list 暂存
none_list2 暂存
大海与天使 未匹配到合适id
大海与天使 无豆瓣id数据，存入列表
春与夏推理事件簿 未匹配到合适id
春与夏推理事件簿 无豆瓣id数据，存入列表
国家地理：伟大工程巡礼系列 未匹配到合适id
----------地址被限制,稍后重试----------
none_list 暂存
我的青春你来过 27059938 3.0保存成功[douban]
挖掘机 未匹配到合适id
挖掘机 无豆瓣id数据，存入列表
替身2017 未匹配到合适id
替身2017 无豆瓣id数据，存入列表
诡影实录 未匹配到合适id
----------地址被限制,稍后重试----------
none_list 暂存
深山行 匹配到多个豆瓣id数据，存入列表2 ['27112991', '30394527']
岩合光昭猫步走世界 未匹配到合适id
岩合光昭猫步走世界 无豆瓣id数据，存入列表
决战江湖之乞丐与古惑 未匹配到合适id
决战江湖之乞丐与古惑 无豆瓣id数据，存入列表
天使在人间 未匹配到合适id
----------地址被限制,稍后重试----------
none_list 暂存
none_list2 暂存
魔方笔仙 匹配到多个豆瓣id数据，存入列表2 ['27013253', '27160739']
主播2017 未匹配到合适id
主播2017 无豆瓣id数据，存入列表
疯人夜 匹配到多个豆瓣id数据，存入列表2 ['27144963', '26962640']
爱在午夜时 未匹配到合适id
爱在午夜时 无豆瓣id数据，存入列表
附灵发卡 未匹配到合适id
----------地址被限制,稍后重试----------
none_list 暂存
none_list2 暂存
网灵 未匹配到合适id
网灵 无豆瓣id数据，存入列表
废物之火 未匹配到合适id
废物之火 无豆瓣id数据，存入列表
暗黑女子 匹配到多个豆瓣id数据，存入列表2 ['26870765', '27130028']
鬼屋 未匹配到合适id
----------地址被限制,稍后重试----------
none_list 暂存
none_list2 暂存
所有的不眠之夜 未匹配到合适id
所有的不眠之夜 无豆瓣id数据，存入列表
建军大业 未匹配到合适id
建军大业 无豆瓣id数据，存入列表
青春的答案 未匹配到合适id
----------地址被限制,稍后重试----------
none_list 暂存
奇异画师 27149801 0保存成功[douban]
京武大侠 未匹配到合适id
京武大侠 无豆瓣id数据，存入列表
校对女孩河野悦子SP特别篇 未匹配到合适id
校对女孩河野悦子SP特别篇 无豆瓣id数据，存入列表
秘果 未匹配到合适id
----------地址被限制,稍后重试----------
none_list 暂存
我爱你 未匹配到合适id
我爱你 无豆瓣id数据，存入列表
套路 匹配到多个豆瓣id数据，存入列表2 ['27135994', '27614390', '30217656', '27119589']
兰若寺 匹配到多个豆瓣id数据，存入列表2 ['27135988', '27091250', '26981579']
不惑仔之借刀杀人 未匹配到合适id
----------地址被限制,稍后重试----------
none_list 暂存
none_list2 暂存
英雄不盖世 未匹配到合适id
----------地址被限制,稍后重试----------
遵命！姑奶奶 未匹配到合适id
----------地址被限制,稍后重试----------
血战铜锣湾3 未匹配到合适id
----------地址被限制,稍后重试----------
霸道女总套路我 未匹配到合适id
----------地址被限制,稍后重试----------
连续五次失败，等待30分钟
[pid: 24504|app: 0|req: 122/175] 76.121.47.25 () {28 vars in 306 bytes} [Thu May 28 10:28:26 2020] GET / => generated 179 bytes in 1 msecs (HTTP/1.1 404) 4 headers in 128 bytes (1 switches on core 1)
----------重新启动查找------------
深夜派对 未匹配到合适id
深夜派对 无豆瓣id数据，存入列表
你好陌生人 匹配到多个豆瓣id数据，存入列表2 ['27118885', '30181370']
王牌保安 匹配到多个豆瓣id数据，存入列表2 ['26732578', '26761205']
名探李闯 未匹配到合适id
名探李闯 无豆瓣id数据，存入列表
绑架 匹配到多个豆瓣id数据，存入列表2 ['26602933', '3808583']
谁知道 匹配到多个豆瓣id数据，存入列表2 ['27062581', '27179793']
女子搏击俱乐部 未匹配到合适id
----------地址被限制,稍后重试----------
none_list 暂存
none_list2 暂存
不可抗力2：不可抗力爱上你 未匹配到合适id
不可抗力2：不可抗力爱上你 无豆瓣id数据，存入列表
不可抗力1：男仆的秘密 未匹配到合适id
不可抗力1：男仆的秘密 无豆瓣id数据，存入列表
庆祝中国人民解放军建军90周年阅兵 未匹配到合适id
----------地址被限制,稍后重试----------
none_list 暂存
江湖话事人 未匹配到合适id
江湖话事人 无豆瓣id数据，存入列表
僵尸英雄之魔王与公主 未匹配到合适id
僵尸英雄之魔王与公主 无豆瓣id数据，存入列表
特种兵之战狼行动 未匹配到合适id
----------地址被限制,稍后重试----------
none_list 暂存
建国大业 未匹配到合适id
建国大业 无豆瓣id数据，存入列表
衰兄囧弟 匹配到多个豆瓣id数据，存入列表2 ['34439513', '26999712']
极道少女 未匹配到合适id
极道少女 无豆瓣id数据，存入列表
一些怪人 未匹配到合适id
----------地址被限制,稍后重试----------
none_list 暂存
none_list2 暂存
黑蝴蝶 匹配到多个豆瓣id数据，存入列表2 ['10754814', '26785020']
宝贝老板 匹配到多个豆瓣id数据，存入列表2 ['25907029', '35008469']
秋风走马 未匹配到合适id
秋风走马 无豆瓣id数据，存入列表
灵魂诊所 未匹配到合适id
----------地址被限制,稍后重试----------
none_list 暂存
none_list2 暂存
[pid: 24504|app: 0|req: 123/176] 58.247.212.239 () {36 vars in 593 bytes} [Thu May 28 10:46:38 2020] GET /video/play/84919/1-8.html => generated 14825 bytes in 6 msecs (HTTP/1.1 200) 6 headers in 320 bytes (1 switches on core 1)
猩球崛起2：黎明之战 未匹配到合适id
猩球崛起2：黎明之战 无豆瓣id数据，存入列表
乡城2017 未匹配到合适id
乡城2017 无豆瓣id数据，存入列表
逆袭2017 未匹配到合适id
----------地址被限制,稍后重试----------
none_list 暂存
战狼2017 未匹配到合适id
战狼2017 无豆瓣id数据，存入列表
决战2017 未匹配到合适id
决战2017 无豆瓣id数据，存入列表
摇滚三国 未匹配到合适id
----------地址被限制,稍后重试----------
none_list 暂存
异形：契约 匹配到多个豆瓣id数据，存入列表2 ['11803087', '27070044', '27121208', '27028944', '27073264', '30439234']
Bloody-Girl觉醒 未匹配到合适id
Bloody-Girl觉醒 无豆瓣id数据，存入列表
爱在蜜夜时 未匹配到合适id
爱在蜜夜时 无豆瓣id数据，存入列表
麻烦家族 未匹配到合适id
----------地址被限制,稍后重试----------
none_list 暂存
none_list2 暂存
此情此刻 未匹配到合适id
此情此刻 无豆瓣id数据，存入列表
绝世高手 匹配到多个豆瓣id数据，存入列表2 ['26754831', '27081631']
替身 未匹配到合适id
替身 无豆瓣id数据，存入列表
狩灵记 未匹配到合适id
----------地址被限制,稍后重试----------
none_list 暂存
none_list2 暂存
外星人2017 未匹配到合适id
外星人2017 无豆瓣id数据，存入列表
“吃吃”的爱 匹配到多个豆瓣id数据，存入列表2 ['26279202', '27109779']
战狼少女 未匹配到合适id
战狼少女 无豆瓣id数据，存入列表
狗仔英雄 未匹配到合适id
狗仔英雄 无豆瓣id数据，存入列表
爆裂功夫 未匹配到合适id
----------地址被限制,稍后重试----------
none_list 暂存
none_list2 暂存
彼岸花灯 未匹配到合适id
彼岸花灯 无豆瓣id数据，存入列表
民国大劫案 匹配到多个豆瓣id数据，存入列表2 ['27186932', '27077571']
刺儿头 匹配到多个豆瓣id数据，存入列表2 ['27077543', '27081829']
一天 匹配到多个豆瓣id数据，存入列表2 ['26757945', '27029569']
再见时光 未匹配到合适id
----------地址被限制,稍后重试----------
none_list 暂存
none_list2 暂存
我们的少年时代 匹配到多个豆瓣id数据，存入列表2 ['26662489', '27086166']
美人图2017 未匹配到合适id
美人图2017 无豆瓣id数据，存入列表
青春狂想曲2 未匹配到合适id
青春狂想曲2 无豆瓣id数据，存入列表
女浴室的哭声 未匹配到合适id
----------地址被限制,稍后重试----------
none_list 暂存
none_list2 暂存
共助 匹配到多个豆瓣id数据，存入列表2 ['26616145', '26997471']
徽州情缘 未匹配到合适id
徽州情缘 无豆瓣id数据，存入列表
来者不善 未匹配到合适id
来者不善 无豆瓣id数据，存入列表
烈火狼之笼斗 未匹配到合适id
----------地址被限制,稍后重试----------
none_list 暂存
none_list2 暂存
痞子校花 匹配到多个豆瓣id数据，存入列表2 ['27173334', '27079316']
我们这种叛徒 未匹配到合适id
我们这种叛徒 无豆瓣id数据，存入列表
决战江湖之东北兄弟 未匹配到合适id
决战江湖之东北兄弟 无豆瓣id数据，存入列表
男人.女人 未匹配到合适id
----------地址被限制,稍后重试----------
none_list 暂存
none_list2 暂存
我的太子保镖 未匹配到合适id
我的太子保镖 无豆瓣id数据，存入列表
半城 匹配到多个豆瓣id数据，存入列表2 ['27091179', '27080900']
命运规则番外之时间重置 未匹配到合适id
命运规则番外之时间重置 无豆瓣id数据，存入列表
狐闹干探 匹配到多个豆瓣id数据，存入列表2 ['27071125', '27187178']
惊门 匹配到多个豆瓣id数据，存入列表2 ['27041577', '27601012']
我和校花换个身体 未匹配到合适id
我和校花换个身体 无豆瓣id数据，存入列表
次元王 未匹配到合适id
----------地址被限制,稍后重试----------
none_list 暂存
none_list2 暂存
网购女友 未匹配到合适id
网购女友 无豆瓣id数据，存入列表
胆小别看之真凶 未匹配到合适id
胆小别看之真凶 无豆瓣id数据，存入列表
作死高手 未匹配到合适id
----------地址被限制,稍后重试----------
none_list 暂存
红人制造之卧底女王 未匹配到合适id
----------地址被限制,稍后重试----------
迷失罗曼史 未匹配到合适id
----------地址被限制,稍后重试----------
失的嫌疑人 未匹配到合适id
----------地址被限制,稍后重试----------
连续五次失败，等待30分钟
[pid: 24504|app: 0|req: 124/177] 182.254.52.17 () {36 vars in 542 bytes} [Thu May 28 11:59:28 2020] GET / => generated 179 bytes in 1 msecs (HTTP/1.1 404) 4 headers in 128 bytes (1 switches on core 1)
----------重新启动查找------------
夜半别打的 未匹配到合适id
夜半别打的 无豆瓣id数据，存入列表
特案调查组之邪剑重生 未匹配到合适id
特案调查组之邪剑重生 无豆瓣id数据，存入列表
新说聊斋之114号别墅 未匹配到合适id
----------地址被限制,稍后重试----------
none_list 暂存
暴走漫画六一红鼻子节晚会全程回顾 未匹配到合适id
暴走漫画六一红鼻子节晚会全程回顾 无豆瓣id数据，存入列表
我的电影有点儿二 未匹配到合适id
我的电影有点儿二 无豆瓣id数据，存入列表
拯救脱轨少女 未匹配到合适id
----------地址被限制,稍后重试----------
none_list 暂存
特工程城 未匹配到合适id
特工程城 无豆瓣id数据，存入列表
分裂大师1 未匹配到合适id
分裂大师1 无豆瓣id数据，存入列表
我的妖姬女友 未匹配到合适id
----------地址被限制,稍后重试----------
none_list 暂存
深夜药店 未匹配到合适id
深夜药店 无豆瓣id数据，存入列表
洗人 匹配到多个豆瓣id数据，存入列表2 ['26860052', '34917442']
忘忧酒馆2-相思门 未匹配到合适id
忘忧酒馆2-相思门 无豆瓣id数据，存入列表
游戏规则 未匹配到合适id
----------地址被限制,稍后重试----------
none_list 暂存
none_list2 暂存
上海王 未匹配到合适id
上海王 无豆瓣id数据，存入列表
世代罪恶 未匹配到合适id
世代罪恶 无豆瓣id数据，存入列表
浊流 匹配到多个豆瓣id数据，存入列表2 ['26968496', '27018350']
布希维克/全境警戒 未匹配到合适id
----------地址被限制,稍后重试----------
none_list 暂存
none_list2 暂存
NICO 88 未匹配到合适id
NICO 88 无豆瓣id数据，存入列表
一一 未匹配到合适id
一一 无豆瓣id数据，存入列表
黑网三角洲 未匹配到合适id
----------地址被限制,稍后重试----------
none_list 暂存
八月 未匹配到合适id
八月 无豆瓣id数据，存入列表
白蚁：欲望谜网 未匹配到合适id
白蚁：欲望谜网 无豆瓣id数据，存入列表
轨道9 未匹配到合适id
----------地址被限制,稍后重试----------
none_list 暂存
猫忍剧场版 未匹配到合适id
猫忍剧场版 无豆瓣id数据，存入列表
不成问题的问题 未匹配到合适id
不成问题的问题 无豆瓣id数据，存入列表
刺客信条 未匹配到合适id
----------地址被限制,稍后重试----------
none_list 暂存
荣誉传承 未匹配到合适id
荣誉传承 无豆瓣id数据，存入列表
异类 未匹配到合适id
异类 无豆瓣id数据，存入列表
这是我们的钱 未匹配到合适id
----------地址被限制,稍后重试----------
none_list 暂存
连续五次失败，等待30分钟
[pid: 24504|app: 0|req: 125/178] 112.96.112.79 () {42 vars in 859 bytes} [Thu May 28 12:48:51 2020] GET /admin/view_log/?page=19 => generated 0 bytes in 1 msecs (HTTP/1.1 302) 6 headers in 180 bytes (1 switches on core 1)
[pid: 24507|app: 0|req: 40/179] 112.96.112.79 () {42 vars in 846 bytes} [Thu May 28 12:48:51 2020] GET /admin/login.html => generated 5348 bytes in 2 msecs (HTTP/1.1 200) 6 headers in 319 bytes (1 switches on core 1)
[pid: 24504|app: 0|req: 126/180] 112.96.112.79 () {42 vars in 846 bytes} [Thu May 28 12:49:54 2020] GET /admin/login.html => generated 5348 bytes in 1 msecs (HTTP/1.1 200) 6 headers in 319 bytes (1 switches on core 1)
[pid: 24504|app: 0|req: 127/181] 112.96.112.79 () {42 vars in 846 bytes} [Thu May 28 12:50:06 2020] GET /admin/login.html => generated 5348 bytes in 1 msecs (HTTP/1.1 200) 6 headers in 319 bytes (1 switches on core 1)
[pid: 24504|app: 0|req: 128/182] 112.96.112.79 () {42 vars in 864 bytes} [Thu May 28 12:50:13 2020] GET /video/play/84919/1-8.html => generated 14825 bytes in 6 msecs (HTTP/1.1 200) 6 headers in 320 bytes (1 switches on core 1)
[pid: 24504|app: 0|req: 129/183] 112.96.112.79 () {50 vars in 1068 bytes} [Thu May 28 12:50:25 2020] POST /admin/login.html => generated 63 bytes in 4 msecs (HTTP/1.1 200) 6 headers in 294 bytes (1 switches on core 1)
[pid: 24504|app: 0|req: 130/184] 112.96.112.79 () {44 vars in 923 bytes} [Thu May 28 12:50:26 2020] GET /admin/ => generated 27873 bytes in 2 msecs (HTTP/1.1 200) 6 headers in 320 bytes (1 switches on core 1)
[pid: 24504|app: 0|req: 131/185] 112.96.112.79 () {44 vars in 931 bytes} [Thu May 28 12:50:31 2020] GET /admin/view_log/ => generated 19298 bytes in 8 msecs (HTTP/1.1 200) 5 headers in 152 bytes (1 switches on core 1)
[pid: 24507|app: 0|req: 41/186] 112.96.112.79 () {44 vars in 953 bytes} [Thu May 28 12:50:34 2020] GET /admin/view_log/?page=8 => generated 17371 bytes in 22 msecs (HTTP/1.1 200) 5 headers in 152 bytes (1 switches on core 0)
[pid: 24504|app: 0|req: 132/187] 112.96.112.79 () {44 vars in 916 bytes} [Thu May 28 12:51:12 2020] GET /admin/view_log/?page=1 => generated 0 bytes in 1 msecs (HTTP/1.1 302) 6 headers in 180 bytes (1 switches on core 1)
[pid: 24507|app: 0|req: 42/188] 112.96.112.79 () {44 vars in 905 bytes} [Thu May 28 12:51:12 2020] GET /admin/login.html => generated 5348 bytes in 1 msecs (HTTP/1.1 200) 6 headers in 319 bytes (1 switches on core 1)
[pid: 24504|app: 0|req: 133/189] 112.96.112.79 () {44 vars in 905 bytes} [Thu May 28 12:51:15 2020] GET /admin/login.html => generated 5348 bytes in 1 msecs (HTTP/1.1 200) 6 headers in 319 bytes (1 switches on core 1)
[pid: 24504|app: 0|req: 134/190] 112.96.112.79 () {50 vars in 1068 bytes} [Thu May 28 12:51:17 2020] POST /admin/login.html => generated 63 bytes in 4 msecs (HTTP/1.1 200) 6 headers in 294 bytes (1 switches on core 1)
[pid: 24507|app: 0|req: 43/191] 112.96.112.79 () {44 vars in 923 bytes} [Thu May 28 12:51:17 2020] GET /admin/ => generated 27873 bytes in 4 msecs (HTTP/1.1 200) 6 headers in 320 bytes (1 switches on core 0)
----------重新启动查找------------
相爱一天 未匹配到合适id
相爱一天 无豆瓣id数据，存入列表
大话射雕之正义化身 未匹配到合适id
大话射雕之正义化身 无豆瓣id数据，存入列表
天空之眼 未匹配到合适id
----------地址被限制,稍后重试----------
none_list 暂存
逃亡 未匹配到合适id
逃亡 无豆瓣id数据，存入列表
闪光少女 匹配到多个豆瓣id数据，存入列表2 ['26790961', '25925764']
BJ单身日记3：BJ的孩子 未匹配到合适id
BJ单身日记3：BJ的孩子 无豆瓣id数据，存入列表
伪证公司 未匹配到合适id
----------地址被限制,稍后重试----------
none_list 暂存
none_list2 暂存
天才少女 匹配到多个豆瓣id数据，存入列表2 ['26593587', '26865948']
三生三世十里桃花 匹配到多个豆瓣id数据，存入列表2 ['25823277', '25975243']
诛仙番外之铃心剑魄 26834686 0保存成功[douban]
江湖水 26928897 6.6保存成功[douban]
牡丹仙子之皇帝诏曰 26915626 2.7保存成功[douban]
有迹可循 26869265 3.2保存成功[douban]
所以和黑粉结婚了 26564988 4.9保存成功[douban]
脱单宝典 26891379 0保存成功[douban]
为爱放手 未匹配到合适id
----------地址被限制,稍后重试----------
none_list2 暂存
我是处女座 26673217 3.0保存成功[douban]
五女闹京城 26866836 2.7保存成功[douban]
爱情合众国 26706109 6.6保存成功[douban]
爱上试睡师 26904021 3.2保存成功[douban]
爸爸的3次婚礼 25884877 3.1保存成功[douban]
东宫皇子 26883577 0保存成功[douban]
三个孬家伙 26873166 4.7保存成功[douban]
撩妹必胜技 未匹配到合适id
----------地址被限制,稍后重试----------
克隆军团 未匹配到合适id
克隆军团 无豆瓣id数据，存入列表
暗黑杀神 未匹配到合适id
暗黑杀神 无豆瓣id数据，存入列表
僵局 未匹配到合适id
----------地址被限制,稍后重试----------
none_list 暂存
荣誉之印 未匹配到合适id
荣誉之印 无豆瓣id数据，存入列表
决斗 未匹配到合适id
决斗 无豆瓣id数据，存入列表
通天之眼 未匹配到合适id
----------地址被限制,稍后重试----------
none_list 暂存
沁感：未知的秘密 未匹配到合适id
沁感：未知的秘密 无豆瓣id数据，存入列表
古惑镇激斗少年 匹配到多个豆瓣id数据，存入列表2 ['26844872', '26910853']
爆头：全面突袭 未匹配到合适id
爆头：全面突袭 无豆瓣id数据，存入列表
大梦西游1 未匹配到合适id
----------地址被限制,稍后重试----------
none_list 暂存
none_list2 暂存
你好，再见 匹配到多个豆瓣id数据，存入列表2 ['26980974', '26882023']
优胜美地 未匹配到合适id
优胜美地 无豆瓣id数据，存入列表
我很帅 未匹配到合适id
我很帅 无豆瓣id数据，存入列表
老板 未匹配到合适id
----------地址被限制,稍后重试----------
none_list 暂存
none_list2 暂存
谎言大爆炸 26686170 4.5保存成功[douban]
西游番外篇之笨妖怪 未匹配到合适id
西游番外篇之笨妖怪 无豆瓣id数据，存入列表
大内密探王二狗 匹配到多个豆瓣id数据，存入列表2 ['26769600', '26813358']
超级神丁病 26877501 0保存成功[douban]
购物女王 未匹配到合适id
购物女王 无豆瓣id数据，存入列表
女神时代2016 未匹配到合适id
----------地址被限制,稍后重试----------
none_list 暂存
none_list2 暂存
独立日大电影 未匹配到合适id
独立日大电影 无豆瓣id数据，存入列表
附身实验 26438121 4.1保存成功[douban]
替罪羊 26826126 6.3保存成功[douban]
年轻的心 未匹配到合适id
----------地址被限制,稍后重试----------
none_list 暂存
瑞普·凡·温克尔的新娘 匹配到多个豆瓣id数据，存入列表2 ['26592040', '26766253']
地铁惊魂2016 未匹配到合适id
地铁惊魂2016 无豆瓣id数据，存入列表
黎明之前 匹配到多个豆瓣id数据，存入列表2 ['26700120', '26342345']
天上掉下个未婚夫 未匹配到合适id
----------地址被限制,稍后重试----------
none_list 暂存
none_list2 暂存
三打白骨精 匹配到多个豆瓣id数据，存入列表2 ['25827963', '26801911']
寻找斯蒂夫·麦昆 未匹配到合适id
寻找斯蒂夫·麦昆 无豆瓣id数据，存入列表
午夜火车 未匹配到合适id
午夜火车 无豆瓣id数据，存入列表
时间之旅 匹配到多个豆瓣id数据，存入列表2 ['6959015', '30174044']
嫌疑人Z 未匹配到合适id
----------地址被限制,稍后重试----------
none_list 暂存
none_list2 暂存
阿B特工 未匹配到合适id
阿B特工 无豆瓣id数据，存入列表
初来诈盗 未匹配到合适id
初来诈盗 无豆瓣id数据，存入列表
西游乱入三国 匹配到多个豆瓣id数据，存入列表2 ['26755214', '26774419']
断片儿2之父仇者联盟 未匹配到合适id
----------地址被限制,稍后重试----------
none_list 暂存
none_list2 暂存
孩子不惧怕死亡，但是害怕魔鬼 未匹配到合适id
孩子不惧怕死亡，但是害怕魔鬼 无豆瓣id数据，存入列表
死侍 匹配到多个豆瓣id数据，存入列表2 ['3718279', '26756270']
少女的世界 未匹配到合适id
少女的世界 无豆瓣id数据，存入列表
水面之下的真相 未匹配到合适id
----------地址被限制,稍后重试----------
none_list 暂存
none_list2 暂存
爱情游戏 未匹配到合适id
爱情游戏 无豆瓣id数据，存入列表
猎魂 匹配到多个豆瓣id数据，存入列表2 ['26840826', '26813342', '26786499']
硬核亨利 未匹配到合适id
硬核亨利 无豆瓣id数据，存入列表
心之界限 未匹配到合适id
----------地址被限制,稍后重试----------
none_list 暂存
none_list2 暂存
最后的列车 未匹配到合适id
----------地址被限制,稍后重试----------
[pid: 24504|app: 0|req: 135/192] 146.0.96.145 () {32 vars in 463 bytes} [Thu May 28 13:48:43 2020] GET / => generated 179 bytes in 1 msecs (HTTP/1.1 404) 4 headers in 128 bytes (1 switches on core 1)
人鱼校花 未匹配到合适id
----------地址被限制,稍后重试----------
抢劫犯 未匹配到合适id
----------地址被限制,稍后重试----------
美国化妆师 未匹配到合适id
----------地址被限制,稍后重试----------
连续五次失败，等待30分钟
----------重新启动查找------------
我是你的眼 匹配到多个豆瓣id数据，存入列表2 ['26929084', '26849173']
形影不离2016 未匹配到合适id
形影不离2016 无豆瓣id数据，存入列表
无处 未匹配到合适id
无处 无豆瓣id数据，存入列表
幼儿怨 未匹配到合适id
----------地址被限制,稍后重试----------
none_list 暂存
none_list2 暂存
窒息 匹配到多个豆瓣id数据，存入列表2 ['26879159', '26705869']
致命还击 未匹配到合适id
致命还击 无豆瓣id数据，存入列表
传奇的诞生 匹配到多个豆瓣id数据，存入列表2 ['3073268', '26765402']
天路十一组 未匹配到合适id
----------地址被限制,稍后重试----------
none_list 暂存
none_list2 暂存
重生2016 未匹配到合适id
重生2016 无豆瓣id数据，存入列表
猫皮 未匹配到合适id
猫皮 无豆瓣id数据，存入列表
真实犯罪 匹配到多个豆瓣id数据，存入列表2 ['6985825', '26421394']
五台山儿女英雄传 未匹配到合适id
五台山儿女英雄传 无豆瓣id数据，存入列表
魔术师：不可能的生活 未匹配到合适id
魔术师：不可能的生活 无豆瓣id数据，存入列表
破碎我心 未匹配到合适id
----------地址被限制,稍后重试----------
none_list 暂存
none_list2 暂存
[pid: 24504|app: 0|req: 136/193] 162.243.139.192 () {34 vars in 395 bytes} [Thu May 28 14:37:48 2020] GET / => generated 179 bytes in 1 msecs (HTTP/1.1 404) 4 headers in 128 bytes (1 switches on core 1)
谁的青春不迷茫 匹配到多个豆瓣id数据，存入列表2 ['26290367', '26984408']
花花子弟 未匹配到合适id
花花子弟 无豆瓣id数据，存入列表
画皮师 未匹配到合适id
画皮师 无豆瓣id数据，存入列表
恶床 未匹配到合适id
----------地址被限制,稍后重试----------
none_list 暂存
none_list2 暂存
仙班校园 匹配到多个豆瓣id数据，存入列表2 ['26702319', '26823157']
爸爸的女儿 未匹配到合适id
爸爸的女儿 无豆瓣id数据，存入列表
超级保镖 匹配到多个豆瓣id数据，存入列表2 ['26673947', '26846787']
勇士 匹配到多个豆瓣id数据，存入列表2 ['25845294', '26822683']
都市封魔传 未匹配到合适id
----------地址被限制,稍后重试----------
none_list 暂存
none_list2 暂存
[pid: 24504|app: 0|req: 137/194] 171.231.36.188 () {32 vars in 464 bytes} [Thu May 28 14:43:49 2020] GET / => generated 179 bytes in 1 msecs (HTTP/1.1 404) 4 headers in 128 bytes (1 switches on core 1)
血战狂沙 未匹配到合适id
血战狂沙 无豆瓣id数据，存入列表
燕子号与亚马逊号 匹配到多个豆瓣id数据，存入列表2 ['3060625', '26835352']
血战铜锣湾 匹配到多个豆瓣id数据，存入列表2 ['26779536', '26896804']
贞子归来 未匹配到合适id
----------地址被限制,稍后重试----------
none_list 暂存
none_list2 暂存
一个叫Po的男孩 未匹配到合适id
一个叫Po的男孩 无豆瓣id数据，存入列表
美国经历：长津湖战役 未匹配到合适id
美国经历：长津湖战役 无豆瓣id数据，存入列表
超暴力机斗/亡命游戏 未匹配到合适id
----------地址被限制,稍后重试----------
none_list 暂存
门徒2016 未匹配到合适id
门徒2016 无豆瓣id数据，存入列表
点亮青春 未匹配到合适id
点亮青春 无豆瓣id数据，存入列表
公社 匹配到多个豆瓣id数据，存入列表2 ['24696729', '26340522']
哥/我的麻烦大佬 未匹配到合适id
----------地址被限制,稍后重试----------
none_list 暂存
none_list2 暂存
奇怪的她日版 未匹配到合适id
奇怪的她日版 无豆瓣id数据，存入列表
游戏人生 未匹配到合适id
游戏人生 无豆瓣id数据，存入列表
小镇杀手/乌龙劫匪帮 未匹配到合适id
----------地址被限制,稍后重试----------
none_list 暂存
冷酷的心/心之物语(台) 未匹配到合适id
冷酷的心/心之物语(台) 无豆瓣id数据，存入列表
永恒之路 未匹配到合适id
永恒之路 无豆瓣id数据，存入列表
人工智能：灭绝危机 未匹配到合适id
----------地址被限制,稍后重试----------
none_list 暂存
去日无痕 未匹配到合适id
去日无痕 无豆瓣id数据，存入列表
小镇 未匹配到合适id
小镇 无豆瓣id数据，存入列表
恶魔蛙男 匹配到多个豆瓣id数据，存入列表2 ['26661608', '26870763']
侍女(2016) 未匹配到合适id
侍女(2016) 无豆瓣id数据，存入列表
断魂小丑 未匹配到合适id
断魂小丑 无豆瓣id数据，存入列表
寻找费里尼 未匹配到合适id
----------地址被限制,稍后重试----------
none_list 暂存
none_list2 暂存
玩命直播 匹配到多个豆瓣id数据，存入列表2 ['26313740', '26865323', '26955963']
隧道 匹配到多个豆瓣id数据，存入列表2 ['26410594', '26661229']
麻烦您啦 未匹配到合适id
麻烦您啦 无豆瓣id数据，存入列表
可不可以不毕业 匹配到多个豆瓣id数据，存入列表2 ['26940037', '26942430']
玛利亚 未匹配到合适id
----------地址被限制,稍后重试----------
none_list 暂存
none_list2 暂存
幽冥 匹配到多个豆瓣id数据，存入列表2 ['20514871', '26847052']
丧尸李志 匹配到多个豆瓣id数据，存入列表2 ['26898908', '26904206', '26899418']
超能太监 未匹配到合适id
超能太监 无豆瓣id数据，存入列表
超能太监2之黄金右手 未匹配到合适id
----------地址被限制,稍后重试----------
none_list 暂存
none_list2 暂存
她的应招日记 未匹配到合适id
她的应招日记 无豆瓣id数据，存入列表
千术1 未匹配到合适id
千术1 无豆瓣id数据，存入列表
四平青年之浩哥大战古惑仔 未匹配到合适id
----------地址被限制,稍后重试----------
none_list 暂存
午夜前十五分钟 未匹配到合适id
午夜前十五分钟 无豆瓣id数据，存入列表
拉拉行不行 未匹配到合适id
拉拉行不行 无豆瓣id数据，存入列表
杀手回家过年前一天 未匹配到合适id
----------地址被限制,稍后重试----------
none_list 暂存
深水区 匹配到多个豆瓣id数据，存入列表2 ['26710108', '30351360']
最萌身高差 匹配到多个豆瓣id数据，存入列表2 ['26696875', '26638831']
终极交换 未匹配到合适id
终极交换 无豆瓣id数据，存入列表
死亡笔记：点亮新世界 未匹配到合适id
----------地址被限制,稍后重试----------
none_list 暂存
none_list2 暂存
死亡笔记 匹配到多个豆瓣id数据，存入列表2 ['26766405', '26852892']
我的妈呀 匹配到多个豆瓣id数据，存入列表2 ['26712235', '27061572']
毁灭之路 未匹配到合适id
毁灭之路 无豆瓣id数据，存入列表
绕行 匹配到多个豆瓣id数据，存入列表2 ['26415376', '26584097']
恋恋难知音 未匹配到合适id
----------地址被限制,稍后重试----------
none_list 暂存
none_list2 暂存
开饭啦 匹配到多个豆瓣id数据，存入列表2 ['26844013', '30317819']
侠探杰克2：永不回头 未匹配到合适id
----------地址被限制,稍后重试----------
none_list2 暂存
秘密 未匹配到合适id
----------地址被限制,稍后重试----------
背叛的街角 未匹配到合适id
----------地址被限制,稍后重试----------
火星异种 未匹配到合适id
----------地址被限制,稍后重试----------
环法之旅 未匹配到合适id
----------地址被限制,稍后重试----------
连续五次失败，等待30分钟
[pid: 24504|app: 0|req: 138/195] 190.94.140.61 () {30 vars in 436 bytes} [Thu May 28 15:41:25 2020] GET / => generated 179 bytes in 1 msecs (HTTP/1.1 404) 4 headers in 128 bytes (1 switches on core 1)
----------重新启动查找------------
树大招风 未匹配到合适id
树大招风 无豆瓣id数据，存入列表
侠探西蒙 未匹配到合适id
侠探西蒙 无豆瓣id数据，存入列表
讨厌的女人 匹配到多个豆瓣id数据，存入列表2 ['26577206', '26655950']
热血街区电影版 未匹配到合适id
----------地址被限制,稍后重试----------
none_list 暂存
none_list2 暂存
自杀小队 匹配到多个豆瓣id数据，存入列表2 ['3569910', '27078053', '27078049', '27078050']
深海逃生 未匹配到合适id
深海逃生 无豆瓣id数据，存入列表
真·爱 未匹配到合适id
真·爱 无豆瓣id数据，存入列表
苌山虎 未匹配到合适id
----------地址被限制,稍后重试----------
none_list 暂存
none_list2 暂存
谜域之噬魂岭 未匹配到合适id
谜域之噬魂岭 无豆瓣id数据，存入列表
死于父手 未匹配到合适id
死于父手 无豆瓣id数据，存入列表
明明不喜欢 未匹配到合适id
----------地址被限制,稍后重试----------
none_list 暂存
毛骨悚然 匹配到多个豆瓣id数据，存入列表2 ['26581083', '26837949']
我要发达 未匹配到合适id
我要发达 无豆瓣id数据，存入列表
喔我的僵尸 未匹配到合适id
喔我的僵尸 无豆瓣id数据，存入列表
乡关何处 未匹配到合适id
----------地址被限制,稍后重试----------
none_list 暂存
none_list2 暂存
内心引力 26776397 7.3保存成功[douban]
承诺2016 未匹配到合适id
承诺2016 无豆瓣id数据，存入列表
碰撞 匹配到多个豆瓣id数据，存入列表2 ['26756851', '25797778']
日长似岁 未匹配到合适id
日长似岁 无豆瓣id数据，存入列表
少年 未匹配到合适id
少年 无豆瓣id数据，存入列表
箭士柳白猿 未匹配到合适id
----------地址被限制,稍后重试----------
none_list 暂存
none_list2 暂存
三人行 匹配到多个豆瓣id数据，存入列表2 ['26235349', '26752337']
不速之客 匹配到多个豆瓣id数据，存入列表2 ['26347316', '25910030']
我的战争 匹配到多个豆瓣id数据，存入列表2 ['25945350', '26710393']
我们的故事 匹配到多个豆瓣id数据，存入列表2 ['26705744', '26878605']
我们的十年 匹配到多个豆瓣id数据，存入列表2 ['25908065', '25907009']
喊·山 未匹配到合适id
----------地址被限制,稍后重试----------
none_list2 暂存
花样厨神 未匹配到合适id
花样厨神 无豆瓣id数据，存入列表
白日末路 未匹配到合适id
白日末路 无豆瓣id数据，存入列表
废柴特工 未匹配到合适id
----------地址被限制,稍后重试----------
none_list 暂存
穿越麦田 未匹配到合适id
穿越麦田 无豆瓣id数据，存入列表
看见我和你 匹配到多个豆瓣id数据，存入列表2 ['26865401', '26797567']
昨日重现 匹配到多个豆瓣id数据，存入列表2 ['26698112', '26716394']
我不是王毛 未匹配到合适id
----------地址被限制,稍后重试----------
none_list 暂存
none_list2 暂存
翻身 匹配到多个豆瓣id数据，存入列表2 ['26744072', '26887011']
成年人生存技能 未匹配到合适id
成年人生存技能 无豆瓣id数据，存入列表
劫中劫 匹配到多个豆瓣id数据，存入列表2 ['26323405', '27191378']
爱宠 匹配到多个豆瓣id数据，存入列表2 ['21817627', '3012033', '26909613', '26910847']
爱宠 匹配到多个豆瓣id数据，存入列表2 ['21817627', '3012033', '26909613', '26910847']
北极大冒险 未匹配到合适id
----------地址被限制,稍后重试----------
none_list 暂存
none_list2 暂存
塔洛 未匹配到合适id
塔洛 无豆瓣id数据，存入列表
夜行动物2016 未匹配到合适id
夜行动物2016 无豆瓣id数据，存入列表
被劫持的爱情 26696441 4.3保存成功[douban]
重见光明 未匹配到合适id
----------地址被限制,稍后重试----------
none_list 暂存
荒村怨灵 未匹配到合适id
荒村怨灵 无豆瓣id数据，存入列表
高台家的成员 匹配到多个豆瓣id数据，存入列表2 ['26609126', '26796642']
水色站 未匹配到合适id
水色站 无豆瓣id数据，存入列表
黑处有什么 未匹配到合适id
----------地址被限制,稍后重试----------
none_list 暂存
none_list2 暂存
在边境 匹配到多个豆瓣id数据，存入列表2 ['26882507', '26920355']
伊利湖 未匹配到合适id
伊利湖 无豆瓣id数据，存入列表
雪行 未匹配到合适id
雪行 无豆瓣id数据，存入列表
不速之客：嘉宾 未匹配到合适id
----------地址被限制,稍后重试----------
none_list 暂存
none_list2 暂存
落选英豪/无人问津 未匹配到合适id
落选英豪/无人问津 无豆瓣id数据，存入列表
兄弟之北漂歌手 26348820 0保存成功[douban]
十字架 匹配到多个豆瓣id数据，存入列表2 ['26915919', '26336505']
天使请吻我 未匹配到合适id
天使请吻我 无豆瓣id数据，存入列表
荔枝☆光俱乐部 未匹配到合适id
荔枝☆光俱乐部 无豆瓣id数据，存入列表
粉与灰 未匹配到合适id
----------地址被限制,稍后重试----------
none_list 暂存
none_list2 暂存
百鸟朝凤 未匹配到合适id
百鸟朝凤 无豆瓣id数据，存入列表
无限密室 匹配到多个豆瓣id数据，存入列表2 ['26428577', '26710691', '25724841']
红心的杰克 未匹配到合适id
红心的杰克 无豆瓣id数据，存入列表
你好，我叫多蕾丝 未匹配到合适id
----------地址被限制,稍后重试----------
none_list 暂存
none_list2 暂存
威卡兰特的日记 未匹配到合适id
----------地址被限制,稍后重试----------
听风捉影 未匹配到合适id
----------地址被限制,稍后重试----------
舞女2016 未匹配到合适id
----------地址被限制,稍后重试----------
致命指令 未匹配到合适id
致命指令 无豆瓣id数据，存入列表
阿拉丁与神灯 未匹配到合适id
阿拉丁与神灯 无豆瓣id数据，存入列表
暴力天使 未匹配到合适id
----------地址被限制,稍后重试----------
none_list 暂存
连续五次失败，等待30分钟
[pid: 24504|app: 0|req: 139/196] 172.105.89.161 () {34 vars in 490 bytes} [Thu May 28 17:06:11 2020] GET /0bef => generated 179 bytes in 1 msecs (HTTP/1.1 404) 4 headers in 128 bytes (1 switches on core 1)
[pid: 24504|app: 0|req: 140/197] 182.254.52.17 () {36 vars in 574 bytes} [Thu May 28 17:09:13 2020] GET /admin/login.html => generated 5348 bytes in 1 msecs (HTTP/1.1 200) 6 headers in 319 bytes (1 switches on core 1)
----------重新启动查找------------
哭声 匹配到多个豆瓣id数据，存入列表2 ['25817534', '26851206']
艾米丽 未匹配到合适id
艾米丽 无豆瓣id数据，存入列表
夺命交易员 未匹配到合适id
夺命交易员 无豆瓣id数据，存入列表
公路游戏 未匹配到合适id
----------地址被限制,稍后重试----------
none_list 暂存
none_list2 暂存
求职 匹配到多个豆瓣id数据，存入列表2 ['3842478', '26806821']
机器人 未匹配到合适id
机器人 无豆瓣id数据，存入列表
公园2016 未匹配到合适id
公园2016 无豆瓣id数据，存入列表
谋皮 未匹配到合适id
----------地址被限制,稍后重试----------
none_list 暂存
none_list2 暂存
无目标地区 未匹配到合适id
无目标地区 无豆瓣id数据，存入列表
已是香港明日 未匹配到合适id
已是香港明日 无豆瓣id数据，存入列表
十二黄道：为爱奔跑 26771098 0保存成功[douban]
时尚女神 未匹配到合适id
----------地址被限制,稍后重试----------
none_list 暂存
好汉花龙 未匹配到合适id
----------地址被限制,稍后重试----------
犯罪现场调查 未匹配到合适id
----------地址被限制,稍后重试----------
接线员 未匹配到合适id
----------地址被限制,稍后重试----------
Z岛 未匹配到合适id
----------地址被限制,稍后重试----------
连续五次失败，等待30分钟
----------重新启动查找------------
仇杀 未匹配到合适id
仇杀 无豆瓣id数据，存入列表
谍·莲花 未匹配到合适id
谍·莲花 无豆瓣id数据，存入列表
深夜书店 未匹配到合适id
----------地址被限制,稍后重试----------
none_list 暂存
黄金福将 未匹配到合适id
黄金福将 无豆瓣id数据，存入列表
囧夜 匹配到多个豆瓣id数据，存入列表2 ['26596745', '26433962']
保姆2015 未匹配到合适id
保姆2015 无豆瓣id数据，存入列表
女神时代2015 未匹配到合适id
----------地址被限制,稍后重试----------
none_list 暂存
none_list2 暂存
十万伙急 匹配到多个豆瓣id数据，存入列表2 ['26312979', '25806698']
我的相亲不靠谱 26416019 3.3保存成功[douban]
我要你开花 未匹配到合适id
我要你开花 无豆瓣id数据，存入列表
迷幻年代：爱与瘾 未匹配到合适id
迷幻年代：爱与瘾 无豆瓣id数据，存入列表
伊朗式迁区 未匹配到合适id
----------地址被限制,稍后重试----------
none_list 暂存
none_list2 暂存
世界一周 未匹配到合适id
世界一周 无豆瓣id数据，存入列表
少年班 匹配到多个豆瓣id数据，存入列表2 ['26219652', '26429442']
怪女孩 匹配到多个豆瓣id数据，存入列表2 ['25958789', '26298220']
味园新“声”代 未匹配到合适id
----------地址被限制,稍后重试----------
none_list 暂存
none_list2 暂存
二龙湖浩哥之狂暴之路 未匹配到合适id
二龙湖浩哥之狂暴之路 无豆瓣id数据，存入列表
冲上云霄 匹配到多个豆瓣id数据，存入列表2 ['7003416', '26411384']
奔跑吧！兄弟 匹配到多个豆瓣id数据，存入列表2 ['26274910', '26438888', '26279203']
十二公民 未匹配到合适id
----------地址被限制,稍后重试----------
none_list 暂存
none_list2 暂存
罪恶2015 未匹配到合适id
罪恶2015 无豆瓣id数据，存入列表
第七谎言 未匹配到合适id
第七谎言 无豆瓣id数据，存入列表
八恶人加长版 未匹配到合适id
----------地址被限制,稍后重试----------
none_list 暂存
[pid: 24504|app: 0|req: 141/198] 27.18.144.3 () {42 vars in 794 bytes} [Thu May 28 18:43:48 2020] GET /video/type/1/?&page=27 => generated 38498 bytes in 276 msecs (HTTP/1.1 200) 6 headers in 320 bytes (1 switches on core 1)
[pid: 24504|app: 0|req: 142/199] 27.18.144.3 () {44 vars in 851 bytes} [Thu May 28 18:44:10 2020] GET /video/type/1/?&page=1 => generated 37926 bytes in 240 msecs (HTTP/1.1 200) 6 headers in 320 bytes (1 switches on core 1)
[pid: 24504|app: 0|req: 143/200] 27.18.144.3 () {44 vars in 880 bytes} [Thu May 28 18:44:19 2020] GET /video/type/1/?year=&area=&rating=9.0 => generated 37202 bytes in 114 msecs (HTTP/1.1 200) 6 headers in 320 bytes (1 switches on core 1)
[pid: 24504|app: 0|req: 144/201] 27.18.144.3 () {44 vars in 887 bytes} [Thu May 28 18:44:53 2020] GET /video/type/1/?&rating=9.0&page=2 => generated 35322 bytes in 109 msecs (HTTP/1.1 200) 6 headers in 320 bytes (1 switches on core 1)
[pid: 24504|app: 0|req: 145/202] 27.18.144.3 () {44 vars in 883 bytes} [Thu May 28 18:45:21 2020] GET /video/type/1/?&rating=9.0&page=3 => generated 37018 bytes in 113 msecs (HTTP/1.1 200) 6 headers in 320 bytes (1 switches on core 1)
我是女王 匹配到多个豆瓣id数据，存入列表2 ['25780584', '25911593']
我是路人甲 匹配到多个豆瓣id数据，存入列表2 ['25746375', '26804245', '26606763']
琐碎 匹配到多个豆瓣id数据，存入列表2 ['26710636', '26339141']
[pid: 24504|app: 0|req: 146/203] 27.18.144.3 () {44 vars in 883 bytes} [Thu May 28 18:45:47 2020] GET /video/type/1/?&rating=9.0&page=4 => generated 19078 bytes in 110 msecs (HTTP/1.1 200) 6 headers in 320 bytes (1 switches on core 1)
开球 未匹配到合适id
开球 无豆瓣id数据，存入列表
直到永远2015 未匹配到合适id
----------地址被限制,稍后重试----------
none_list 暂存
none_list2 暂存
[pid: 24504|app: 0|req: 147/204] 27.18.144.3 () {44 vars in 883 bytes} [Thu May 28 18:45:56 2020] GET /video/type/1/?&rating=9.0&page=4 => generated 19078 bytes in 105 msecs (HTTP/1.1 200) 6 headers in 320 bytes (1 switches on core 1)
[pid: 24507|app: 0|req: 44/205] 27.18.144.3 () {44 vars in 891 bytes} [Thu May 28 18:45:59 2020] GET /video/type/1/?year=&area=&rating=8.0 => generated 41859 bytes in 125 msecs (HTTP/1.1 200) 6 headers in 320 bytes (1 switches on core 1)
[pid: 24504|app: 0|req: 148/206] 27.18.144.3 () {44 vars in 887 bytes} [Thu May 28 18:46:12 2020] GET /video/type/1/?&rating=8.0&page=2 => generated 42492 bytes in 115 msecs (HTTP/1.1 200) 6 headers in 320 bytes (1 switches on core 1)
[pid: 24504|app: 0|req: 149/207] 27.18.144.3 () {44 vars in 883 bytes} [Thu May 28 18:46:34 2020] GET /video/type/1/?&rating=8.0&page=3 => generated 39471 bytes in 116 msecs (HTTP/1.1 200) 6 headers in 320 bytes (1 switches on core 1)
[pid: 24504|app: 0|req: 150/208] 27.18.144.3 () {44 vars in 883 bytes} [Thu May 28 18:46:57 2020] GET /video/type/1/?&rating=8.0&page=4 => generated 36168 bytes in 115 msecs (HTTP/1.1 200) 6 headers in 320 bytes (1 switches on core 1)
[pid: 24504|app: 0|req: 151/209] 27.18.144.3 () {44 vars in 883 bytes} [Thu May 28 18:47:16 2020] GET /video/type/1/?&rating=8.0&page=5 => generated 35242 bytes in 112 msecs (HTTP/1.1 200) 6 headers in 320 bytes (1 switches on core 1)
[pid: 24504|app: 0|req: 152/210] 27.18.144.3 () {44 vars in 883 bytes} [Thu May 28 18:47:41 2020] GET /video/type/1/?&rating=8.0&page=6 => generated 36777 bytes in 115 msecs (HTTP/1.1 200) 6 headers in 320 bytes (1 switches on core 1)
[pid: 24504|app: 0|req: 153/211] 27.18.144.3 () {44 vars in 883 bytes} [Thu May 28 18:48:00 2020] GET /video/type/1/?&rating=8.0&page=7 => generated 37402 bytes in 115 msecs (HTTP/1.1 200) 6 headers in 320 bytes (1 switches on core 1)
[pid: 24504|app: 0|req: 154/212] 27.18.144.3 () {44 vars in 883 bytes} [Thu May 28 18:48:44 2020] GET /video/type/1/?&rating=8.0&page=8 => generated 37156 bytes in 120 msecs (HTTP/1.1 200) 6 headers in 320 bytes (1 switches on core 1)
捉妖济 匹配到多个豆瓣id数据，存入列表2 ['26461641', '26586832', '26672557']
捉妖者联盟 匹配到多个豆瓣id数据，存入列表2 ['26617085', '26697691']
怦然星动[印度版] 未匹配到合适id
怦然星动[印度版] 无豆瓣id数据，存入列表
怦然星动[中国版] 未匹配到合适id
怦然星动[中国版] 无豆瓣id数据，存入列表
战栗迷宫 未匹配到合适id
----------地址被限制,稍后重试----------
none_list 暂存
none_list2 暂存
[pid: 24504|app: 0|req: 155/213] 27.18.144.3 () {44 vars in 854 bytes} [Thu May 28 18:49:14 2020] GET /video/play/42487/ => generated 14639 bytes in 5 msecs (HTTP/1.1 200) 6 headers in 320 bytes (1 switches on core 1)
校花时代 匹配到多个豆瓣id数据，存入列表2 ['26705691', '26667672']
艾米(2015) 未匹配到合适id
艾米(2015) 无豆瓣id数据，存入列表
人类 未匹配到合适id
人类 无豆瓣id数据，存入列表
遗弃2015 未匹配到合适id
----------地址被限制,稍后重试----------
none_list 暂存
none_list2 暂存
蝴蝶2015 未匹配到合适id
蝴蝶2015 无豆瓣id数据，存入列表
爱恋2015 未匹配到合适id
爱恋2015 无豆瓣id数据，存入列表
幻象2015 未匹配到合适id
----------地址被限制,稍后重试----------
none_list 暂存
房间2015 未匹配到合适id
房间2015 无豆瓣id数据，存入列表
爱神2015 未匹配到合适id
爱神2015 无豆瓣id数据，存入列表
道士出山 匹配到多个豆瓣id数据，存入列表2 ['26362770', '26422724', '26663615', '26692739', '26550734']
一路相亲 未匹配到合适id
----------地址被限制,稍后重试----------
none_list 暂存
none_list2 暂存
[pid: 24504|app: 0|req: 156/214] 27.18.144.3 () {44 vars in 883 bytes} [Thu May 28 18:59:04 2020] GET /video/type/1/?&rating=8.0&page=9 => generated 36147 bytes in 114 msecs (HTTP/1.1 200) 6 headers in 320 bytes (1 switches on core 1)
[pid: 24504|app: 0|req: 157/215] 27.18.144.3 () {44 vars in 885 bytes} [Thu May 28 18:59:27 2020] GET /video/type/1/?&rating=8.0&page=10 => generated 36608 bytes in 118 msecs (HTTP/1.1 200) 6 headers in 320 bytes (1 switches on core 1)
[pid: 24504|app: 0|req: 158/216] 27.18.144.3 () {44 vars in 886 bytes} [Thu May 28 18:59:38 2020] GET /video/type/1/?&rating=8.0&page=11 => generated 40844 bytes in 114 msecs (HTTP/1.1 200) 6 headers in 320 bytes (1 switches on core 1)
[pid: 24504|app: 0|req: 159/217] 27.18.144.3 () {44 vars in 886 bytes} [Thu May 28 18:59:58 2020] GET /video/type/1/?&rating=8.0&page=12 => generated 37024 bytes in 116 msecs (HTTP/1.1 200) 6 headers in 320 bytes (1 switches on core 1)
[pid: 24504|app: 0|req: 160/218] 27.18.144.3 () {44 vars in 886 bytes} [Thu May 28 19:00:10 2020] GET /video/type/1/?&rating=8.0&page=13 => generated 37642 bytes in 118 msecs (HTTP/1.1 200) 6 headers in 320 bytes (1 switches on core 1)
[pid: 24504|app: 0|req: 161/219] 27.18.144.3 () {44 vars in 886 bytes} [Thu May 28 19:00:31 2020] GET /video/type/1/?&rating=8.0&page=14 => generated 37421 bytes in 116 msecs (HTTP/1.1 200) 6 headers in 320 bytes (1 switches on core 1)
[pid: 24504|app: 0|req: 162/220] 27.18.144.3 () {44 vars in 886 bytes} [Thu May 28 19:00:47 2020] GET /video/type/1/?&rating=8.0&page=15 => generated 39718 bytes in 122 msecs (HTTP/1.1 200) 6 headers in 320 bytes (1 switches on core 1)
[pid: 24504|app: 0|req: 163/221] 27.18.144.3 () {44 vars in 886 bytes} [Thu May 28 19:01:06 2020] GET /video/type/1/?&rating=8.0&page=16 => generated 39753 bytes in 115 msecs (HTTP/1.1 200) 6 headers in 320 bytes (1 switches on core 1)
[pid: 24504|app: 0|req: 164/222] 27.18.144.3 () {44 vars in 847 bytes} [Thu May 28 19:01:18 2020] GET /video/type/2/ => generated 35758 bytes in 166 msecs (HTTP/1.1 200) 6 headers in 320 bytes (1 switches on core 1)
灭绝2015 未匹配到合适id
灭绝2015 无豆瓣id数据，存入列表
狼群 匹配到多个豆瓣id数据，存入列表2 ['26276378', '26606901']
最后的女孩 匹配到多个豆瓣id数据，存入列表2 ['21349012', '25881628', '26557931']
[pid: 24504|app: 0|req: 165/223] 27.18.144.3 () {44 vars in 956 bytes} [Thu May 28 19:01:33 2020] GET /video/search/?wd=%E5%8C%97%E4%BA%AC%E7%88%B1%E6%83%85%E6%95%85%E4%BA%8B&page=1 => generated 15555 bytes in 53 msecs (HTTP/1.1 200) 6 headers in 320 bytes (1 switches on core 1)
铁拳2015 未匹配到合适id
----------地址被限制,稍后重试----------
none_list 暂存
none_list2 暂存
[pid: 24504|app: 0|req: 166/224] 27.18.144.3 () {44 vars in 900 bytes} [Thu May 28 19:01:42 2020] GET /video/play/82978/ => generated 19553 bytes in 15 msecs (HTTP/1.1 200) 6 headers in 320 bytes (1 switches on core 1)
使命召唤 匹配到多个豆瓣id数据，存入列表2 ['20379462', '26607304']
恶魔2015 未匹配到合适id
恶魔2015 无豆瓣id数据，存入列表
战神阿瑞斯 未匹配到合适id
战神阿瑞斯 无豆瓣id数据，存入列表
惧水之恋 未匹配到合适id
----------地址被限制,稍后重试----------
none_list 暂存
none_list2 暂存
双重约会2015 未匹配到合适id
双重约会2015 无豆瓣id数据，存入列表
绝命盗窃/即刻杀机 未匹配到合适id
绝命盗窃/即刻杀机 无豆瓣id数据，存入列表
圩堡枪声 26720070 0保存成功[douban]
NASA科普短片系列 未匹配到合适id
----------地址被限制,稍后重试----------
none_list 暂存
遗忘 未匹配到合适id
遗忘 无豆瓣id数据，存入列表
老爸当家 4095250 6.5保存成功[douban]
五十度灰 未匹配到合适id
五十度灰 无豆瓣id数据，存入列表
换体男女 未匹配到合适id
----------地址被限制,稍后重试----------
none_list 暂存
进击的巨人真人版：后篇 未匹配到合适id
----------地址被限制,稍后重试----------
给朱丽叶的信 未匹配到合适id
----------地址被限制,稍后重试----------
陷阱 未匹配到合适id
----------地址被限制,稍后重试----------
二龙湖浩哥4 未匹配到合适id
----------地址被限制,稍后重试----------
连续五次失败，等待30分钟
[pid: 24504|app: 0|req: 167/225] 27.18.144.3 () {44 vars in 855 bytes} [Thu May 28 19:48:01 2020] GET /video/play/82978/1-2.html => generated 19553 bytes in 9 msecs (HTTP/1.1 200) 6 headers in 320 bytes (1 switches on core 1)
----------重新启动查找------------
我唾弃你的坟墓3：复仇在我 未匹配到合适id
----------地址被限制,稍后重试----------
妈妈 未匹配到合适id
----------地址被限制,稍后重试----------
人体蜈蚣3 未匹配到合适id
人体蜈蚣3 无豆瓣id数据，存入列表
中国市长 未匹配到合适id
中国市长 无豆瓣id数据，存入列表
遗失记忆 匹配到多个豆瓣id数据，存入列表2 ['24704054', '34953867']
德·帕尔玛 未匹配到合适id
----------地址被限制,稍后重试----------
none_list 暂存
none_list2 暂存
情归何方 未匹配到合适id
情归何方 无豆瓣id数据，存入列表
救世主2014 未匹配到合适id
救世主2014 无豆瓣id数据，存入列表
神探驾到 匹配到多个豆瓣id数据，存入列表2 ['26263437', '25955491']
谜城 未匹配到合适id
----------地址被限制,稍后重试----------
none_list 暂存
none_list2 暂存
何以笙箫默 匹配到多个豆瓣id数据，存入列表2 ['26259634', '25885442']
因为谷桂花 未匹配到合适id
因为谷桂花 无豆瓣id数据，存入列表
悬战 未匹配到合适id
悬战 无豆瓣id数据，存入列表
贴着你心跳 未匹配到合适id
----------地址被限制,稍后重试----------
none_list 暂存
none_list2 暂存
俺的闺女俺的儿 未匹配到合适id
俺的闺女俺的儿 无豆瓣id数据，存入列表
夏日囧途 未匹配到合适id
夏日囧途 无豆瓣id数据，存入列表
我爱她 未匹配到合适id
----------地址被限制,稍后重试----------
none_list 暂存
印度的女儿 匹配到多个豆瓣id数据，存入列表2 ['26336727', '26957182']
柯丽莎 未匹配到合适id
柯丽莎 无豆瓣id数据，存入列表
危思禁入 未匹配到合适id
危思禁入 无豆瓣id数据，存入列表
巴斯克情事2 未匹配到合适id
----------地址被限制,稍后重试----------
none_list 暂存
none_list2 暂存
无限 未匹配到合适id
无限 无豆瓣id数据，存入列表
俺物语 匹配到多个豆瓣id数据，存入列表2 ['26386691', '26257312']
时尚女郎之女人江湖 未匹配到合适id
时尚女郎之女人江湖 无豆瓣id数据，存入列表
与我同行 未匹配到合适id
----------地址被限制,稍后重试----------
none_list 暂存
none_list2 暂存
超级特务.电影版 未匹配到合适id
超级特务.电影版 无豆瓣id数据，存入列表
荣誉勋章 未匹配到合适id
荣誉勋章 无豆瓣id数据，存入列表
菜鸟 未匹配到合适id
----------地址被限制,稍后重试----------
none_list 暂存
天堂组曲 未匹配到合适id
----------地址被限制,稍后重试----------
家在水草丰茂的地方 未匹配到合适id
家在水草丰茂的地方 无豆瓣id数据，存入列表
关于青春的三段回忆 未匹配到合适id
关于青春的三段回忆 无豆瓣id数据，存入列表
酷孩吉姆 未匹配到合适id
----------地址被限制,稍后重试----------
none_list 暂存
为什么是我？ 匹配到多个豆瓣id数据，存入列表2 ['26306648', '26713434', '26327373']
人族 未匹配到合适id
人族 无豆瓣id数据，存入列表
红色天空 未匹配到合适id
红色天空 无豆瓣id数据，存入列表
神勇不敌女枪手 未匹配到合适id
----------地址被限制,稍后重试----------
none_list 暂存
none_list2 暂存
七宝传奇之氽来神钟 未匹配到合适id
七宝传奇之氽来神钟 无豆瓣id数据，存入列表
风云小棋王4：解杀反捉 未匹配到合适id
风云小棋王4：解杀反捉 无豆瓣id数据，存入列表
大力神 匹配到多个豆瓣id数据，存入列表2 ['24859795', '3157583', '25925835']
恶行 未匹配到合适id
----------地址被限制,稍后重试----------
none_list 暂存
none_list2 暂存
爱情突击队员 未匹配到合适id
爱情突击队员 无豆瓣id数据，存入列表
井 未匹配到合适id
井 无豆瓣id数据，存入列表
奇男待嫁 未匹配到合适id
----------地址被限制,稍后重试----------
none_list 暂存
意大利之旅 匹配到多个豆瓣id数据，存入列表2 ['24706496', '25876670', '26363322']
活女丧尸夜 未匹配到合适id
活女丧尸夜 无豆瓣id数据，存入列表
狼溪2 未匹配到合适id
狼溪2 无豆瓣id数据，存入列表
家路 未匹配到合适id
----------地址被限制,稍后重试----------
none_list 暂存
none_list2 暂存
同桌的妳 匹配到多个豆瓣id数据，存入列表2 ['24843198', '27008558', '25875052']
雪国列车 未匹配到合适id
雪国列车 无豆瓣id数据，存入列表
双生灵.双结局 未匹配到合适id
双生灵.双结局 无豆瓣id数据，存入列表
欢迎来到我的世界：圣诞十二劫 未匹配到合适id
----------地址被限制,稍后重试----------
none_list 暂存
none_list2 暂存
火线反攻 未匹配到合适id
火线反攻 无豆瓣id数据，存入列表
美国骗局 未匹配到合适id
美国骗局 无豆瓣id数据，存入列表
北京爱情故事 匹配到多个豆瓣id数据，存入列表2 ['24736566', '25948061']
黑镜圣诞特辑白色圣诞 未匹配到合适id
----------地址被限制,稍后重试----------
none_list 暂存
none_list2 暂存
[pid: 24504|app: 0|req: 168/226] 61.219.126.133 () {28 vars in 308 bytes} [Thu May 28 20:47:35 2020] GET / => generated 179 bytes in 1 msecs (HTTP/1.1 404) 4 headers in 128 bytes (1 switches on core 1)
火山对对碰 未匹配到合适id
火山对对碰 无豆瓣id数据，存入列表
21岁派对 未匹配到合适id
21岁派对 无豆瓣id数据，存入列表
家园防线 未匹配到合适id
----------地址被限制,稍后重试----------
none_list 暂存
[pid: 24504|app: 0|req: 169/227] 27.18.144.3 () {44 vars in 863 bytes} [Thu May 28 20:51:30 2020] GET /video/play/82978/1-3.html => generated 19553 bytes in 9 msecs (HTTP/1.1 200) 6 headers in 320 bytes (1 switches on core 1)
青春之旅 未匹配到合适id
----------地址被限制,稍后重试----------
购物车 未匹配到合适id
----------地址被限制,稍后重试----------
圣杯神器：骸骨之城 未匹配到合适id
----------地址被限制,稍后重试----------
连续五次失败，等待30分钟
[pid: 24504|app: 0|req: 170/228] 128.14.134.170 () {34 vars in 488 bytes} [Thu May 28 21:08:59 2020] GET / => generated 179 bytes in 1 msecs (HTTP/1.1 404) 4 headers in 128 bytes (1 switches on core 1)
----------重新启动查找------------
怪物2014 未匹配到合适id
怪物2014 无豆瓣id数据，存入列表
阁楼2014 未匹配到合适id
阁楼2014 无豆瓣id数据，存入列表
同桌的你 匹配到多个豆瓣id数据，存入列表2 ['24843198', '27008558', '25875052']
冬荫功2：拳霸天下 未匹配到合适id
----------地址被限制,稍后重试----------
none_list 暂存
none_list2 暂存
超凡蜘蛛侠2 匹配到多个豆瓣id数据，存入列表2 ['6082518', '34848588', '34849264']
守护 未匹配到合适id
守护 无豆瓣id数据，存入列表
年轻人 匹配到多个豆瓣id数据，存入列表2 ['21355752', '25843132']
过界男女 未匹配到合适id
----------地址被限制,稍后重试----------
none_list 暂存
none_list2 暂存
[pid: 24504|app: 0|req: 171/229] 27.18.144.3 () {44 vars in 863 bytes} [Thu May 28 21:33:57 2020] GET /video/play/82978/1-4.html => generated 19553 bytes in 10 msecs (HTTP/1.1 200) 6 headers in 320 bytes (1 switches on core 1)
[pid: 24504|app: 0|req: 172/230] 182.254.52.17 () {36 vars in 591 bytes} [Thu May 28 21:35:43 2020] GET /admin/view_log/?page%3D17 => generated 0 bytes in 1 msecs (HTTP/1.1 302) 6 headers in 180 bytes (1 switches on core 1)
[pid: 24507|app: 0|req: 45/231] 182.254.52.17 () {38 vars in 636 bytes} [Thu May 28 21:35:43 2020] GET /admin/login.html => generated 5348 bytes in 1 msecs (HTTP/1.1 200) 6 headers in 319 bytes (1 switches on core 0)
爸爸去哪儿 匹配到多个豆瓣id数据，存入列表2 ['25785314', '25826679']
亲爱的 匹配到多个豆瓣id数据，存入列表2 ['25798222', '25978207']
美丽笨女人 匹配到多个豆瓣id数据，存入列表2 ['25901066', '25880245']
先下手为强 未匹配到合适id
先下手为强 无豆瓣id数据，存入列表
小鸡仔 未匹配到合适id
----------地址被限制,稍后重试----------
none_list 暂存
none_list2 暂存
[pid: 24504|app: 0|req: 173/232] 192.241.209.175 () {34 vars in 419 bytes} [Thu May 28 21:39:40 2020] GET /ReportServer => generated 179 bytes in 1 msecs (HTTP/1.1 404) 4 headers in 128 bytes (1 switches on core 1)
穿越白色空间 未匹配到合适id
穿越白色空间 无豆瓣id数据，存入列表
信标 未匹配到合适id
信标 无豆瓣id数据，存入列表
教师2014 未匹配到合适id
----------地址被限制,稍后重试----------
none_list 暂存
只要我们在一起 未匹配到合适id
只要我们在一起 无豆瓣id数据，存入列表
狂怒 23331914 7.9保存成功[douban]
伊夫圣罗兰传 匹配到多个豆瓣id数据，存入列表2 ['21370624', '21370611']
利维坦2014 未匹配到合适id
----------地址被限制,稍后重试----------
none_list 暂存
none_list2 暂存
黑执事 未匹配到合适id
黑执事 无豆瓣id数据，存入列表
热血青春 匹配到多个豆瓣id数据，存入列表2 ['24839498', '25986685']
不死鸟 匹配到多个豆瓣id数据，存入列表2 ['22637441', '26278789']
[pid: 24504|app: 0|req: 174/233] 182.254.52.17 () {36 vars in 502 bytes} [Thu May 28 21:46:51 2020] GET /cp/.env => generated 179 bytes in 1 msecs (HTTP/1.1 404) 4 headers in 128 bytes (1 switches on core 1)
晚安妈咪 25934361 6.4保存成功[douban]
钛2014 未匹配到合适id
----------地址被限制,稍后重试----------
none_list 暂存
none_list2 暂存
[pid: 24504|app: 0|req: 175/234] 182.254.52.17 () {36 vars in 564 bytes} [Thu May 28 21:47:04 2020] GET /travis/.env => generated 179 bytes in 1 msecs (HTTP/1.1 404) 4 headers in 128 bytes (1 switches on core 1)
爱在前方 未匹配到合适id
爱在前方 无豆瓣id数据，存入列表
曾经 未匹配到合适id
曾经 无豆瓣id数据，存入列表
警视厅搜查一课长SP3 未匹配到合适id
警视厅搜查一课长SP3 无豆瓣id数据，存入列表
迫害2014 未匹配到合适id
----------地址被限制,稍后重试----------
none_list 暂存
铁拳2 匹配到多个豆瓣id数据，存入列表2 ['25890330', '25960138']
翩翩起舞的姑娘 未匹配到合适id
翩翩起舞的姑娘 无豆瓣id数据，存入列表
玉子爱情故事 匹配到多个豆瓣id数据，存入列表2 ['25796222', '25831889']
鸟人 匹配到多个豆瓣id数据，存入列表2 ['20438962', '25856350']
幸存者 未匹配到合适id
----------地址被限制,稍后重试----------
none_list 暂存
none_list2 暂存
[pid: 24504|app: 0|req: 176/235] 14.18.182.223 () {36 vars in 568 bytes} [Thu May 28 21:55:01 2020] GET /personal/.env => generated 179 bytes in 1 msecs (HTTP/1.1 404) 4 headers in 128 bytes (1 switches on core 1)
[pid: 24504|app: 0|req: 177/236] 182.254.52.17 () {36 vars in 558 bytes} [Thu May 28 21:55:16 2020] GET /inc/.env => generated 179 bytes in 2 msecs (HTTP/1.1 404) 4 headers in 128 bytes (1 switches on core 1)
记忆授予者 未匹配到合适id
记忆授予者 无豆瓣id数据，存入列表
极品飞车 匹配到多个豆瓣id数据，存入列表2 ['20257326', '26577533']
奇怪的她韩版 未匹配到合适id
奇怪的她韩版 无豆瓣id数据，存入列表
王子 未匹配到合适id
----------地址被限制,稍后重试----------
none_list 暂存
none_list2 暂存
[pid: 24504|app: 0|req: 178/237] 182.254.52.17 () {36 vars in 564 bytes} [Thu May 28 21:58:09 2020] GET /.git/config => generated 179 bytes in 1 msecs (HTTP/1.1 404) 4 headers in 128 bytes (1 switches on core 1)
激乐人心 21870330 7.2保存成功[douban]
唐伯虎冲上云霄 未匹配到合适id
唐伯虎冲上云霄 无豆瓣id数据，存入列表
邻居同居LDK 未匹配到合适id
邻居同居LDK 无豆瓣id数据，存入列表
寄生兽 未匹配到合适id
----------地址被限制,稍后重试----------
none_list 暂存
[pid: 24504|app: 0|req: 179/238] 116.128.128.41 () {36 vars in 565 bytes} [Thu May 28 22:01:19 2020] GET /master/.env => generated 179 bytes in 1 msecs (HTTP/1.1 404) 4 headers in 128 bytes (1 switches on core 1)
玩世英雄 未匹配到合适id
玩世英雄 无豆瓣id数据，存入列表
星际穿越 匹配到多个豆瓣id数据，存入列表2 ['1889243', '26263467', '26255844', '26255380']
上位2 未匹配到合适id
上位2 无豆瓣id数据，存入列表
美丽谎言 未匹配到合适id
----------地址被限制,稍后重试----------
none_list 暂存
none_list2 暂存
七十七天 未匹配到合适id
七十七天 无豆瓣id数据，存入列表
类似爱情 未匹配到合适id
类似爱情 无豆瓣id数据，存入列表
四平青年2 未匹配到合适id
----------地址被限制,稍后重试----------
none_list 暂存
[pid: 24504|app: 0|req: 180/239] 182.254.52.17 () {36 vars in 560 bytes} [Thu May 28 22:07:30 2020] GET /rest/.env => generated 179 bytes in 1 msecs (HTTP/1.1 404) 4 headers in 128 bytes (1 switches on core 1)
二龙湖浩哥之今生是兄弟 未匹配到合适id
二龙湖浩哥之今生是兄弟 无豆瓣id数据，存入列表
阁楼之花 未匹配到合适id
阁楼之花 无豆瓣id数据，存入列表
喜爱夜蒲3 未匹配到合适id
----------地址被限制,稍后重试----------
none_list 暂存
警察日记 未匹配到合适id
警察日记 无豆瓣id数据，存入列表
魔警 匹配到多个豆瓣id数据，存入列表2 ['20515977', '22266898']
单身男女2 21359619 5.5保存成功[douban]
智取威虎山 匹配到多个豆瓣id数据，存入列表2 ['10807909', '26289460', '26289472']
金牌流浪狗 未匹配到合适id
----------地址被限制,稍后重试----------
none_list 暂存
none_list2 暂存
蓝色骨头 未匹配到合适id
----------地址被限制,稍后重试----------
归来 未匹配到合适id
----------地址被限制,稍后重试----------
让我们西米吧 未匹配到合适id
----------地址被限制,稍后重试----------
[pid: 24504|app: 0|req: 181/240] 182.254.52.17 () {36 vars in 564 bytes} [Thu May 28 22:21:59 2020] GET /public/.env => generated 179 bytes in 1 msecs (HTTP/1.1 404) 4 headers in 128 bytes (1 switches on core 1)
[pid: 24504|app: 0|req: 182/241] 182.254.52.17 () {36 vars in 576 bytes} [Thu May 28 22:22:12 2020] GET /dependencies/.env => generated 179 bytes in 1 msecs (HTTP/1.1 404) 4 headers in 128 bytes (1 switches on core 1)
笔仙3 未匹配到合适id
----------地址被限制,稍后重试----------
[pid: 24504|app: 0|req: 183/242] 182.254.52.17 () {36 vars in 564 bytes} [Thu May 28 22:24:57 2020] GET /routes/.env => generated 179 bytes in 1 msecs (HTTP/1.1 404) 4 headers in 128 bytes (1 switches on core 1)
连续五次失败，等待30分钟
[pid: 24504|app: 0|req: 184/243] 182.254.52.17 () {36 vars in 562 bytes} [Thu May 28 22:28:08 2020] GET /login/.env => generated 179 bytes in 1 msecs (HTTP/1.1 404) 4 headers in 128 bytes (1 switches on core 1)
[pid: 24504|app: 0|req: 185/244] 61.241.50.63 () {36 vars in 557 bytes} [Thu May 28 22:30:43 2020] GET /api/.env => generated 179 bytes in 1 msecs (HTTP/1.1 404) 4 headers in 128 bytes (1 switches on core 1)
[pid: 24504|app: 0|req: 186/245] 27.18.144.3 () {44 vars in 863 bytes} [Thu May 28 22:31:40 2020] GET /video/play/82978/1-5.html => generated 19553 bytes in 9 msecs (HTTP/1.1 200) 6 headers in 320 bytes (1 switches on core 1)
[pid: 24504|app: 0|req: 187/246] 182.254.52.17 () {36 vars in 562 bytes} [Thu May 28 22:34:14 2020] GET /local/.env => generated 179 bytes in 1 msecs (HTTP/1.1 404) 4 headers in 128 bytes (1 switches on core 1)
[pid: 24504|app: 0|req: 188/247] 182.254.52.17 () {36 vars in 560 bytes} [Thu May 28 22:36:38 2020] GET /cron/.env => generated 179 bytes in 2 msecs (HTTP/1.1 404) 4 headers in 128 bytes (1 switches on core 1)
[pid: 24504|app: 0|req: 189/248] 182.254.52.17 () {36 vars in 562 bytes} [Thu May 28 22:45:09 2020] GET /admin/.env => generated 179 bytes in 1 msecs (HTTP/1.1 404) 4 headers in 128 bytes (1 switches on core 1)
[pid: 24504|app: 0|req: 190/249] 182.254.52.17 () {36 vars in 550 bytes} [Thu May 28 22:45:15 2020] GET /.env => generated 179 bytes in 1 msecs (HTTP/1.1 404) 4 headers in 128 bytes (1 switches on core 1)
[pid: 24504|app: 0|req: 191/250] 182.254.52.17 () {36 vars in 564 bytes} [Thu May 28 22:48:17 2020] GET /config/.env => generated 179 bytes in 1 msecs (HTTP/1.1 404) 4 headers in 128 bytes (1 switches on core 1)
[pid: 24504|app: 0|req: 192/251] 182.254.52.17 () {36 vars in 574 bytes} [Thu May 28 22:48:20 2020] GET /application/.env => generated 179 bytes in 1 msecs (HTTP/1.1 404) 4 headers in 128 bytes (1 switches on core 1)
[pid: 24504|app: 0|req: 193/252] 182.254.52.17 () {36 vars in 510 bytes} [Thu May 28 22:51:15 2020] GET /server/.env => generated 179 bytes in 1 msecs (HTTP/1.1 404) 4 headers in 128 bytes (1 switches on core 1)
[pid: 24504|app: 0|req: 194/253] 182.254.52.17 () {36 vars in 566 bytes} [Thu May 28 22:56:49 2020] GET /private/.env => generated 179 bytes in 1 msecs (HTTP/1.1 404) 4 headers in 128 bytes (1 switches on core 1)
----------重新启动查找------------
迫在眉睫2 未匹配到合适id
----------地址被限制,稍后重试----------
[pid: 24504|app: 0|req: 195/254] 182.254.52.17 () {36 vars in 578 bytes} [Thu May 28 22:59:39 2020] GET /vod_installer/.env => generated 179 bytes in 1 msecs (HTTP/1.1 404) 4 headers in 128 bytes (1 switches on core 1)
[pid: 24504|app: 0|req: 196/255] 182.254.52.17 () {36 vars in 568 bytes} [Thu May 28 22:59:41 2020] GET /ironment/.env => generated 179 bytes in 1 msecs (HTTP/1.1 404) 4 headers in 128 bytes (1 switches on core 1)
对不起，我爱你 未匹配到合适id
对不起，我爱你 无豆瓣id数据，存入列表
别惹我 未匹配到合适id
别惹我 无豆瓣id数据，存入列表
怨灵人偶 未匹配到合适id
----------地址被限制,稍后重试----------
none_list 暂存
夜行动物2014 未匹配到合适id
夜行动物2014 无豆瓣id数据，存入列表
来自特蕾莎修女的信 未匹配到合适id
来自特蕾莎修女的信 无豆瓣id数据，存入列表
人艰不拆 匹配到多个豆瓣id数据，存入列表2 ['26036657', '25964220']
铁甲衣2：浴血奋战 未匹配到合适id
----------地址被限制,稍后重试----------
none_list 暂存
none_list2 暂存
[pid: 24504|app: 0|req: 197/256] 182.254.52.17 () {36 vars in 564 bytes} [Thu May 28 23:05:51 2020] GET /search/.env => generated 179 bytes in 1 msecs (HTTP/1.1 404) 4 headers in 128 bytes (1 switches on core 1)
恍如隔世 未匹配到合适id
恍如隔世 无豆瓣id数据，存入列表
庞贝末日 未匹配到合适id
庞贝末日 无豆瓣id数据，存入列表
10分钟 未匹配到合适id
----------地址被限制,稍后重试----------
none_list 暂存
灵异导航 未匹配到合适id
灵异导航 无豆瓣id数据，存入列表
露水红颜 匹配到多个豆瓣id数据，存入列表2 ['25831308', '26282692']
爪哇盗火线 6957283 5.1保存成功[douban]
熊猫人之神探李奥 未匹配到合适id
----------地址被限制,稍后重试----------
none_list 暂存
none_list2 暂存
帕克 匹配到多个豆瓣id数据，存入列表2 ['6875647', '20514798']
俘虏 未匹配到合适id
俘虏 无豆瓣id数据，存入列表
危情营救 未匹配到合适id
危情营救 无豆瓣id数据，存入列表
双雄2013 未匹配到合适id
----------地址被限制,稍后重试----------
none_list 暂存
none_list2 暂存
[pid: 24504|app: 0|req: 198/257] 27.18.144.3 () {44 vars in 863 bytes} [Thu May 28 23:14:15 2020] GET /video/play/82978/1-6.html => generated 19553 bytes in 9 msecs (HTTP/1.1 200) 6 headers in 320 bytes (1 switches on core 1)
[pid: 24504|app: 0|req: 199/258] 14.18.182.223 () {36 vars in 568 bytes} [Thu May 28 23:15:27 2020] GET /document/.env => generated 179 bytes in 1 msecs (HTTP/1.1 404) 4 headers in 128 bytes (1 switches on core 1)
典当行编年史 未匹配到合适id
典当行编年史 无豆瓣id数据，存入列表
定时器 未匹配到合适id
定时器 无豆瓣id数据，存入列表
不可饶恕日版 未匹配到合适id
----------地址被限制,稍后重试----------
none_list 暂存
螳螂拳 未匹配到合适id
螳螂拳 无豆瓣id数据，存入列表
尉迟恭 未匹配到合适id
尉迟恭 无豆瓣id数据，存入列表
邪恶骨血 未匹配到合适id
----------地址被限制,稍后重试----------
none_list 暂存
性命攸关 未匹配到合适id
性命攸关 无豆瓣id数据，存入列表
忍者乱太郎之夏日大作战 未匹配到合适id
忍者乱太郎之夏日大作战 无豆瓣id数据，存入列表
逃脱 匹配到多个豆瓣id数据，存入列表2 ['21334996', '10801417']
霹雳火秦明 未匹配到合适id
----------地址被限制,稍后重试----------
none_list 暂存
none_list2 暂存
老男孩2013 未匹配到合适id
老男孩2013 无豆瓣id数据，存入列表
传教士 未匹配到合适id
传教士 无豆瓣id数据，存入列表
为朱莉报仇 未匹配到合适id
----------地址被限制,稍后重试----------
none_list 暂存
在这个世界 匹配到多个豆瓣id数据，存入列表2 ['10811181', '24863242']
乌龙骑士团 5160720 4.4保存成功[douban]
末日灾难 未匹配到合适id
末日灾难 无豆瓣id数据，存入列表
杨光的快乐生活电影版 未匹配到合适id
杨光的快乐生活电影版 无豆瓣id数据，存入列表
干掉客户 未匹配到合适id
----------地址被限制,稍后重试----------
none_list 暂存
none_list2 暂存
雄鹿 匹配到多个豆瓣id数据，存入列表2 ['22747237', '24839144', '23777334']
欢迎来到丛林2013 未匹配到合适id
欢迎来到丛林2013 无豆瓣id数据，存入列表
末日哲学家 未匹配到合适id
末日哲学家 无豆瓣id数据，存入列表
结婚前夜2013 未匹配到合适id
----------地址被限制,稍后重试----------
none_list 暂存
none_list2 暂存
[pid: 24504|app: 0|req: 200/259] 182.254.52.17 () {36 vars in 560 bytes} [Thu May 28 23:32:53 2020] GET /mods/.env => generated 179 bytes in 1 msecs (HTTP/1.1 404) 4 headers in 128 bytes (1 switches on core 1)
倾城 未匹配到合适id
倾城 无豆瓣id数据，存入列表
云图2012 未匹配到合适id
云图2012 无豆瓣id数据，存入列表
折磨2013 未匹配到合适id
----------地址被限制,稍后重试----------
none_list 暂存
[pid: 24504|app: 0|req: 201/260] 61.241.50.63 () {36 vars in 567 bytes} [Thu May 28 23:35:05 2020] GET /frontend/.env => generated 179 bytes in 1 msecs (HTTP/1.1 404) 4 headers in 128 bytes (1 switches on core 1)
制服2013 未匹配到合适id
制服2013 无豆瓣id数据，存入列表
斯大林格勒 匹配到多个豆瓣id数据，存入列表2 ['6714930', '26661019']
松林外 未匹配到合适id
松林外 无豆瓣id数据，存入列表
赤警威龙 未匹配到合适id
----------地址被限制,稍后重试----------
none_list 暂存
none_list2 暂存
[pid: 24504|app: 0|req: 202/261] 182.254.52.17 () {36 vars in 500 bytes} [Thu May 28 23:38:13 2020] GET /a/.env => generated 179 bytes in 1 msecs (HTTP/1.1 404) 4 headers in 128 bytes (1 switches on core 1)
[pid: 24504|app: 0|req: 203/262] 58.247.212.239 () {36 vars in 559 bytes} [Thu May 28 23:38:37 2020] GET /app/.env => generated 179 bytes in 1 msecs (HTTP/1.1 404) 4 headers in 128 bytes (1 switches on core 1)
[pid: 24504|app: 0|req: 204/263] 113.69.33.250 () {42 vars in 870 bytes} [Thu May 28 23:39:28 2020] GET /admin/ => generated 27873 bytes in 2 msecs (HTTP/1.1 200) 6 headers in 320 bytes (1 switches on core 1)
[pid: 24504|app: 0|req: 205/264] 113.69.33.250 () {44 vars in 935 bytes} [Thu May 28 23:40:03 2020] GET /admin/update_log/ => generated 18701 bytes in 19 msecs (HTTP/1.1 200) 5 headers in 152 bytes (1 switches on core 1)
[pid: 24507|app: 0|req: 46/265] 113.69.33.250 () {44 vars in 961 bytes} [Thu May 28 23:40:06 2020] GET /admin/update_log/?page=12 => generated 16547 bytes in 3 msecs (HTTP/1.1 200) 5 headers in 152 bytes (1 switches on core 1)
[pid: 24504|app: 0|req: 206/266] 113.69.33.250 () {44 vars in 950 bytes} [Thu May 28 23:40:13 2020] GET /admin/view_log/ => generated 19300 bytes in 19 msecs (HTTP/1.1 200) 5 headers in 152 bytes (1 switches on core 1)
[pid: 24507|app: 0|req: 47/267] 113.69.33.250 () {44 vars in 955 bytes} [Thu May 28 23:40:16 2020] GET /admin/view_log/?page=19 => generated 15935 bytes in 20 msecs (HTTP/1.1 200) 5 headers in 152 bytes (1 switches on core 0)
[pid: 24504|app: 0|req: 207/268] 113.69.33.250 () {44 vars in 963 bytes} [Thu May 28 23:40:20 2020] GET /admin/view_log/?page=18 => generated 19403 bytes in 25 msecs (HTTP/1.1 200) 5 headers in 152 bytes (1 switches on core 1)
约翰福尔克代号丽莎 未匹配到合适id
约翰福尔克代号丽莎 无豆瓣id数据，存入列表
我的小英雄 未匹配到合适id
我的小英雄 无豆瓣id数据，存入列表
接班人 未匹配到合适id
----------地址被限制,稍后重试----------
none_list 暂存
疯狂保姆 未匹配到合适id
疯狂保姆 无豆瓣id数据，存入列表
副作用 匹配到多个豆瓣id数据，存入列表2 ['10438691', '25779126']
有种 未匹配到合适id
有种 无豆瓣id数据，存入列表
爱情的模样 未匹配到合适id
----------地址被限制,稍后重试----------
none_list 暂存
none_list2 暂存
[pid: 24504|app: 0|req: 208/269] 182.254.52.17 () {36 vars in 570 bytes} [Thu May 28 23:43:59 2020] GET /admin-app/.env => generated 179 bytes in 1 msecs (HTTP/1.1 404) 4 headers in 128 bytes (1 switches on core 1)
爱情剪子石头布 未匹配到合适id
爱情剪子石头布 无豆瓣id数据，存入列表
青龙复仇 未匹配到合适id
----------地址被限制,稍后重试----------
none_list 暂存
[pid: 24504|app: 0|req: 209/270] 182.254.52.17 () {36 vars in 566 bytes} [Thu May 28 23:47:04 2020] GET /backend/.env => generated 179 bytes in 1 msecs (HTTP/1.1 404) 4 headers in 128 bytes (1 switches on core 1)
盛大婚礼 未匹配到合适id
----------地址被限制,稍后重试----------
[pid: 24504|app: 0|req: 210/271] 182.254.52.17 () {36 vars in 560 bytes} [Thu May 28 23:49:53 2020] GET /~dev/.env => generated 179 bytes in 1 msecs (HTTP/1.1 404) 4 headers in 128 bytes (1 switches on core 1)
[pid: 24504|app: 0|req: 211/272] 182.254.52.17 () {36 vars in 558 bytes} [Thu May 28 23:50:02 2020] GET /dev/.env => generated 179 bytes in 1 msecs (HTTP/1.1 404) 4 headers in 128 bytes (1 switches on core 1)
[pid: 24504|app: 0|req: 212/273] 182.254.52.17 () {36 vars in 506 bytes} [Thu May 28 23:50:15 2020] GET /site/.env => generated 179 bytes in 1 msecs (HTTP/1.1 404) 4 headers in 128 bytes (1 switches on core 1)
小公寓 未匹配到合适id
----------地址被限制,稍后重试----------
[pid: 24504|app: 0|req: 213/274] 182.254.52.17 () {36 vars in 558 bytes} [Thu May 28 23:53:13 2020] GET /vue/.env => generated 179 bytes in 1 msecs (HTTP/1.1 404) 4 headers in 128 bytes (1 switches on core 1)
超级精爸 未匹配到合适id
----------地址被限制,稍后重试----------
连续五次失败，等待30分钟
[pid: 24504|app: 0|req: 214/275] 182.254.52.17 () {36 vars in 508 bytes} [Thu May 28 23:59:02 2020] GET /fedex/.env => generated 179 bytes in 1 msecs (HTTP/1.1 404) 4 headers in 128 bytes (1 switches on core 1)
[pid: 24504|app: 0|req: 215/276] 182.254.52.17 () {36 vars in 566 bytes} [Thu May 28 23:59:14 2020] GET /sources/.env => generated 179 bytes in 1 msecs (HTTP/1.1 404) 4 headers in 128 bytes (1 switches on core 1)
[pid: 24504|app: 0|req: 216/277] 113.69.33.250 () {44 vars in 963 bytes} [Thu May 28 23:59:45 2020] GET /admin/view_log/?page=19 => generated 17704 bytes in 21 msecs (HTTP/1.1 200) 5 headers in 152 bytes (1 switches on core 1)
[pid: 24504|app: 0|req: 217/278] 113.69.33.250 () {42 vars in 908 bytes} [Thu May 28 23:59:58 2020] GET /video/play/84919/1-8.html => generated 14825 bytes in 5 msecs (HTTP/1.1 200) 6 headers in 320 bytes (1 switches on core 1)
[1590681602] logsize: 106589, triggering log-reopen...
