[1589644802] ./uwsgi.log reopened.
校花的秘密花园 27114964 0保存成功[douban]
亨利之书 26357441 7.1保存成功[douban]
军火厂 26752778 4.3保存成功[douban]
鬼娃回魂7 26381819 4.8保存成功[douban]
上古阴阳天师 27160820 0保存成功[douban]
囚禁空姐 27157788 0保存成功[douban]
搜神记之田螺姑娘 27149803 0保存成功[douban]
所有的不眠之夜 未匹配到合适id []
----------地址被限制,稍后重试----------
建军大业 未匹配到合适id []
建军大业 无豆瓣id数据，存入列表
逆袭之辣条与青春 27160815 0保存成功[douban]
青春的答案 未匹配到合适id []
青春的答案 无豆瓣id数据，存入列表
奇异画师 未匹配到合适id []
----------地址被限制,稍后重试----------
鬼拳2 27140054 0保存成功[douban]
二次初恋 27040349 4.2保存成功[douban]
鬼乡，未完的故事 27126579 7.6保存成功[douban]
还星爷一部电影 27077580 0保存成功[douban]
僵尸英雄2古墓传说 27067966 0保存成功[douban]
接吻侠 未匹配到合适id []
----------地址被限制,稍后重试----------
[pid: 11746|app: 0|req: 215/289] 182.254.52.17 () {36 vars in 594 bytes} [Sun May 17 00:18:50 2020] GET /video/play/51726/1-10.html => generated 15552 bytes in 29 msecs (HTTP/1.1 200) 6 headers in 320 bytes (1 switches on core 0)
旋风辣妹 27072721 0保存成功[douban]
诡异酒楼 27038491 2.3保存成功[douban]
悟空前传 27059258 0保存成功[douban]
窥梦大师 27073146 0保存成功[douban]
人人都爱钢管舞 30280727 0保存成功[douban]
租婚男女 27118144 0保存成功[douban]
北方的葬礼 未匹配到合适id []
----------地址被限制,稍后重试----------
菜刀又见菜刀 27149765 0保存成功[douban]
s的秘密 27085642 3.1保存成功[douban]
京武大侠 未匹配到合适id []
京武大侠 无豆瓣id数据，存入列表
双生灵探 27056312 0保存成功[douban]
校对女孩河野悦子SP特别篇 未匹配到合适id []
----------地址被限制,稍后重试----------
救世主回来了 27040772 5.0保存成功[douban]
秘果 未匹配到合适id [{'episode': '', 'img': 'https://img1.doubanio.com/view/photo/s_ratio_poster/public/p2482856848.jpg', 'title': '秘果', 'url': 'https://movie.douban.com/subject/26650037/?suggest=%E7%A7%98%E6%9E%9C', 'type': 'movie', 'year': '2017', 'sub_title': '秘果', 'id': '26650037'}, {'episode': '24', 'img': 'https://img1.doubanio.com/view/photo/s_ratio_poster/public/p2490686458.jpg', 'title': '秘果', 'url': 'https://movie.douban.com/subject/26658517/?suggest=%E7%A7%98%E6%9E%9C', 'type': 'movie', 'year': '2017', 'sub_title': '秘果', 'id': '26658517'}]
秘果 无豆瓣id数据，存入列表
我爱你 未匹配到合适id []
我爱你 无豆瓣id数据，存入列表
套路 未匹配到合适id []
----------地址被限制,稍后重试----------
奋青大联盟 27146841 0保存成功[douban]
明月几时有 26425072 6.9保存成功[douban]
通灵宝玉1-12 27118888 0保存成功[douban]
本能寺酒店 26823828 6.2保存成功[douban]
叛狱无间 26577180 6.8保存成功[douban]
杀手的祷告 23212708 5.1保存成功[douban]
黄粱一梦 未匹配到合适id []
----------地址被限制,稍后重试----------
以爱为名 26596836 3.6保存成功[douban]
陆家嘴风暴：不眠之夜 27107770 0保存成功[douban]
奇幻魔发师 27104382 0保存成功[douban]
热血捕快陆小虾 27124907 0保存成功[douban]
兰若寺 未匹配到合适id [{'episode': '', 'img': 'https://img9.doubanio.com/view/photo/s_ratio_poster/public/p2499893654.jpg', 'title': '兰若寺', 'url': 'https://movie.douban.com/subject/27135988/?suggest=%E5%85%B0%E8%8B%A5%E5%AF%BA', 'type': 'movie', 'year': '2017', 'sub_title': '兰若寺', 'id': '27135988'}, {'episode': '', 'img': 'https://img1.doubanio.com/view/photo/s_ratio_poster/public/p2497924259.jpg', 'title': '家在兰若寺', 'url': 'https://movie.douban.com/subject/27091250/?suggest=%E5%85%B0%E8%8B%A5%E5%AF%BA', 'type': 'movie', 'year': '2017', 'sub_title': '家在蘭若寺', 'id': '27091250'}, {'episode': '', 'img': 'https://img1.doubanio.com/view/photo/s_ratio_poster/public/p2526211889.jpg', 'title': '男狐聊斋2兰若寺', 'url': 'https://movie.douban.com/subject/26981579/?suggest=%E5%85%B0%E8%8B%A5%E5%AF%BA', 'type': 'movie', 'year': '2017', 'sub_title': '男狐聊斋2兰若寺', 'id': '26981579'}]
兰若寺 无豆瓣id数据，存入列表
夺命黑金 未匹配到合适id []
----------地址被限制,稍后重试----------
暴走拳手 27125554 0保存成功[douban]
壁虎盖天王 27135982 0保存成功[douban]
欢喜拍档 27075239 0保存成功[douban]
不惑仔之借刀杀人 未匹配到合适id []
不惑仔之借刀杀人 无豆瓣id数据，存入列表
凉山兄弟 27131132 0保存成功[douban]
夜魔传说 27109159 0保存成功[douban]
时尚女模头 27110316 0保存成功[douban]
门徒的眼泪 未匹配到合适id []
----------地址被限制,稍后重试----------
[pid: 11746|app: 0|req: 216/290] 182.254.52.17 () {36 vars in 576 bytes} [Sun May 17 01:02:34 2020] GET /video/play/76628/ => generated 13504 bytes in 5 msecs (HTTP/1.1 200) 6 headers in 320 bytes (1 switches on core 0)
英雄不盖世 未匹配到合适id []
----------地址被限制,稍后重试----------
乌龙大奖之亡命穷途 未匹配到合适id []
----------地址被限制,稍后重试----------
[pid: 11746|app: 0|req: 217/291] 195.54.160.121 () {34 vars in 556 bytes} [Sun May 17 01:14:07 2020] GET /solr/admin/info/system?wt=json => generated 179 bytes in 1 msecs (HTTP/1.1 404) 4 headers in 128 bytes (1 switches on core 0)
笑八仙前传之驯妖记 未匹配到合适id []
----------地址被限制,稍后重试----------
请叫我救世主 未匹配到合适id []
----------地址被限制,稍后重试----------
连续五次失败，等待30分钟
[pid: 11746|app: 0|req: 218/292] 195.54.160.121 () {36 vars in 653 bytes} [Sun May 17 01:30:47 2020] GET /?a=fetch&content=<php>die(@md5(HelloThinkCMF))</php> => generated 179 bytes in 1 msecs (HTTP/1.1 404) 4 headers in 128 bytes (1 switches on core 0)
[pid: 11747|app: 0|req: 45/293] 195.54.160.121 () {34 vars in 556 bytes} [Sun May 17 01:30:47 2020] GET /?XDEBUG_SESSION_START=phpstorm => generated 179 bytes in 1 msecs (HTTP/1.1 404) 4 headers in 128 bytes (1 switches on core 0)
[pid: 11747|app: 0|req: 46/294] 195.54.160.121 () {34 vars in 716 bytes} [Sun May 17 01:50:03 2020] GET /index.php?s=/Index/\think\app/invokefunction&function=call_user_func_array&vars[0]=md5&vars[1][]=HelloThinkPHP => generated 179 bytes in 1 msecs (HTTP/1.1 404) 4 headers in 128 bytes (1 switches on core 1)
----------重新启动查找------------
叹别离 未匹配到合适id []
----------地址被限制,稍后重试----------
疯狂流浪者 未匹配到合适id []
----------地址被限制,稍后重试----------
隐形人 未匹配到合适id []
----------地址被限制,稍后重试----------
有机爱情 未匹配到合适id []
----------地址被限制,稍后重试----------
如父如母 未匹配到合适id []
----------地址被限制,稍后重试----------
连续五次失败，等待30分钟
[pid: 11746|app: 0|req: 219/295] 182.254.52.17 () {36 vars in 542 bytes} [Sun May 17 02:31:11 2020] GET / => generated 179 bytes in 1 msecs (HTTP/1.1 404) 4 headers in 128 bytes (1 switches on core 0)
[pid: 11746|app: 0|req: 220/296] 182.140.238.180 () {34 vars in 403 bytes} [Sun May 17 02:40:32 2020] GET / => generated 179 bytes in 1 msecs (HTTP/1.1 404) 4 headers in 128 bytes (1 switches on core 0)
----------重新启动查找------------
叹别离 未匹配到合适id []
----------地址被限制,稍后重试----------
疯狂流浪者 未匹配到合适id []
----------地址被限制,稍后重试----------
隐形人 未匹配到合适id []
----------地址被限制,稍后重试----------
有机爱情 未匹配到合适id []
----------地址被限制,稍后重试----------
[pid: 11746|app: 0|req: 221/297] 185.234.217.32 () {36 vars in 579 bytes} [Sun May 17 03:20:58 2020] GET /.env => generated 179 bytes in 1 msecs (HTTP/1.1 404) 4 headers in 128 bytes (1 switches on core 0)
[pid: 11746|app: 0|req: 222/298] 185.234.217.32 () {36 vars in 603 bytes} [Sun May 17 03:20:59 2020] GET /sftp-config.json => generated 179 bytes in 1 msecs (HTTP/1.1 404) 4 headers in 128 bytes (1 switches on core 0)
[pid: 11746|app: 0|req: 223/299] 185.234.217.32 () {36 vars in 591 bytes} [Sun May 17 03:20:59 2020] GET /.ftpconfig => generated 179 bytes in 1 msecs (HTTP/1.1 404) 4 headers in 128 bytes (1 switches on core 0)
[pid: 11746|app: 0|req: 224/300] 185.234.217.32 () {36 vars in 605 bytes} [Sun May 17 03:21:00 2020] GET /.remote-sync.json => generated 179 bytes in 1 msecs (HTTP/1.1 404) 4 headers in 128 bytes (1 switches on core 0)
[pid: 11746|app: 0|req: 225/301] 185.234.217.32 () {36 vars in 613 bytes} [Sun May 17 03:21:01 2020] GET /.vscode/ftp-sync.json => generated 179 bytes in 1 msecs (HTTP/1.1 404) 4 headers in 128 bytes (1 switches on core 0)
[pid: 11746|app: 0|req: 226/302] 185.234.217.32 () {36 vars in 605 bytes} [Sun May 17 03:21:01 2020] GET /.vscode/sftp.json => generated 179 bytes in 1 msecs (HTTP/1.1 404) 4 headers in 128 bytes (1 switches on core 0)
[pid: 11746|app: 0|req: 227/303] 185.234.217.32 () {36 vars in 615 bytes} [Sun May 17 03:21:02 2020] GET /deployment-config.json => generated 179 bytes in 1 msecs (HTTP/1.1 404) 4 headers in 128 bytes (1 switches on core 0)
[pid: 11746|app: 0|req: 228/304] 185.234.217.32 () {36 vars in 603 bytes} [Sun May 17 03:21:03 2020] GET /ftpsync.settings => generated 179 bytes in 1 msecs (HTTP/1.1 404) 4 headers in 128 bytes (1 switches on core 0)
如父如母 未匹配到合适id []
----------地址被限制,稍后重试----------
连续五次失败，等待30分钟
[pid: 11746|app: 0|req: 229/305] 59.36.132.240 () {36 vars in 605 bytes} [Sun May 17 03:33:24 2020] GET /solr/admin/info/system?wt%3Djson => generated 179 bytes in 1 msecs (HTTP/1.1 404) 4 headers in 128 bytes (1 switches on core 0)
[pid: 11746|app: 0|req: 230/306] 182.254.52.17 () {36 vars in 594 bytes} [Sun May 17 03:45:55 2020] GET /video/play/51726/1-11.html => generated 15552 bytes in 6 msecs (HTTP/1.1 200) 6 headers in 320 bytes (1 switches on core 0)
----------重新启动查找------------
叹别离 未匹配到合适id []
----------地址被限制,稍后重试----------
[pid: 11746|app: 0|req: 231/307] 190.151.23.98 () {32 vars in 463 bytes} [Sun May 17 04:05:06 2020] GET / => generated 179 bytes in 1 msecs (HTTP/1.1 404) 4 headers in 128 bytes (1 switches on core 0)
疯狂流浪者 未匹配到合适id []
----------地址被限制,稍后重试----------
隐形人 未匹配到合适id []
----------地址被限制,稍后重试----------
有机爱情 未匹配到合适id []
----------地址被限制,稍后重试----------
如父如母 未匹配到合适id []
----------地址被限制,稍后重试----------
连续五次失败，等待30分钟
----------重新启动查找------------
叹别离 未匹配到合适id []
----------地址被限制,稍后重试----------
疯狂流浪者 未匹配到合适id []
----------地址被限制,稍后重试----------
隐形人 未匹配到合适id []
----------地址被限制,稍后重试----------
有机爱情 未匹配到合适id []
----------地址被限制,稍后重试----------
如父如母 未匹配到合适id []
----------地址被限制,稍后重试----------
连续五次失败，等待30分钟
----------重新启动查找------------
叹别离 未匹配到合适id []
叹别离 无豆瓣id数据，存入列表
疯狂流浪者 34954342 0保存成功[douban]
隐形人 2364086 7.3保存成功[douban]
有机爱情 34919035 0保存成功[douban]
如父如母 26964415 6.8保存成功[douban]
尸囚狱：前篇 未匹配到合适id []
尸囚狱：前篇 无豆瓣id数据，存入列表
蓝翔传奇 未匹配到合适id []
----------地址被限制,稍后重试----------
又见钟无艳 未匹配到合适id []
又见钟无艳 无豆瓣id数据，存入列表
镭射小队2 27596321 3.9保存成功[douban]
大传说 未匹配到合适id []
大传说 无豆瓣id数据，存入列表
撒旦的奴隶 27166047 5.8保存成功[douban]
啦啦队之舞2017 未匹配到合适id []
啦啦队之舞2017 无豆瓣id数据，存入列表
异教徒 未匹配到合适id []
----------地址被限制,稍后重试----------
京城四少2017 未匹配到合适id []
京城四少2017 无豆瓣id数据，存入列表
校园猛诡传说 27043572 0保存成功[douban]
生存家族 26815162 8.1保存成功[douban]
骑士2017 未匹配到合适id []
----------地址被限制,稍后重试----------
混社会4雾色迷城 27613189 0保存成功[douban]
皮小子斯皮鲁 26969241 6.9保存成功[douban]
能量唤醒 26973375 0保存成功[douban]
牧野诡事之神仙眼 未匹配到合适id []
牧野诡事之神仙眼 无豆瓣id数据，存入列表
电影大亨之横店风云 未匹配到合适id []
----------地址被限制,稍后重试----------
[pid: 11746|app: 0|req: 232/308] 139.162.106.181 () {32 vars in 401 bytes} [Sun May 17 06:30:43 2020] GET / => generated 179 bytes in 1 msecs (HTTP/1.1 404) 4 headers in 128 bytes (1 switches on core 0)
黑白无间 27040756 0保存成功[douban]
男狐聊斋2兰若寺 26981579 4.0保存成功[douban]
总裁在上4：总裁的专属守护 27000247 0保存成功[douban]
意识强殖 26968482 5.5保存成功[douban]
精灵保姆 30183646 3.7保存成功[douban]
比老虎可怕的冬季客人 26969095 5.3保存成功[douban]
魔游纪2：异乡奇遇 27007095 5.2保存成功[douban]
火花 未匹配到合适id []
----------地址被限制,稍后重试----------
[pid: 11746|app: 0|req: 233/309] 45.76.144.219 () {36 vars in 432 bytes} [Sun May 17 06:35:57 2020] GET / => generated 179 bytes in 1 msecs (HTTP/1.1 404) 4 headers in 128 bytes (1 switches on core 0)
指定被害者 27039104 0保存成功[douban]
午夜逃杀 27039099 0保存成功[douban]
情迷探长 27030607 0保存成功[douban]
簋街的鬼 未匹配到合适id [{'episode': '', 'img': 'https://img3.doubanio.com/view/photo/s_ratio_poster/public/p2458358041.jpg', 'title': '簋街的鬼2', 'url': 'https://movie.douban.com/subject/27037497/?suggest=%E7%B0%8B%E8%A1%97%E7%9A%84%E9%AC%BC', 'type': 'movie', 'year': '2017', 'sub_title': '簋街的鬼2', 'id': '27037497'}, {'episode': '', 'img': 'https://img9.doubanio.com/view/photo/s_ratio_poster/public/p2432463846.jpg', 'title': '簋街的鬼', 'url': 'https://movie.douban.com/subject/26979509/?suggest=%E7%B0%8B%E8%A1%97%E7%9A%84%E9%AC%BC', 'type': 'movie', 'year': '2017', 'sub_title': '簋街的鬼', 'id': '26979509'}]
簋街的鬼 无豆瓣id数据，存入列表
最后的肖像 未匹配到合适id []
----------地址被限制,稍后重试----------
我的珍宝 26692789 5.9保存成功[douban]
不正常人类研究中心 27021878 0保存成功[douban]
时光扇 26951987 0保存成功[douban]
怨灵宿舍之人偶老师 27003615 2.1保存成功[douban]
小阴谋大爱情 26697532 2.9保存成功[douban]
爱乐之城 未匹配到合适id []
爱乐之城 无豆瓣id数据，存入列表
秘藏传说之长生姬 未匹配到合适id []
----------地址被限制,稍后重试----------
重塑马文 26740574 7.0保存成功[douban]
星岛之恋 27052634 0保存成功[douban]
山炮奇遇记之魏三出城 27046235 0保存成功[douban]
克罗索巨兽 未匹配到合适id []
克罗索巨兽 无豆瓣id数据，存入列表
南瓜与美乃滋 26989730 6.4保存成功[douban]
2018台中跨年丽宝后里现场 未匹配到合适id []
2018台中跨年丽宝后里现场 无豆瓣id数据，存入列表
隐形守护者 未匹配到合适id []
----------地址被限制,稍后重试----------
[pid: 11746|app: 0|req: 234/310] 182.254.52.17 () {36 vars in 580 bytes} [Sun May 17 06:54:49 2020] GET /view_log/2020-05-1/ => generated 179 bytes in 2 msecs (HTTP/1.1 404) 4 headers in 128 bytes (1 switches on core 0)
诡眼 26818346 3.3保存成功[douban]
爱也有阿禾 未匹配到合适id []
爱也有阿禾 无豆瓣id数据，存入列表
爱，不由自主 26834122 5.9保存成功[douban]
东京怪谈 27064794 0保存成功[douban]
无法触及 未匹配到合适id []
----------地址被限制,稍后重试----------
淘女郎的魔戒 未匹配到合适id []
淘女郎的魔戒 无豆瓣id数据，存入列表
只是查理 26782432 7.5保存成功[douban]
小小心愿 未匹配到合适id []
小小心愿 无豆瓣id数据，存入列表
小奸小恶 未匹配到合适id []
----------地址被限制,稍后重试----------
山炮驾到 27029749 0保存成功[douban]
霍利.凯恩潜意识实验 未匹配到合适id []
霍利.凯恩潜意识实验 无豆瓣id数据，存入列表
山寨大王 27037066 0保存成功[douban]
一路抛行 27052617 0保存成功[douban]
津门侠盗团3 27037467 0保存成功[douban]
柏林墙 未匹配到合适id []
柏林墙 无豆瓣id数据，存入列表
你的苏露 27599776 6.7保存成功[douban]
我的驱魔总裁 未匹配到合适id []
----------地址被限制,稍后重试----------
逗B三宝 27055696 0保存成功[douban]
房客(2017) 未匹配到合适id []
房客(2017) 无豆瓣id数据，存入列表
科洛 未匹配到合适id []
科洛 无豆瓣id数据，存入列表
宠物恐龙 未匹配到合适id []
----------地址被限制,稍后重试----------
皇拳2017之京归来 未匹配到合适id []
皇拳2017之京归来 无豆瓣id数据，存入列表
1987：黎明到来的那一天 未匹配到合适id []
1987：黎明到来的那一天 无豆瓣id数据，存入列表
夺命头条 27061563 0保存成功[douban]
引魂灯 未匹配到合适id []
----------地址被限制,稍后重试----------
[pid: 11746|app: 0|req: 235/311] 101.251.242.238 () {38 vars in 597 bytes} [Sun May 17 07:32:41 2020] GET / => generated 179 bytes in 3 msecs (HTTP/1.1 404) 4 headers in 128 bytes (1 switches on core 0)
再看我一眼 27176747 0保存成功[douban]
夜色撩人 26425075 4.6保存成功[douban]
贝克斯 未匹配到合适id [{'episode': '', 'img': 'https://img1.doubanio.com/view/photo/s_ratio_poster/public/p2475085787.jpg', 'title': '贝克斯', 'url': 'https://movie.douban.com/subject/27078033/?suggest=%E8%B4%9D%E5%85%8B%E6%96%AF', 'type': 'movie', 'year': '2017', 'sub_title': 'Becks', 'id': '27078033'}, {'episode': '', 'img': 'https://img1.doubanio.com/f/movie/b6dc761f5e4cf04032faa969826986efbecd54bb/pics/movie/movie_default_small.png', 'title': '鲍里斯：贝克尔：赌徒', 'url': 'https://movie.douban.com/subject/33392836/?suggest=%E8%B4%9D%E5%85%8B%E6%96%AF', 'type': 'movie', 'year': '2017', 'sub_title': 'Boris Becker: Der Spieler', 'id': '33392836'}]
贝克斯 无豆瓣id数据，存入列表
大毛狗 28379714 0保存成功[douban]
午夜凶妻 27591702 0保存成功[douban]
特战王妃4自由之路 30150741 0保存成功[douban]
一日情人 26759825 7.4保存成功[douban]
归来 未匹配到合适id []
归来 无豆瓣id数据，存入列表
辣妹特工 未匹配到合适id []
----------地址被限制,稍后重试----------
时空妖姬 未匹配到合适id []
时空妖姬 无豆瓣id数据，存入列表
求生之路：冲出禁区 27202804 0保存成功[douban]
西游之诸神再战 未匹配到合适id []
西游之诸神再战 无豆瓣id数据，存入列表
3月的狮子：前篇 未匹配到合适id []
----------地址被限制,稍后重试----------
敬畏 26785583 6.6保存成功[douban]
我是大明星 27598262 0保存成功[douban]
哥哥太爱我了怎么办 未匹配到合适id [{'episode': '', 'img': 'https://img3.doubanio.com/view/photo/s_ratio_poster/public/p2446655373.jpg', 'title': '哥哥太爱我了怎么办', 'url': 'https://movie.douban.com/subject/26874517/?suggest=%E5%93%A5%E5%93%A5%E5%A4%AA%E7%88%B1%E6%88%91%E4%BA%86%E6%80%8E%E4%B9%88%E5%8A%9E', 'type': 'movie', 'year': '2017', 'sub_title': '兄に愛されすぎて困ってます', 'id': '26874517'}, {'episode': '5', 'img': 'https://img3.doubanio.com/view/photo/s_ratio_poster/public/p2453852192.jpg', 'title': '哥哥太爱我了怎么办', 'url': 'https://movie.douban.com/subject/26989728/?suggest=%E5%93%A5%E5%93%A5%E5%A4%AA%E7%88%B1%E6%88%91%E4%BA%86%E6%80%8E%E4%B9%88%E5%8A%9E', 'type': 'movie', 'year': '2017', 'sub_title': '兄に愛されすぎて困ってます', 'id': '26989728'}]
哥哥太爱我了怎么办 无豆瓣id数据，存入列表
小琴尸 27617839 0保存成功[douban]
我的青春非主流 未匹配到合适id []
----------地址被限制,稍后重试----------
爱上男主播 27617836 0保存成功[douban]
结婚 未匹配到合适id []
结婚 无豆瓣id数据，存入列表
我的极品新娘 未匹配到合适id []
我的极品新娘 无豆瓣id数据，存入列表
浙江卫视2018跨年演唱会 未匹配到合适id []
----------地址被限制,稍后重试----------
普通人 未匹配到合适id [{'episode': '', 'img': 'https://img9.doubanio.com/view/photo/s_ratio_poster/public/p2436304214.jpg', 'title': '普通人', 'url': 'https://movie.douban.com/subject/26781663/?suggest=%E6%99%AE%E9%80%9A%E4%BA%BA', 'type': 'movie', 'year': '2017', 'sub_title': '보통사람', 'id': '26781663'}, {'episode': '', 'img': 'https://img3.doubanio.com/view/photo/s_ratio_poster/public/p2499135561.jpg', 'title': '英伦对决', 'url': 'https://movie.douban.com/subject/25723583/?suggest=%E6%99%AE%E9%80%9A%E4%BA%BA', 'type': 'movie', 'year': '2017', 'sub_title': 'The Foreigner', 'id': '25723583'}]
普通人 无豆瓣id数据，存入列表
芊叶长笙伏魔篇 27203158 0保存成功[douban]
原谅他77次 26857793 6.5保存成功[douban]
我罩袍下的口红 未匹配到合适id []
----------地址被限制,稍后重试----------
[pid: 11746|app: 0|req: 236/312] 59.36.132.240 () {36 vars in 570 bytes} [Sun May 17 08:01:11 2020] GET /portal/redlion => generated 179 bytes in 1 msecs (HTTP/1.1 404) 4 headers in 128 bytes (1 switches on core 0)
[pid: 11746|app: 0|req: 237/313] 43.225.192.18 () {32 vars in 464 bytes} [Sun May 17 08:04:20 2020] GET / => generated 179 bytes in 1 msecs (HTTP/1.1 404) 4 headers in 128 bytes (1 switches on core 0)
灵魂载体 27605612 0保存成功[douban]
52赫兹，我爱你 26780534 5.9保存成功[douban]
废柴外星人 未匹配到合适id []
废柴外星人 无豆瓣id数据，存入列表
机车兄弟 未匹配到合适id []
----------地址被限制,稍后重试----------
黑狱逃杀 27611655 0保存成功[douban]
财神当铺 未匹配到合适id []
财神当铺 无豆瓣id数据，存入列表
我们那年 27097791 0保存成功[douban]
决战江湖之乞丐传奇 未匹配到合适id []
----------地址被限制,稍后重试----------
[pid: 11746|app: 0|req: 238/314] 182.254.52.17 () {36 vars in 574 bytes} [Sun May 17 08:19:10 2020] GET /admin/login.html => generated 5348 bytes in 1 msecs (HTTP/1.1 200) 6 headers in 319 bytes (1 switches on core 0)
天鹅恋 27168906 0保存成功[douban]
京城怪谈之水箱谜案 27157644 0保存成功[douban]
杀死冈瑟 26786106 5.7保存成功[douban]
冷酷的心 27617831 0保存成功[douban]
套路大师 27614390 0保存成功[douban]
挣扎 未匹配到合适id []
----------地址被限制,稍后重试----------
检查站 26979209 3.0保存成功[douban]
星灵之末日异能 27602242 0保存成功[douban]
艾娃 27009748 6.9保存成功[douban]
夜梦传说之天狼使者 27597251 0保存成功[douban]
陋室 25850645 6.3保存成功[douban]
大将金昌洙 未匹配到合适id []
----------地址被限制,稍后重试----------
烽火小侠之装神弄鬼 27597019 0保存成功[douban]
这一刻，我要世界看见 27132379 0保存成功[douban]
消失的330公车 27173240 0保存成功[douban]
72天搞定你 27169979 0保存成功[douban]
废柴影帝与卧底警花 27598307 0保存成功[douban]
Magic Hour 未匹配到合适id []
----------地址被限制,稍后重试----------
陕囧 未匹配到合适id []
陕囧 无豆瓣id数据，存入列表
少年英雄之人小鬼大 未匹配到合适id []
少年英雄之人小鬼大 无豆瓣id数据，存入列表
长腿校花与热血教师 27199843 0保存成功[douban]
末日生机 未匹配到合适id []
----------地址被限制,稍后重试----------
从未在此 未匹配到合适id [{'episode': '', 'img': 'https://img3.doubanio.com/view/photo/s_ratio_poster/public/p2501462422.jpg', 'title': '从未在此', 'url': 'https://movie.douban.com/subject/10546728/?suggest=%E4%BB%8E%E6%9C%AA%E5%9C%A8%E6%AD%A4', 'type': 'movie', 'year': '2017', 'sub_title': 'Never Here', 'id': '10546728'}, {'episode': '', 'img': 'https://img3.doubanio.com/view/photo/s_ratio_poster/public/p2518558081.jpg', 'title': '你从未在此', 'url': 'https://movie.douban.com/subject/26791455/?suggest=%E4%BB%8E%E6%9C%AA%E5%9C%A8%E6%AD%A4', 'type': 'movie', 'year': '2017', 'sub_title': 'You Were Never Really Here', 'id': '26791455'}]
从未在此 无豆瓣id数据，存入列表
摸金 26951588 2.9保存成功[douban]
私人会所 26996753 4.0保存成功[douban]
青春合伙人 26907460 0保存成功[douban]
末路恐慌 27109262 3.8保存成功[douban]
我妻子的谎言 27126392 0保存成功[douban]
疯狂相亲 27197571 0保存成功[douban]
why星人 27186604 0保存成功[douban]
特别有种：特警使命 27199893 0保存成功[douban]
恋爱合约 未匹配到合适id []
----------地址被限制,稍后重试----------
杀手快跑 27124917 0保存成功[douban]
魔性深渊 27192281 0保存成功[douban]
不死镇的秘密 未匹配到合适id []
不死镇的秘密 无豆瓣id数据，存入列表
我的青春路过你的锦年 27168922 0保存成功[douban]
欲望赎金 未匹配到合适id []
----------地址被限制,稍后重试----------
暮色之战：异能部队 27186650 0保存成功[douban]
热血杨家将 27006959 0保存成功[douban]
男身女身 未匹配到合适id [{'episode': '', 'img': 'https://img3.doubanio.com/view/photo/s_ratio_poster/public/p2502468042.jpg', 'title': '男身女身', 'url': 'https://movie.douban.com/subject/27160751/?suggest=%E7%94%B7%E8%BA%AB%E5%A5%B3%E8%BA%AB', 'type': 'movie', 'year': '2017', 'sub_title': '男身女身', 'id': '27160751'}, {'episode': '', 'img': 'https://img3.doubanio.com/view/photo/s_ratio_poster/public/p2524187141.jpg', 'title': '你和我XXX', 'url': 'https://movie.douban.com/subject/30242148/?suggest=%E7%94%B7%E8%BA%AB%E5%A5%B3%E8%BA%AB', 'type': 'movie', 'year': '2017', 'sub_title': 'เมื่อฉันกับเธอ XXX', 'id': '30242148'}]
男身女身 无豆瓣id数据，存入列表
三缺一 26712258 4.4保存成功[douban]
机器情人2之野蛮女管家 27176025 0保存成功[douban]
科搜研之女SP 未匹配到合适id []
----------地址被限制,稍后重试----------
传销风云 27186331 0保存成功[douban]
极寒之城 26386034 7.2保存成功[douban]
双子起源 27179079 0保存成功[douban]
神迹之上古传奇 26873816 0保存成功[douban]
心理罪大电影 26698000 4.9保存成功[douban]
诡影实录 未匹配到合适id []
诡影实录 无豆瓣id数据，存入列表
不结婚 27056320 0保存成功[douban]
大内特工队 27168805 3.9保存成功[douban]
疯狂修道院 未匹配到合适id []
----------地址被限制,稍后重试----------
女性本色 27173464 0保存成功[douban]
主播2017 未匹配到合适id []
主播2017 无豆瓣id数据，存入列表
热血少女 26955971 0保存成功[douban]
附灵发卡 未匹配到合适id []
附灵发卡 无豆瓣id数据，存入列表
黑钻 未匹配到合适id []
----------地址被限制,稍后重试----------
一路逆风 26416774 5.0保存成功[douban]
把妹攻略 27146838 0保存成功[douban]
鬼屋 未匹配到合适id []
鬼屋 无豆瓣id数据，存入列表
所有的不眠之夜 未匹配到合适id []
----------地址被限制,稍后重试----------
奇异画师 未匹配到合适id []
奇异画师 无豆瓣id数据，存入列表
接吻侠 27077581 0保存成功[douban]
北方的葬礼 27160782 0保存成功[douban]
校对女孩河野悦子SP特别篇 未匹配到合适id []
----------地址被限制,稍后重试----------
套路 未匹配到合适id [{'episode': '', 'img': 'https://img3.doubanio.com/view/photo/s_ratio_poster/public/p2523544683.jpg', 'title': '套路', 'url': 'https://movie.douban.com/subject/27135994/?suggest=%E5%A5%97%E8%B7%AF', 'type': 'movie', 'year': '2017', 'sub_title': '套路', 'id': '27135994'}, {'episode': '', 'img': 'https://img9.doubanio.com/view/photo/s_ratio_poster/public/p2579304996.jpg', 'title': '套路大师', 'url': 'https://movie.douban.com/subject/27614390/?suggest=%E5%A5%97%E8%B7%AF', 'type': 'movie', 'year': '2017', 'sub_title': '套路大师', 'id': '27614390'}, {'episode': '', 'img': 'https://img3.doubanio.com/view/photo/s_ratio_poster/public/p2523544191.jpg', 'title': '套路之王', 'url': 'https://movie.douban.com/subject/30217656/?suggest=%E5%A5%97%E8%B7%AF', 'type': 'movie', 'year': '2017', 'sub_title': '套路之王', 'id': '30217656'}, {'episode': '', 'img': 'https://img1.doubanio.com/view/photo/s_ratio_poster/public/p2497098829.jpg', 'title': '美人套', 'url': 'https://movie.douban.com/subject/27119589/?suggest=%E5%A5%97%E8%B7%AF', 'type': 'movie', 'year': '2017', 'sub_title': '美人套', 'id': '27119589'}]
套路 无豆瓣id数据，存入列表
黄粱一梦 26627705 0保存成功[douban]
夺命黑金 27131145 0保存成功[douban]
门徒的眼泪 27072337 0保存成功[douban]
英雄不盖世 未匹配到合适id []
英雄不盖世 无豆瓣id数据，存入列表
乌龙大奖之亡命穷途 27089442 0保存成功[douban]
笑八仙前传之驯妖记 27006908 0保存成功[douban]
请叫我救世主 未匹配到合适id []
----------地址被限制,稍后重试----------
侠哥靓女之极端游戏 27131166 0保存成功[douban]
混混拳王 26993070 0保存成功[douban]
心理师之都市末日 27135985 0保存成功[douban]
夜不藏罪 27131131 0保存成功[douban]
遵命！姑奶奶 未匹配到合适id []
遵命！姑奶奶 无豆瓣id数据，存入列表
火草筒裙 27065646 0保存成功[douban]
原罪的羔羊 未匹配到合适id []
----------地址被限制,稍后重试----------
荒野加油站 27093799 2.7保存成功[douban]
男人花 27021218 0保存成功[douban]
巨奖传奇 26974352 0保存成功[douban]
闷骚女友 27013272 0保存成功[douban]
荡寇风云 26385746 6.1保存成功[douban]
两个人的画布 27072696 0保存成功[douban]
P与JK 26788605 5.2保存成功[douban]
青年警察 26892281 7.4保存成功[douban]
罗马假日 未匹配到合适id []
----------地址被限制,稍后重试----------
血战铜锣湾3 未匹配到合适id []
血战铜锣湾3 无豆瓣id数据，存入列表
丧尸的救赎 27131202 0保存成功[douban]
花花公主之千年魔方 27126357 0保存成功[douban]
霸道女总套路我 未匹配到合适id []
----------地址被限制,稍后重试----------
深夜派对 未匹配到合适id []
深夜派对 无豆瓣id数据，存入列表
窥视者 27124919 0保存成功[douban]
恐怖毕业照2 26991769 2.3保存成功[douban]
地下江湖之古惑青春 27107610 0保存成功[douban]
囧宝联盟之明朝古物 27107607 0保存成功[douban]
超能金刚男友 27098604 0保存成功[douban]
鸳鸯劫 27068609 0保存成功[douban]
侠在江湖漂 27097908 0保存成功[douban]
江湖救急 未匹配到合适id []
----------地址被限制,稍后重试----------
人生密密缝 26754513 8.5保存成功[douban]
我的舞林江湖 27068528 0保存成功[douban]
鬼庙 27093132 3.8保存成功[douban]
待到重逢时 27118063 5.9保存成功[douban]
绝命时钟2:22 2338070 5.9保存成功[douban]
血战墓碑镇2 未匹配到合适id []
----------地址被限制,稍后重试----------
功夫机器侠之北腿 27118877 3.2保存成功[douban]
你好陌生人 未匹配到合适id [{'episode': '', 'img': 'https://img3.doubanio.com/view/photo/s_ratio_poster/public/p2497098193.jpg', 'title': '你好陌生人', 'url': 'https://movie.douban.com/subject/27118885/?suggest=%E4%BD%A0%E5%A5%BD%E9%99%8C%E7%94%9F%E4%BA%BA', 'type': 'movie', 'year': '2017', 'sub_title': '你好陌生人', 'id': '27118885'}, {'episode': '2', 'img': 'https://img3.doubanio.com/view/photo/s_ratio_poster/public/p2517602622.jpg', 'title': '你好，陌生人', 'url': 'https://movie.douban.com/subject/30181370/?suggest=%E4%BD%A0%E5%A5%BD%E9%99%8C%E7%94%9F%E4%BA%BA', 'type': 'movie', 'year': '2017', 'sub_title': '헬로 스트레인저', 'id': '30181370'}]
你好陌生人 无豆瓣id数据，存入列表
月黑风高夜 27113491 0保存成功[douban]
没有其他爱 27118884 0保存成功[douban]
异形：人族的统治 未匹配到合适id []
----------地址被限制,稍后重试----------
[pid: 11746|app: 0|req: 239/315] 113.69.32.185 () {42 vars in 892 bytes} [Sun May 17 10:20:11 2020] GET /video/play/84919/ => generated 13026 bytes in 5 msecs (HTTP/1.1 200) 6 headers in 320 bytes (1 switches on core 0)
[pid: 11746|app: 0|req: 240/316] 113.69.32.185 () {44 vars in 962 bytes} [Sun May 17 10:20:55 2020] GET /video/play/84919/1-5.html => generated 13020 bytes in 5 msecs (HTTP/1.1 200) 6 headers in 320 bytes (1 switches on core 0)
我们不是这样被吓大的 27118886 0保存成功[douban]
王牌保安 未匹配到合适id [{'episode': '', 'img': 'https://img9.doubanio.com/view/photo/s_ratio_poster/public/p2479371004.jpg', 'title': '王牌保安', 'url': 'https://movie.douban.com/subject/26732578/?suggest=%E7%8E%8B%E7%89%8C%E4%BF%9D%E5%AE%89', 'type': 'movie', 'year': '2017', 'sub_title': 'Security', 'id': '26732578'}, {'episode': '', 'img': 'https://img1.doubanio.com/view/photo/s_ratio_poster/public/p2453799847.jpg', 'title': '保安官', 'url': 'https://movie.douban.com/subject/26761205/?suggest=%E7%8E%8B%E7%89%8C%E4%BF%9D%E5%AE%89', 'type': 'movie', 'year': '2017', 'sub_title': '보안관', 'id': '26761205'}]
王牌保安 无豆瓣id数据，存入列表
法律之外 26972621 7.2保存成功[douban]
僵尸皇仔 27092508 0保存成功[douban]
仓皇一夜 26687241 5.6保存成功[douban]
鲛珠传 未匹配到合适id []
----------地址被限制,稍后重试----------
名探李闯 未匹配到合适id []
名探李闯 无豆瓣id数据，存入列表
不确定的荣耀 26948897 5.8保存成功[douban]
绑架 未匹配到合适id [{'episode': '', 'img': 'https://img3.doubanio.com/view/photo/s_ratio_poster/public/p2445601403.jpg', 'title': '绑架者', 'url': 'https://movie.douban.com/subject/26602933/?suggest=%E7%BB%91%E6%9E%B6', 'type': 'movie', 'year': '2017', 'sub_title': '绑架者', 'id': '26602933'}, {'episode': '', 'img': 'https://img9.doubanio.com/view/photo/s_ratio_poster/public/p2462197205.jpg', 'title': '绑架', 'url': 'https://movie.douban.com/subject/3808583/?suggest=%E7%BB%91%E6%9E%B6', 'type': 'movie', 'year': '2017', 'sub_title': 'Kidnap', 'id': '3808583'}]
绑架 无豆瓣id数据，存入列表
谁知道 未匹配到合适id [{'episode': '', 'img': 'https://img9.doubanio.com/view/photo/s_ratio_poster/public/p2461595795.jpg', 'title': '谁知道', 'url': 'https://movie.douban.com/subject/27062581/?suggest=%E8%B0%81%E7%9F%A5%E9%81%93', 'type': 'movie', 'year': '2017', 'sub_title': '谁知道', 'id': '27062581'}, {'episode': '', 'img': 'https://img9.doubanio.com/view/photo/s_ratio_poster/public/p2514415004.jpg', 'title': '机器鸡行尸走肉特辑：谁走谁知道', 'url': 'https://movie.douban.com/subject/27179793/?suggest=%E8%B0%81%E7%9F%A5%E9%81%93', 'type': 'movie', 'year': '2017', 'sub_title': "The Robot Chicken Walking Dead Special: Look Who's Walking", 'id': '27179793'}]
谁知道 无豆瓣id数据，存入列表
春申君后传 27125555 0保存成功[douban]
夜半凶铃 27082116 2.5保存成功[douban]
孤岛终结 未匹配到合适id []
----------地址被限制,稍后重试----------
月季花开 27099264 0保存成功[douban]
首杀 26881141 5.4保存成功[douban]
三色酒之原罪 27099260 0保存成功[douban]
红发廊 27099262 0保存成功[douban]
记忆大师 25884801 7.1保存成功[douban]
三十天成为图享网红 27097865 0保存成功[douban]
时间商人 27124486 0保存成功[douban]
希望的另一面 26678509 7.8保存成功[douban]
晚宴上的比特丽兹 未匹配到合适id []
----------地址被限制,稍后重试----------
女子搏击俱乐部 未匹配到合适id []
女子搏击俱乐部 无豆瓣id数据，存入列表
缉枪 26801782 6.3保存成功[douban]
美人套 27119589 0保存成功[douban]
不可抗力2：不可抗力爱上你 未匹配到合适id []
----------地址被限制,稍后重试----------
不可抗力1：男仆的秘密 未匹配到合适id []
不可抗力1：男仆的秘密 无豆瓣id数据，存入列表
杀死霹雳游侠 26356580 4.1保存成功[douban]
追2017 27102909 0保存成功[douban]
庆祝中国人民解放军建军90周年阅兵 未匹配到合适id []
庆祝中国人民解放军建军90周年阅兵 无豆瓣id数据，存入列表
我的绯闻爸爸 27102910 0保存成功[douban]
江湖话事人 未匹配到合适id []
江湖话事人 无豆瓣id数据，存入列表
优雅姿态 未匹配到合适id []
----------地址被限制,稍后重试----------
绣春刀2：修罗战场 26270502 7.2保存成功[douban]
新聊斋之古宅怪谭 27131174 0保存成功[douban]
墓客迷踪 27131178 0保存成功[douban]
玉河 27131177 0保存成功[douban]
替代者2混沌梦魇 27126953 0保存成功[douban]
裸婚大喜 26992159 5.7保存成功[douban]
失眠 26748223 6.1保存成功[douban]
我的野兽男友 27118887 0保存成功[douban]
难以置信 26871442 5.3保存成功[douban]
母女大战 未匹配到合适id []
----------地址被限制,稍后重试----------
[pid: 11746|app: 0|req: 241/317] 182.254.52.17 () {36 vars in 594 bytes} [Sun May 17 11:03:04 2020] GET /video/play/51726/1-11.html => generated 15552 bytes in 7 msecs (HTTP/1.1 200) 6 headers in 320 bytes (1 switches on core 0)
记忆清除者 27121204 0保存成功[douban]
僵尸英雄之魔王与公主 未匹配到合适id []
僵尸英雄之魔王与公主 无豆瓣id数据，存入列表
重装上阵 26548617 5.5保存成功[douban]
爱尚泰国 27059236 0保存成功[douban]
生有余罪 未匹配到合适id []
----------地址被限制,稍后重试----------
拳头 27099294 0保存成功[douban]
魔女娇妃 27099301 0保存成功[douban]
异能学姐 27092503 0保存成功[douban]
五年模拟三年高考 27091376 4.1保存成功[douban]
空前劫后漫天飞 27125557 0保存成功[douban]
绝色特攻 未匹配到合适id []
----------地址被限制,稍后重试----------
特种兵之战狼行动 未匹配到合适id []
特种兵之战狼行动 无豆瓣id数据，存入列表
死亡笔记真人版 5920220 4.1保存成功[douban]
男爵的同桌小女生 27099306 0保存成功[douban]
北京八年 27098591 0保存成功[douban]
喵酱妹妹帮我追女神吧 未匹配到合适id []
----------地址被限制,稍后重试----------
[pid: 11746|app: 0|req: 242/318] 78.8.120.10 () {28 vars in 305 bytes} [Sun May 17 11:24:17 2020] GET / => generated 179 bytes in 1 msecs (HTTP/1.1 404) 4 headers in 128 bytes (1 switches on core 0)
无限逆境之末班地铁 26951625 0保存成功[douban]
宝宝进城 27097848 0保存成功[douban]
奥斯曼中尉 26736088 5.6保存成功[douban]
绯闻女主播 27099300 0保存成功[douban]
难以忘怀 26636548 5.3保存成功[douban]
建国大业 未匹配到合适id []
建国大业 无豆瓣id数据，存入列表
杀戮本性 未匹配到合适id []
----------地址被限制,稍后重试----------
[pid: 11746|app: 0|req: 243/319] 78.8.120.10 () {28 vars in 305 bytes} [Sun May 17 11:27:26 2020] GET / => generated 179 bytes in 1 msecs (HTTP/1.1 404) 4 headers in 128 bytes (1 switches on core 0)
猎杀星期一 7154408 7.0保存成功[douban]
喵星人 26747836 4.5保存成功[douban]
一真见血 27107778 0保存成功[douban]
人间不拆 27107777 0保存成功[douban]
山村变形记 27107775 0保存成功[douban]
衰兄囧弟 未匹配到合适id [{'episode': '', 'img': 'https://img3.doubanio.com/view/photo/s_ratio_poster/public/p2560162251.jpg', 'title': '衰兄囧弟', 'url': 'https://movie.douban.com/subject/34439513/?suggest=%E8%A1%B0%E5%85%84%E5%9B%A7%E5%BC%9F', 'type': 'movie', 'year': '2017', 'sub_title': '衰兄囧弟', 'id': '34439513'}, {'episode': '', 'img': 'https://img1.doubanio.com/view/photo/s_ratio_poster/public/p2496032847.jpg', 'title': '岛国狂想曲', 'url': 'https://movie.douban.com/subject/26999712/?suggest=%E8%A1%B0%E5%85%84%E5%9B%A7%E5%BC%9F', 'type': 'movie', 'year': '2017', 'sub_title': '岛国狂想曲', 'id': '26999712'}]
衰兄囧弟 无豆瓣id数据，存入列表
鹰眼侦探社 未匹配到合适id []
----------地址被限制,稍后重试----------
李雷和韩梅梅 26289138 3.7保存成功[douban]
宿命之地 27112986 0保存成功[douban]
生死之墙 26761688 7.2保存成功[douban]
极道少女 未匹配到合适id []
极道少女 无豆瓣id数据，存入列表
大话武林 27110311 0保存成功[douban]
总裁的特工宠妻 27107773 0保存成功[douban]
青禾男高 未匹配到合适id []
----------地址被限制,稍后重试----------
京城81号2 26662798 3.8保存成功[douban]
闻香寻爱 27118883 0保存成功[douban]
诸神下凡三半熟孟婆 27118881 0保存成功[douban]
伤心先生 26966739 6.1保存成功[douban]
无尽日 27107585 4.3保存成功[douban]
大话食神 27118875 0保存成功[douban]
一些怪人 未匹配到合适id []
----------地址被限制,稍后重试----------
功夫机器侠之南拳 26790117 3.1保存成功[douban]
悟空传 26035290 5.1保存成功[douban]
战刀屠狼 27086953 2.8保存成功[douban]
东北兄弟之误闯江湖 27104336 0保存成功[douban]
逃跑新娘2017 27107771 0保存成功[douban]
新小屁孩日记 未匹配到合适id []
----------地址被限制,稍后重试----------
黑蝴蝶 未匹配到合适id [{'episode': '', 'img': 'https://img1.doubanio.com/view/photo/s_ratio_poster/public/p2530576097.jpg', 'title': '黑蝴蝶', 'url': 'https://movie.douban.com/subject/26785020/?suggest=%E9%BB%91%E8%9D%B4%E8%9D%B6', 'type': 'movie', 'year': '2017', 'sub_title': '黑蝴蝶', 'id': '26785020'}, {'episode': '', 'img': 'https://img3.doubanio.com/view/photo/s_ratio_poster/public/p2491730792.jpg', 'title': '黑蝴蝶', 'url': 'https://movie.douban.com/subject/10754814/?suggest=%E9%BB%91%E8%9D%B4%E8%9D%B6', 'type': 'movie', 'year': '2017', 'sub_title': 'Black Butterfly', 'id': '10754814'}]
黑蝴蝶 无豆瓣id数据，存入列表
赢取女孩 26344348 4.8保存成功[douban]
美人天降 27079347 0保存成功[douban]
宝贝老板 未匹配到合适id [{'episode': '', 'img': 'https://img9.doubanio.com/view/photo/s_ratio_poster/public/p2407336615.jpg', 'title': '宝贝老板', 'url': 'https://movie.douban.com/subject/25907029/?suggest=%E5%AE%9D%E8%B4%9D%E8%80%81%E6%9D%BF', 'type': 'movie', 'year': '2017', 'sub_title': 'The Boss Baby', 'id': '25907029'}, {'episode': '', 'img': 'https://img3.doubanio.com/view/photo/s_ratio_poster/public/p2592823631.jpg', 'title': '宝贝老板：提姆的寻宝时间', 'url': 'https://movie.douban.com/subject/35008469/?suggest=%E5%AE%9D%E8%B4%9D%E8%80%81%E6%9D%BF', 'type': 'movie', 'year': '2017', 'sub_title': "The Boss Baby and Tim's Treasure Hunt Through Time", 'id': '35008469'}]
----------地址被限制,稍后重试----------
恶魔校花2 26992369 0保存成功[douban]
美好的意外 26382962 5.6保存成功[douban]
分裂碎片 26873815 0保存成功[douban]
明天也有好吃的饭 26682290 5.9保存成功[douban]
秋风走马 未匹配到合适id []
秋风走马 无豆瓣id数据，存入列表
寻龙契约 27090914 3.0保存成功[douban]
灵魂诊所 未匹配到合适id []
----------地址被限制,稍后重试----------
猩球崛起2：黎明之战 未匹配到合适id []
猩球崛起2：黎明之战 无豆瓣id数据，存入列表
御天神帝1雄霸白鹿 27077547 0保存成功[douban]
卫校男生 27085822 0保存成功[douban]
OL女王奇幻夜 27077594 0保存成功[douban]
颠覆 27032424 0保存成功[douban]
救僵清道夫 26759783 5.4保存成功[douban]
极度抑郁 27077573 0保存成功[douban]
荒唐毕业季 27077575 0保存成功[douban]
命运轮 未匹配到合适id []
----------地址被限制,稍后重试----------
面具惊魂 27107717 0保存成功[douban]
红色连衣裙 27118880 0保存成功[douban]
乡城2017 未匹配到合适id []
乡城2017 无豆瓣id数据，存入列表
我的新娘 27114914 0保存成功[douban]
逆袭2017 未匹配到合适id []
----------地址被限制,稍后重试----------
青衣魅影 27114942 0保存成功[douban]
非正式特工 26862892 5.4保存成功[douban]
二宝闯江湖 26994699 0保存成功[douban]
绝命攻击 26809063 5.4保存成功[douban]
生化药尸 27003499 3.2保存成功[douban]
慈禧来了 27099266 0保存成功[douban]
激斗街篮 未匹配到合适id []
----------地址被限制,稍后重试----------
[pid: 11746|app: 0|req: 244/320] 112.96.134.253 () {44 vars in 971 bytes} [Sun May 17 12:33:13 2020] GET /video/play/84919/1-6.html => generated 13020 bytes in 16 msecs (HTTP/1.1 200) 6 headers in 320 bytes (1 switches on core 0)
[pid: 11746|app: 0|req: 245/321] 195.54.160.121 () {34 vars in 556 bytes} [Sun May 17 12:34:40 2020] GET /solr/admin/info/system?wt=json => generated 179 bytes in 1 msecs (HTTP/1.1 404) 4 headers in 128 bytes (1 switches on core 0)
闺蜜大作战 27098606 0保存成功[douban]
战狼2017 未匹配到合适id []
战狼2017 无豆瓣id数据，存入列表
决战2017 未匹配到合适id []
决战2017 无豆瓣id数据，存入列表
人间大炮 未匹配到合适id []
----------地址被限制,稍后重试----------
[pid: 11746|app: 0|req: 246/322] 195.54.160.121 () {36 vars in 653 bytes} [Sun May 17 12:41:30 2020] GET /?a=fetch&content=<php>die(@md5(HelloThinkCMF))</php> => generated 179 bytes in 1 msecs (HTTP/1.1 404) 4 headers in 128 bytes (1 switches on core 0)
[pid: 11747|app: 0|req: 47/323] 195.54.160.121 () {34 vars in 556 bytes} [Sun May 17 12:41:31 2020] GET /?XDEBUG_SESSION_START=phpstorm => generated 179 bytes in 1 msecs (HTTP/1.1 404) 4 headers in 128 bytes (1 switches on core 0)
一锤定音 26383898 7.5保存成功[douban]
玄笔录前传之幻梦 27043593 0保存成功[douban]
记忆空间 27064789 0保存成功[douban]
女神解码器 27061592 0保存成功[douban]
金钱追杀令 27059166 0保存成功[douban]
炒作大师 27041534 0保存成功[douban]
阴阳天师2 27064788 0保存成功[douban]
梦游侠 未匹配到合适id []
----------地址被限制,稍后重试----------
[pid: 11747|app: 0|req: 48/324] 37.49.148.7 () {32 vars in 462 bytes} [Sun May 17 12:48:03 2020] GET / => generated 179 bytes in 1 msecs (HTTP/1.1 404) 4 headers in 128 bytes (1 switches on core 1)
摇滚三国 未匹配到合适id []
摇滚三国 无豆瓣id数据，存入列表
忠爱无言 26995137 7.3保存成功[douban]
同囚 26897027 5.9保存成功[douban]
奇迹，那天如此重要 26809007 7.7保存成功[douban]
我是卢武铉 未匹配到合适id []
----------地址被限制,稍后重试----------
[pid: 11746|app: 0|req: 247/325] 195.54.160.121 () {34 vars in 716 bytes} [Sun May 17 12:55:57 2020] GET /index.php?s=/Index/\think\app/invokefunction&function=call_user_func_array&vars[0]=md5&vars[1][]=HelloThinkPHP => generated 179 bytes in 1 msecs (HTTP/1.1 404) 4 headers in 128 bytes (1 switches on core 0)
甩尾王 27098659 3.8保存成功[douban]
逆时营救 26667056 4.7保存成功[douban]
十八伏魔录 27102911 0保存成功[douban]
搞定女神的N种魔法 27097924 0保存成功[douban]
巴霍巴利王(下)：终结 26420932 7.1保存成功[douban]
异形：契约 未匹配到合适id [{'episode': '', 'img': 'https://img9.doubanio.com/view/photo/s_ratio_poster/public/p2459944375.jpg', 'title': '异形：契约', 'url': 'https://movie.douban.com/subject/11803087/?suggest=%E5%BC%82%E5%BD%A2%EF%BC%9A%E5%A5%91%E7%BA%A6', 'type': 'movie', 'year': '2017', 'sub_title': 'Alien: Covenant', 'id': '11803087'}, {'episode': '', 'img': 'https://img3.doubanio.com/view/photo/s_ratio_poster/public/p2463787250.jpg', 'title': '异形：契约-番外：十字路口', 'url': 'https://movie.douban.com/subject/27070044/?suggest=%E5%BC%82%E5%BD%A2%EF%BC%9A%E5%A5%91%E7%BA%A6', 'type': 'movie', 'year': '2017', 'sub_title': 'Alien: Covenant - Prologue: The Crossing', 'id': '27070044'}, {'episode': '', 'img': 'https://img9.doubanio.com/view/photo/s_ratio_poster/public/p2504500675.jpg', 'title': '异形：契约-番外：大卫实验室的秘密', 'url': 'https://movie.douban.com/subject/27121208/?suggest=%E5%BC%82%E5%BD%A2%EF%BC%9A%E5%A5%91%E7%BA%A6', 'type': 'movie', 'year': '2017', 'sub_title': 'Alien: Covenant - Prologue: The Secrets of David’s Lab', 'id': '27121208'}, {'episode': '', 'img': 'https://img9.doubanio.com/view/photo/s_ratio_poster/public/p2493077094.jpg', 'title': '异形：契约-番外：最后的晚餐', 'url': 'https://movie.douban.com/subject/27028944/?suggest=%E5%BC%82%E5%BD%A2%EF%BC%9A%E5%A5%91%E7%BA%A6', 'type': 'movie', 'year': '2017', 'sub_title': 'Alien: Covenant - Prologue: Last Supper', 'id': '27028944'}, {'episode': '', 'img': 'https://img3.doubanio.com/view/photo/s_ratio_poster/public/p2557018270.jpg', 'title': '异形：契约-番外：火卫一', 'url': 'https://movie.douban.com/subject/30439234/?suggest=%E5%BC%82%E5%BD%A2%EF%BC%9A%E5%A5%91%E7%BA%A6', 'type': 'movie', 'year': '2017', 'sub_title': 'Alien: Covenant - Phobos', 'id': '30439234'}, {'episode': '', 'img': 'https://img1.doubanio.com/view/photo/s_ratio_poster/public/p2464643408.jpg', 'title': '异形：契约-番外：认识沃尔特', 'url': 'https://movie.douban.com/subject/27073264/?suggest=%E5%BC%82%E5%BD%A2%EF%BC%9A%E5%A5%91%E7%BA%A6', 'type': 'movie', 'year': '2017', 'sub_title': 'Alien: Covenant - Prologue: Meet Walter', 'id': '27073264'}]
----------地址被限制,稍后重试----------
敌对区域 27042421 6.4保存成功[douban]
真爱甜蜜美厨娘 27107769 0保存成功[douban]
搏击傲娇小女生 27102908 0保存成功[douban]
特种兵王2使命抉择 27083741 0保存成功[douban]
按摩侠 27087647 0保存成功[douban]
黑道老师 未匹配到合适id []
----------地址被限制,稍后重试----------
少女日记录 27099290 0保存成功[douban]
轮回日2 27099254 0保存成功[douban]
Bloody-Girl觉醒 未匹配到合适id []
Bloody-Girl觉醒 无豆瓣id数据，存入列表
太原城里无悲伤 27092497 0保存成功[douban]
超能特工学院 未匹配到合适id []
----------地址被限制,稍后重试----------
爱在蜜夜时 未匹配到合适id []
爱在蜜夜时 无豆瓣id数据，存入列表
借眼 26751902 3.6保存成功[douban]
大清极品赌仙 27072368 0保存成功[douban]
麻烦家族 未匹配到合适id [{'episode': '', 'img': 'https://img3.doubanio.com/view/photo/s_ratio_poster/public/p2457986350.jpg', 'title': '麻烦家族', 'url': 'https://movie.douban.com/subject/26907450/?suggest=%E9%BA%BB%E7%83%A6%E5%AE%B6%E6%97%8F', 'type': 'movie', 'year': '2017', 'sub_title': '麻烦家族', 'id': '26907450'}, {'episode': '', 'img': 'https://img9.doubanio.com/view/photo/s_ratio_poster/public/p2458687725.jpg', 'title': '家族之苦2', 'url': 'https://movie.douban.com/subject/26848504/?suggest=%E9%BA%BB%E7%83%A6%E5%AE%B6%E6%97%8F', 'type': 'movie', 'year': '2017', 'sub_title': '家族はつらいよ2', 'id': '26848504'}]
麻烦家族 无豆瓣id数据，存入列表
此情此刻 未匹配到合适id []
此情此刻 无豆瓣id数据，存入列表
心机识表 未匹配到合适id []
----------地址被限制,稍后重试----------
关东风云-胡子 27081634 0保存成功[douban]
LGD超神归来 27081052 2.6保存成功[douban]
会长的贴身校花 27107774 0保存成功[douban]
明朝刺客 27107772 0保存成功[douban]
剪刀手美少女 27063417 0保存成功[douban]
绝世高手 未匹配到合适id [{'episode': '', 'img': 'https://img3.doubanio.com/view/photo/s_ratio_poster/public/p2462744662.jpg', 'title': '绝世高手', 'url': 'https://movie.douban.com/subject/26754831/?suggest=%E7%BB%9D%E4%B8%96%E9%AB%98%E6%89%8B', 'type': 'movie', 'year': '2017', 'sub_title': '绝世高手', 'id': '26754831'}, {'episode': '', 'img': 'https://img1.doubanio.com/f/movie/b6dc761f5e4cf04032faa969826986efbecd54bb/pics/movie/movie_default_small.png', 'title': '绝世高手之特工前传', 'url': 'https://movie.douban.com/subject/27081631/?suggest=%E7%BB%9D%E4%B8%96%E9%AB%98%E6%89%8B', 'type': 'movie', 'year': '2017', 'sub_title': '绝世高手之特工前传', 'id': '27081631'}]
绝世高手 无豆瓣id数据，存入列表
诸神下凡二天宫战神 27112998 0保存成功[douban]
御天神帝2修罗戮神 未匹配到合适id []
----------地址被限制,稍后重试----------
变脸女神 27099292 0保存成功[douban]
腹黑少爷小冤家 27099265 0保存成功[douban]
后青春之歌 27086161 0保存成功[douban]
临时演员 26323026 3.7保存成功[douban]
灵捕者 27079355 0保存成功[douban]
打工泪 27086159 0保存成功[douban]
美女总裁爱上我 未匹配到合适id []
----------地址被限制,稍后重试----------
我是坏人2017 27081137 0保存成功[douban]
天才麻将少女电影版 26865948 5.2保存成功[douban]
替身 未匹配到合适id []
替身 无豆瓣id数据，存入列表
狩灵记 未匹配到合适id []
----------地址被限制,稍后重试----------
外星人2017 未匹配到合适id []
外星人2017 无豆瓣id数据，存入列表
“吃吃”的爱 未匹配到合适id [{'episode': '', 'img': 'https://img1.doubanio.com/view/photo/s_ratio_poster/public/p2459199108.jpg', 'title': '“吃吃”的爱', 'url': 'https://movie.douban.com/subject/26279202/?suggest=%E2%80%9C%E5%90%83%E5%90%83%E2%80%9D%E7%9A%84%E7%88%B1', 'type': 'movie', 'year': '2017', 'sub_title': '“吃吃”的爱', 'id': '26279202'}, {'episode': '', 'img': 'https://img3.doubanio.com/view/photo/s_ratio_poster/public/p2510920531.jpg', 'title': '可口的你', 'url': 'https://movie.douban.com/subject/27109779/?suggest=%E2%80%9C%E5%90%83%E5%90%83%E2%80%9D%E7%9A%84%E7%88%B1', 'type': 'movie', 'year': '2017', 'sub_title': 'Belle à croquer', 'id': '27109779'}]
“吃吃”的爱 无豆瓣id数据，存入列表
网游之虚幻人生 27089137 0保存成功[douban]
战狼少女 未匹配到合适id []
----------地址被限制,稍后重试----------
骨瘦如柴 26761636 6.9保存成功[douban]
刺客风云 27097893 0保存成功[douban]
狗仔英雄 未匹配到合适id []
狗仔英雄 无豆瓣id数据，存入列表
反恐特警组：潜龙突围 26898064 4.6保存成功[douban]
死于独特 未匹配到合适id []
----------地址被限制,稍后重试----------
爆裂功夫 未匹配到合适id []
爆裂功夫 无豆瓣id数据，存入列表
失踪者 27087627 0保存成功[douban]
赵小山与女上司 27091197 0保存成功[douban]
彼岸花灯 未匹配到合适id []
----------地址被限制,稍后重试----------
密室少女 27091577 0保存成功[douban]
中华兵王 27086896 0保存成功[douban]
龙之心4：心火之战 27064359 4.7保存成功[douban]
环药房自行车赛 26855528 7.8保存成功[douban]
拳为恋人 27090767 0保存成功[douban]
镜头下的爱情 未匹配到合适id []
----------地址被限制,稍后重试----------
情迷夜上海 27099237 0保存成功[douban]
杀戮游戏 26975496 0保存成功[douban]
怪物先生历险记 27077574 0保存成功[douban]
民国大劫案 未匹配到合适id [{'episode': '', 'img': 'https://img9.doubanio.com/view/photo/s_ratio_poster/public/p2503710486.jpg', 'title': '民国大劫案', 'url': 'https://movie.douban.com/subject/27077571/?suggest=%E6%B0%91%E5%9B%BD%E5%A4%A7%E5%8A%AB%E6%A1%88', 'type': 'movie', 'year': '2017', 'sub_title': '民国大劫案', 'id': '27077571'}, {'episode': '', 'img': 'https://img1.doubanio.com/view/photo/s_ratio_poster/public/p2503933598.jpg', 'title': '民国大劫案2盗贼先锋', 'url': 'https://movie.douban.com/subject/27186932/?suggest=%E6%B0%91%E5%9B%BD%E5%A4%A7%E5%8A%AB%E6%A1%88', 'type': 'movie', 'year': '2017', 'sub_title': '民国大劫案2盗贼先锋', 'id': '27186932'}]
民国大劫案 无豆瓣id数据，存入列表
刺儿头 未匹配到合适id []
----------地址被限制,稍后重试----------
一天 未匹配到合适id [{'episode': '', 'img': 'https://img3.doubanio.com/view/photo/s_ratio_poster/public/p2464734582.jpg', 'title': '一天', 'url': 'https://movie.douban.com/subject/26757945/?suggest=%E4%B8%80%E5%A4%A9', 'type': 'movie', 'year': '2017', 'sub_title': '하루', 'id': '26757945'}, {'episode': '', 'img': 'https://img9.doubanio.com/view/photo/s_ratio_poster/public/p2456713985.jpg', 'title': '一天零一夜', 'url': 'https://movie.douban.com/subject/27029569/?suggest=%E4%B8%80%E5%A4%A9', 'type': 'movie', 'year': '2017', 'sub_title': '一天零一夜', 'id': '27029569'}]
一天 无豆瓣id数据，存入列表
午夜惊魂路 26895979 2.6保存成功[douban]
死亡飞车2050 26888920 3.4保存成功[douban]
再见时光 未匹配到合适id [{'episode': '', 'img': 'https://img9.doubanio.com/view/photo/s_ratio_poster/public/p2466335295.jpg', 'title': '再见时光', 'url': 'https://movie.douban.com/subject/27061554/?suggest=%E5%86%8D%E8%A7%81%E6%97%B6%E5%85%89', 'type': 'movie', 'year': '2017', 'sub_title': '再见时光', 'id': '27061554'}, {'episode': '', 'img': 'https://img3.doubanio.com/view/photo/s_ratio_poster/public/p2455076783.jpg', 'title': '再见，时光尽头', 'url': 'https://movie.douban.com/subject/27016594/?suggest=%E5%86%8D%E8%A7%81%E6%97%B6%E5%85%89', 'type': 'movie', 'year': '2017', 'sub_title': '再见，时光尽头', 'id': '27016594'}]
再见时光 无豆瓣id数据，存入列表
告诉你们什么是Hip-Hop 27085664 0保存成功[douban]
风流杀手 27085693 0保存成功[douban]
热血女主播 未匹配到合适id []
----------地址被限制,稍后重试----------
疑魂 26961237 0保存成功[douban]
我们的少年时代 未匹配到合适id [{'episode': '40', 'img': 'https://img1.doubanio.com/view/photo/s_ratio_poster/public/p2474466939.jpg', 'title': '我们的少年时代', 'url': 'https://movie.douban.com/subject/26662489/?suggest=%E6%88%91%E4%BB%AC%E7%9A%84%E5%B0%91%E5%B9%B4%E6%97%B6%E4%BB%A3', 'type': 'movie', 'year': '2017', 'sub_title': '我们的少年时代', 'id': '26662489'}, {'episode': '', 'img': 'https://img1.doubanio.com/f/movie/b6dc761f5e4cf04032faa969826986efbecd54bb/pics/movie/movie_default_small.png', 'title': '我们的少年时代', 'url': 'https://movie.douban.com/subject/27086166/?suggest=%E6%88%91%E4%BB%AC%E7%9A%84%E5%B0%91%E5%B9%B4%E6%97%B6%E4%BB%A3', 'type': 'movie', 'year': '2017', 'sub_title': '我们的少年时代', 'id': '27086166'}]
我们的少年时代 无豆瓣id数据，存入列表
美人图2017 未匹配到合适id []
美人图2017 无豆瓣id数据，存入列表
迷情白夜化妆师 27090833 0保存成功[douban]
箫魂传2上古神器 未匹配到合适id []
----------地址被限制,稍后重试----------
爱上女主播 27087609 0保存成功[douban]
惊天大翻盘 25890925 0保存成功[douban]
青春狂想曲2 未匹配到合适id []
青春狂想曲2 无豆瓣id数据，存入列表
老村异事 27099233 0保存成功[douban]
王的男妃 26894534 0保存成功[douban]
决战乌龙阵 27091575 0保存成功[douban]
绝命刀手之墨玉断 27079350 0保存成功[douban]
北纬30度之爱 27065621 0保存成功[douban]
女浴室的哭声 未匹配到合适id []
----------地址被限制,稍后重试----------
[pid: 11746|app: 0|req: 248/326] 93.170.35.206 () {32 vars in 464 bytes} [Sun May 17 14:37:48 2020] GET / => generated 179 bytes in 1 msecs (HTTP/1.1 404) 4 headers in 128 bytes (1 switches on core 0)
许多年以后 27086167 0保存成功[douban]
六人晚餐 26412618 5.6保存成功[douban]
恋爱大作战 27086168 0保存成功[douban]
共助 未匹配到合适id [{'episode': '', 'img': 'https://img9.doubanio.com/view/photo/s_ratio_poster/public/p2403798015.jpg', 'title': '共助', 'url': 'https://movie.douban.com/subject/26616145/?suggest=%E5%85%B1%E5%8A%A9', 'type': 'movie', 'year': '2017', 'sub_title': '공조', 'id': '26616145'}, {'episode': '10', 'img': 'https://img9.doubanio.com/view/photo/s_ratio_poster/public/p2447041546.jpg', 'title': '共助7', 'url': 'https://movie.douban.com/subject/26997471/?suggest=%E5%85%B1%E5%8A%A9', 'type': 'movie', 'year': '2017', 'sub_title': '공조7', 'id': '26997471'}]
共助 无豆瓣id数据，存入列表
囧神驾到 27091573 0保存成功[douban]
女特工的秘密武器 未匹配到合适id []
----------地址被限制,稍后重试----------
台北物语 27054540 4.5保存成功[douban]
绝不放过 27086176 0保存成功[douban]
无罪之城 27056313 3.1保存成功[douban]
疾速复仇者 27092504 0保存成功[douban]
徽州情缘 未匹配到合适id []
徽州情缘 无豆瓣id数据，存入列表
来者不善 未匹配到合适id []
----------地址被限制,稍后重试----------
功夫美男 27099256 0保存成功[douban]
烈火狼之笼斗 未匹配到合适id []
烈火狼之笼斗 无豆瓣id数据，存入列表
X的绝命诅咒 27091175 0保存成功[douban]
婚后进行时 27086157 0保存成功[douban]
小情书 26956641 6.3保存成功[douban]
时空特战队 未匹配到合适id []
----------地址被限制,稍后重试----------
恋爱定理 27081623 0保存成功[douban]
痞子校花 未匹配到合适id [{'episode': '', 'img': 'https://img9.doubanio.com/view/photo/s_ratio_poster/public/p2502272344.jpg', 'title': '痞子校花变身记', 'url': 'https://movie.douban.com/subject/27173334/?suggest=%E7%97%9E%E5%AD%90%E6%A0%A1%E8%8A%B1', 'type': 'movie', 'year': '2017', 'sub_title': '痞子校花变身记', 'id': '27173334'}, {'episode': '', 'img': 'https://img1.doubanio.com/view/photo/s_ratio_poster/public/p2478982019.jpg', 'title': '痞子校花', 'url': 'https://movie.douban.com/subject/27079316/?suggest=%E7%97%9E%E5%AD%90%E6%A0%A1%E8%8A%B1', 'type': 'movie', 'year': '2017', 'sub_title': '痞子校花', 'id': '27079316'}]
痞子校花 无豆瓣id数据，存入列表
东北往事之一剑一酒一江湖 27079368 0保存成功[douban]
凤凰街风雨 27024883 0保存成功[douban]
练爱见习生 27079346 0保存成功[douban]
我们这种叛徒 未匹配到合适id []
----------地址被限制,稍后重试----------
仙球大战 25863024 2.5保存成功[douban]
网红魅影 26956021 0保存成功[douban]
边境攻略 27091597 0保存成功[douban]
人性借条2 27091586 0保存成功[douban]
追逐珊瑚 26928126 9.0保存成功[douban]
血战夜郎谷 27077568 0保存成功[douban]
将界·十日决 未匹配到合适id []
----------地址被限制,稍后重试----------
格格的贴身医卫 27077566 0保存成功[douban]
碟仙前传 26950073 3.0保存成功[douban]
帝都公主传 27077567 0保存成功[douban]
不期而遇 26287783 4.0保存成功[douban]
拆弹专家 26748673 6.3保存成功[douban]
海昏侯传奇之猎天 未匹配到合适id []
----------地址被限制,稍后重试----------
一击 27077569 0保存成功[douban]
主播军团3：主播社团 27061581 0保存成功[douban]
八仙归位 27072644 0保存成功[douban]
决战江湖之东北兄弟 未匹配到合适id []
决战江湖之东北兄弟 无豆瓣id数据，存入列表
扫黄 未匹配到合适id []
----------地址被限制,稍后重试----------
男人.女人 未匹配到合适id []
男人.女人 无豆瓣id数据，存入列表
我的太子保镖 未匹配到合适id []
我的太子保镖 无豆瓣id数据，存入列表
查尔斯三世 26743467 7.3保存成功[douban]
唐山风云2 未匹配到合适id []
----------地址被限制,稍后重试----------
[pid: 11746|app: 0|req: 249/327] 195.54.160.121 () {38 vars in 610 bytes} [Sun May 17 15:35:37 2020] POST /api/jsonws/invoke => generated 179 bytes in 1 msecs (HTTP/1.1 404) 4 headers in 128 bytes (1 switches on core 0)
豪门试爱之假戏真做 27068233 0保存成功[douban]
失恋399年 26836811 2.4保存成功[douban]
夏天十九岁的肖像 26677981 5.0保存成功[douban]
小鬼风云之霸道小总裁 27040736 0保存成功[douban]
我的UFO女友 27068243 0保存成功[douban]
美女爱上野兽 27091177 0保存成功[douban]
碟仙之毕业照 26843838 2.2保存成功[douban]
半城 未匹配到合适id []
----------地址被限制,稍后重试----------
安村 27091178 0保存成功[douban]
英雄风云之五虎联盟 27085684 0保存成功[douban]
命运规则番外之时间重置 未匹配到合适id []
命运规则番外之时间重置 无豆瓣id数据，存入列表
三个老枪手 26266085 7.8保存成功[douban]
恶女 未匹配到合适id []
----------地址被限制,稍后重试----------
江湖恋 27083736 0保存成功[douban]
伤痕累累的恶魔 26771964 6.1保存成功[douban]
明月几时有 26425072 6.9保存成功[douban]
与君相恋100次 26766760 6.2保存成功[douban]
缉枪 26801782 6.3保存成功[douban]
狐闹干探 未匹配到合适id []
----------地址被限制,稍后重试----------
魔鬼的交易 27075247 0保存成功[douban]
谋局 27081611 0保存成功[douban]
我的野蛮室友 27081612 0保存成功[douban]
卧底1000 27059278 0保存成功[douban]
惊门 未匹配到合适id [{'episode': '', 'img': 'https://img3.doubanio.com/view/photo/s_ratio_poster/public/p2461147410.jpg', 'title': '惊门', 'url': 'https://movie.douban.com/subject/27041577/?suggest=%E6%83%8A%E9%97%A8', 'type': 'movie', 'year': '2017', 'sub_title': '惊门', 'id': '27041577'}, {'episode': 'unknow', 'img': 'https://img1.doubanio.com/view/photo/s_ratio_poster/public/p2519531637.jpg', 'title': '暴走恐怖故事 第六季', 'url': 'https://movie.douban.com/subject/27601012/?suggest=%E6%83%8A%E9%97%A8', 'type': 'movie', 'year': '2017', 'sub_title': '暴走恐怖故事 第六季', 'id': '27601012'}]
----------地址被限制,稍后重试----------
玉子 26365236 6.6保存成功[douban]
爱很简单 26856349 0保存成功[douban]
破门：两个疫病神 26643906 6.2保存成功[douban]
我和校花换个身体 未匹配到合适id []
我和校花换个身体 无豆瓣id数据，存入列表
西游外传之爱上美猴王 未匹配到合适id []
----------地址被限制,稍后重试----------
[pid: 11746|app: 0|req: 250/328] 182.254.52.17 () {36 vars in 542 bytes} [Sun May 17 16:06:58 2020] GET / => generated 179 bytes in 1 msecs (HTTP/1.1 404) 4 headers in 128 bytes (1 switches on core 0)
拳战之格斗江湖 27077065 0保存成功[douban]
赏金恋人 27083502 0保存成功[douban]
洪荒宫斗之杀手为妃 27080936 0保存成功[douban]
佣兵的战争 27079332 0保存成功[douban]
后宫太子妃 27006915 0保存成功[douban]
哀乐女子天团 未匹配到合适id []
----------地址被限制,稍后重试----------
次元王 未匹配到合适id []
次元王 无豆瓣id数据，存入列表
狗血屯江湖往事 27081617 0保存成功[douban]
六扇门之空印案 27075263 0保存成功[douban]
网购女友 未匹配到合适id []
----------地址被限制,稍后重试----------
迷魅北京 27081615 0保存成功[douban]
毒诫 26605946 5.0保存成功[douban]
被操纵的城市 26340301 7.5保存成功[douban]
我的同桌是学霸 27079312 0保存成功[douban]
天使派我来爱你 27079345 0保存成功[douban]
哈桑·明哈杰：返校之王 未匹配到合适id []
----------地址被限制,稍后重试----------
加齐号的攻击 27012902 5.3保存成功[douban]
赌神2017之千绝天下 27013270 0保存成功[douban]
胆小别看之真凶 未匹配到合适id []
胆小别看之真凶 无豆瓣id数据，存入列表
走火枪 27064200 5.0保存成功[douban]
血猎者之吸血女王 未匹配到合适id []
----------地址被限制,稍后重试----------
痞子导演 27065662 0保存成功[douban]
龙棺古墓 27061575 2.6保存成功[douban]
6号别墅 27016143 0保存成功[douban]
不良学妹 27034981 0保存成功[douban]
消失的妻子 27038982 0保存成功[douban]
极品桃花运 未匹配到合适id []
----------地址被限制,稍后重试----------
作死高手 未匹配到合适id []
作死高手 无豆瓣id数据，存入列表
杜蕾斯的爱情生活 27068225 0保存成功[douban]
主播军团1：主播公会 26892029 0保存成功[douban]
大钓哥 26791366 5.1保存成功[douban]
风流刺客 未匹配到合适id []
----------地址被限制,稍后重试----------
咸鱼传奇 26729855 2.6保存成功[douban]
王者 26410593 7.7保存成功[douban]
杀欲都市 27077592 0保存成功[douban]
朋友圈灵异事件 27080985 0保存成功[douban]
红人制造之卧底女王 未匹配到合适id []
----------地址被限制,稍后重试----------
住在你的灵魂里 27081618 0保存成功[douban]
超隐形男友 27081621 0保存成功[douban]
机器魔偶 27081044 0保存成功[douban]
我是中国DOTA的希望 27081619 0保存成功[douban]
老师也疯狂 26628239 4.0保存成功[douban]
猎兽少女队 未匹配到合适id []
----------地址被限制,稍后重试----------
迷失罗曼史 未匹配到合适id []
迷失罗曼史 无豆瓣id数据，存入列表
山村诡怨 27073098 0保存成功[douban]
我的老爸老妈 27003578 0保存成功[douban]
宇宙中心五盗口 27064181 0保存成功[douban]
嫌疑人X的献身 未匹配到合适id []
----------地址被限制,稍后重试----------
沈阳沈阳 27073110 0保存成功[douban]
金刚：骷髅岛 26309788 6.5保存成功[douban]
小满的故事之青涩年华 26786794 0保存成功[douban]
失的嫌疑人 未匹配到合适id []
失的嫌疑人 无豆瓣id数据，存入列表
高空 未匹配到合适id []
----------地址被限制,稍后重试----------
绯闻女生 27073087 0保存成功[douban]
胆小止步 27073088 0保存成功[douban]
夜半别打的 未匹配到合适id []
夜半别打的 无豆瓣id数据，存入列表
血狼犬 26882327 5.7保存成功[douban]
我的木偶男友 未匹配到合适id []
----------地址被限制,稍后重试----------
变脸英雄 27077576 0保存成功[douban]
诡宅魅影 27075213 0保存成功[douban]
正道沧桑之青春岁月 27077577 0保存成功[douban]
罪念天使 27077578 0保存成功[douban]
嗜血妖姬之末日少女 27054621 0保存成功[douban]
醒醒吧之跟风者 未匹配到合适id []
----------地址被限制,稍后重试----------
玫瑰·刺青 27077563 0保存成功[douban]
特案调查组之邪剑重生 未匹配到合适id []
特案调查组之邪剑重生 无豆瓣id数据，存入列表
危情扫毒 27077565 0保存成功[douban]
新说聊斋之114号别墅 未匹配到合适id []
----------地址被限制,稍后重试----------
异能力高手 27073023 0保存成功[douban]
逆路 20452324 0保存成功[douban]
玄笔录前传之守护使命 27043594 0保存成功[douban]
青春时光机 27073097 0保存成功[douban]
爱上女总裁 27059327 0保存成功[douban]
兄弟大作战之我的女友叫静香 未匹配到合适id []
----------地址被限制,稍后重试----------
红袖添香 27055697 0保存成功[douban]
新宿天鹅2 26715618 5.6保存成功[douban]
暴走漫画六一红鼻子节晚会全程回顾 未匹配到合适id []
暴走漫画六一红鼻子节晚会全程回顾 无豆瓣id数据，存入列表
猪肉馅饼 26830966 7.0保存成功[douban]
超凡战队 未匹配到合适id []
----------地址被限制,稍后重试----------
[pid: 11746|app: 0|req: 251/329] 14.18.182.223 () {36 vars in 588 bytes} [Sun May 17 17:55:17 2020] GET /vendor/phpunit/phpunit/src/Util/PHP/eval-stdin.php => generated 179 bytes in 1 msecs (HTTP/1.1 404) 4 headers in 128 bytes (1 switches on core 0)
古墓奇谭 27037532 0保存成功[douban]
见习爱神 26895429 0保存成功[douban]
我的电影有点儿二 未匹配到合适id []
我的电影有点儿二 无豆瓣id数据，存入列表
我的新款女友 27068900 0保存成功[douban]
追凶者之双重身份 未匹配到合适id []
----------地址被限制,稍后重试----------
山寨丘比特 27037465 0保存成功[douban]
我的神秘女友 27073091 0保存成功[douban]
拯救脱轨少女 未匹配到合适id []
拯救脱轨少女 无豆瓣id数据，存入列表
玄笔录前传之怨妖坛 26794264 0保存成功[douban]
特工程城 未匹配到合适id []
----------地址被限制,稍后重试----------
分裂大师1 未匹配到合适id []
分裂大师1 无豆瓣id数据，存入列表
恶魔软妹帮 27067976 0保存成功[douban]
我的妖姬女友 未匹配到合适id []
我的妖姬女友 无豆瓣id数据，存入列表
春娇救志明 未匹配到合适id []
----------地址被限制,稍后重试----------
痞子大叔 27068230 0保存成功[douban]
密战之X密码 27068231 0保存成功[douban]
封家村之荒墓 27073031 0保存成功[douban]
女同学男同学 27073103 0保存成功[douban]
古玩鬼 27073102 0保存成功[douban]
极乐快车2勇闯三界 27072749 0保存成功[douban]
霸道了，我的姐 未匹配到合适id []
----------地址被限制,稍后重试----------
青春奏鸣曲 27073104 0保存成功[douban]
动物园长的夫人 24522026 7.3保存成功[douban]
歌声不绝 6854414 5.6保存成功[douban]
怒放的豆芽 27065700 0保存成功[douban]
来自月亮的我 26952566 0保存成功[douban]
深夜药店 未匹配到合适id []
----------地址被限制,稍后重试----------
特别市民 26695659 6.6保存成功[douban]
未爱日记 27059330 0保存成功[douban]
洗人 未匹配到合适id [{'episode': '', 'img': 'https://img1.doubanio.com/view/photo/s_ratio_poster/public/p2399468798.jpg', 'title': '洗人', 'url': 'https://movie.douban.com/subject/26860052/?suggest=%E6%B4%97%E4%BA%BA', 'type': 'movie', 'year': '2017', 'sub_title': '洗人', 'id': '26860052'}, {'episode': '', 'img': 'https://img3.doubanio.com/view/photo/s_ratio_poster/public/p2580003352.jpg', 'title': '人财两洗', 'url': 'https://movie.douban.com/subject/34917442/?suggest=%E6%B4%97%E4%BA%BA', 'type': 'movie', 'year': '2017', 'sub_title': 'Serious Laundry', 'id': '34917442'}]
洗人 无豆瓣id数据，存入列表
仅为你作 27069997 8.5保存成功[douban]
贴身卧底 未匹配到合适id []
----------地址被限制,稍后重试----------
[pid: 11746|app: 0|req: 252/330] 182.254.52.17 () {36 vars in 572 bytes} [Sun May 17 18:36:42 2020] GET /admin/view_log/ => generated 0 bytes in 1 msecs (HTTP/1.1 302) 6 headers in 180 bytes (1 switches on core 0)
[pid: 11748|app: 0|req: 21/331] 182.254.52.17 () {38 vars in 626 bytes} [Sun May 17 18:36:42 2020] GET /admin/login.html => generated 5348 bytes in 1 msecs (HTTP/1.1 200) 6 headers in 319 bytes (1 switches on core 0)
包宿 27073026 0保存成功[douban]
达芬奇的蛋 27069822 0保存成功[douban]
逆天侠盗团2：千面贼王 27069810 0保存成功[douban]
若非青春常在 27073094 0保存成功[douban]
终极拳王 27073096 0保存成功[douban]
仙女潭 未匹配到合适id []
----------地址被限制,稍后重试----------
[pid: 11748|app: 0|req: 22/332] 58.247.212.239 () {36 vars in 543 bytes} [Sun May 17 18:47:04 2020] GET / => generated 179 bytes in 1 msecs (HTTP/1.1 404) 4 headers in 128 bytes (1 switches on core 1)
主播军团2：主播学院 27061579 0保存成功[douban]
天才少年之密室逃脱 27073095 0保存成功[douban]
伪装大师1：维多女人 27065692 6.8保存成功[douban]
伪装大师2：完美骗局 27065693 6.5保存成功[douban]
不汗党 26770698 7.5保存成功[douban]
忘忧酒馆2-相思门 未匹配到合适id []
忘忧酒馆2-相思门 无豆瓣id数据，存入列表
有关谎言的真相 25821676 0保存成功[douban]
乔乔的魔法 未匹配到合适id []
----------地址被限制,稍后重试----------
[pid: 11746|app: 0|req: 253/333] 182.254.52.17 () {36 vars in 574 bytes} [Sun May 17 18:53:28 2020] GET /admin/login.html => generated 5348 bytes in 1 msecs (HTTP/1.1 200) 6 headers in 319 bytes (1 switches on core 0)
天才失败者 27059342 0保存成功[douban]
游戏规则 未匹配到合适id [{'episode': '', 'img': 'https://img1.doubanio.com/view/photo/s_ratio_poster/public/p2422372719.jpg', 'title': '游戏规则', 'url': 'https://movie.douban.com/subject/26745334/?suggest=%E6%B8%B8%E6%88%8F%E8%A7%84%E5%88%99', 'type': 'movie', 'year': '2017', 'sub_title': '游戏规则', 'id': '26745334'}, {'episode': '', 'img': 'https://img9.doubanio.com/view/photo/s_ratio_poster/public/p2526340024.jpg', 'title': '游戏规则2017', 'url': 'https://movie.douban.com/subject/27034974/?suggest=%E6%B8%B8%E6%88%8F%E8%A7%84%E5%88%99', 'type': 'movie', 'year': '2017', 'sub_title': '游戏规则2017', 'id': '27034974'}]
游戏规则 无豆瓣id数据，存入列表
偷窃法则 26896912 4.9保存成功[douban]
枭雄 25817968 7.2保存成功[douban]
一个人的突击队2 26990216 5.6保存成功[douban]
再审 未匹配到合适id []
----------地址被限制,稍后重试----------
攻壳机动队真人版 25818101 6.4保存成功[douban]
模仿女孩 26985563 0保存成功[douban]
配对公寓 34796418 0保存成功[douban]
功夫瑜伽 26182910 5.0保存成功[douban]
新木乃伊 20451290 4.7保存成功[douban]
兔头男复仇记 26307062 0保存成功[douban]
超速驾驶 未匹配到合适id []
----------地址被限制,稍后重试----------
爱情开始的地方之遇见 27039657 0保存成功[douban]
西游外传之小白龙降妖 27021277 0保存成功[douban]
乘风破浪 26862259 6.8保存成功[douban]
上海王 未匹配到合适id []
上海王 无豆瓣id数据，存入列表
莉莉的魔法圣诞节 未匹配到合适id []
----------地址被限制,稍后重试----------
威士忌劫匪 30140627 6.5保存成功[douban]
伯德里纳特的新娘 26942569 7.3保存成功[douban]
亲爱的，孩子们归你了！ 27176605 0保存成功[douban]
决战食神 26711487 4.6保存成功[douban]
斗战胜佛 26841337 2.4保存成功[douban]
保姆上路：模里西斯 未匹配到合适id []
----------地址被限制,稍后重试----------
绑架游戏 27109364 0保存成功[douban]
被上帝遗忘 27109289 0保存成功[douban]
红色谜团 34857398 0保存成功[douban]
风的痕迹 27179210 0保存成功[douban]
守边人 27175974 6.5保存成功[douban]
世代罪恶 未匹配到合适id []
世代罪恶 无豆瓣id数据，存入列表
少年囚徒 30192404 7.2保存成功[douban]
暗金烂狗5 26901236 0保存成功[douban]
猝不及防 26785841 5.8保存成功[douban]
遇见贵人 未匹配到合适id []
----------地址被限制,稍后重试----------
浊流 未匹配到合适id [{'episode': '', 'img': 'https://img3.doubanio.com/view/photo/s_ratio_poster/public/p2454896362.jpg', 'title': '浊流', 'url': 'https://movie.douban.com/subject/26968496/?suggest=%E6%B5%8A%E6%B5%81', 'type': 'movie', 'year': '2017', 'sub_title': '濁流', 'id': '26968496'}, {'episode': '', 'img': 'https://img1.doubanio.com/f/movie/b6dc761f5e4cf04032faa969826986efbecd54bb/pics/movie/movie_default_small.png', 'title': '吳濁流集-先生媽', 'url': 'https://movie.douban.com/subject/27018350/?suggest=%E6%B5%8A%E6%B5%81', 'type': 'movie', 'year': '2017', 'sub_title': '吳濁流集-先生媽', 'id': '27018350'}]
浊流 无豆瓣id数据，存入列表
西游之大话女儿国 27077595 0保存成功[douban]
老师，你会不会回来 26803321 6.3保存成功[douban]
嬉游记之日光宝盒 27021308 0保存成功[douban]
我为花狂 未匹配到合适id []
----------地址被限制,稍后重试----------
欣快 26789025 6.5保存成功[douban]
寂静的爱人 27154663 0保存成功[douban]
大多头之股民的名义 27034886 0保存成功[douban]
百年长安 27199830 0保存成功[douban]
忍者传说之高校争霸 26996614 3.9保存成功[douban]
骇故事之生死翡翠湖 未匹配到合适id []
----------地址被限制,稍后重试----------
盛开的紫荆花 27081031 0保存成功[douban]
代号深海 27144962 0保存成功[douban]
爱的帕斯卡 27198129 2.5保存成功[douban]
完美有多美 26668750 5.4保存成功[douban]
复仇：爱的故事 26724826 6.2保存成功[douban]
猫咪后院之家 未匹配到合适id []
----------地址被限制,稍后重试----------
那些爱人 26949321 6.8保存成功[douban]
布希维克/全境警戒 未匹配到合适id []
布希维克/全境警戒 无豆瓣id数据，存入列表
夜晚的灵魂 26611090 7.8保存成功[douban]
十全九美之真爱无双 26920985 3.6保存成功[douban]
怪笑少女 未匹配到合适id []
----------地址被限制,稍后重试----------
NICO 88 未匹配到合适id []
NICO 88 无豆瓣id数据，存入列表
单身汉 26724679 7.4保存成功[douban]
那般良夜 26729194 8.0保存成功[douban]
一级机密 26875259 7.2保存成功[douban]
三牙峰 未匹配到合适id []
----------地址被限制,稍后重试----------
爱有来世 26652937 6.2保存成功[douban]
一一 未匹配到合适id []
一一 无豆瓣id数据，存入列表
完美陌生人(西班牙版) 26888905 8.4保存成功[douban]
黑网三角洲 未匹配到合适id []
----------地址被限制,稍后重试----------
强尼100块：浪子回头 34909124 0保存成功[douban]
诡怪疑云 27188152 6.7保存成功[douban]
帕蒂蛋糕$ 26928562 7.3保存成功[douban]
迷情佛罗伦萨 25920094 5.6保存成功[douban]
八月 未匹配到合适id []
----------地址被限制,稍后重试----------
天际浩劫2 5324813 5.2保存成功[douban]
遗忘诗行 27123688 7.8保存成功[douban]
昼行闪耀的流星 26873577 6.3保存成功[douban]
白蚁：欲望谜网 未匹配到合适id []
白蚁：欲望谜网 无豆瓣id数据，存入列表
轨道9 未匹配到合适id []
----------地址被限制,稍后重试----------
不能说的事 27191116 5.9保存成功[douban]
猫忍剧场版 未匹配到合适id []
猫忍剧场版 无豆瓣id数据，存入列表
辣手保姆 26704621 6.7保存成功[douban]
不成问题的问题 未匹配到合适id []
----------地址被限制,稍后重试----------
方向 27018299 7.9保存成功[douban]
负罪少女 27126713 7.0保存成功[douban]
恩霞 26665876 5.3保存成功[douban]
刺客信条 未匹配到合适id []
刺客信条 无豆瓣id数据，存入列表
健忘村 未匹配到合适id []
----------地址被限制,稍后重试----------
[pid: 11746|app: 0|req: 254/334] 31.132.71.48 () {32 vars in 462 bytes} [Sun May 17 20:40:51 2020] GET / => generated 179 bytes in 1 msecs (HTTP/1.1 404) 4 headers in 128 bytes (1 switches on core 0)
疗养怨 26919074 5.6保存成功[douban]
老幺 26800977 6.6保存成功[douban]
军犬麦克斯2：白宫英雄 27039318 5.5保存成功[douban]
[pid: 11746|app: 0|req: 255/335] 42.240.133.39 () {30 vars in 328 bytes} [Sun May 17 20:41:25 2020] GET / => generated 179 bytes in 1 msecs (HTTP/1.0 404) 4 headers in 128 bytes (1 switches on core 0)
当我们在一起 27597115 0保存成功[douban]
献给你的徽章 26870761 7.2保存成功[douban]
老娘出击 未匹配到合适id []
----------地址被限制,稍后重试----------
昔日英雄 26928560 6.6保存成功[douban]
演讲辩论社 26611808 6.4保存成功[douban]
大扫毒 34926271 0保存成功[douban]
盗命师 27108493 0保存成功[douban]
糜骨之壤 26304217 6.3保存成功[douban]
命运晚餐 未匹配到合适id []
----------地址被限制,稍后重试----------
如何成为拉丁情人 26791647 6.4保存成功[douban]
荣誉传承 未匹配到合适id []
荣誉传承 无豆瓣id数据，存入列表
最后的话 26638885 7.7保存成功[douban]
苦涩的收割 26244526 6.3保存成功[douban]
燃烧的沙漠 未匹配到合适id []
----------地址被限制,稍后重试----------
[pid: 11746|app: 0|req: 256/336] 113.69.33.255 () {42 vars in 901 bytes} [Sun May 17 20:56:33 2020] GET /admin/view_log/?page=3 => generated 22673 bytes in 149 msecs (HTTP/1.1 200) 5 headers in 152 bytes (1 switches on core 0)
[pid: 11746|app: 0|req: 257/337] 113.69.33.255 () {44 vars in 962 bytes} [Sun May 17 20:56:58 2020] GET /admin/view_log/?page=12 => generated 17433 bytes in 148 msecs (HTTP/1.1 200) 5 headers in 152 bytes (1 switches on core 0)
[pid: 11746|app: 0|req: 258/338] 113.69.33.255 () {44 vars in 946 bytes} [Sun May 17 20:57:10 2020] GET /video/type/1/ => generated 37538 bytes in 268 msecs (HTTP/1.1 200) 6 headers in 320 bytes (1 switches on core 0)
[pid: 11746|app: 0|req: 259/339] 113.69.33.255 () {44 vars in 979 bytes} [Sun May 17 20:57:12 2020] GET /video/type/1/?year=&area=&rating=9.0 => generated 37015 bytes in 107 msecs (HTTP/1.1 200) 6 headers in 320 bytes (1 switches on core 0)
[pid: 11746|app: 0|req: 260/340] 113.69.33.255 () {44 vars in 1002 bytes} [Sun May 17 20:57:14 2020] GET /video/type/1/?year=&area=&rating=8.0 => generated 41705 bytes in 114 msecs (HTTP/1.1 200) 6 headers in 320 bytes (1 switches on core 0)
[pid: 11746|app: 0|req: 261/341] 113.69.33.255 () {44 vars in 1002 bytes} [Sun May 17 20:57:15 2020] GET /video/type/1/?year=&area=&rating=7.0 => generated 42699 bytes in 107 msecs (HTTP/1.1 200) 6 headers in 320 bytes (1 switches on core 0)
[pid: 11746|app: 0|req: 262/342] 113.69.33.255 () {44 vars in 1002 bytes} [Sun May 17 20:57:17 2020] GET /video/type/1/?year=&area=&rating=6.0 => generated 41520 bytes in 121 msecs (HTTP/1.1 200) 6 headers in 320 bytes (1 switches on core 0)
[pid: 11746|app: 0|req: 263/343] 113.69.33.255 () {44 vars in 1002 bytes} [Sun May 17 20:57:18 2020] GET /video/type/1/?year=&area=&rating=5.0 => generated 44831 bytes in 119 msecs (HTTP/1.1 200) 6 headers in 320 bytes (1 switches on core 0)
[pid: 11746|app: 0|req: 264/344] 113.69.33.255 () {44 vars in 1038 bytes} [Sun May 17 20:57:20 2020] GET /video/type/1/?year=&area=&rating=5.0%E4%BB%A5%E4%B8%8B => generated 37451 bytes in 135 msecs (HTTP/1.1 200) 6 headers in 320 bytes (1 switches on core 0)
[pid: 11746|app: 0|req: 265/345] 113.69.33.255 () {44 vars in 975 bytes} [Sun May 17 20:57:38 2020] GET /video/type/1/ => generated 37538 bytes in 234 msecs (HTTP/1.1 200) 6 headers in 320 bytes (1 switches on core 0)
[pid: 11746|app: 0|req: 266/346] 113.69.33.255 () {44 vars in 920 bytes} [Sun May 17 20:57:51 2020] GET /video/ => generated 59918 bytes in 370 msecs (HTTP/1.1 200) 6 headers in 320 bytes (1 switches on core 0)
[pid: 11746|app: 0|req: 267/347] 113.69.33.255 () {42 vars in 884 bytes} [Sun May 17 20:58:20 2020] GET /video/type/1/ => generated 37538 bytes in 242 msecs (HTTP/1.1 200) 6 headers in 320 bytes (1 switches on core 0)
[pid: 11746|app: 0|req: 268/348] 113.69.33.255 () {44 vars in 920 bytes} [Sun May 17 20:58:22 2020] GET /video/ => generated 59918 bytes in 362 msecs (HTTP/1.1 200) 6 headers in 320 bytes (1 switches on core 0)
[pid: 11746|app: 0|req: 269/349] 113.69.33.255 () {42 vars in 886 bytes} [Sun May 17 20:58:24 2020] GET /video/jx-play/ => generated 9836 bytes in 2 msecs (HTTP/1.1 200) 6 headers in 319 bytes (1 switches on core 0)
少年泰坦：犹大契约 2024966 6.8保存成功[douban]
一条龙 26598291 6.8保存成功[douban]
猪猪侠之英雄猪少年 26912427 5.1保存成功[douban]
地面部队 27093646 0保存成功[douban]
异类 未匹配到合适id []
异类 无豆瓣id数据，存入列表
这是我们的钱 未匹配到合适id []
----------地址被限制,稍后重试----------
扭转钱坤 26935498 5.2保存成功[douban]
美国暴力 26944571 5.6保存成功[douban]
西游伏妖篇 25801066 5.5保存成功[douban]
相爱一天 未匹配到合适id []
相爱一天 无豆瓣id数据，存入列表
猛虎嗅蔷薇之龙凤大盗 27148155 0保存成功[douban]
再奏一曲圣诞歌 未匹配到合适id []
----------地址被限制,稍后重试----------
盗墓迷情之千年王妃 26857684 3.0保存成功[douban]
盗墓诡影之再闯雍王墓 26984690 0保存成功[douban]
隐形同盟 27166414 7.8保存成功[douban]
人狼游戏：疯狂大陆 27061492 6.3保存成功[douban]
我的罗曼蒂克 27059300 0保存成功[douban]
大话射雕之正义化身 未匹配到合适id []
----------地址被限制,稍后重试----------
[pid: 11746|app: 0|req: 270/350] 113.69.33.255 () {44 vars in 1015 bytes} [Sun May 17 21:17:59 2020] GET /video/type/1/?year=&area=&rating=5.0%E4%BB%A5%E4%B8%8B => generated 37451 bytes in 140 msecs (HTTP/1.1 200) 6 headers in 320 bytes (1 switches on core 0)
[pid: 11746|app: 0|req: 271/351] 113.69.33.255 () {44 vars in 1020 bytes} [Sun May 17 21:18:00 2020] GET /video/type/1/?year=&area=&rating=5.0 => generated 44831 bytes in 119 msecs (HTTP/1.1 200) 6 headers in 320 bytes (1 switches on core 0)
[pid: 11746|app: 0|req: 272/352] 113.69.33.255 () {44 vars in 1002 bytes} [Sun May 17 21:18:02 2020] GET /video/type/1/?year=&area=&rating=6.0 => generated 41520 bytes in 123 msecs (HTTP/1.1 200) 6 headers in 320 bytes (1 switches on core 0)
[pid: 11746|app: 0|req: 273/353] 113.69.33.255 () {44 vars in 1002 bytes} [Sun May 17 21:18:03 2020] GET /video/type/1/?year=&area=&rating=7.0 => generated 42699 bytes in 109 msecs (HTTP/1.1 200) 6 headers in 320 bytes (1 switches on core 0)
[pid: 11746|app: 0|req: 274/354] 113.69.33.255 () {44 vars in 1002 bytes} [Sun May 17 21:18:05 2020] GET /video/type/1/?year=&area=&rating=8.0 => generated 41705 bytes in 115 msecs (HTTP/1.1 200) 6 headers in 320 bytes (1 switches on core 0)
[pid: 11746|app: 0|req: 275/355] 113.69.33.255 () {44 vars in 1038 bytes} [Sun May 17 21:18:08 2020] GET /video/type/1/?year=&area=&rating=5.0%E4%BB%A5%E4%B8%8B => generated 37451 bytes in 133 msecs (HTTP/1.1 200) 6 headers in 320 bytes (1 switches on core 0)
[pid: 11746|app: 0|req: 276/356] 113.69.33.255 () {44 vars in 1020 bytes} [Sun May 17 21:18:09 2020] GET /video/type/1/?year=&area=&rating=5.0 => generated 44831 bytes in 122 msecs (HTTP/1.1 200) 6 headers in 320 bytes (1 switches on core 0)
[pid: 11746|app: 0|req: 277/357] 113.69.33.255 () {44 vars in 1002 bytes} [Sun May 17 21:18:13 2020] GET /video/type/1/?year=&area=&rating=6.0 => generated 41520 bytes in 121 msecs (HTTP/1.1 200) 6 headers in 320 bytes (1 switches on core 0)
[pid: 11746|app: 0|req: 278/358] 113.69.33.255 () {44 vars in 1002 bytes} [Sun May 17 21:18:14 2020] GET /video/type/1/?year=&area=&rating=7.0 => generated 42699 bytes in 107 msecs (HTTP/1.1 200) 6 headers in 320 bytes (1 switches on core 0)
[pid: 11746|app: 0|req: 279/359] 113.69.33.255 () {44 vars in 1002 bytes} [Sun May 17 21:18:16 2020] GET /video/type/1/?year=&area=&rating=8.0 => generated 41705 bytes in 98 msecs (HTTP/1.1 200) 6 headers in 320 bytes (1 switches on core 0)
[pid: 11746|app: 0|req: 280/360] 113.69.33.255 () {44 vars in 1002 bytes} [Sun May 17 21:18:17 2020] GET /video/type/1/?year=&area=&rating=9.0 => generated 37015 bytes in 95 msecs (HTTP/1.1 200) 6 headers in 320 bytes (1 switches on core 0)
[pid: 11746|app: 0|req: 281/361] 113.69.33.255 () {44 vars in 957 bytes} [Sun May 17 21:18:19 2020] GET /video/type/1/ => generated 37538 bytes in 240 msecs (HTTP/1.1 200) 6 headers in 320 bytes (1 switches on core 0)
[pid: 11746|app: 0|req: 282/362] 113.69.33.255 () {44 vars in 934 bytes} [Sun May 17 21:18:22 2020] GET /video/type/2/ => generated 38127 bytes in 158 msecs (HTTP/1.1 200) 6 headers in 320 bytes (1 switches on core 0)
[pid: 11746|app: 0|req: 283/363] 113.69.33.255 () {44 vars in 979 bytes} [Sun May 17 21:18:57 2020] GET /video/type/2/?year=&area=&rating=9.0 => generated 38431 bytes in 110 msecs (HTTP/1.1 200) 6 headers in 320 bytes (1 switches on core 0)
[pid: 11746|app: 0|req: 284/364] 113.69.33.255 () {44 vars in 1038 bytes} [Sun May 17 21:18:58 2020] GET /video/type/2/?year=&area=&rating=5.0%E4%BB%A5%E4%B8%8B => generated 34811 bytes in 98 msecs (HTTP/1.1 200) 6 headers in 320 bytes (1 switches on core 0)
[pid: 11746|app: 0|req: 285/365] 113.69.33.255 () {44 vars in 1020 bytes} [Sun May 17 21:18:59 2020] GET /video/type/2/?year=&area=&rating=5.0 => generated 33707 bytes in 113 msecs (HTTP/1.1 200) 6 headers in 320 bytes (1 switches on core 0)
[pid: 11746|app: 0|req: 286/366] 113.69.33.255 () {44 vars in 1002 bytes} [Sun May 17 21:19:00 2020] GET /video/type/2/?year=&area=&rating=6.0 => generated 35047 bytes in 101 msecs (HTTP/1.1 200) 6 headers in 320 bytes (1 switches on core 0)
[pid: 11746|app: 0|req: 287/367] 113.69.33.255 () {44 vars in 1002 bytes} [Sun May 17 21:19:01 2020] GET /video/type/2/?year=&area=&rating=7.0 => generated 36037 bytes in 115 msecs (HTTP/1.1 200) 6 headers in 320 bytes (1 switches on core 0)
[pid: 11746|app: 0|req: 288/368] 113.69.33.255 () {44 vars in 1002 bytes} [Sun May 17 21:19:02 2020] GET /video/type/2/?year=&area=&rating=9.0 => generated 38431 bytes in 103 msecs (HTTP/1.1 200) 6 headers in 320 bytes (1 switches on core 0)
[pid: 11746|app: 0|req: 289/369] 113.69.33.255 () {44 vars in 957 bytes} [Sun May 17 21:19:03 2020] GET /video/type/2/ => generated 38127 bytes in 177 msecs (HTTP/1.1 200) 6 headers in 320 bytes (1 switches on core 0)
[pid: 11746|app: 0|req: 290/370] 113.69.33.255 () {44 vars in 934 bytes} [Sun May 17 21:19:06 2020] GET /video/type/3/ => generated 32986 bytes in 98 msecs (HTTP/1.1 200) 6 headers in 320 bytes (1 switches on core 0)
[pid: 11746|app: 0|req: 291/371] 113.69.33.255 () {44 vars in 934 bytes} [Sun May 17 21:19:07 2020] GET /video/type/4/ => generated 33210 bytes in 110 msecs (HTTP/1.1 200) 6 headers in 320 bytes (1 switches on core 0)
[pid: 11746|app: 0|req: 292/372] 113.69.33.255 () {44 vars in 1015 bytes} [Sun May 17 21:19:08 2020] GET /video/type/4/?year=&area=&rating=5.0%E4%BB%A5%E4%B8%8B => generated 33473 bytes in 98 msecs (HTTP/1.1 200) 6 headers in 320 bytes (1 switches on core 0)
[pid: 11746|app: 0|req: 293/373] 113.69.33.255 () {44 vars in 1020 bytes} [Sun May 17 21:19:09 2020] GET /video/type/4/?year=&area=&rating=5.0 => generated 35141 bytes in 90 msecs (HTTP/1.1 200) 6 headers in 320 bytes (1 switches on core 0)
[pid: 11746|app: 0|req: 294/374] 113.69.33.255 () {44 vars in 1002 bytes} [Sun May 17 21:19:09 2020] GET /video/type/4/?year=&area=&rating=6.0 => generated 36300 bytes in 89 msecs (HTTP/1.1 200) 6 headers in 320 bytes (1 switches on core 0)
[pid: 11746|app: 0|req: 295/375] 113.69.33.255 () {44 vars in 968 bytes} [Sun May 17 21:19:10 2020] GET /video/type/4/?area= => generated 33210 bytes in 109 msecs (HTTP/1.1 200) 6 headers in 320 bytes (1 switches on core 0)
[pid: 11746|app: 0|req: 296/376] 113.69.33.255 () {44 vars in 940 bytes} [Sun May 17 21:19:11 2020] GET /video/type/3/ => generated 32986 bytes in 96 msecs (HTTP/1.1 200) 6 headers in 320 bytes (1 switches on core 0)
[pid: 11746|app: 0|req: 297/377] 113.69.33.255 () {44 vars in 979 bytes} [Sun May 17 21:19:12 2020] GET /video/type/3/?year=&area=&rating=9.0 => generated 12421 bytes in 98 msecs (HTTP/1.1 200) 6 headers in 320 bytes (1 switches on core 0)
[pid: 11746|app: 0|req: 298/378] 113.69.33.255 () {44 vars in 1002 bytes} [Sun May 17 21:19:14 2020] GET /video/type/3/?year=&area=&rating=7.0 => generated 12421 bytes in 85 msecs (HTTP/1.1 200) 6 headers in 320 bytes (1 switches on core 0)
[pid: 11746|app: 0|req: 299/379] 113.69.33.255 () {44 vars in 1038 bytes} [Sun May 17 21:19:15 2020] GET /video/type/3/?year=&area=&rating=5.0%E4%BB%A5%E4%B8%8B => generated 12547 bytes in 97 msecs (HTTP/1.1 200) 6 headers in 320 bytes (1 switches on core 0)
[pid: 11746|app: 0|req: 300/380] 113.69.33.255 () {44 vars in 1020 bytes} [Sun May 17 21:19:16 2020] GET /video/type/3/?year=&area=&rating=5.0 => generated 13432 bytes in 98 msecs (HTTP/1.1 200) 6 headers in 320 bytes (1 switches on core 0)
[pid: 11746|app: 0|req: 301/381] 113.69.33.255 () {44 vars in 1002 bytes} [Sun May 17 21:19:16 2020] GET /video/type/3/?year=&area=&rating=6.0 => generated 12421 bytes in 87 msecs (HTTP/1.1 200) 6 headers in 320 bytes (1 switches on core 0)
[pid: 11746|app: 0|req: 302/382] 113.69.33.255 () {44 vars in 968 bytes} [Sun May 17 21:19:18 2020] GET /video/type/3/?area= => generated 32986 bytes in 93 msecs (HTTP/1.1 200) 6 headers in 320 bytes (1 switches on core 0)
[pid: 11746|app: 0|req: 303/383] 113.69.33.255 () {44 vars in 926 bytes} [Sun May 17 21:19:18 2020] GET /video/ => generated 59918 bytes in 362 msecs (HTTP/1.1 200) 6 headers in 320 bytes (1 switches on core 0)
[pid: 11746|app: 0|req: 304/384] 113.69.33.255 () {42 vars in 884 bytes} [Sun May 17 21:21:09 2020] GET /video/type/2/ => generated 38127 bytes in 174 msecs (HTTP/1.1 200) 6 headers in 320 bytes (1 switches on core 0)
人财两洗 34917442 0保存成功[douban]
父子之路 26992432 6.1保存成功[douban]
天空之眼 未匹配到合适id []
天空之眼 无豆瓣id数据，存入列表
野山茶 27037471 0保存成功[douban]
逃亡 未匹配到合适id []
----------地址被限制,稍后重试----------
[pid: 11746|app: 0|req: 305/385] 113.69.33.255 () {44 vars in 963 bytes} [Sun May 17 21:24:37 2020] GET /admin/view_log/?page=11 => generated 22478 bytes in 147 msecs (HTTP/1.1 200) 5 headers in 152 bytes (1 switches on core 0)
[pid: 11746|app: 0|req: 306/386] 113.69.33.255 () {44 vars in 963 bytes} [Sun May 17 21:24:58 2020] GET /admin/view_log/?page=10 => generated 19880 bytes in 144 msecs (HTTP/1.1 200) 5 headers in 152 bytes (1 switches on core 0)
闪光少女 未匹配到合适id [{'episode': '', 'img': 'https://img3.doubanio.com/view/photo/s_ratio_poster/public/p2494275431.jpg', 'title': '闪光少女', 'url': 'https://movie.douban.com/subject/26790961/?suggest=%E9%97%AA%E5%85%89%E5%B0%91%E5%A5%B3', 'type': 'movie', 'year': '2017', 'sub_title': '闪光少女', 'id': '26790961'}, {'episode': '', 'img': 'https://img9.doubanio.com/view/photo/s_ratio_poster/public/p2518217065.jpg', 'title': '派对搭讪秘诀', 'url': 'https://movie.douban.com/subject/25925764/?suggest=%E9%97%AA%E5%85%89%E5%B0%91%E5%A5%B3', 'type': 'movie', 'year': '2017', 'sub_title': 'How to Talk to Girls at Parties', 'id': '25925764'}]
闪光少女 无豆瓣id数据，存入列表
BJ单身日记3：BJ的孩子 未匹配到合适id []
BJ单身日记3：BJ的孩子 无豆瓣id数据，存入列表
红剪花 27067932 0保存成功[douban]
陈翔六点半之废话少说 未匹配到合适id []
----------地址被限制,稍后重试----------
伪证公司 未匹配到合适id []
伪证公司 无豆瓣id数据，存入列表
天才少女 未匹配到合适id [{'episode': '', 'img': 'https://img1.doubanio.com/view/photo/s_ratio_poster/public/p2394315478.jpg', 'title': '天才少女', 'url': 'https://movie.douban.com/subject/26593587/?suggest=%E5%A4%A9%E6%89%8D%E5%B0%91%E5%A5%B3', 'type': 'movie', 'year': '2017', 'sub_title': 'Gifted', 'id': '26593587'}, {'episode': '', 'img': 'https://img1.doubanio.com/view/photo/s_ratio_poster/public/p2421360527.jpg', 'title': '天才麻将少女 电影版', 'url': 'https://movie.douban.com/subject/26865948/?suggest=%E5%A4%A9%E6%89%8D%E5%B0%91%E5%A5%B3', 'type': 'movie', 'year': '2017', 'sub_title': '咲 -Saki- 劇場版', 'id': '26865948'}]
天才少女 无豆瓣id数据，存入列表
三生三世十里桃花 未匹配到合适id [{'episode': '', 'img': 'https://img1.doubanio.com/view/photo/s_ratio_poster/public/p2494279388.jpg', 'title': '三生三世十里桃花', 'url': 'https://movie.douban.com/subject/25823277/?suggest=%E4%B8%89%E7%94%9F%E4%B8%89%E4%B8%96%E5%8D%81%E9%87%8C%E6%A1%83%E8%8A%B1', 'type': 'movie', 'year': '2017', 'sub_title': '三生三世十里桃花', 'id': '25823277'}, {'episode': '58', 'img': 'https://img9.doubanio.com/view/photo/s_ratio_poster/public/p2412572406.jpg', 'title': '三生三世十里桃花', 'url': 'https://movie.douban.com/subject/25975243/?suggest=%E4%B8%89%E7%94%9F%E4%B8%89%E4%B8%96%E5%8D%81%E9%87%8C%E6%A1%83%E8%8A%B1', 'type': 'movie', 'year': '2017', 'sub_title': '三生三世十里桃花', 'id': '25975243'}]
----------地址被限制,稍后重试----------
混蛋夜 26733354 6.0保存成功[douban]
蒸发太平洋 26279449 3.3保存成功[douban]
屠杀公园 26735676 4.4保存成功[douban]
克隆军团 未匹配到合适id []
克隆军团 无豆瓣id数据，存入列表
暗黑杀神 未匹配到合适id []
暗黑杀神 无豆瓣id数据，存入列表
僵局 未匹配到合适id []
----------地址被限制,稍后重试----------
终极硬汉 25912266 3.1保存成功[douban]
病毒入侵 26299473 4.5保存成功[douban]
狮女传说 26694472 7.0保存成功[douban]
爱丽丝梦游仙境2：镜中奇遇记 21441132 6.9保存成功[douban]
无处 未匹配到合适id []
无处 无豆瓣id数据，存入列表
倒数追击 26756314 4.5保存成功[douban]
机器人病毒危机 26613385 3.3保存成功[douban]
全境封锁：特工起源 未匹配到合适id []
----------地址被限制,稍后重试----------
全力青春 26938773 0保存成功[douban]
当我成为你 26865327 3.8保存成功[douban]
替代者之迷情画皮 26785826 0保存成功[douban]
幼儿怨 未匹配到合适id []
幼儿怨 无豆瓣id数据，存入列表
一起入魔 未匹配到合适id []
----------地址被限制,稍后重试----------
失恋日 26874465 5.8保存成功[douban]
爱猫之城 26806099 8.4保存成功[douban]
苏丹 26728641 6.9保存成功[douban]
末代掌门 26852068 0保存成功[douban]
太子出宫记 26852075 0保存成功[douban]
鹅滴个神 未匹配到合适id []
----------地址被限制,稍后重试----------
你这磨人的俄国小妖精 26847080 0保存成功[douban]
探魔导师 26841304 3.1保存成功[douban]
最坏的一天 26610877 6.2保存成功[douban]
阿燕的人生 26779263 6.2保存成功[douban]
恐怖面纱 25830405 5.0保存成功[douban]
迟来的愤怒 26737564 5.9保存成功[douban]
鲨卷风4：四度觉醒 26578007 3.8保存成功[douban]
分歧者3：忠诚世界 25794302 5.9保存成功[douban]
窒息 未匹配到合适id [{'episode': '', 'img': 'https://img1.doubanio.com/view/photo/s_ratio_poster/public/p2462116749.jpg', 'title': '窒息', 'url': 'https://movie.douban.com/subject/26879159/?suggest=%E7%AA%92%E6%81%AF', 'type': 'movie', 'year': '2016', 'sub_title': 'A martfüi rém', 'id': '26879159'}, {'episode': '', 'img': 'https://img9.doubanio.com/view/photo/s_ratio_poster/public/p2340125224.jpg', 'title': '窒息的阳光', 'url': 'https://movie.douban.com/subject/26705869/?suggest=%E7%AA%92%E6%81%AF', 'type': 'movie', 'year': '2016', 'sub_title': 'Sun Choke', 'id': '26705869'}]
窒息 无豆瓣id数据，存入列表
致命还击 未匹配到合适id []
----------地址被限制,稍后重试----------
渎职 26322967 5.0保存成功[douban]
网聘女伴 26309892 5.6保存成功[douban]
萌学园：寻找盘古 26754880 0保存成功[douban]
传奇的诞生 未匹配到合适id [{'episode': '', 'img': 'https://img1.doubanio.com/view/photo/s_ratio_poster/public/p2531286907.jpg', 'title': '传奇的诞生', 'url': 'https://movie.douban.com/subject/3073268/?suggest=%E4%BC%A0%E5%A5%87%E7%9A%84%E8%AF%9E%E7%94%9F', 'type': 'movie', 'year': '2016', 'sub_title': 'Pelé: Birth of a Legend', 'id': '3073268'}, {'episode': '', 'img': 'https://img9.doubanio.com/view/photo/s_ratio_poster/public/p2354891905.jpg', 'title': '传奇诞生-2014-2015赛季金州勇士队', 'url': 'https://movie.douban.com/subject/26765402/?suggest=%E4%BC%A0%E5%A5%87%E7%9A%84%E8%AF%9E%E7%94%9F', 'type': 'movie', 'year': '2016', 'sub_title': 'Legends: 2014-15 Golden State Warriors', 'id': '26765402'}]
传奇的诞生 无豆瓣id数据，存入列表
我的麻吉女友 未匹配到合适id []
----------地址被限制,稍后重试----------
天路十一组 未匹配到合适id []
天路十一组 无豆瓣id数据，存入列表
重生2016 未匹配到合适id []
重生2016 无豆瓣id数据，存入列表
无神 26739162 5.6保存成功[douban]
僵尸归来2：消失的御林军 未匹配到合适id []
----------地址被限制,稍后重试----------
僵尸归来3：风吹头弯 26805215 4.8保存成功[douban]
记忆的芬芳 26990235 5.5保存成功[douban]
镭射小队 26337986 5.0保存成功[douban]
三傻大闹加油站 26945896 0保存成功[douban]
现代狼人 26849312 5.2保存成功[douban]
梦二爱的水花 未匹配到合适id []
----------地址被限制,稍后重试----------
[pid: 11746|app: 0|req: 307/387] 5.101.0.209 () {34 vars in 553 bytes} [Sun May 17 22:41:49 2020] GET /solr/admin/info/system?wt=json => generated 179 bytes in 1 msecs (HTTP/1.1 404) 4 headers in 128 bytes (1 switches on core 0)
托尼欧 26838174 6.9保存成功[douban]
猫皮 未匹配到合适id []
猫皮 无豆瓣id数据，存入列表
狂热2016 26765203 0保存成功[douban]
面包碎屑 26864250 6.5保存成功[douban]
真实犯罪 未匹配到合适id []
----------地址被限制,稍后重试----------
[pid: 11746|app: 0|req: 308/388] 5.101.0.209 () {34 vars in 553 bytes} [Sun May 17 22:45:22 2020] GET /?XDEBUG_SESSION_START=phpstorm => generated 179 bytes in 1 msecs (HTTP/1.1 404) 4 headers in 128 bytes (1 switches on core 0)
[pid: 11746|app: 0|req: 309/389] 5.101.0.209 () {36 vars in 650 bytes} [Sun May 17 22:45:24 2020] GET /?a=fetch&content=<php>die(@md5(HelloThinkCMF))</php> => generated 179 bytes in 1 msecs (HTTP/1.1 404) 4 headers in 128 bytes (1 switches on core 0)
[pid: 11746|app: 0|req: 310/390] 5.101.0.209 () {34 vars in 713 bytes} [Sun May 17 22:47:41 2020] GET /index.php?s=/Index/\think\app/invokefunction&function=call_user_func_array&vars[0]=md5&vars[1][]=HelloThinkPHP => generated 179 bytes in 1 msecs (HTTP/1.1 404) 4 headers in 128 bytes (1 switches on core 0)
哺乳动物 26286214 6.6保存成功[douban]
冲天火 26365631 3.7保存成功[douban]
追凶者也 26284621 7.8保存成功[douban]
仙班校园2 26823157 3.4保存成功[douban]
我的叔叔 26676350 7.0保存成功[douban]
老人交响乐团 26637868 7.2保存成功[douban]
弗兰兹 26616719 8.3保存成功[douban]
一只黄鸟 26763724 6.3保存成功[douban]
面对邪恶 27025809 3.7保存成功[douban]
五台山儿女英雄传 未匹配到合适id []
----------地址被限制,稍后重试----------
准新娘 27008016 0保存成功[douban]
驴得水 25921812 8.3保存成功[douban]
黄阿丽：小眼镜蛇 26772763 8.8保存成功[douban]
校合唱团的秘密 26921952 8.8保存成功[douban]
混社会2风云再起 26842828 0保存成功[douban]
魔术师：不可能的生活 未匹配到合适id []
----------地址被限制,稍后重试----------
脱皮爸爸 26661194 5.5保存成功[douban]
我的初恋女孩 26587723 6.6保存成功[douban]
夺命来电 1892134 4.5保存成功[douban]
骨妹 26761978 7.2保存成功[douban]
诡案组之魔影杀手 26776712 0保存成功[douban]
阴阳先生之末代天师 26761308 5.0保存成功[douban]
清水里的刀子 26593732 6.6保存成功[douban]
夹缝中 26876339 6.6保存成功[douban]
钢铁骑士 3863845 3.7保存成功[douban]
魔兽 2131940 7.7保存成功[douban]
快手枪手快枪手 未匹配到合适id []
----------地址被限制,稍后重试----------
[pid: 11746|app: 0|req: 311/391] 188.227.93.35 () {32 vars in 470 bytes} [Sun May 17 23:11:34 2020] GET / => generated 179 bytes in 1 msecs (HTTP/1.1 404) 4 headers in 128 bytes (1 switches on core 0)
封神传奇 25850122 2.9保存成功[douban]
爱在小红点 27129625 0保存成功[douban]
大洋之间的灯光 25723780 6.9保存成功[douban]
大显神威 26720391 4.4保存成功[douban]
俄罗斯套娃 30245293 4.1保存成功[douban]
早安秀 未匹配到合适id []
----------地址被限制,稍后重试----------
破碎我心 未匹配到合适id []
破碎我心 无豆瓣id数据，存入列表
刑警兄弟 11625312 5.3保存成功[douban]
谁的青春不迷茫 未匹配到合适id [{'episode': '', 'img': 'https://img1.doubanio.com/view/photo/s_ratio_poster/public/p2332755749.jpg', 'title': '谁的青春不迷茫', 'url': 'https://movie.douban.com/subject/26290367/?suggest=%E8%B0%81%E7%9A%84%E9%9D%92%E6%98%A5%E4%B8%8D%E8%BF%B7%E8%8C%AB', 'type': 'movie', 'year': '2016', 'sub_title': '谁的青春不迷茫', 'id': '26290367'}, {'episode': '', 'img': 'https://img9.doubanio.com/view/photo/s_ratio_poster/public/p2435707195.jpg', 'title': '迷途', 'url': 'https://movie.douban.com/subject/26984408/?suggest=%E8%B0%81%E7%9A%84%E9%9D%92%E6%98%A5%E4%B8%8D%E8%BF%B7%E8%8C%AB', 'type': 'movie', 'year': '2016', 'sub_title': '迷途', 'id': '26984408'}]
谁的青春不迷茫 无豆瓣id数据，存入列表
赏金猎人 未匹配到合适id []
----------地址被限制,稍后重试----------
高跟鞋先生 26652816 5.0保存成功[douban]
老九门番外之恒河杀树 26870580 4.3保存成功[douban]
花花子弟 未匹配到合适id []
花花子弟 无豆瓣id数据，存入列表
画皮师 未匹配到合适id []
----------地址被限制,稍后重试----------
恶床 未匹配到合适id []
恶床 无豆瓣id数据，存入列表
这些天 26843370 5.6保存成功[douban]
我的法国电影之旅 26615602 8.3保存成功[douban]
老九门番外之四屠黄葵 未匹配到合适id []
----------地址被限制,稍后重试----------
马克思和莱昂的疯狂故事 26844773 7.1保存成功[douban]
江湖有道 26792481 3.1保存成功[douban]
鬼瞳警探 26827970 3.2保存成功[douban]
仙医神厨 26831255 3.7保存成功[douban]
武力2 26830275 5.6保存成功[douban]
模特 未匹配到合适id []
----------地址被限制,稍后重试----------
临渊而立 26664345 7.2保存成功[douban]
妈妈，晚餐吃什么？ 26720473 6.7保存成功[douban]
老九门番外之二月花开 26838466 4.9保存成功[douban]
老九门番外之虎骨梅花 26871439 5.2保存成功[douban]
超感猎杀：圣诞特别篇 26926703 8.6保存成功[douban]
鬼追人5 3148924 4.8保存成功[douban]
仙班校园 未匹配到合适id [{'episode': '', 'img': 'https://img3.doubanio.com/view/photo/s_ratio_poster/public/p2316172233.jpg', 'title': '仙班校园', 'url': 'https://movie.douban.com/subject/26702319/?suggest=%E4%BB%99%E7%8F%AD%E6%A0%A1%E5%9B%AD', 'type': 'movie', 'year': '2016', 'sub_title': '仙班校园', 'id': '26702319'}, {'episode': '', 'img': 'https://img3.doubanio.com/view/photo/s_ratio_poster/public/p2361550502.jpg', 'title': '仙班校园2', 'url': 'https://movie.douban.com/subject/26823157/?suggest=%E4%BB%99%E7%8F%AD%E6%A0%A1%E5%9B%AD', 'type': 'movie', 'year': '2016', 'sub_title': '仙班校园2', 'id': '26823157'}]
仙班校园 无豆瓣id数据，存入列表
甜心战士：眼泪 未匹配到合适id []
----------地址被限制,稍后重试----------
[pid: 11746|app: 0|req: 312/392] 80.82.68.114 () {30 vars in 433 bytes} [Sun May 17 23:51:26 2020] GET / => generated 179 bytes in 1 msecs (HTTP/1.1 404) 4 headers in 128 bytes (1 switches on core 0)
[pid: 11746|app: 0|req: 313/393] 80.82.68.114 () {30 vars in 453 bytes} [Sun May 17 23:51:26 2020] GET /robots.txt => generated 179 bytes in 1 msecs (HTTP/1.1 404) 4 headers in 128 bytes (1 switches on core 0)
[pid: 11746|app: 0|req: 314/394] 80.82.68.114 () {30 vars in 455 bytes} [Sun May 17 23:51:26 2020] GET /favicon.ico => generated 179 bytes in 1 msecs (HTTP/1.1 404) 4 headers in 128 bytes (1 switches on core 0)
[pid: 11746|app: 0|req: 315/395] 5.101.0.209 () {38 vars in 607 bytes} [Sun May 17 23:53:09 2020] POST /api/jsonws/invoke => generated 179 bytes in 1 msecs (HTTP/1.1 404) 4 headers in 128 bytes (1 switches on core 0)
圣之青春 26429841 7.5保存成功[douban]
白国王 26635373 5.8保存成功[douban]
爸爸的木房子 26639034 5.6保存成功[douban]
山炮进城2 26733499 3.9保存成功[douban]
爸爸的女儿 未匹配到合适id []
----------地址被限制,稍后重试----------
[1589731201] logsize: 111470, triggering log-reopen...
