[1589904002] ./uwsgi.log reopened.
纽约小匪战黑帮 21340180 6.3保存成功[douban]
蒙羞之旅 3285050 6.3保存成功[douban]
古巴浪人 11232686 6.6保存成功[douban]
单亲度假村 24325798 7.3保存成功[douban]
邻居大战 6875277 6.2保存成功[douban]
猎鹰突起 未匹配到合适id []
----------地址被限制,稍后重试----------
赛琳娜 3112738 5.7保存成功[douban]
摩纳哥王妃 10450713 6.8保存成功[douban]
布鲁克林最愤怒的人 3230143 6.9保存成功[douban]
少年时代 2209575 8.5保存成功[douban]
明日边缘 4746257 8.1保存成功[douban]
帕洛玛之旅 10764051 6.9保存成功[douban]
夜行猎人 26276955 0保存成功[douban]
天堂真的存在 24325794 7.2保存成功[douban]
极品飞车 未匹配到合适id [{'episode': '', 'img': 'https://img3.doubanio.com/view/photo/s_ratio_poster/public/p2172119522.jpg', 'title': '极品飞车', 'url': 'https://movie.douban.com/subject/20257326/?suggest=%E6%9E%81%E5%93%81%E9%A3%9E%E8%BD%A6', 'type': 'movie', 'year': '2014', 'sub_title': 'Need for Speed', 'id': '20257326'}, {'episode': '', 'img': 'https://img3.doubanio.com/view/photo/s_ratio_poster/public/p2388152252.jpg', 'title': '闪电约会', 'url': 'https://movie.douban.com/subject/26577533/?suggest=%E6%9E%81%E5%93%81%E9%A3%9E%E8%BD%A6', 'type': 'movie', 'year': '2014', 'sub_title': 'Need for Speed Dating', 'id': '26577533'}]
极品飞车 无豆瓣id数据，存入列表
超验骇客 未匹配到合适id []
----------地址被限制,稍后重试----------
神父有难 10487245 7.1保存成功[douban]
诺亚方舟：创世之旅 6959152 5.8保存成功[douban]
谍影特工 10792320 6.4保存成功[douban]
彩虹总在风雨后 25972400 0保存成功[douban]
奇怪的她韩版 未匹配到合适id []
----------地址被限制,稍后重试----------
王子 未匹配到合适id []
王子 无豆瓣id数据，存入列表
罪恶赎金 3439317 5.4保存成功[douban]
宙斯之子：赫拉克勒斯 3157583 6.0保存成功[douban]
运河迷踪 25725308 5.8保存成功[douban]
心在彼处 未匹配到合适id []
----------地址被限制,稍后重试----------
轻轻摇晃 20440456 7.3保存成功[douban]
爱的就是你 22519250 7.4保存成功[douban]
布里斯堡 10515616 7.1保存成功[douban]
罗马浴场2 21332449 6.5保存成功[douban]
机械战警 3077742 6.4保存成功[douban]
破坏者 未匹配到合适id []
----------地址被限制,稍后重试----------
不善之举 21263442 5.2保存成功[douban]
锅盖头2 25884461 5.7保存成功[douban]
少年时代 2209575 8.5保存成功[douban]
母亲外出之夜 25836073 5.7保存成功[douban]
暴力街区 3718269 7.0保存成功[douban]
激乐人心 未匹配到合适id []
激乐人心 无豆瓣id数据，存入列表
离别七日情 3530407 6.9保存成功[douban]
上帝的口袋 24704127 6.5保存成功[douban]
魔字鬼谈 10766220 5.6保存成功[douban]
龙虎少年队2 10546666 6.9保存成功[douban]
暴风雪中的白鸟 未匹配到合适id []
----------地址被限制,稍后重试----------
[pid: 11746|app: 0|req: 461/586] 120.78.152.166 () {34 vars in 501 bytes} [Wed May 20 00:51:18 2020] GET /TP/public/index.php => generated 179 bytes in 1 msecs (HTTP/1.1 404) 4 headers in 128 bytes (1 switches on core 0)
[pid: 11747|app: 0|req: 76/587] 120.78.152.166 () {34 vars in 487 bytes} [Wed May 20 00:51:18 2020] GET /TP/index.php => generated 179 bytes in 1 msecs (HTTP/1.1 404) 4 headers in 128 bytes (1 switches on core 0)
[pid: 11748|app: 0|req: 36/588] 120.78.152.166 () {34 vars in 523 bytes} [Wed May 20 00:51:18 2020] GET /thinkphp/html/public/index.php => generated 179 bytes in 1 msecs (HTTP/1.1 404) 4 headers in 128 bytes (1 switches on core 0)
[pid: 11747|app: 0|req: 77/589] 120.78.152.166 () {34 vars in 505 bytes} [Wed May 20 00:51:18 2020] GET /html/public/index.php => generated 179 bytes in 1 msecs (HTTP/1.1 404) 4 headers in 128 bytes (1 switches on core 1)
[pid: 11748|app: 0|req: 37/590] 120.78.152.166 () {34 vars in 495 bytes} [Wed May 20 00:51:18 2020] GET /public/index.php => generated 179 bytes in 1 msecs (HTTP/1.1 404) 4 headers in 128 bytes (1 switches on core 1)
[pid: 11749|app: 0|req: 17/591] 120.78.152.166 () {34 vars in 511 bytes} [Wed May 20 00:51:18 2020] GET /TP/html/public/index.php => generated 179 bytes in 1 msecs (HTTP/1.1 404) 4 headers in 128 bytes (1 switches on core 0)
[pid: 11749|app: 0|req: 18/592] 120.78.152.166 () {34 vars in 483 bytes} [Wed May 20 00:51:18 2020] GET /elrekt.php => generated 179 bytes in 1 msecs (HTTP/1.1 404) 4 headers in 128 bytes (1 switches on core 1)
[pid: 11746|app: 0|req: 462/593] 120.78.152.166 () {34 vars in 481 bytes} [Wed May 20 00:51:18 2020] GET /index.php => generated 179 bytes in 1 msecs (HTTP/1.1 404) 4 headers in 128 bytes (1 switches on core 0)
[pid: 11747|app: 0|req: 78/594] 120.78.152.166 () {34 vars in 466 bytes} [Wed May 20 00:51:18 2020] GET / => generated 179 bytes in 1 msecs (HTTP/1.1 404) 4 headers in 128 bytes (1 switches on core 0)
选秀日 20257765 7.9保存成功[douban]
分歧者：异类觉醒 6424814 6.5保存成功[douban]
美国队长2 6390823 8.0保存成功[douban]
星际之旅：木星计划 26289750 4.1保存成功[douban]
大力神重生 25925835 3.1保存成功[douban]
星运里的错 未匹配到合适id []
----------地址被限制,稍后重试----------
像男人一样思考2 未匹配到合适id []
----------地址被限制,稍后重试----------
[pid: 11747|app: 0|req: 79/595] 182.254.52.17 () {36 vars in 500 bytes} [Wed May 20 01:08:30 2020] GET /hudson => generated 179 bytes in 1 msecs (HTTP/1.1 404) 4 headers in 128 bytes (1 switches on core 1)
死寂亡灵 未匹配到合适id []
----------地址被限制,稍后重试----------
[pid: 11746|app: 0|req: 463/596] 45.131.27.64 () {40 vars in 602 bytes} [Wed May 20 01:14:07 2020] GET /index.php => generated 179 bytes in 1 msecs (HTTP/1.1 404) 4 headers in 128 bytes (1 switches on core 0)
[pid: 11746|app: 0|req: 464/597] 45.131.27.64 () {38 vars in 595 bytes} [Wed May 20 01:14:08 2020] GET /phpmyadmin/index.php => generated 179 bytes in 1 msecs (HTTP/1.1 404) 4 headers in 128 bytes (1 switches on core 0)
鲨卷风2 未匹配到合适id []
----------地址被限制,稍后重试----------
[pid: 11746|app: 0|req: 465/598] 185.136.150.9 () {32 vars in 464 bytes} [Wed May 20 01:23:59 2020] GET / => generated 179 bytes in 1 msecs (HTTP/1.1 404) 4 headers in 128 bytes (1 switches on core 0)
泽西男孩 未匹配到合适id []
----------地址被限制,稍后重试----------
连续五次失败，等待30分钟
----------重新启动查找------------
九叔归来1 未匹配到合适id []
----------地址被限制,稍后重试----------
电梯男孩 未匹配到合适id []
----------地址被限制,稍后重试----------
倚马而息 未匹配到合适id []
----------地址被限制,稍后重试----------
羊与狼的恋爱和杀人 未匹配到合适id []
----------地址被限制,稍后重试----------
助理2019 未匹配到合适id []
----------地址被限制,稍后重试----------
连续五次失败，等待30分钟
[pid: 11746|app: 0|req: 466/599] 85.185.22.13 () {32 vars in 462 bytes} [Wed May 20 02:55:53 2020] GET / => generated 179 bytes in 1 msecs (HTTP/1.1 404) 4 headers in 128 bytes (1 switches on core 0)
----------重新启动查找------------
九叔归来1 未匹配到合适id []
----------地址被限制,稍后重试----------
[pid: 11746|app: 0|req: 467/600] 88.227.96.201 () {32 vars in 470 bytes} [Wed May 20 03:15:35 2020] GET / => generated 179 bytes in 1 msecs (HTTP/1.1 404) 4 headers in 128 bytes (1 switches on core 0)
电梯男孩 未匹配到合适id []
----------地址被限制,稍后重试----------
倚马而息 未匹配到合适id []
----------地址被限制,稍后重试----------
羊与狼的恋爱和杀人 未匹配到合适id []
----------地址被限制,稍后重试----------
助理2019 未匹配到合适id []
----------地址被限制,稍后重试----------
连续五次失败，等待30分钟
----------重新启动查找------------
九叔归来1 未匹配到合适id []
----------地址被限制,稍后重试----------
电梯男孩 未匹配到合适id []
----------地址被限制,稍后重试----------
倚马而息 未匹配到合适id []
----------地址被限制,稍后重试----------
羊与狼的恋爱和杀人 未匹配到合适id []
----------地址被限制,稍后重试----------
助理2019 未匹配到合适id []
----------地址被限制,稍后重试----------
连续五次失败，等待30分钟
----------重新启动查找------------
九叔归来1 未匹配到合适id []
----------地址被限制,稍后重试----------
电梯男孩 未匹配到合适id []
----------地址被限制,稍后重试----------
倚马而息 未匹配到合适id []
----------地址被限制,稍后重试----------
羊与狼的恋爱和杀人 未匹配到合适id []
----------地址被限制,稍后重试----------
助理2019 未匹配到合适id []
----------地址被限制,稍后重试----------
连续五次失败，等待30分钟
[pid: 11746|app: 0|req: 468/601] 182.254.52.17 () {36 vars in 570 bytes} [Wed May 20 06:09:59 2020] GET /portal/redlion => generated 179 bytes in 1 msecs (HTTP/1.1 404) 4 headers in 128 bytes (1 switches on core 0)
----------重新启动查找------------
九叔归来1 35048776 0保存成功[douban]
电梯男孩 34432496 0保存成功[douban]
倚马而息 30206945 0保存成功[douban]
羊与狼的恋爱和杀人 34454765 5.9保存成功[douban]
助理2019 未匹配到合适id []
助理2019 无豆瓣id数据，存入列表
我的青春非主流 未匹配到合适id []
我的青春非主流 无豆瓣id数据，存入列表
一些怪人 未匹配到合适id []
----------地址被限制,稍后重试----------
来者不善 未匹配到合适id []
来者不善 无豆瓣id数据，存入列表
嫌疑人X的献身 26606743 6.4保存成功[douban]
逃亡 未匹配到合适id []
逃亡 无豆瓣id数据，存入列表
都市封魔传 未匹配到合适id []
----------地址被限制,稍后重试----------
游戏人生 未匹配到合适id []
游戏人生 无豆瓣id数据，存入列表
我们的时间就在当前 26881673 6.4保存成功[douban]
隧道 未匹配到合适id [{'episode': '', 'img': 'https://img3.doubanio.com/view/photo/s_ratio_poster/public/p2358109451.jpg', 'title': '隧道', 'url': 'https://movie.douban.com/subject/26410594/?suggest=%E9%9A%A7%E9%81%93', 'type': 'movie', 'year': '2016', 'sub_title': '터널', 'id': '26410594'}, {'episode': '', 'img': 'https://img1.doubanio.com/view/photo/s_ratio_poster/public/p2563538599.jpg', 'title': '隧道尽头', 'url': 'https://movie.douban.com/subject/26661229/?suggest=%E9%9A%A7%E9%81%93', 'type': 'movie', 'year': '2016', 'sub_title': 'Al final del túnel', 'id': '26661229'}]
隧道 无豆瓣id数据，存入列表
疯狂特警队 26811367 5.7保存成功[douban]
小伙时代之忆当年 26813310 0保存成功[douban]
死亡笔记 未匹配到合适id [{'episode': '', 'img': 'https://img1.doubanio.com/view/photo/s_ratio_poster/public/p2351106879.jpg', 'title': '死亡笔记', 'url': 'https://movie.douban.com/subject/26766405/?suggest=%E6%AD%BB%E4%BA%A1%E7%AC%94%E8%AE%B0', 'type': 'movie', 'year': '2016', 'sub_title': '死亡笔记', 'id': '26766405'}, {'episode': '3', 'img': 'https://img3.doubanio.com/view/photo/s_ratio_poster/public/p2381630942.jpg', 'title': '死亡笔记：新生代', 'url': 'https://movie.douban.com/subject/26852892/?suggest=%E6%AD%BB%E4%BA%A1%E7%AC%94%E8%AE%B0', 'type': 'movie', 'year': '2016', 'sub_title': 'デスノート NEW GENERATION', 'id': '26852892'}]
----------地址被限制,稍后重试----------
救命解药 26363201 7.1保存成功[douban]
猎头召唤 10551890 7.4保存成功[douban]
橄榄树 26633326 6.7保存成功[douban]
校塔枪击案 26752855 8.0保存成功[douban]
我的战争 未匹配到合适id [{'episode': '', 'img': 'https://img3.doubanio.com/view/photo/s_ratio_poster/public/p2376859070.jpg', 'title': '我的战争', 'url': 'https://movie.douban.com/subject/25945350/?suggest=%E6%88%91%E7%9A%84%E6%88%98%E4%BA%89', 'type': 'movie', 'year': '2016', 'sub_title': '我的战争', 'id': '25945350'}, {'episode': '35', 'img': 'https://img3.doubanio.com/view/photo/s_ratio_poster/public/p2373097110.jpg', 'title': '我的爱情撞上了战争', 'url': 'https://movie.douban.com/subject/26710393/?suggest=%E6%88%91%E7%9A%84%E6%88%98%E4%BA%89', 'type': 'movie', 'year': '2016', 'sub_title': '我的爱情撞上了战争', 'id': '26710393'}]
----------地址被限制,稍后重试----------
喊·山 未匹配到合适id []
喊·山 无豆瓣id数据，存入列表
墨子籍之潜龙秘宝 26815185 0保存成功[douban]
圣诞公公2 10594840 5.7保存成功[douban]
他和她的故事 26719781 7.8保存成功[douban]
雪行 未匹配到合适id []
----------地址被限制,稍后重试----------
维齐尔 3159003 5.6保存成功[douban]
消失爱人 26309968 4.9保存成功[douban]
超脑48小时 25944714 6.5保存成功[douban]
逆转时空 26790890 7.8保存成功[douban]
求职 未匹配到合适id [{'episode': '', 'img': 'https://img1.doubanio.com/view/photo/s_ratio_poster/public/p2316455299.jpg', 'title': '求职记', 'url': 'https://movie.douban.com/subject/3842478/?suggest=%E6%B1%82%E8%81%8C', 'type': 'movie', 'year': '2016', 'sub_title': 'Get a Job', 'id': '3842478'}, {'episode': '', 'img': 'https://img9.doubanio.com/view/photo/s_ratio_poster/public/p2356800894.jpg', 'title': '求职保镖', 'url': 'https://movie.douban.com/subject/26806821/?suggest=%E6%B1%82%E8%81%8C', 'type': 'movie', 'year': '2016', 'sub_title': '求职保镖', 'id': '26806821'}]
----------地址被限制,稍后重试----------
基努猫 26474112 5.6保存成功[douban]
无目标地区 未匹配到合适id []
无目标地区 无豆瓣id数据，存入列表
凯撒万岁 2058751 6.4保存成功[douban]
一狱一世界：高登阔少蹲监日记 25857313 6.4保存成功[douban]
血光光五人帮：传说 未匹配到合适id []
----------地址被限制,稍后重试----------
接线员 未匹配到合适id [{'episode': '', 'img': 'https://img3.doubanio.com/view/photo/s_ratio_poster/public/p2331963081.jpg', 'title': '接线员', 'url': 'https://movie.douban.com/subject/26644569/?suggest=%E6%8E%A5%E7%BA%BF%E5%91%98', 'type': 'movie', 'year': '2015', 'sub_title': 'Operator', 'id': '26644569'}, {'episode': '', 'img': 'https://img3.doubanio.com/view/photo/s_ratio_poster/public/p2272199723.jpg', 'title': '接线员', 'url': 'https://movie.douban.com/subject/26596857/?suggest=%E6%8E%A5%E7%BA%BF%E5%91%98', 'type': 'movie', 'year': '2015', 'sub_title': 'Operator', 'id': '26596857'}]
接线员 无豆瓣id数据，存入列表
遗弃2015 未匹配到合适id []
遗弃2015 无豆瓣id数据，存入列表
幻象2015 未匹配到合适id []
----------地址被限制,稍后重试----------
一路向南 26591649 6.1保存成功[douban]
爱神2015 未匹配到合适id []
爱神2015 无豆瓣id数据，存入列表
末日崩塌 25786077 7.0保存成功[douban]
小男孩 10773239 8.3保存成功[douban]
慈母复仇路 未匹配到合适id []
----------地址被限制,稍后重试----------
敲敲门 25860868 4.9保存成功[douban]
猴子王国 25865526 8.6保存成功[douban]
桑格莉之夏 26276387 7.4保存成功[douban]
使命召唤 未匹配到合适id [{'episode': '', 'img': 'https://img1.doubanio.com/view/photo/s_ratio_poster/public/p2267003469.jpg', 'title': '使命召唤', 'url': 'https://movie.douban.com/subject/20379462/?suggest=%E4%BD%BF%E5%91%BD%E5%8F%AC%E5%94%A4', 'type': 'movie', 'year': '2015', 'sub_title': 'The Gunman', 'id': '20379462'}, {'episode': '', 'img': 'https://img3.doubanio.com/view/photo/s_ratio_poster/public/p2266163290.jpg', 'title': '使命召唤', 'url': 'https://movie.douban.com/subject/26607304/?suggest=%E4%BD%BF%E5%91%BD%E5%8F%AC%E5%94%A4', 'type': 'movie', 'year': '2015', 'sub_title': 'Mission Quandary', 'id': '26607304'}]
使命召唤 无豆瓣id数据，存入列表
陌生之地 未匹配到合适id []
----------地址被限制,稍后重试----------
刺客学妹 6873851 4.9保存成功[douban]
丹尼·科林斯 10440069 7.6保存成功[douban]
混社会之身不由己 26627673 0保存成功[douban]
焦点 20277433 6.8保存成功[douban]
战神阿瑞斯 未匹配到合适id []
----------地址被限制,稍后重试----------
脱北者的艺术 26611754 7.2保存成功[douban]
惧水之恋 未匹配到合适id []
惧水之恋 无豆瓣id数据，存入列表
约定倒计时 26365374 5.6保存成功[douban]
巴霍巴利王：开端 25753326 7.4保存成功[douban]
假面复仇 26742283 7.4保存成功[douban]
天将雄师 25823833 5.9保存成功[douban]
跟别人睡了 25726658 6.7保存成功[douban]
五十度灰 未匹配到合适id []
五十度灰 无豆瓣id数据，存入列表
进击的巨人真人版：后篇 未匹配到合适id []
----------地址被限制,稍后重试----------
潜伏3 25728008 6.4保存成功[douban]
陷阱 未匹配到合适id [{'episode': '', 'img': 'https://img3.doubanio.com/view/photo/s_ratio_poster/public/p2259527231.jpg', 'title': '陷阱', 'url': 'https://movie.douban.com/subject/26314556/?suggest=%E9%99%B7%E9%98%B1', 'type': 'movie', 'year': '2015', 'sub_title': '함정', 'id': '26314556'}, {'episode': '', 'img': 'https://img1.doubanio.com/view/photo/s_ratio_poster/public/p2268482748.jpg', 'title': '陷阱：致命的诱惑', 'url': 'https://movie.douban.com/subject/26365481/?suggest=%E9%99%B7%E9%98%B1', 'type': 'movie', 'year': '2015', 'sub_title': '덫, 치명적인 유혹', 'id': '26365481'}]
陷阱 无豆瓣id数据，存入列表
妈妈 未匹配到合适id []
妈妈 无豆瓣id数据，存入列表
女演员今天也 未匹配到合适id []
----------地址被限制,稍后重试----------
遗失记忆 未匹配到合适id [{'episode': '', 'img': 'https://img9.doubanio.com/view/photo/s_ratio_poster/public/p2321055296.jpg', 'title': '遗失记忆', 'url': 'https://movie.douban.com/subject/24704054/?suggest=%E9%81%97%E5%A4%B1%E8%AE%B0%E5%BF%86', 'type': 'movie', 'year': '2015', 'sub_title': 'Estranged', 'id': '24704054'}, {'episode': '', 'img': 'https://img1.doubanio.com/f/movie/b6dc761f5e4cf04032faa969826986efbecd54bb/pics/movie/movie_default_small.png', 'title': '遗失的记忆', 'url': 'https://movie.douban.com/subject/34953867/?suggest=%E9%81%97%E5%A4%B1%E8%AE%B0%E5%BF%86', 'type': 'movie', 'year': '2015', 'sub_title': '遗失的记忆', 'id': '34953867'}]
遗失记忆 无豆瓣id数据，存入列表
情归何方 未匹配到合适id []
情归何方 无豆瓣id数据，存入列表
殉道者杀手 26593198 4.9保存成功[douban]
重返20岁 未匹配到合适id []
----------地址被限制,稍后重试----------
病毒之末日危机 26678765 2.6保存成功[douban]
不朽的歌 26615473 0保存成功[douban]
失孤 25835293 6.7保存成功[douban]
爸爸的假期 25908302 4.0保存成功[douban]
情剑 26575441 2.7保存成功[douban]
浪漫天降 25928069 3.6保存成功[douban]
因为谷桂花 未匹配到合适id []
----------地址被限制,稍后重试----------
悬战 未匹配到合适id []
悬战 无豆瓣id数据，存入列表
侠僧探案传奇之催命符 26304162 7.6保存成功[douban]
234说爱你 20472738 6.1保存成功[douban]
德绍舞者 26361073 6.8保存成功[douban]
夏日囧途 未匹配到合适id []
----------地址被限制,稍后重试----------
赶尸惊魂 26670516 2.3保存成功[douban]
希腊高速公路 26599089 6.6保存成功[douban]
条条大道通罗马 26286651 6.1保存成功[douban]
狼来了 26599171 5.4保存成功[douban]
敢死营 26356496 6.9保存成功[douban]
危思禁入 未匹配到合适id []
危思禁入 无豆瓣id数据，存入列表
缤纷夏日 26612554 0保存成功[douban]
巴斯克情事2 未匹配到合适id []
----------地址被限制,稍后重试----------
俺物语 未匹配到合适id [{'episode': '', 'img': 'https://img1.doubanio.com/view/photo/s_ratio_poster/public/p2254977828.jpg', 'title': '俺物语', 'url': 'https://movie.douban.com/subject/26386691/?suggest=%E4%BF%BA%E7%89%A9%E8%AF%AD', 'type': 'movie', 'year': '2015', 'sub_title': '俺物語!!', 'id': '26386691'}, {'episode': '24', 'img': 'https://img1.doubanio.com/view/photo/s_ratio_poster/public/p2216478469.jpg', 'title': '俺物语', 'url': 'https://movie.douban.com/subject/26257312/?suggest=%E4%BF%BA%E7%89%A9%E8%AF%AD', 'type': 'movie', 'year': '2015', 'sub_title': '俺物語!!', 'id': '26257312'}]
俺物语 无豆瓣id数据，存入列表
六百英里 25886314 6.1保存成功[douban]
与我同行 未匹配到合适id []
与我同行 无豆瓣id数据，存入列表
荣誉勋章 未匹配到合适id []
----------地址被限制,稍后重试----------
嗜血灰熊 10594841 5.1保存成功[douban]
兄弟擂台 26386318 6.9保存成功[douban]
家在水草丰茂的地方 未匹配到合适id []
家在水草丰茂的地方 无豆瓣id数据，存入列表
酷孩吉姆 未匹配到合适id []
酷孩吉姆 无豆瓣id数据，存入列表
坏女孩 未匹配到合适id []
----------地址被限制,稍后重试----------
人族 未匹配到合适id []
人族 无豆瓣id数据，存入列表
神勇不敌女枪手 未匹配到合适id []
神勇不敌女枪手 无豆瓣id数据，存入列表
飞机和火山 25844364 3.7保存成功[douban]
风筝 25795893 4.6保存成功[douban]
金钱豹子汤隆 25785280 5.1保存成功[douban]
顾大嫂与孙新 25785277 5.8保存成功[douban]
一寸丹心 20388692 4.9保存成功[douban]
只要我们在一起 未匹配到合适id []
----------地址被限制,稍后重试----------
杀了我三次 10764850 6.3保存成功[douban]
桑巴 25741682 7.0保存成功[douban]
狂怒 未匹配到合适id [{'episode': '', 'img': 'https://img9.doubanio.com/view/photo/s_ratio_poster/public/p2209858994.jpg', 'title': '狂怒', 'url': 'https://movie.douban.com/subject/23331914/?suggest=%E7%8B%82%E6%80%92', 'type': 'movie', 'year': '2014', 'sub_title': 'Fury', 'id': '23331914'}, {'episode': '', 'img': 'https://img3.doubanio.com/view/photo/s_ratio_poster/public/p2225391420.jpg', 'title': '《狂怒》中的坦克', 'url': 'https://movie.douban.com/subject/26317705/?suggest=%E7%8B%82%E6%80%92', 'type': 'movie', 'year': '2014', 'sub_title': 'Tanks of Fury', 'id': '26317705'}]
狂怒 无豆瓣id数据，存入列表
黑衣女人2：死亡天使 20280040 4.9保存成功[douban]
死地勇士 未匹配到合适id []
----------地址被限制,稍后重试----------
圈套剧场版4：最后的舞台 24844958 8.0保存成功[douban]
不死鸟 未匹配到合适id [{'episode': '', 'img': 'https://img9.doubanio.com/view/photo/s_ratio_poster/public/p2256429655.jpg', 'title': '不死鸟', 'url': 'https://movie.douban.com/subject/22637441/?suggest=%E4%B8%8D%E6%AD%BB%E9%B8%9F', 'type': 'movie', 'year': '2014', 'sub_title': 'Phoenix', 'id': '22637441'}, {'episode': '', 'img': 'https://img3.doubanio.com/view/photo/s_ratio_poster/public/p2539976610.jpg', 'title': '东京：不死鸟都市的百年春秋', 'url': 'https://movie.douban.com/subject/26278789/?suggest=%E4%B8%8D%E6%AD%BB%E9%B8%9F', 'type': 'movie', 'year': '2014', 'sub_title': 'カラーでよみがえる東京 ～不死鳥都市の100年', 'id': '26278789'}]
不死鸟 无豆瓣id数据，存入列表
活埋前女友 25776178 5.4保存成功[douban]
怪兽：黑暗大陆 25709385 4.6保存成功[douban]
迫害2014 未匹配到合适id []
----------地址被限制,稍后重试----------
[pid: 11746|app: 0|req: 469/602] 101.251.242.238 () {38 vars in 597 bytes} [Wed May 20 09:29:46 2020] GET / => generated 179 bytes in 1 msecs (HTTP/1.1 404) 4 headers in 128 bytes (1 switches on core 0)
午夜邂逅 24883815 7.0保存成功[douban]
温暖渐冻心 3006306 7.2保存成功[douban]
勃艮第公爵 20453001 5.9保存成功[douban]
透纳先生 21319853 7.4保存成功[douban]
击穿车道 26291344 0保存成功[douban]
夺命金字塔 24852726 4.9保存成功[douban]
狼人镇 3627307 4.7保存成功[douban]
白色上帝 23011206 7.1保存成功[douban]
爆裂鼓手 25773932 8.7保存成功[douban]
严惩 未匹配到合适id []
----------地址被限制,稍后重试----------
金鸡SSS 25703430 6.2保存成功[douban]
扑克之夜 25723328 6.5保存成功[douban]
杀死信使 3036472 6.8保存成功[douban]
死亡占卜 3014399 5.4保存成功[douban]
不惧风暴 7065187 6.7保存成功[douban]
塔米的旅行 未匹配到合适id []
----------地址被限制,稍后重试----------
小捣蛋闹翻天 23766546 6.3保存成功[douban]
猎鹰突起 25829264 5.7保存成功[douban]
超验骇客 10810745 6.6保存成功[douban]
奇怪的她韩版 未匹配到合适id []
奇怪的她韩版 无豆瓣id数据，存入列表
心在彼处 24381567 6.6保存成功[douban]
破坏者 6875611 5.6保存成功[douban]
暴风雪中的白鸟 20393779 6.2保存成功[douban]
星运里的错 未匹配到合适id []
----------地址被限制,稍后重试----------
像男人一样思考2 23774748 5.7保存成功[douban]
死寂亡灵 10760044 4.9保存成功[douban]
鲨卷风2 25828541 4.0保存成功[douban]
泽西男孩 20497905 7.4保存成功[douban]
沙海漂流人 10578312 6.2保存成功[douban]
街头霸王：暗杀拳 未匹配到合适id []
----------地址被限制,稍后重试----------
性感女特工2 25906938 4.1保存成功[douban]
百万金臂 23415048 7.2保存成功[douban]
虎神 25936421 5.0保存成功[douban]
送乡人 11524580 7.1保存成功[douban]
七月寒潮 3078632 6.1保存成功[douban]
忍者神龟：变种时代 3217149 6.5保存成功[douban]
上帝未死 25766522 6.7保存成功[douban]
鬼精灵：起源 25904431 3.6保存成功[douban]
忍者启示录 25822714 2.7保存成功[douban]
亡命地中海 未匹配到合适id []
----------地址被限制,稍后重试----------
信号 25701866 6.1保存成功[douban]
模仿游戏 10463953 8.7保存成功[douban]
西游记之大闹天宫 5317291 4.3保存成功[douban]
唐伯虎冲上云霄 未匹配到合适id []
唐伯虎冲上云霄 无豆瓣id数据，存入列表
回路人生 未匹配到合适id []
----------地址被限制,稍后重试----------
牧群 26664346 6.7保存成功[douban]
舞台惊魂 25715863 5.0保存成功[douban]
心迷宫 25917973 8.7保存成功[douban]
邻居同居LDK 未匹配到合适id []
邻居同居LDK 无豆瓣id数据，存入列表
克拉高谷 未匹配到合适id []
----------地址被限制,稍后重试----------
[pid: 11746|app: 0|req: 470/603] 183.136.225.57 () {34 vars in 456 bytes} [Wed May 20 10:30:45 2020] GET / => generated 179 bytes in 1 msecs (HTTP/1.1 404) 4 headers in 128 bytes (1 switches on core 0)
7500航班 6795529 4.8保存成功[douban]
人皮交易 5152973 5.5保存成功[douban]
人类清除计划2：无政府状态 25775571 6.4保存成功[douban]
长牙 25770733 5.5保存成功[douban]
寄生兽 未匹配到合适id [{'episode': '', 'img': 'https://img3.doubanio.com/view/photo/s_ratio_poster/public/p2375921261.jpg', 'title': '寄生兽', 'url': 'https://movie.douban.com/subject/25774050/?suggest=%E5%AF%84%E7%94%9F%E5%85%BD', 'type': 'movie', 'year': '2014', 'sub_title': '寄生獣', 'id': '25774050'}, {'episode': '24', 'img': 'https://img1.doubanio.com/view/photo/s_ratio_poster/public/p2193321858.jpg', 'title': '寄生兽 生命的准则', 'url': 'https://movie.douban.com/subject/25774052/?suggest=%E5%AF%84%E7%94%9F%E5%85%BD', 'type': 'movie', 'year': '2014', 'sub_title': '寄生獣 セイの格率', 'id': '25774052'}]
寄生兽 无豆瓣id数据，存入列表
深夜食堂电影版 25958787 7.9保存成功[douban]
群盗：民乱的时代 未匹配到合适id []
----------地址被限制,稍后重试----------
玩命毒师 25823602 6.8保存成功[douban]
非礼勿视2 25741300 4.5保存成功[douban]
普朗克常数 26363161 5.3保存成功[douban]
玩世英雄 未匹配到合适id []
玩世英雄 无豆瓣id数据，存入列表
高手们 未匹配到合适id []
----------地址被限制,稍后重试----------
星际穿越 未匹配到合适id [{'episode': '', 'img': 'https://img3.doubanio.com/view/photo/s_ratio_poster/public/p2206088801.jpg', 'title': '星际穿越', 'url': 'https://movie.douban.com/subject/1889243/?suggest=%E6%98%9F%E9%99%85%E7%A9%BF%E8%B6%8A', 'type': 'movie', 'year': '2014', 'sub_title': 'Interstellar', 'id': '1889243'}, {'episode': '', 'img': 'https://img3.doubanio.com/view/photo/s_ratio_poster/public/p2445481443.jpg', 'title': '《星际穿越》中的科学', 'url': 'https://movie.douban.com/subject/26263467/?suggest=%E6%98%9F%E9%99%85%E7%A9%BF%E8%B6%8A', 'type': 'movie', 'year': '2014', 'sub_title': 'The Science of Interstellar', 'id': '26263467'}, {'episode': '', 'img': 'https://img3.doubanio.com/view/photo/s_ratio_poster/public/p2573666893.jpg', 'title': '星际穿越：诺兰的奥德赛', 'url': 'https://movie.douban.com/subject/26255844/?suggest=%E6%98%9F%E9%99%85%E7%A9%BF%E8%B6%8A', 'type': 'movie', 'year': '2014', 'sub_title': "Interstellar: Nolan's Odyssey", 'id': '26255844'}, {'episode': '', 'img': 'https://img1.doubanio.com/view/photo/s_ratio_poster/public/p2499559757.jpg', 'title': '星际穿越洛丽塔', 'url': 'https://movie.douban.com/subject/26255380/?suggest=%E6%98%9F%E9%99%85%E7%A9%BF%E8%B6%8A', 'type': 'movie', 'year': '2014', 'sub_title': 'Lolita From Interstellar Space', 'id': '26255380'}]
星际穿越 无豆瓣id数据，存入列表
上位2 未匹配到合适id []
上位2 无豆瓣id数据，存入列表
万物理论 24815950 8.3保存成功[douban]
哥斯拉 未匹配到合适id []
----------地址被限制,稍后重试----------
死亡之雪2 25785807 7.1保存成功[douban]
敢死队3 11610281 6.8保存成功[douban]
帕丁顿熊 2998373 7.7保存成功[douban]
浪客剑心：传说的完结篇 24845116 7.9保存成功[douban]
安娜贝尔 25812885 6.2保存成功[douban]
菜鸟评审员 未匹配到合适id []
----------地址被限制,稍后重试----------
美丽谎言 未匹配到合适id [{'episode': '', 'img': 'https://img3.doubanio.com/view/photo/s_ratio_poster/public/p2217227552.jpg', 'title': '美丽谎言', 'url': 'https://movie.douban.com/subject/24697552/?suggest=%E7%BE%8E%E4%B8%BD%E8%B0%8E%E8%A8%80', 'type': 'movie', 'year': '2014', 'sub_title': 'The Good Lie', 'id': '24697552'}, {'episode': '36', 'img': 'https://img9.doubanio.com/view/photo/s_ratio_poster/public/p2183043124.jpg', 'title': '美丽谎言', 'url': 'https://movie.douban.com/subject/25874877/?suggest=%E7%BE%8E%E4%B8%BD%E8%B0%8E%E8%A8%80', 'type': 'movie', 'year': '2014', 'sub_title': '美丽谎言', 'id': '25874877'}]
美丽谎言 无豆瓣id数据，存入列表
致命弯道6：终极审判 26022765 5.1保存成功[douban]
七十七天 未匹配到合适id []
七十七天 无豆瓣id数据，存入列表
前任攻略 未匹配到合适id []
----------地址被限制,稍后重试----------
疾速追杀 25798131 7.6保存成功[douban]
怨灵 26051798 3.9保存成功[douban]
情敌复仇战 24530943 6.4保存成功[douban]
年鉴计划 23767433 6.7保存成功[douban]
尸城 25886490 4.3保存成功[douban]
迷情纽约 24708106 5.0保存成功[douban]
海豚的故事2 25670379 6.9保存成功[douban]
落魄大厨 24698878 7.7保存成功[douban]
老千2：神之手 10877413 7.2保存成功[douban]
风中的花瓣 25895171 5.9保存成功[douban]
急速天劫 未匹配到合适id []
----------地址被限制,稍后重试----------
僵尸来袭 24746974 6.4保存成功[douban]
移动迷宫 21349345 6.9保存成功[douban]
要听神明的话 25777512 6.6保存成功[douban]
类似爱情 未匹配到合适id []
类似爱情 无豆瓣id数据，存入列表
四平青年2 未匹配到合适id []
----------地址被限制,稍后重试----------
军中乐园 20515070 7.3保存成功[douban]
小森林夏秋篇 25814705 9.0保存成功[douban]
最后的德鲁伊：加尔姆战争 20382104 5.4保存成功[douban]
二龙湖浩哥之今生是兄弟 未匹配到合适id []
二龙湖浩哥之今生是兄弟 无豆瓣id数据，存入列表
我的独裁者 25762403 6.6保存成功[douban]
罪恶之城2 1428055 6.8保存成功[douban]
黑海夺金 10581884 6.9保存成功[douban]
阁楼之花 未匹配到合适id []
----------地址被限制,稍后重试----------
喜爱夜蒲3 未匹配到合适id []
喜爱夜蒲3 无豆瓣id数据，存入列表
黑暗深渊 26358819 4.4保存成功[douban]
绿色王子 25785200 7.0保存成功[douban]
可爱老女人 24735122 6.8保存成功[douban]
京城81号 未匹配到合适id []
----------地址被限制,稍后重试----------
[pid: 11746|app: 0|req: 471/604] 182.254.52.17 () {36 vars in 576 bytes} [Wed May 20 11:41:48 2020] GET /video/play/84919/ => generated 13026 bytes in 5 msecs (HTTP/1.1 200) 6 headers in 320 bytes (1 switches on core 0)
变形金刚4：绝迹重生 7054604 6.6保存成功[douban]
大司机 26160013 5.3保存成功[douban]
胜利 21941072 7.4保存成功[douban]
你眼中的世界 10549480 7.6保存成功[douban]
诡镇 20472818 3.5保存成功[douban]
男孩唱诗班 未匹配到合适id []
----------地址被限制,稍后重试----------
女演员大作战 25798164 4.4保存成功[douban]
弗兰克 10763928 7.9保存成功[douban]
点对点 25724870 6.8保存成功[douban]
一个人的武林 24695277 6.4保存成功[douban]
把乐带回家2014 25815604 5.4保存成功[douban]
盂兰神功 24522915 5.6保存成功[douban]
黄金时代 10545939 7.3保存成功[douban]
微爱之渐入佳境 24751757 4.5保存成功[douban]
英雄之战 未匹配到合适id []
----------地址被限制,稍后重试----------
我的男友和狗 24851526 5.6保存成功[douban]
房车奇遇 7053747 4.1保存成功[douban]
无限循环 25909770 6.6保存成功[douban]
乌鸦蛋 25985465 7.5保存成功[douban]
杰米·马克斯已死 21359360 5.7保存成功[douban]
马亚一家 25741290 6.6保存成功[douban]
阴森小镇 25800425 4.7保存成功[douban]
警察日记 未匹配到合适id []
警察日记 无豆瓣id数据，存入列表
笨贼快跑 未匹配到合适id []
----------地址被限制,稍后重试----------
救火英雄 20443013 7.2保存成功[douban]
天河 25972494 4.8保存成功[douban]
冰封：重生之门 6973460 3.8保存成功[douban]
花宵道中 25838216 6.1保存成功[douban]
金鸡SSS 25703430 6.2保存成功[douban]
撒娇女人最好命 未匹配到合适id []
----------地址被限制,稍后重试----------
白发魔女传之明月天国 10807916 3.8保存成功[douban]
激浪青春 4922789 4.2保存成功[douban]
咱们回家吧 25794327 6.3保存成功[douban]
临时同居 25831326 5.1保存成功[douban]
魔警 未匹配到合适id [{'episode': '', 'img': 'https://img3.doubanio.com/view/photo/s_ratio_poster/public/p2177928873.jpg', 'title': '魔警', 'url': 'https://movie.douban.com/subject/20515977/?suggest=%E9%AD%94%E8%AD%A6', 'type': 'movie', 'year': '2014', 'sub_title': '魔警', 'id': '20515977'}, {'episode': '', 'img': 'https://img9.doubanio.com/view/photo/s_ratio_poster/public/p2185488696.jpg', 'title': '驱魔警探', 'url': 'https://movie.douban.com/subject/22266898/?suggest=%E9%AD%94%E8%AD%A6', 'type': 'movie', 'year': '2014', 'sub_title': 'Deliver Us From Evil', 'id': '22266898'}]
魔警 无豆瓣id数据，存入列表
单身男女2 未匹配到合适id []
单身男女2 无豆瓣id数据，存入列表
六福喜事 未匹配到合适id []
----------地址被限制,稍后重试----------
不再说分手 25824852 5.7保存成功[douban]
大话天仙 4913222 3.2保存成功[douban]
人间·小团圆 24736526 5.4保存成功[douban]
潜龙风云 25810920 5.5保存成功[douban]
黄飞鸿之英雄有梦 25444447 5.5保存成功[douban]
罗生特大夫 25924038 0保存成功[douban]
我的早更女友 未匹配到合适id []
----------地址被限制,稍后重试----------
盲钻 25977029 7.8保存成功[douban]
太平轮(上) 3078390 5.9保存成功[douban]
沉睡魔咒 4301224 7.2保存成功[douban]
智取威虎山 未匹配到合适id [{'episode': '', 'img': 'https://img9.doubanio.com/view/photo/s_ratio_poster/public/p2215164906.jpg', 'title': '智取威虎山', 'url': 'https://movie.douban.com/subject/10807909/?suggest=%E6%99%BA%E5%8F%96%E5%A8%81%E8%99%8E%E5%B1%B1', 'type': 'movie', 'year': '2014', 'sub_title': '智取威虎山', 'id': '10807909'}, {'episode': '', 'img': 'https://img1.doubanio.com/view/photo/s_ratio_poster/public/p2220463649.jpg', 'title': '智取威虎山电影纪录片之踏雪而行', 'url': 'https://movie.douban.com/subject/26289460/?suggest=%E6%99%BA%E5%8F%96%E5%A8%81%E8%99%8E%E5%B1%B1', 'type': 'movie', 'year': '2014', 'sub_title': '智取威虎山电影纪录片之踏雪而行', 'id': '26289460'}, {'episode': '', 'img': 'https://img3.doubanio.com/view/photo/s_ratio_poster/public/p2218784803.jpg', 'title': '智取威虎山电影纪录片之打虎上山', 'url': 'https://movie.douban.com/subject/26289472/?suggest=%E6%99%BA%E5%8F%96%E5%A8%81%E8%99%8E%E5%B1%B1', 'type': 'movie', 'year': '2014', 'sub_title': '智取威虎山电影纪录片之打虎上山', 'id': '26289472'}]
智取威虎山 无豆瓣id数据，存入列表
全城通缉 未匹配到合适id []
----------地址被限制,稍后重试----------
整容日记 11614603 4.6保存成功[douban]
大寒桃花开 5985921 3.4保存成功[douban]
后会无期 25805741 7.1保存成功[douban]
金田一少年事件簿 狱门塾杀人事件 25723905 6.4保存成功[douban]
金牌流浪狗 未匹配到合适id []
金牌流浪狗 无豆瓣id数据，存入列表
好命先生 24888079 4.0保存成功[douban]
恶战 10604851 6.3保存成功[douban]
甜蜜杀机 未匹配到合适id []
----------地址被限制,稍后重试----------
求爱嫁期 25828563 4.8保存成功[douban]
坏姐姐之拆婚联盟 25907004 4.5保存成功[douban]
推拿 20020577 7.9保存成功[douban]
蓝色骨头 未匹配到合适id []
蓝色骨头 无豆瓣id数据，存入列表
归来 未匹配到合适id []
----------地址被限制,稍后重试----------
最佳嫌疑人 25715087 6.0保存成功[douban]
城市游戏 20284939 3.3保存成功[douban]
有一天 25882279 7.4保存成功[douban]
让我们西米吧 未匹配到合适id []
让我们西米吧 无豆瓣id数据，存入列表
完美假妻168 未匹配到合适id []
----------地址被限制,稍后重试----------
谁说我们不会爱 20426975 3.5保存成功[douban]
第一眼爱情 25704425 3.9保存成功[douban]
笔仙3 未匹配到合适id [{'episode': '', 'img': 'https://img9.doubanio.com/view/photo/s_ratio_poster/public/p2187004396.jpg', 'title': '笔仙3', 'url': 'https://movie.douban.com/subject/24859034/?suggest=%E7%AC%94%E4%BB%993', 'type': 'movie', 'year': '2014', 'sub_title': '笔仙3', 'id': '24859034'}, {'episode': '', 'img': 'https://img9.doubanio.com/view/photo/s_ratio_poster/public/p2176186826.jpg', 'title': '笔仙惊魂3', 'url': 'https://movie.douban.com/subject/25828701/?suggest=%E7%AC%94%E4%BB%993', 'type': 'movie', 'year': '2014', 'sub_title': '笔仙惊魂3', 'id': '25828701'}]
笔仙3 无豆瓣id数据，存入列表
百变爱人 22300822 4.5保存成功[douban]
爱情进化论 未匹配到合适id []
----------地址被限制,稍后重试----------
迫在眉睫2 未匹配到合适id []
迫在眉睫2 无豆瓣id数据，存入列表
侠捕 25753243 4.1保存成功[douban]
疯狂72小时 24873473 4.6保存成功[douban]
死亡邮件 25798808 3.5保存成功[douban]
电脑奇侠重启 24875325 5.0保存成功[douban]
对不起，我爱你 未匹配到合适id []
对不起，我爱你 无豆瓣id数据，存入列表
特工艾米拉 25756355 2.9保存成功[douban]
城南庄1948 未匹配到合适id []
----------地址被限制,稍后重试----------
黑色喜剧 22557694 4.0保存成功[douban]
精武青春 25962681 3.5保存成功[douban]
别惹我 未匹配到合适id []
别惹我 无豆瓣id数据，存入列表
换爱七日 25982681 4.0保存成功[douban]
女生宿舍 未匹配到合适id []
----------地址被限制,稍后重试----------
荒蛮故事 24750126 8.8保存成功[douban]
走到尽头 25766529 7.9保存成功[douban]
沉睡的妮可 25826014 6.6保存成功[douban]
婚姻间奏曲 25765797 7.8保存成功[douban]
大峰祖师 25700831 5.5保存成功[douban]
怨灵人偶 未匹配到合适id []
怨灵人偶 无豆瓣id数据，存入列表
我的播音系女友 25841341 3.7保存成功[douban]
秘术 25969095 2.5保存成功[douban]
脱轨时代 21724200 6.1保存成功[douban]
小夜灯 未匹配到合适id []
----------地址被限制,稍后重试----------
[pid: 11746|app: 0|req: 472/605] 124.122.183.230 () {32 vars in 465 bytes} [Wed May 20 13:47:00 2020] GET / => generated 179 bytes in 1 msecs (HTTP/1.1 404) 4 headers in 128 bytes (1 switches on core 0)
悬案密码2：野鸡杀手 25792608 7.0保存成功[douban]
哭恋 25961792 0保存成功[douban]
食人虫 25958914 3.1保存成功[douban]
江湖论剑实录 24758396 5.7保存成功[douban]
沉默的心 25855063 7.5保存成功[douban]
旧情 未匹配到合适id []
----------地址被限制,稍后重试----------
缄默的迷宫 25957011 7.7保存成功[douban]
暗金丑岛君2 25777594 8.0保存成功[douban]
天上的菊美 25886523 5.6保存成功[douban]
夜行动物2014 未匹配到合适id []
夜行动物2014 无豆瓣id数据，存入列表
饥饿游戏3：嘲笑鸟(上) 6533054 6.1保存成功[douban]
试验 26184109 8.1保存成功[douban]
鼩鼱的巢穴 25926079 7.5保存成功[douban]
妻子的噩梦 未匹配到合适id []
----------地址被限制,稍后重试----------
[pid: 11746|app: 0|req: 473/606] 165.227.89.63 () {32 vars in 414 bytes} [Wed May 20 14:01:31 2020] GET / => generated 179 bytes in 1 msecs (HTTP/1.1 404) 4 headers in 128 bytes (1 switches on core 0)
你记得我吗? 25860533 7.1保存成功[douban]
好朋友们 25780578 7.6保存成功[douban]
原野四十九日 25752320 7.4保存成功[douban]
来自特蕾莎修女的信 未匹配到合适id []
来自特蕾莎修女的信 无豆瓣id数据，存入列表
人艰不拆 未匹配到合适id []
----------地址被限制,稍后重试----------
风筝与风 25908048 0保存成功[douban]
自杀四人组 1820138 6.5保存成功[douban]
布偶大电影之最高通缉 20502341 6.4保存成功[douban]
禁止吸烟 25861611 6.3保存成功[douban]
最后一班 26287434 6.1保存成功[douban]
X加Y 25730893 6.7保存成功[douban]
铁甲衣2：浴血奋战 未匹配到合适id []
铁甲衣2：浴血奋战 无豆瓣id数据，存入列表
恍如隔世 未匹配到合适id [{'episode': '', 'img': 'https://img3.doubanio.com/view/photo/s_ratio_poster/public/p2509062400.jpg', 'title': '恍如隔世', 'url': 'https://movie.douban.com/subject/25876113/?suggest=%E6%81%8D%E5%A6%82%E9%9A%94%E4%B8%96', 'type': 'movie', 'year': '2014', 'sub_title': 'Time Out of Mind', 'id': '25876113'}, {'episode': '', 'img': 'https://img9.doubanio.com/view/photo/s_ratio_poster/public/p2215189685.jpg', 'title': '恍如隔世', 'url': 'https://movie.douban.com/subject/26277364/?suggest=%E6%81%8D%E5%A6%82%E9%9A%94%E4%B8%96', 'type': 'movie', 'year': '2014', 'sub_title': '恍如隔世', 'id': '26277364'}]
恍如隔世 无豆瓣id数据，存入列表
浪花钱道 未匹配到合适id []
----------地址被限制,稍后重试----------
庞贝末日 未匹配到合适id [{'episode': '', 'img': 'https://img3.doubanio.com/view/photo/s_ratio_poster/public/p2193387860.jpg', 'title': '庞贝末日', 'url': 'https://movie.douban.com/subject/2083735/?suggest=%E5%BA%9E%E8%B4%9D%E6%9C%AB%E6%97%A5', 'type': 'movie', 'year': '2014', 'sub_title': 'Pompeii', 'id': '2083735'}, {'episode': '', 'img': 'https://img1.doubanio.com/view/photo/s_ratio_poster/public/p2175764987.jpg', 'title': '启示录：庞贝', 'url': 'https://movie.douban.com/subject/25835196/?suggest=%E5%BA%9E%E8%B4%9D%E6%9C%AB%E6%97%A5', 'type': 'movie', 'year': '2014', 'sub_title': 'Apocalypse Pompeii', 'id': '25835196'}]
庞贝末日 无豆瓣id数据，存入列表
启示录：庞贝 25835196 3.5保存成功[douban]
顶级较量 25762404 6.7保存成功[douban]
人狼游戏2：野兽阵营 25931245 6.6保存成功[douban]
凤凰九号 未匹配到合适id []
----------地址被限制,稍后重试----------
腹中之敌 26855052 6.0保存成功[douban]
幻梦新地球 25805295 6.3保存成功[douban]
刺激 20388686 6.8保存成功[douban]
男士收容所 25986160 5.9保存成功[douban]
武士惊魂 25820476 5.8保存成功[douban]
一千零一克 未匹配到合适id []
----------地址被限制,稍后重试----------
10分钟 未匹配到合适id []
10分钟 无豆瓣id数据，存入列表
爱情攻略 25934051 5.9保存成功[douban]
谜情三弦 25726636 6.2保存成功[douban]
太秦灯光下 6428088 8.1保存成功[douban]
标靶 20452442 6.4保存成功[douban]
哭泣的男人 24743015 6.6保存成功[douban]
西班牙情事 25788052 6.8保存成功[douban]
灵异导航 未匹配到合适id []
灵异导航 无豆瓣id数据，存入列表
爱情碎片 未匹配到合适id []
----------地址被限制,稍后重试----------
彷徨之刃 20273800 7.3保存成功[douban]
奶爸难当 24878423 6.7保存成功[douban]
黑车 26306667 0保存成功[douban]
不凡之路 24877015 7.3保存成功[douban]
露水红颜 未匹配到合适id [{'episode': '', 'img': 'https://img1.doubanio.com/view/photo/s_ratio_poster/public/p2205519937.jpg', 'title': '露水红颜', 'url': 'https://movie.douban.com/subject/25831308/?suggest=%E9%9C%B2%E6%B0%B4%E7%BA%A2%E9%A2%9C', 'type': 'movie', 'year': '2014', 'sub_title': '露水红颜', 'id': '25831308'}, {'episode': '', 'img': 'https://img9.doubanio.com/view/photo/s_ratio_poster/public/p2216886674.jpg', 'title': '红颜露水', 'url': 'https://movie.douban.com/subject/26282692/?suggest=%E9%9C%B2%E6%B0%B4%E7%BA%A2%E9%A2%9C', 'type': 'movie', 'year': '2014', 'sub_title': '红颜露水', 'id': '26282692'}]
----------地址被限制,稍后重试----------
我的男人 21767208 6.6保存成功[douban]
新包法利夫人 24639908 7.4保存成功[douban]
性爱诊疗室 25662976 6.3保存成功[douban]
学会驾驶 25728610 7.2保存成功[douban]
光明之书 26035476 7.0保存成功[douban]
僵尸小屁孩 24859895 5.6保存成功[douban]
巴黎厨房 25922893 6.6保存成功[douban]
红地毯 24839510 5.5保存成功[douban]
咒怨：终结的开始 未匹配到合适id []
----------地址被限制,稍后重试----------
危险的传言 24839508 6.7保存成功[douban]
小乌龟是如何长大的 25818840 7.8保存成功[douban]
无人看护 21350919 6.5保存成功[douban]
铁人父子 25691574 7.0保存成功[douban]
我心略野 21340242 6.2保存成功[douban]
鬼三惊2 25815542 5.4保存成功[douban]
马钱 25802713 7.3保存成功[douban]
99个家 24865658 6.8保存成功[douban]
危情营救 未匹配到合适id []
危情营救 无豆瓣id数据，存入列表
双雄2013 未匹配到合适id []
----------地址被限制,稍后重试----------
死区时间 25798269 3.0保存成功[douban]
匈奴王阿提拉 25759887 3.0保存成功[douban]
一枝花与铁臂膊 25777531 4.5保存成功[douban]
典当行编年史 未匹配到合适id []
典当行编年史 无豆瓣id数据，存入列表
定时器 未匹配到合适id []
----------地址被限制,稍后重试----------
零下100度 24525302 3.0保存成功[douban]
陆战特攻 24872138 3.8保存成功[douban]
宗师卜六 10537987 4.0保存成功[douban]
不二神探 10604486 4.7保存成功[douban]
不可饶恕日版 未匹配到合适id []
不可饶恕日版 无豆瓣id数据，存入列表
大叔大叔向上飞 26609581 0保存成功[douban]
大叔，我爱你 10827168 5.4保存成功[douban]
功夫侠 4118068 3.7保存成功[douban]
功夫战斗机 未匹配到合适id []
----------地址被限制,稍后重试----------
[pid: 11746|app: 0|req: 474/607] 58.247.212.239 () {36 vars in 573 bytes} [Wed May 20 15:23:02 2020] GET /navigation.html => generated 179 bytes in 1 msecs (HTTP/1.1 404) 4 headers in 128 bytes (1 switches on core 0)
古城会 25737327 5.6保存成功[douban]
神秘仙境 25834383 4.9保存成功[douban]
螳螂拳 未匹配到合适id []
螳螂拳 无豆瓣id数据，存入列表
尉迟恭 未匹配到合适id []
----------地址被限制,稍后重试----------
小小飞虎队 19977815 3.9保存成功[douban]
邪恶骨血 未匹配到合适id []
邪恶骨血 无豆瓣id数据，存入列表
性命攸关 未匹配到合适id []
性命攸关 无豆瓣id数据，存入列表
惩戒者 未匹配到合适id []
----------地址被限制,稍后重试----------
[pid: 11746|app: 0|req: 475/608] 182.254.52.17 () {36 vars in 554 bytes} [Wed May 20 15:42:06 2020] GET /video/ => generated 61461 bytes in 440 msecs (HTTP/1.1 200) 6 headers in 320 bytes (1 switches on core 0)
[pid: 11746|app: 0|req: 476/609] 182.254.52.17 () {36 vars in 592 bytes} [Wed May 20 15:43:06 2020] GET /myadmin/scripts/setup.php => generated 179 bytes in 1 msecs (HTTP/1.1 404) 4 headers in 128 bytes (1 switches on core 0)
桎梏 20388683 6.1保存成功[douban]
12回合2：重装上阵 24695575 5.1保存成功[douban]
白领流氓2 25812213 0保存成功[douban]
暴力街头3 25720438 5.0保存成功[douban]
毒蛇俱乐部 24746619 2.7保存成功[douban]
惊天动地8.0 24843733 4.8保存成功[douban]
启示2:火海 25727920 3.6保存成功[douban]
忍者乱太郎之夏日大作战 未匹配到合适id []
忍者乱太郎之夏日大作战 无豆瓣id数据，存入列表
铁血娇娃 6849071 3.5保存成功[douban]
勇者必胜 未匹配到合适id []
----------地址被限制,稍后重试----------
[pid: 11746|app: 0|req: 477/610] 182.254.52.17 () {36 vars in 568 bytes} [Wed May 20 15:47:57 2020] GET /webconfig.ini => generated 179 bytes in 1 msecs (HTTP/1.1 404) 4 headers in 128 bytes (1 switches on core 0)
左轮女煞星 25737420 2.7保存成功[douban]
神算子蒋敬 20435044 4.8保存成功[douban]
逃脱 未匹配到合适id [{'episode': '3', 'img': 'https://img1.doubanio.com/view/photo/s_ratio_poster/public/p2133088699.jpg', 'title': '逃脱大师', 'url': 'https://movie.douban.com/subject/21334996/?suggest=%E9%80%83%E8%84%B1', 'type': 'movie', 'year': '2013', 'sub_title': 'The Escape Artist', 'id': '21334996'}, {'episode': '', 'img': 'https://img1.doubanio.com/view/photo/s_ratio_poster/public/p2101444739.jpg', 'title': '逃脱', 'url': 'https://movie.douban.com/subject/10801417/?suggest=%E9%80%83%E8%84%B1', 'type': 'movie', 'year': '2013', 'sub_title': 'Getaway', 'id': '10801417'}]
逃脱 无豆瓣id数据，存入列表
丧门神鲍旭 25760269 0保存成功[douban]
霹雳火秦明 未匹配到合适id []
----------地址被限制,稍后重试----------
你混蛋 25772680 0保存成功[douban]
美国式搏击 24754302 4.6保存成功[douban]
龙狼血战 25762153 4.0保存成功[douban]
金大坚与萧让 21371666 5.0保存成功[douban]
劫持 25730235 4.4保存成功[douban]
极北之战 20514221 3.7保存成功[douban]
轰天雷凌振 25702362 4.3保存成功[douban]
旱地忽律朱贵 20432985 4.7保存成功[douban]
风云小棋王2 25875025 0保存成功[douban]
大刀关胜 未匹配到合适id []
----------地址被限制,稍后重试----------
暴力执法 21340190 4.3保存成功[douban]
行劫日 20388681 5.9保存成功[douban]
神枪拉贾 25741477 5.5保存成功[douban]
摧毁 10484028 5.4保存成功[douban]
逃路双雄 25934232 5.2保存成功[douban]
老男孩2013 未匹配到合适id []
老男孩2013 无豆瓣id数据，存入列表
孪生密码 10793499 3.5保存成功[douban]
神偷特工 25737335 4.5保存成功[douban]
东方不败外传 未匹配到合适id []
----------地址被限制,稍后重试----------
[pid: 11746|app: 0|req: 478/611] 182.254.52.17 () {36 vars in 566 bytes} [Wed May 20 16:13:04 2020] GET /KingViewWeb/ => generated 179 bytes in 1 msecs (HTTP/1.1 404) 4 headers in 128 bytes (1 switches on core 0)
第五街 25854616 5.3保存成功[douban]
疯狗警探 25864593 0保存成功[douban]
19车 6963295 4.7保存成功[douban]
四大名捕2 10604892 5.1保存成功[douban]
20岁的差距 19969446 6.8保存成功[douban]
恐怖故事2 未匹配到合适id []
----------地址被限制,稍后重试----------
[pid: 11746|app: 0|req: 479/612] 61.241.50.63 () {36 vars in 575 bytes} [Wed May 20 16:22:51 2020] GET /video/play/10049/ => generated 13780 bytes in 5 msecs (HTTP/1.1 200) 6 headers in 320 bytes (1 switches on core 0)
现场直播 未匹配到合适id []
现场直播 无豆瓣id数据，存入列表
情人们 3283185 4.7保存成功[douban]
狄仁杰之神都龙王同声评论版 未匹配到合适id []
狄仁杰之神都龙王同声评论版 无豆瓣id数据，存入列表
圣餐 未匹配到合适id []
----------地址被限制,稍后重试----------
破碎之城 3078391 5.7保存成功[douban]
无人区 3804891 8.3保存成功[douban]
僵尸归来 10481115 5.8保存成功[douban]
狄仁杰之神都龙王 5996801 6.5保存成功[douban]
纯净脆弱的心 20390013 6.5保存成功[douban]
科学小飞侠 未匹配到合适id [{'episode': '12', 'img': 'https://img3.doubanio.com/view/photo/s_ratio_poster/public/p2055674181.jpg', 'title': '科学小飞侠Crowds', 'url': 'https://movie.douban.com/subject/23713228/?suggest=%E7%A7%91%E5%AD%A6%E5%B0%8F%E9%A3%9E%E4%BE%A0', 'type': 'movie', 'year': '2013', 'sub_title': 'ガッチャマン クラウズ', 'id': '23713228'}, {'episode': '', 'img': 'https://img9.doubanio.com/view/photo/s_ratio_poster/public/p2017491895.jpg', 'title': '科学小飞侠', 'url': 'https://movie.douban.com/subject/20017314/?suggest=%E7%A7%91%E5%AD%A6%E5%B0%8F%E9%A3%9E%E4%BE%A0', 'type': 'movie', 'year': '2013', 'sub_title': 'ガッチャマン', 'id': '20017314'}]
科学小飞侠 无豆瓣id数据，存入列表
她爱上了我的谎 未匹配到合适id []
----------地址被限制,稍后重试----------
武士的食谱 21320278 7.1保存成功[douban]
天注定 未匹配到合适id []
天注定 无豆瓣id数据，存入列表
SPEC：结 后篇 22736358 7.2保存成功[douban]
SPEC：结 前篇 19975104 6.7保存成功[douban]
惊天魔盗团 未匹配到合适id []
----------地址被限制,稍后重试----------
[pid: 11746|app: 0|req: 480/613] 107.6.171.130 () {34 vars in 482 bytes} [Wed May 20 16:50:52 2020] GET / => generated 179 bytes in 1 msecs (HTTP/1.1 404) 4 headers in 128 bytes (1 switches on core 0)
皮囊之下 3749974 6.2保存成功[douban]
看不见的女人 6874137 6.4保存成功[douban]
近距离击杀 19997896 6.1保存成功[douban]
亲情接力 未匹配到合适id []
亲情接力 无豆瓣id数据，存入列表
黑手党只在夏天杀人 未匹配到合适id []
----------地址被限制,稍后重试----------
[pid: 11746|app: 0|req: 481/614] 47.185.89.241 () {28 vars in 307 bytes} [Wed May 20 16:55:57 2020] GET / => generated 179 bytes in 1 msecs (HTTP/1.1 404) 4 headers in 128 bytes (1 switches on core 0)
3096天 20390185 6.8保存成功[douban]
幸福快递 25745827 4.6保存成功[douban]
雷锋在1959 20438460 2.9保存成功[douban]
来历不明 24872197 4.3保存成功[douban]
金蝉脱壳 3025447 7.7保存成功[douban]
遥远的天熊山 24736504 6.9保存成功[douban]
烂滚夫斗烂滚妻 未匹配到合适id []
----------地址被限制,稍后重试----------
[pid: 11746|app: 0|req: 482/615] 182.254.52.17 () {36 vars in 568 bytes} [Wed May 20 17:08:02 2020] GET /ifixwebspace/ => generated 179 bytes in 1 msecs (HTTP/1.1 404) 4 headers in 128 bytes (1 switches on core 0)
僵尸世界大战 未匹配到合适id [{'episode': '', 'img': 'https://img3.doubanio.com/view/photo/s_ratio_poster/public/p2119276553.jpg', 'title': '僵尸世界大战', 'url': 'https://movie.douban.com/subject/2132473/?suggest=%E5%83%B5%E5%B0%B8%E4%B8%96%E7%95%8C%E5%A4%A7%E6%88%98', 'type': 'movie', 'year': '2013', 'sub_title': 'World War Z', 'id': '2132473'}, {'episode': '', 'img': 'https://img3.doubanio.com/view/photo/s_ratio_poster/public/p2142867710.jpg', 'title': '生死僵尸世界大战', 'url': 'https://movie.douban.com/subject/25729323/?suggest=%E5%83%B5%E5%B0%B8%E4%B8%96%E7%95%8C%E5%A4%A7%E6%88%98', 'type': 'movie', 'year': '2013', 'sub_title': 'Army of the Damned', 'id': '25729323'}]
僵尸世界大战 无豆瓣id数据，存入列表
古惑仔：江湖新秩序 未匹配到合适id []
古惑仔：江湖新秩序 无豆瓣id数据，存入列表
胜者即是正义SP 21332518 9.0保存成功[douban]
大明劫 未匹配到合适id []
----------地址被限制,稍后重试----------
刺夜 11226120 5.7保存成功[douban]
月光诗篇 20521014 8.0保存成功[douban]
朋友2 10441571 6.6保存成功[douban]
逆袭 (2013) 未匹配到合适id []
逆袭 (2013) 无豆瓣id数据，存入列表
毛泽东与齐白石 未匹配到合适id []
----------地址被限制,稍后重试----------
[pid: 11746|app: 0|req: 483/616] 14.18.182.223 () {36 vars in 542 bytes} [Wed May 20 17:19:39 2020] GET / => generated 179 bytes in 1 msecs (HTTP/1.1 404) 4 headers in 128 bytes (1 switches on core 0)
[pid: 11746|app: 0|req: 484/617] 182.254.52.17 () {36 vars in 598 bytes} [Wed May 20 17:22:00 2020] GET /phpmyadmin/scripts/setup.php => generated 179 bytes in 1 msecs (HTTP/1.1 404) 4 headers in 128 bytes (1 switches on core 0)
一千次晚安 10758799 7.6保存成功[douban]
立地成佛 6874489 5.5保存成功[douban]
查理之国 25867860 7.5保存成功[douban]
花容月貌 21815004 7.4保存成功[douban]
烂滚夫斗烂滚妻 21340793 5.1保存成功[douban]
暗魔怨 25738832 4.9保存成功[douban]
凯特·麦考的审判 未匹配到合适id []
----------地址被限制,稍后重试----------
惊魂疯人院 21360767 5.5保存成功[douban]
菲洛梅娜 19973780 8.4保存成功[douban]
唐·海明威 10755166 6.0保存成功[douban]
唯爱永生 5265471 7.6保存成功[douban]
兽人战争 24774034 3.0保存成功[douban]
有钱男与贫穷女：纽约篇 20470369 7.6保存成功[douban]
孤独的幸存者 3836070 8.1保存成功[douban]
再次出发之纽约遇见你 6874403 8.5保存成功[douban]
洛克 22203896 7.6保存成功[douban]
我的影子在奔跑 未匹配到合适id []
----------地址被限制,稍后重试----------
金刚狼2 未匹配到合适id [{'episode': '', 'img': 'https://img3.doubanio.com/view/photo/s_ratio_poster/public/p2151837713.jpg', 'title': '金刚狼2', 'url': 'https://movie.douban.com/subject/3718424/?suggest=%E9%87%91%E5%88%9A%E7%8B%BC2', 'type': 'movie', 'year': '2013', 'sub_title': 'The Wolverine', 'id': '3718424'}, {'episode': '', 'img': 'https://img1.doubanio.com/view/photo/s_ratio_poster/public/p2507435469.jpg', 'title': '金刚狼2：制作纪录', 'url': 'https://movie.douban.com/subject/26853706/?suggest=%E9%87%91%E5%88%9A%E7%8B%BC2', 'type': 'movie', 'year': '2013', 'sub_title': 'The Wolverine: The Path of a Ronin', 'id': '26853706'}]
金刚狼2 无豆瓣id数据，存入列表
半熟少女之梦想预备生 25782827 6.2保存成功[douban]
夏天的拉花 23384266 8.2保存成功[douban]
厨子程天喜 21359394 5.1保存成功[douban]
佳人蓓尔 未匹配到合适id []
----------地址被限制,稍后重试----------
色衰应召男 未匹配到合适id []
色衰应召男 无豆瓣id数据，存入列表
似人非人 24877508 4.1保存成功[douban]
鬼遮眼 20501030 6.9保存成功[douban]
夜色行动 未匹配到合适id [{'episode': '', 'img': 'https://img1.doubanio.com/view/photo/s_ratio_poster/public/p2107855478.jpg', 'title': '夜色行动', 'url': 'https://movie.douban.com/subject/6815094/?suggest=%E5%A4%9C%E8%89%B2%E8%A1%8C%E5%8A%A8', 'type': 'movie', 'year': '2013', 'sub_title': 'Night Moves', 'id': '6815094'}, {'episode': '', 'img': 'https://img3.doubanio.com/view/photo/s_ratio_poster/public/p2158948941.jpg', 'title': '夜色行动', 'url': 'https://movie.douban.com/subject/23752714/?suggest=%E5%A4%9C%E8%89%B2%E8%A1%8C%E5%8A%A8', 'type': 'movie', 'year': '2013', 'sub_title': 'Vandal', 'id': '23752714'}]
夜色行动 无豆瓣id数据，存入列表
绝命代理 24877498 5.3保存成功[douban]
时空追寻 未匹配到合适id []
----------地址被限制,稍后重试----------
[pid: 11746|app: 0|req: 485/618] 162.243.142.60 () {34 vars in 394 bytes} [Wed May 20 17:53:35 2020] GET / => generated 179 bytes in 1 msecs (HTTP/1.1 404) 4 headers in 128 bytes (1 switches on core 0)
风暴 20388198 6.4保存成功[douban]
世界尽头 3026572 7.4保存成功[douban]
魔女嘉莉 6874441 5.9保存成功[douban]
零点定理 11610450 5.9保存成功[douban]
拉拉队员都死了 24719177 4.8保存成功[douban]
环大西洋 24706498 2.9保存成功[douban]
出轨幻想 10749958 6.9保存成功[douban]
脏话 20453772 6.8保存成功[douban]
迷失太空 24717815 3.3保存成功[douban]
负重前行 23780577 8.7保存成功[douban]
鬼夫 未匹配到合适id []
----------地址被限制,稍后重试----------
神秘感染 21348112 5.9保存成功[douban]
末世殖民地 3148966 5.6保存成功[douban]
致命呼叫 10554990 7.4保存成功[douban]
7号房的礼物 10777687 8.9保存成功[douban]
人类清除计划 10453723 5.9保存成功[douban]
星际迷航12：暗黑无界 未匹配到合适id []
星际迷航12：暗黑无界 无豆瓣id数据，存入列表
环太平洋 未匹配到合适id [{'episode': '', 'img': 'https://img3.doubanio.com/view/photo/s_ratio_poster/public/p2043625972.jpg', 'title': '环太平洋', 'url': 'https://movie.douban.com/subject/5323968/?suggest=%E7%8E%AF%E5%A4%AA%E5%B9%B3%E6%B4%8B', 'type': 'movie', 'year': '2013', 'sub_title': 'Pacific Rim', 'id': '5323968'}, {'episode': '4', 'img': 'https://img1.doubanio.com/f/movie/5573440ab91b052c96784c43e2351a590e372664/pics/movie/tv_default_small.png', 'title': '环太平洋火山带之旅', 'url': 'https://movie.douban.com/subject/30177323/?suggest=%E7%8E%AF%E5%A4%AA%E5%B9%B3%E6%B4%8B', 'type': 'movie', 'year': '2013', 'sub_title': 'Journeys into the Ring of Fire', 'id': '30177323'}, {'episode': '', 'img': 'https://img9.doubanio.com/view/photo/s_ratio_poster/public/p1980079174.jpg', 'title': '环大西洋', 'url': 'https://movie.douban.com/subject/24706498/?suggest=%E7%8E%AF%E5%A4%AA%E5%B9%B3%E6%B4%8B', 'type': 'movie', 'year': '2013', 'sub_title': 'Atlantic Rim', 'id': '24706498'}]
----------地址被限制,稍后重试----------
柏林 6886518 7.4保存成功[douban]
极速风流 未匹配到合适id []
极速风流 无豆瓣id数据，存入列表
了不起的盖茨比 3364223 7.9保存成功[douban]
上位 未匹配到合适id []
----------地址被限制,稍后重试----------
虎胆龙威5 未匹配到合适id [{'episode': '', 'img': 'https://img3.doubanio.com/view/photo/s_ratio_poster/public/p1896808402.jpg', 'title': '虎胆龙威5', 'url': 'https://movie.douban.com/subject/4312428/?suggest=%E8%99%8E%E8%83%86%E9%BE%99%E5%A8%815', 'type': 'movie', 'year': '2013', 'sub_title': 'A Good Day to Die Hard', 'id': '4312428'}, {'episode': '', 'img': 'https://img1.doubanio.com/f/movie/b6dc761f5e4cf04032faa969826986efbecd54bb/pics/movie/movie_default_small.png', 'title': '虎胆龙威5拍摄', 'url': 'https://movie.douban.com/subject/26302913/?suggest=%E8%99%8E%E8%83%86%E9%BE%99%E5%A8%815', 'type': 'movie', 'year': '2013', 'sub_title': 'A Good Day to Die Hard: Making It Hard to Die', 'id': '26302913'}]
虎胆龙威5 无豆瓣id数据，存入列表
神马四兄弟 25806965 6.3保存成功[douban]
这个高中没有鬼 25798132 6.0保存成功[douban]
八月：奥色治郡 3284397 8.0保存成功[douban]
彗星来的那一夜 未匹配到合适id []
----------地址被限制,稍后重试----------
[pid: 11746|app: 0|req: 486/619] 178.156.83.153 () {32 vars in 464 bytes} [Wed May 20 18:33:55 2020] GET / => generated 179 bytes in 1 msecs (HTTP/1.1 404) 4 headers in 128 bytes (1 switches on core 0)
绿色地狱 24298333 6.0保存成功[douban]
迷离夜 22759660 6.7保存成功[douban]
雷神2：黑暗世界 6560058 7.4保存成功[douban]
饥饿游戏2：星火燎原 6874456 7.3保存成功[douban]
潜伏2 10485526 8.1保存成功[douban]
阿黛尔的生活 10535568 8.4保存成功[douban]
夜之女王 20427090 6.0保存成功[douban]
世界末日 未匹配到合适id []
----------地址被限制,稍后重试----------
蒸面布鲁斯 25822202 6.5保存成功[douban]
我们都是坏孩子 未匹配到合适id []
我们都是坏孩子 无豆瓣id数据，存入列表
我唾弃你的坟墓2 24870066 6.3保存成功[douban]
新异形 20499501 2.4保存成功[douban]
我为相亲狂 未匹配到合适id []
----------地址被限制,稍后重试----------
霍比特人2：史矛革之战 11606328 8.3保存成功[douban]
三十二 未匹配到合适id []
三十二 无豆瓣id数据，存入列表
素媛 21937452 9.2保存成功[douban]
复仇之角 4092661 5.4保存成功[douban]
恐怖直播 21360417 8.8保存成功[douban]
华尔街之狼 2997076 7.9保存成功[douban]
西游降魔篇 5308265 7.1保存成功[douban]
爱爱囧事 未匹配到合适id []
----------地址被限制,稍后重试----------
印度超人3 3076031 6.3保存成功[douban]
恶童日记 3871780 7.7保存成功[douban]
愤怒的伦理学 20515276 4.9保存成功[douban]
目标战 24530628 4.5保存成功[douban]
完美孕期 6875301 5.4保存成功[douban]
血缘 6052915 6.4保存成功[douban]
二月之夏 7065179 6.0保存成功[douban]
蓝色废墟 24312588 6.4保存成功[douban]
寻找声音的耳朵 25857604 0保存成功[douban]
在一起 未匹配到合适id []
----------地址被限制,稍后重试----------
[pid: 11746|app: 0|req: 487/620] 182.254.52.17 () {36 vars in 592 bytes} [Wed May 20 19:02:40 2020] GET /video/play/10049/1-2.html => generated 13768 bytes in 5 msecs (HTTP/1.1 200) 6 headers in 320 bytes (1 switches on core 0)
风暴 20388198 6.4保存成功[douban]
愤怒的小孩 未匹配到合适id []
愤怒的小孩 无豆瓣id数据，存入列表
火线追凶2之押解惊魂 23405822 5.8保存成功[douban]
一个人的突击队 24838726 5.9保存成功[douban]
骏马奥斯温 20438868 8.0保存成功[douban]
不惜一切回巴黎 24861117 6.5保存成功[douban]
较量 25823663 8.3保存成功[douban]
特工IRIS 2 20388350 6.5保存成功[douban]
血肉之躯 6021916 7.5保存成功[douban]
警察故事2013 未匹配到合适id []
----------地址被限制,稍后重试----------
一代宗师 3821067 8.0保存成功[douban]
荣誉至上 未匹配到合适id []
荣誉至上 无豆瓣id数据，存入列表
一夜惊喜 16475702 5.3保存成功[douban]
特殊身份 23126901 4.2保存成功[douban]
天机·富春山居图 未匹配到合适id []
----------地址被限制,稍后重试----------
一场风花雪月的事 4237863 4.5保存成功[douban]
神奇 未匹配到合适id []
神奇 无豆瓣id数据，存入列表
玛德2号 20483435 4.4保存成功[douban]
猎仇者 20497559 4.2保存成功[douban]
越来越好之村晚 20395646 4.3保存成功[douban]
激战 未匹配到合适id []
----------地址被限制,稍后重试----------
盲探 6872273 7.1保存成功[douban]
史前巨鳄：最终章 22027778 3.8保存成功[douban]
天台爱情 10833924 6.7保存成功[douban]
逃出生天 10763157 6.7保存成功[douban]
分手合约 19973815 5.8保存成功[douban]
一个复杂故事 19897517 5.7保存成功[douban]
毛泽东与齐白石 未匹配到合适id []
毛泽东与齐白石 无豆瓣id数据，存入列表
等风来 10833923 5.6保存成功[douban]
全民目击 11510624 7.7保存成功[douban]
同谋 未匹配到合适id []
----------地址被限制,稍后重试----------
圣诞玫瑰 10600271 6.1保存成功[douban]
控制 10604087 5.8保存成功[douban]
北京遇上西雅图 10574468 7.3保存成功[douban]
致我们终将逝去的青春 6973376 6.6保存成功[douban]
粉红女郎之爱人快跑 10355621 3.2保存成功[douban]
非常幸运 未匹配到合适id []
----------地址被限制,稍后重试----------
越位者 未匹配到合适id []
越位者 无豆瓣id数据，存入列表
爱在午夜降临前 10808442 8.8保存成功[douban]
疯狂的导演 24878198 3.1保存成功[douban]
星际传奇3 3652297 6.4保存成功[douban]
杀戒 10617163 5.3保存成功[douban]
摩登年代 23856234 5.5保存成功[douban]
夺宝联盟 未匹配到合适id []
----------地址被限制,稍后重试----------
[pid: 11746|app: 0|req: 488/621] 182.254.52.17 () {36 vars in 572 bytes} [Wed May 20 20:00:27 2020] GET /wp/wp-login.php => generated 179 bytes in 1 msecs (HTTP/1.1 404) 4 headers in 128 bytes (1 switches on core 0)
招魂2013 未匹配到合适id []
招魂2013 无豆瓣id数据，存入列表
达拉斯买家俱乐部 1793929 8.8保存成功[douban]
我想和你好好的 20444530 5.9保存成功[douban]
爱·在线 24845232 6.7保存成功[douban]
冲锋战警 未匹配到合适id []
----------地址被限制,稍后重试----------
忠烈杨家将 5996799 6.1保存成功[douban]
雷锋的微笑 21363244 2.7保存成功[douban]
快乐到家 未匹配到合适id []
快乐到家 无豆瓣id数据，存入列表
金太狼的幸福生活 21355933 6.2保存成功[douban]
致父亲 24732958 6.1保存成功[douban]
对面的女孩杀过来 未匹配到合适id []
----------地址被限制,稍后重试----------
青春派 未匹配到合适id [{'episode': '', 'img': 'https://img1.doubanio.com/view/photo/s_ratio_poster/public/p2050428637.jpg', 'title': '青春派', 'url': 'https://movie.douban.com/subject/24735062/?suggest=%E9%9D%92%E6%98%A5%E6%B4%BE', 'type': 'movie', 'year': '2013', 'sub_title': '青春派', 'id': '24735062'}, {'episode': '', 'img': 'https://img9.doubanio.com/view/photo/s_ratio_poster/public/p2175914446.jpg', 'title': '斯派克岛冒险之旅——致一群迷弟的青春', 'url': 'https://movie.douban.com/subject/10562327/?suggest=%E9%9D%92%E6%98%A5%E6%B4%BE', 'type': 'movie', 'year': '2013', 'sub_title': 'Spike Island', 'id': '10562327'}]
青春派 无豆瓣id数据，存入列表
人人有份 25845676 5.5保存成功[douban]
听见下雨的声音 20451471 5.4保存成功[douban]
明天记得爱上我 10864713 6.4保存成功[douban]
小时代2：青木时代 未匹配到合适id []
----------地址被限制,稍后重试----------
小时代 未匹配到合适id [{'episode': '', 'img': 'https://img1.doubanio.com/view/photo/s_ratio_poster/public/p2004121607.jpg', 'title': '小时代', 'url': 'https://movie.douban.com/subject/20376577/?suggest=%E5%B0%8F%E6%97%B6%E4%BB%A3', 'type': 'movie', 'year': '2013', 'sub_title': '小时代', 'id': '20376577'}, {'episode': '', 'img': 'https://img3.doubanio.com/view/photo/s_ratio_poster/public/p2060736910.jpg', 'title': '小时代2：青木时代', 'url': 'https://movie.douban.com/subject/24721493/?suggest=%E5%B0%8F%E6%97%B6%E4%BB%A3', 'type': 'movie', 'year': '2013', 'sub_title': '小时代2：青木时代', 'id': '24721493'}]
小时代 无豆瓣id数据，存入列表
王牌情敌 21248460 5.6保存成功[douban]
内布拉斯加 6538833 8.6保存成功[douban]
一路狂奔 未匹配到合适id [{'episode': '', 'img': 'https://img9.doubanio.com/view/photo/s_ratio_poster/public/p1967091075.jpg', 'title': '一路狂奔', 'url': 'https://movie.douban.com/subject/24325927/?suggest=%E4%B8%80%E8%B7%AF%E7%8B%82%E5%A5%94', 'type': 'movie', 'year': '2013', 'sub_title': '一路狂奔', 'id': '24325927'}, {'episode': '', 'img': 'https://img3.doubanio.com/view/photo/s_ratio_poster/public/p2085346900.jpg', 'title': '一路狂奔！！', 'url': 'https://movie.douban.com/subject/25667493/?suggest=%E4%B8%80%E8%B7%AF%E7%8B%82%E5%A5%94', 'type': 'movie', 'year': '2013', 'sub_title': 'RUUUUN!!', 'id': '25667493'}]
一路狂奔 无豆瓣id数据，存入列表
幸福从天而降 25731527 0保存成功[douban]
啊朋友还钱 11625731 5.1保存成功[douban]
夜来香 未匹配到合适id []
----------地址被限制,稍后重试----------
雷锋侠2：热血雷锋侠 21371671 5.8保存成功[douban]
东方中国梦 24748879 6.9保存成功[douban]
夜幕惊魂 5041040 3.6保存成功[douban]
宫锁沉香 20378811 5.1保存成功[douban]
爱神 19963896 6.6保存成功[douban]
爱可以走多久 未匹配到合适id []
----------地址被限制,稍后重试----------
成成烽火之生存考验 20497548 0保存成功[douban]
致命黑兰 未匹配到合适id []
致命黑兰 无豆瓣id数据，存入列表
回到爱开始的地方 20378794 6.4保存成功[douban]
追爱大布局 23163938 5.9保存成功[douban]
变身超人 10833970 6.6保存成功[douban]
超级经纪人 未匹配到合适id []
----------地址被限制,稍后重试----------
[pid: 11746|app: 0|req: 489/622] 61.241.50.63 () {36 vars in 536 bytes} [Wed May 20 20:51:44 2020] GET /admin/view_log/?page%3D12 => generated 0 bytes in 1 msecs (HTTP/1.1 302) 6 headers in 180 bytes (1 switches on core 0)
[pid: 11747|app: 0|req: 80/623] 61.241.50.63 () {38 vars in 581 bytes} [Wed May 20 20:51:44 2020] GET /admin/login.html => generated 5348 bytes in 2 msecs (HTTP/1.1 200) 6 headers in 319 bytes (1 switches on core 0)
百星酒店 20472857 5.7保存成功[douban]
爱情银行 11632586 6.0保存成功[douban]
意外的恋爱时光 19967839 5.6保存成功[douban]
不肯去观音 24269094 5.7保存成功[douban]
夏日示爱 19961119 3.8保存成功[douban]
临终囧事 未匹配到合适id []
----------地址被限制,稍后重试----------
狂舞派 21360412 7.3保存成功[douban]
帝国秘符 6999256 3.2保存成功[douban]
笔仙Ⅱ 21618782 3.9保存成功[douban]
雷锋的微笑 21363244 2.7保存成功[douban]
女蛹 6793319 6.6保存成功[douban]
绑架大明星 10484009 2.8保存成功[douban]
有招没招之爱情达人 未匹配到合适id []
----------地址被限制,稍后重试----------
[pid: 11747|app: 0|req: 81/624] 106.12.192.89 () {36 vars in 520 bytes} [Wed May 20 21:08:41 2020] GET / => generated 179 bytes in 1 msecs (HTTP/1.1 404) 4 headers in 128 bytes (1 switches on core 1)
成成烽火之绝杀 未匹配到合适id []
成成烽火之绝杀 无豆瓣id数据，存入列表
成成烽火之骑兵第一师 24743263 0保存成功[douban]
成成烽火之较量 未匹配到合适id []
成成烽火之较量 无豆瓣id数据，存入列表
我的美丽王国 未匹配到合适id []
----------地址被限制,稍后重试----------
午夜微博 未匹配到合适id []
午夜微博 无豆瓣id数据，存入列表
她 6722879 8.4保存成功[douban]
葛洛莉亚 20444892 7.2保存成功[douban]
悬案密码1：笼里的女人 20418685 6.9保存成功[douban]
白日梦想家 2133323 8.5保存成功[douban]
血乳交融 未匹配到合适id []
血乳交融 无豆瓣id数据，存入列表
横道世之介 10484041 8.8保存成功[douban]
如父如子 未匹配到合适id []
----------地址被限制,稍后重试----------
新世界 10437779 8.8保存成功[douban]
生死倒数 10755584 7.0保存成功[douban]
廉价航班 20470375 6.7保存成功[douban]
金笼 24289250 7.4保存成功[douban]
我甜蜜的胡椒地 20562338 6.9保存成功[douban]
捉迷藏2013 未匹配到合适id []
捉迷藏2013 无豆瓣id数据，存入列表
血冲 26367890 6.5保存成功[douban]
鬼娃回魂6 23766551 5.5保存成功[douban]
幻影计划 10551894 6.3保存成功[douban]
新天师斗僵尸2 未匹配到合适id []
----------地址被限制,稍后重试----------
惊声尖笑5 1949877 5.5保存成功[douban]
回到原点 未匹配到合适id [{'episode': '', 'img': 'https://img9.doubanio.com/view/photo/s_ratio_poster/public/p2011600786.jpg', 'title': '回到原点', 'url': 'https://movie.douban.com/subject/19997893/?suggest=%E5%9B%9E%E5%88%B0%E5%8E%9F%E7%82%B9', 'type': 'movie', 'year': '2013', 'sub_title': '回到原点', 'id': '19997893'}, {'episode': '', 'img': 'https://img3.doubanio.com/view/photo/s_ratio_poster/public/p2238899062.jpg', 'title': '回到原点', 'url': 'https://movie.douban.com/subject/25733483/?suggest=%E5%9B%9E%E5%88%B0%E5%8E%9F%E7%82%B9', 'type': 'movie', 'year': '2013', 'sub_title': 'Return to Zero', 'id': '25733483'}]
回到原点 无豆瓣id数据，存入列表
去里斯本的夜车 5327381 7.3保存成功[douban]
小镇怪客托马斯 6082346 6.9保存成功[douban]
佐藤家的早餐，铃木家的晚餐 未匹配到合适id []
----------地址被限制,稍后重试----------
私奔B计划 未匹配到合适id []
私奔B计划 无豆瓣id数据，存入列表
雨城故事 25746252 5.3保存成功[douban]
金丝笼 24371128 7.3保存成功[douban]
婴儿式 10553750 7.4保存成功[douban]
笑功震武林 6984061 4.6保存成功[douban]
关于香港的风流韵事 26896047 0保存成功[douban]
赤赤炼恋 25716605 5.8保存成功[douban]
逃离马拉喀什 10760402 6.8保存成功[douban]
图书馆战争 未匹配到合适id []
----------地址被限制,稍后重试----------
嫌疑人 10563779 7.5保存成功[douban]
大尾鲈鳗 11599151 5.9保存成功[douban]
该隐之子 24532238 6.5保存成功[douban]
征服者 未匹配到合适id []
征服者 无豆瓣id数据，存入列表
血战墓碑镇 11639636 5.4保存成功[douban]
念书的孩子2 25725249 7.8保存成功[douban]
百岁老人跷家去 20255014 7.8保存成功[douban]
县厅招待课 未匹配到合适id []
----------地址被限制,稍后重试----------
[pid: 11746|app: 0|req: 490/625] 71.6.232.4 () {34 vars in 484 bytes} [Wed May 20 21:56:19 2020] GET / => generated 179 bytes in 1 msecs (HTTP/1.1 404) 4 headers in 128 bytes (1 switches on core 0)
[pid: 11746|app: 0|req: 491/626] 177.185.158.183 () {32 vars in 465 bytes} [Wed May 20 21:59:08 2020] GET / => generated 179 bytes in 1 msecs (HTTP/1.1 404) 4 headers in 128 bytes (1 switches on core 0)
樱，重逢的加奈子 19976047 6.6保存成功[douban]
向日葵与幼犬的7天 6974439 7.6保存成功[douban]
重返尼姆岛 24893422 5.9保存成功[douban]
四十七浪人 3326730 5.7保存成功[douban]
杀戮惊魂 25931456 0保存成功[douban]
奇特的故事 26425468 8.3保存成功[douban]
柔浪 25740966 7.7保存成功[douban]
收获天空之下 24876991 6.4保存成功[douban]
汽车旅馆人生 未匹配到合适id []
汽车旅馆人生 无豆瓣id数据，存入列表
金橘 未匹配到合适id []
----------地址被限制,稍后重试----------
马贩子科尔哈斯 6875390 6.7保存成功[douban]
救生员 20386979 6.1保存成功[douban]
鼹鼠之歌 21264315 6.7保存成功[douban]
花瓣舞 10563805 6.5保存成功[douban]
拆弹英雄 24863314 4.9保存成功[douban]
杀人漫画 24695966 7.2保存成功[douban]
红酒烩鸡2 10739401 6.9保存成功[douban]
菜园子张青 11499793 4.5保存成功[douban]
金枪手徐宁 11226057 4.4保存成功[douban]
黎明骑士 6875424 5.3保存成功[douban]
我是中国人 未匹配到合适id []
----------地址被限制,稍后重试----------
乌鸦 未匹配到合适id [{'episode': '', 'img': 'https://img3.doubanio.com/view/photo/s_ratio_poster/public/p1795123431.jpg', 'title': '乌鸦的拇指', 'url': 'https://movie.douban.com/subject/6889533/?suggest=%E4%B9%8C%E9%B8%A6', 'type': 'movie', 'year': '2012', 'sub_title': 'カラスの親指', 'id': '6889533'}, {'episode': '', 'img': 'https://img9.doubanio.com/view/photo/s_ratio_poster/public/p1541462454.jpg', 'title': '乌鸦', 'url': 'https://movie.douban.com/subject/3914547/?suggest=%E4%B9%8C%E9%B8%A6', 'type': 'movie', 'year': '2012', 'sub_title': 'The Raven', 'id': '3914547'}]
乌鸦 无豆瓣id数据，存入列表
友情岁月2012 未匹配到合适id []
友情岁月2012 无豆瓣id数据，存入列表
寿司女郎 未匹配到合适id []
----------地址被限制,稍后重试----------
嗜血狂魔 10727637 4.2保存成功[douban]
灾难课程 24858298 3.6保存成功[douban]
龙与地下城3魔神降临 5500708 4.4保存成功[douban]
拳皇 未匹配到合适id []
拳皇 无豆瓣id数据，存入列表
纽约行动 未匹配到合适id []
纽约行动 无豆瓣id数据，存入列表
玉麒麟卢俊义 11600865 5.4保存成功[douban]
死亡降临 未匹配到合适id []
----------地址被限制,稍后重试----------
[pid: 11746|app: 0|req: 492/627] 58.247.212.239 () {36 vars in 587 bytes} [Wed May 20 22:34:34 2020] GET /wordpress/wp-login.php => generated 179 bytes in 1 msecs (HTTP/1.1 404) 4 headers in 128 bytes (1 switches on core 0)
混蛋 10345617 5.7保存成功[douban]
少林达摩剑 10825819 3.5保存成功[douban]
风云小棋王 25724529 2.6保存成功[douban]
冒顿 25702364 3.8保存成功[douban]
全面回忆2012 未匹配到合适id []
----------地址被限制,稍后重试----------
[pid: 11746|app: 0|req: 493/628] 183.136.225.44 () {34 vars in 459 bytes} [Wed May 20 22:43:06 2020] GET / => generated 179 bytes in 1 msecs (HTTP/1.1 404) 4 headers in 128 bytes (1 switches on core 0)
玄奘袈裟 20427158 5.6保存成功[douban]
冰雪勇士2：空降信条 7065137 6.0保存成功[douban]
雇佣兵 5150156 4.2保存成功[douban]
恐怖故事 10810336 6.9保存成功[douban]
杀生 4176542 7.8保存成功[douban]
兰花之舞 20453520 0保存成功[douban]
印式英语 10876425 8.2保存成功[douban]
美姐 10833919 7.8保存成功[douban]
妙笔生花 未匹配到合适id []
----------地址被限制,稍后重试----------
异星战场 1985677 6.4保存成功[douban]
春娇与志明 6386345 7.3保存成功[douban]
勇者行动 5157137 7.7保存成功[douban]
八卦宗师 10583890 3.0保存成功[douban]
八文钱的保镖 24745633 4.3保存成功[douban]
安监局长 10833671 0保存成功[douban]
37 5153525 5.7保存成功[douban]
南平红荔 11627083 6.0保存成功[douban]
海猿4 未匹配到合适id []
----------地址被限制,稍后重试----------
死亡矿坑 10792639 4.4保存成功[douban]
低俗喜剧 6869395 6.3保存成功[douban]
杀戮演绎 11538029 8.4保存成功[douban]
R2B：回到基地 5395262 6.6保存成功[douban]
暂告安全 5151891 6.3保存成功[douban]
特工比格斯 20326553 6.0保存成功[douban]
与妻书 6601425 5.2保存成功[douban]
横山号 10521681 4.7保存成功[douban]
并肩作战 未匹配到合适id []
----------地址被限制,稍后重试----------
宝贝别哭 24876420 0保存成功[douban]
铁拳/铁拳无敌 未匹配到合适id []
铁拳/铁拳无敌 无豆瓣id数据，存入列表
月色狰狞 10553094 3.3保存成功[douban]
绝对底线 10432916 4.2保存成功[douban]
独裁者 未匹配到合适id []
独裁者 无豆瓣id数据，存入列表
罗马浴场 未匹配到合适id [{'episode': '', 'img': 'https://img3.doubanio.com/view/photo/s_ratio_poster/public/p2155948771.jpg', 'title': '罗马浴场', 'url': 'https://movie.douban.com/subject/6037517/?suggest=%E7%BD%97%E9%A9%AC%E6%B5%B4%E5%9C%BA', 'type': 'movie', 'year': '2012', 'sub_title': 'テルマエ・ロマエ', 'id': '6037517'}, {'episode': '6', 'img': 'https://img1.doubanio.com/view/photo/s_ratio_poster/public/p1388111638.jpg', 'title': '罗马浴场', 'url': 'https://movie.douban.com/subject/7062590/?suggest=%E7%BD%97%E9%A9%AC%E6%B5%B4%E5%9C%BA', 'type': 'movie', 'year': '2012', 'sub_title': 'テルマエ・ロマエ', 'id': '7062590'}]
罗马浴场 无豆瓣id数据，存入列表
孙子从美国来 10467774 8.4保存成功[douban]
延安往事 未匹配到合适id []
----------地址被限制,稍后重试----------
泰迪熊 未匹配到合适id [{'episode': '', 'img': 'https://img1.doubanio.com/view/photo/s_ratio_poster/public/p1588315198.jpg', 'title': '泰迪熊', 'url': 'https://movie.douban.com/subject/4807924/?suggest=%E6%B3%B0%E8%BF%AA%E7%86%8A', 'type': 'movie', 'year': '2012', 'sub_title': 'Ted', 'id': '4807924'}, {'episode': '', 'img': 'https://img1.doubanio.com/view/photo/s_ratio_poster/public/p1395422678.jpg', 'title': '泰迪熊', 'url': 'https://movie.douban.com/subject/7015749/?suggest=%E6%B3%B0%E8%BF%AA%E7%86%8A', 'type': 'movie', 'year': '2012', 'sub_title': '10 timer til Paradis', 'id': '7015749'}]
泰迪熊 无豆瓣id数据，存入列表
完美音调 6957293 7.4保存成功[douban]
海岸大捕怪 4079120 6.0保存成功[douban]
超能失控 6053731 6.9保存成功[douban]
孝女彩金 未匹配到合适id []
----------地址被限制,稍后重试----------
极恶非道2 5286821 7.7保存成功[douban]
与犯罪的战争：坏家伙的全盛时代 5924362 7.9保存成功[douban]
少年派的奇幻漂流 1929463 9.1保存成功[douban]
敢死队2 6040982 6.9保存成功[douban]
幽灵行动阿尔法 10762817 8.2保存成功[douban]
青春期3 未匹配到合适id []
青春期3 无豆瓣id数据，存入列表
丧尸禁区 7064525 5.5保存成功[douban]
我和你/折翼小天使 未匹配到合适id []
----------地址被限制,稍后重试----------
[pid: 11746|app: 0|req: 494/629] 45.76.144.219 () {36 vars in 432 bytes} [Wed May 20 23:38:30 2020] GET / => generated 179 bytes in 1 msecs (HTTP/1.1 404) 4 headers in 128 bytes (1 switches on core 0)
饥饿游戏 3592853 6.9保存成功[douban]
黑衣人3 未匹配到合适id [{'episode': '', 'img': 'https://img1.doubanio.com/view/photo/s_ratio_poster/public/p1731774258.jpg', 'title': '黑衣人3', 'url': 'https://movie.douban.com/subject/3642835/?suggest=%E9%BB%91%E8%A1%A3%E4%BA%BA3', 'type': 'movie', 'year': '2012', 'sub_title': 'Men in Black III', 'id': '3642835'}, {'episode': '', 'img': 'https://img1.doubanio.com/view/photo/s_ratio_poster/public/p2570897307.jpg', 'title': '《黑衣人3》的制作：时光伴侣', 'url': 'https://movie.douban.com/subject/34851332/?suggest=%E9%BB%91%E8%A1%A3%E4%BA%BA3', 'type': 'movie', 'year': '2012', 'sub_title': "Partners in Time: The Making of 'MIB 3'", 'id': '34851332'}]
黑衣人3 无豆瓣id数据，存入列表
寂静岭2 2117898 5.6保存成功[douban]
暮光之城4：破晓(下) 4889554 7.0保存成功[douban]
杀人狂魔 未匹配到合适id []
----------地址被限制,稍后重试----------
公司职员 6080756 6.6保存成功[douban]
再造战士4：清算之日 5151665 5.2保存成功[douban]
侠探杰克 3231740 6.2保存成功[douban]
霍比特人1：意外之旅 1966182 8.3保存成功[douban]
调味的房子 5159993 6.8保存成功[douban]
007：大破天幕杀机 2363876 7.0保存成功[douban]
聊斋狐仙 未匹配到合适id []
----------地址被限制,稍后重试----------
欲体焚情 11525690 4.6保存成功[douban]
喜爱夜蒲2 未匹配到合适id []
喜爱夜蒲2 无豆瓣id数据，存入列表
超级战舰 3742937 6.6保存成功[douban]
手拉手 6853766 6.6保存成功[douban]
虎尾兰之梦 10432913 6.5保存成功[douban]
待绽蔷薇 10522066 7.5保存成功[douban]
纽约两日情 5413813 6.7保存成功[douban]
猎物 4933176 6.3保存成功[douban]
女尸谜案 未匹配到合适id []
----------地址被限制,稍后重试----------
[1589990401] logsize: 86619, triggering log-reopen...
