[1590508801] ./uwsgi.log reopened.
我们都不满意 未匹配到合适id
我们都不满意 无豆瓣id数据，存入列表
女房客2020 未匹配到合适id
女房客2020 无豆瓣id数据，存入列表
势不可挡2020 未匹配到合适id
----------地址被限制,稍后重试----------
none_list 暂存
平行宇宙之恋 未匹配到合适id
平行宇宙之恋 无豆瓣id数据，存入列表
冬年2020 未匹配到合适id
冬年2020 无豆瓣id数据，存入列表
毒战[2020] 未匹配到合适id
----------地址被限制,稍后重试----------
none_list 暂存
*** Starting uWSGI 2.0.18 (64bit) on [Wed May 27 00:07:37 2020] ***
compiled with version: 7.4.0 on 31 January 2020 10:32:09
os: Linux-4.15.0-54-generic #58-Ubuntu SMP Mon Jun 24 10:55:24 UTC 2019
nodename: VM-32-8-ubuntu
machine: x86_64
clock source: unix
detected number of CPU cores: 1
current working directory: /home/ubuntu/git/django_project
writing pidfile to ./uwsgi.pid
detected binary path: /home/ubuntu/.local/bin/uwsgi
!!! no internal routing support, rebuild with pcre support !!!
chdir() to /home/ubuntu/git/django_project
your processes number limit is 7079
your memory page size is 4096 bytes
detected max file descriptor number: 1024
lock engine: pthread robust mutexes
thunder lock: disabled (you can enable it with --thunder-lock)
uwsgi socket 0 bound to TCP address 127.0.0.1:8001 fd 6
Python version: 3.6.8 (default, Oct  7 2019, 12:59:55)  [GCC 8.3.0]
Python main interpreter initialized at 0x55b6e2ae1540
python threads support enabled
your server socket listen backlog is limited to 100 connections
your mercy for graceful operations on workers is 60 seconds
mapped 416720 bytes (406 KB) for 8 cores
*** Operational MODE: preforking+threaded ***
WSGI app 0 (mountpoint='') ready in 1 seconds on interpreter 0x55b6e2ae1540 pid: 24502 (default app)
*** uWSGI is running in multiple interpreter mode ***
spawned uWSGI master process (pid: 24502)
spawned uWSGI worker 1 (pid: 24504, cores: 2)
spawned uWSGI worker 2 (pid: 24505, cores: 2)
spawned uWSGI worker 3 (pid: 24506, cores: 2)
spawned uWSGI worker 4 (pid: 24507, cores: 2)
[pid: 24504|app: 0|req: 1/1] 183.27.45.190 () {52 vars in 1014 bytes} [Wed May 27 00:07:51 2020] POST /admin/login.html => generated 63 bytes in 173 msecs (HTTP/1.1 200) 6 headers in 294 bytes (1 switches on core 0)
[pid: 24504|app: 0|req: 2/2] 183.27.45.190 () {46 vars in 930 bytes} [Wed May 27 00:07:51 2020] GET /admin/ => generated 27873 bytes in 15 msecs (HTTP/1.1 200) 6 headers in 320 bytes (1 switches on core 1)
————————开始获取豆瓣id数据————————
无豆瓣id的视频总数：4361
无匹配视频总数：2635
伤口 未匹配到合适id
伤口 无豆瓣id数据，存入列表
超能电竞：传奇一代 未匹配到合适id
[pid: 24504|app: 0|req: 4/3] 183.27.45.190 () {46 vars in 938 bytes} [Wed May 27 00:07:54 2020] GET /admin/view_log/ => generated 15811 bytes in 7 msecs (HTTP/1.1 200) 5 headers in 152 bytes (1 switches on core 1)
超能电竞：传奇一代 无豆瓣id数据，存入列表
最后的清晰时刻 30150147 5.4保存成功[douban]
童年2020 未匹配到合适id
童年2020 无豆瓣id数据，存入列表
特殊保镖2 未匹配到合适id
特殊保镖2 无豆瓣id数据，存入列表
帕顿·奥斯华：我爱一切 35057208 0保存成功[douban]
关于哈利的那些事 未匹配到合适id
----------地址被限制,稍后重试----------
none_list 暂存
none_list2 暂存
绝世低手之夺命玉玺 35075456 0保存成功[douban]
无限接近 35026221 0保存成功[douban]
萌宠奇缘 未匹配到合适id
萌宠奇缘 无豆瓣id数据，存入列表
咸鱼要翻身 未匹配到合适id
----------地址被限制,稍后重试----------
none_list 暂存
春潮 未匹配到合适id
春潮 无豆瓣id数据，存入列表
继承2020 未匹配到合适id
继承2020 无豆瓣id数据，存入列表
牛皮纸袋 未匹配到合适id
----------地址被限制,稍后重试----------
none_list 暂存
生死夜2020 未匹配到合适id
生死夜2020 无豆瓣id数据，存入列表
蒙眼缉凶 未匹配到合适id
蒙眼缉凶 无豆瓣id数据，存入列表
我们都不满意 未匹配到合适id
----------地址被限制,稍后重试----------
none_list 暂存
女房客2020 未匹配到合适id
女房客2020 无豆瓣id数据，存入列表
势不可挡2020 未匹配到合适id
势不可挡2020 无豆瓣id数据，存入列表
平行宇宙之恋 未匹配到合适id
----------地址被限制,稍后重试----------
none_list 暂存
冬年2020 未匹配到合适id
冬年2020 无豆瓣id数据，存入列表
毒战[2020] 未匹配到合适id
毒战[2020] 无豆瓣id数据，存入列表
虫族2020 未匹配到合适id
----------地址被限制,稍后重试----------
none_list 暂存
连续五次失败，等待30分钟
[pid: 24504|app: 0|req: 5/4] 45.233.247.175 () {32 vars in 464 bytes} [Wed May 27 00:44:59 2020] GET / => generated 179 bytes in 2 msecs (HTTP/1.1 404) 4 headers in 128 bytes (1 switches on core 1)
----------重新启动查找------------
玛雅2020 未匹配到合适id
玛雅2020 无豆瓣id数据，存入列表
新包青天南侠迷案 未匹配到合适id
新包青天南侠迷案 无豆瓣id数据，存入列表
还在相爱吗？ 未匹配到合适id
----------地址被限制,稍后重试----------
none_list 暂存
灵兽2020 未匹配到合适id
灵兽2020 无豆瓣id数据，存入列表
我爱你2020 未匹配到合适id
我爱你2020 无豆瓣id数据，存入列表
回归之路 匹配到多个豆瓣id数据，存入列表2 ['30345227', '27146766']
返航迷途2020 未匹配到合适id
----------地址被限制,稍后重试----------
none_list 暂存
none_list2 暂存
我当摸金校尉的那些年 未匹配到合适id
----------地址被限制,稍后重试----------
干将莫邪 未匹配到合适id
----------地址被限制,稍后重试----------
唯一2020 未匹配到合适id
----------地址被限制,稍后重试----------
等待安雅 未匹配到合适id
----------地址被限制,稍后重试----------
连续五次失败，等待30分钟
[pid: 24504|app: 0|req: 6/5] 111.13.67.138 () {34 vars in 500 bytes} [Wed May 27 01:22:54 2020] GET /TP/public/index.php => generated 179 bytes in 1 msecs (HTTP/1.1 404) 4 headers in 128 bytes (1 switches on core 1)
[pid: 24507|app: 0|req: 1/6] 111.13.67.138 () {34 vars in 486 bytes} [Wed May 27 01:22:54 2020] GET /TP/index.php => generated 179 bytes in 150 msecs (HTTP/1.1 404) 4 headers in 128 bytes (1 switches on core 0)
[pid: 24504|app: 0|req: 7/7] 111.13.67.138 () {34 vars in 522 bytes} [Wed May 27 01:22:54 2020] GET /thinkphp/html/public/index.php => generated 179 bytes in 1 msecs (HTTP/1.1 404) 4 headers in 128 bytes (1 switches on core 1)
[pid: 24505|app: 0|req: 1/8] 111.13.67.138 () {34 vars in 504 bytes} [Wed May 27 01:22:54 2020] GET /html/public/index.php => generated 179 bytes in 150 msecs (HTTP/1.1 404) 4 headers in 128 bytes (1 switches on core 0)
[pid: 24504|app: 0|req: 8/9] 111.13.67.138 () {34 vars in 494 bytes} [Wed May 27 01:22:55 2020] GET /public/index.php => generated 179 bytes in 1 msecs (HTTP/1.1 404) 4 headers in 128 bytes (1 switches on core 1)
[pid: 24505|app: 0|req: 2/10] 111.13.67.138 () {34 vars in 510 bytes} [Wed May 27 01:22:55 2020] GET /TP/html/public/index.php => generated 179 bytes in 1 msecs (HTTP/1.1 404) 4 headers in 128 bytes (1 switches on core 1)
[pid: 24506|app: 0|req: 1/11] 111.13.67.138 () {34 vars in 482 bytes} [Wed May 27 01:22:55 2020] GET /elrekt.php => generated 179 bytes in 146 msecs (HTTP/1.1 404) 4 headers in 128 bytes (1 switches on core 0)
[pid: 24504|app: 0|req: 9/12] 111.13.67.138 () {34 vars in 480 bytes} [Wed May 27 01:22:55 2020] GET /index.php => generated 179 bytes in 1 msecs (HTTP/1.1 404) 4 headers in 128 bytes (1 switches on core 1)
[pid: 24505|app: 0|req: 3/13] 111.13.67.138 () {34 vars in 465 bytes} [Wed May 27 01:22:55 2020] GET / => generated 179 bytes in 1 msecs (HTTP/1.1 404) 4 headers in 128 bytes (1 switches on core 1)
[pid: 24504|app: 0|req: 10/14] 195.54.160.130 () {34 vars in 556 bytes} [Wed May 27 01:24:17 2020] GET /solr/admin/info/system?wt=json => generated 179 bytes in 1 msecs (HTTP/1.1 404) 4 headers in 128 bytes (1 switches on core 1)
[pid: 24504|app: 0|req: 11/15] 195.54.160.130 () {36 vars in 653 bytes} [Wed May 27 01:27:01 2020] GET /?a=fetch&content=<php>die(@md5(HelloThinkCMF))</php> => generated 179 bytes in 1 msecs (HTTP/1.1 404) 4 headers in 128 bytes (1 switches on core 1)
[pid: 24507|app: 0|req: 2/16] 195.54.160.130 () {34 vars in 556 bytes} [Wed May 27 01:27:01 2020] GET /?XDEBUG_SESSION_START=phpstorm => generated 179 bytes in 1 msecs (HTTP/1.1 404) 4 headers in 128 bytes (1 switches on core 1)
[pid: 24504|app: 0|req: 12/17] 195.54.160.130 () {34 vars in 716 bytes} [Wed May 27 01:33:25 2020] GET /index.php?s=/Index/\think\app/invokefunction&function=call_user_func_array&vars[0]=md5&vars[1][]=HelloThinkPHP => generated 179 bytes in 1 msecs (HTTP/1.1 404) 4 headers in 128 bytes (1 switches on core 1)
[pid: 24504|app: 0|req: 13/18] 190.122.159.212 () {32 vars in 465 bytes} [Wed May 27 01:43:20 2020] GET / => generated 179 bytes in 2 msecs (HTTP/1.1 404) 4 headers in 128 bytes (1 switches on core 1)
----------重新启动查找------------
分手前要做的十件事 未匹配到合适id
----------地址被限制,稍后重试----------
罪恶 未匹配到合适id
----------地址被限制,稍后重试----------
狙击手2020 未匹配到合适id
----------地址被限制,稍后重试----------
蕃薯浇米 未匹配到合适id
----------地址被限制,稍后重试----------
真假 未匹配到合适id
----------地址被限制,稍后重试----------
-----连续十次失败，等待1小时-----
[pid: 24504|app: 0|req: 14/19] 87.117.169.15 () {32 vars in 464 bytes} [Wed May 27 02:28:28 2020] GET / => generated 179 bytes in 1 msecs (HTTP/1.1 404) 4 headers in 128 bytes (1 switches on core 1)
[pid: 24504|app: 0|req: 15/20] 182.254.52.17 () {36 vars in 589 bytes} [Wed May 27 02:41:50 2020] GET /admin/view_log/?page%3D4 => generated 0 bytes in 10 msecs (HTTP/1.1 302) 6 headers in 180 bytes (1 switches on core 1)
[pid: 24506|app: 0|req: 2/21] 182.254.52.17 () {38 vars in 635 bytes} [Wed May 27 02:41:50 2020] GET /admin/login.html => generated 5348 bytes in 3 msecs (HTTP/1.1 200) 6 headers in 319 bytes (1 switches on core 1)
[pid: 24504|app: 0|req: 16/22] 195.54.160.130 () {38 vars in 610 bytes} [Wed May 27 02:53:52 2020] POST /api/jsonws/invoke => generated 179 bytes in 1 msecs (HTTP/1.1 404) 4 headers in 128 bytes (1 switches on core 1)
青春合伙人2020 未匹配到合适id
----------地址被限制,稍后重试----------
摸金祖师 未匹配到合适id
----------地址被限制,稍后重试----------
[pid: 24507|app: 0|req: 3/24] 189.68.1.98 () {32 vars in 461 bytes} [Wed May 27 03:05:05 2020] GET / => generated 179 bytes in 1 msecs (HTTP/1.1 404) 4 headers in 128 bytes (1 switches on core 0)
[pid: 24504|app: 0|req: 17/24] 189.68.1.98 () {32 vars in 462 bytes} [Wed May 27 03:05:05 2020] GET / => generated 179 bytes in 2 msecs (HTTP/1.1 404) 4 headers in 128 bytes (1 switches on core 1)
[pid: 24505|app: 0|req: 4/25] 189.68.1.98 () {32 vars in 461 bytes} [Wed May 27 03:05:05 2020] GET / => generated 179 bytes in 1 msecs (HTTP/1.1 404) 4 headers in 128 bytes (1 switches on core 0)
战毒 未匹配到合适id
----------地址被限制,稍后重试----------
德云社张鹤伦相声专场天津站2019 未匹配到合适id
----------地址被限制,稍后重试----------
后会有期 未匹配到合适id
----------地址被限制,稍后重试----------
连续五次失败，等待30分钟
[pid: 24504|app: 0|req: 18/26] 45.76.144.219 () {36 vars in 432 bytes} [Wed May 27 03:32:25 2020] GET / => generated 179 bytes in 1 msecs (HTTP/1.1 404) 4 headers in 128 bytes (1 switches on core 1)
----------重新启动查找------------
施虐诡计 未匹配到合适id
----------地址被限制,稍后重试----------
东海人鱼传 未匹配到合适id
----------地址被限制,稍后重试----------
嗜血之爱 未匹配到合适id
----------地址被限制,稍后重试----------
追影行动 未匹配到合适id
----------地址被限制,稍后重试----------
浪潮2020 未匹配到合适id
----------地址被限制,稍后重试----------
[pid: 24504|app: 0|req: 19/27] 182.254.52.17 () {36 vars in 535 bytes} [Wed May 27 03:59:09 2020] GET /admin/view_log/?page%3D5 => generated 0 bytes in 0 msecs (HTTP/1.1 302) 6 headers in 180 bytes (1 switches on core 1)
[pid: 24507|app: 0|req: 4/28] 182.254.52.17 () {38 vars in 581 bytes} [Wed May 27 03:59:09 2020] GET /admin/login.html => generated 5348 bytes in 3 msecs (HTTP/1.1 200) 6 headers in 319 bytes (1 switches on core 1)
-----连续十次失败，等待1小时-----
[pid: 24504|app: 0|req: 20/29] 58.247.212.239 () {36 vars in 593 bytes} [Wed May 27 04:17:59 2020] GET /video/play/84919/1-7.html => generated 14825 bytes in 10 msecs (HTTP/1.1 200) 6 headers in 320 bytes (1 switches on core 1)
人类削减计划2 未匹配到合适id
----------地址被限制,稍后重试----------
束手无策 未匹配到合适id
----------地址被限制,稍后重试----------
小妇人 未匹配到合适id
----------地址被限制,稍后重试----------
1917 未匹配到合适id
----------地址被限制,稍后重试----------
火云邪神之修罗面具 未匹配到合适id
----------地址被限制,稍后重试----------
连续五次失败，等待30分钟
[pid: 24504|app: 0|req: 21/30] 201.150.149.225 () {32 vars in 472 bytes} [Wed May 27 05:17:20 2020] GET / => generated 179 bytes in 1 msecs (HTTP/1.1 404) 4 headers in 128 bytes (1 switches on core 1)
[pid: 24504|app: 0|req: 22/31] 139.162.119.197 () {32 vars in 401 bytes} [Wed May 27 05:17:36 2020] GET / => generated 179 bytes in 1 msecs (HTTP/1.1 404) 4 headers in 128 bytes (1 switches on core 1)
[pid: 24504|app: 0|req: 23/32] 36.73.85.222 () {32 vars in 469 bytes} [Wed May 27 05:17:52 2020] GET / => generated 179 bytes in 2 msecs (HTTP/1.1 404) 4 headers in 128 bytes (1 switches on core 1)
[pid: 24504|app: 0|req: 24/33] 138.99.216.112 () {30 vars in 435 bytes} [Wed May 27 05:31:32 2020] GET / => generated 179 bytes in 1 msecs (HTTP/1.1 404) 4 headers in 128 bytes (1 switches on core 1)
[pid: 24505|app: 0|req: 5/34] 138.99.216.112 () {30 vars in 455 bytes} [Wed May 27 05:31:32 2020] GET /robots.txt => generated 179 bytes in 2 msecs (HTTP/1.1 404) 4 headers in 128 bytes (1 switches on core 1)
[pid: 24507|app: 0|req: 5/35] 138.99.216.112 () {30 vars in 457 bytes} [Wed May 27 05:31:32 2020] GET /favicon.ico => generated 179 bytes in 1 msecs (HTTP/1.1 404) 4 headers in 128 bytes (1 switches on core 0)
----------重新启动查找------------
美丽人生1997 未匹配到合适id
----------地址被限制,稍后重试----------
降魔大师 未匹配到合适id
----------地址被限制,稍后重试----------
映山红2020 未匹配到合适id
----------地址被限制,稍后重试----------
最可爱的人 未匹配到合适id
----------地址被限制,稍后重试----------
理查德·朱维尔的哀歌 未匹配到合适id
----------地址被限制,稍后重试----------
-----连续十次失败，等待1小时-----
[pid: 24504|app: 0|req: 25/36] 195.54.160.130 () {36 vars in 624 bytes} [Wed May 27 06:10:38 2020] GET /vendor/phpunit/phpunit/src/Util/PHP/eval-stdin.php => generated 179 bytes in 1 msecs (HTTP/1.1 404) 4 headers in 128 bytes (1 switches on core 1)
[pid: 24504|app: 0|req: 26/37] 193.118.53.194 () {34 vars in 488 bytes} [Wed May 27 06:14:40 2020] GET / => generated 179 bytes in 1 msecs (HTTP/1.1 404) 4 headers in 128 bytes (1 switches on core 1)
[pid: 24504|app: 0|req: 27/38] 182.254.52.17 () {36 vars in 590 bytes} [Wed May 27 06:23:56 2020] GET /TP/html/public/index.php => generated 179 bytes in 1 msecs (HTTP/1.1 404) 4 headers in 128 bytes (1 switches on core 1)
[pid: 24504|app: 0|req: 28/39] 182.254.52.17 () {36 vars in 602 bytes} [Wed May 27 06:29:53 2020] GET /thinkphp/html/public/index.php => generated 179 bytes in 1 msecs (HTTP/1.1 404) 4 headers in 128 bytes (1 switches on core 1)
[pid: 24504|app: 0|req: 29/40] 185.128.41.50 () {34 vars in 455 bytes} [Wed May 27 06:30:28 2020] GET /manager/html => generated 179 bytes in 1 msecs (HTTP/1.1 404) 4 headers in 128 bytes (1 switches on core 1)
[pid: 24504|app: 0|req: 30/41] 103.87.47.96 () {32 vars in 469 bytes} [Wed May 27 06:34:39 2020] GET / => generated 179 bytes in 1 msecs (HTTP/1.1 404) 4 headers in 128 bytes (1 switches on core 1)
[pid: 24504|app: 0|req: 31/42] 195.54.160.130 () {38 vars in 712 bytes} [Wed May 27 06:45:54 2020] POST /vendor/phpunit/phpunit/src/Util/PHP/eval-stdin.php => generated 179 bytes in 1 msecs (HTTP/1.1 404) 4 headers in 128 bytes (1 switches on core 1)
三生有幸 匹配到多个豆瓣id数据，存入列表2 ['26861686', '34941360']
安娜2020 未匹配到合适id
安娜2020 无豆瓣id数据，存入列表
铜草花 未匹配到合适id
铜草花 无豆瓣id数据，存入列表
送初恋回家 未匹配到合适id
----------地址被限制,稍后重试----------
none_list 暂存
none_list2 暂存
德云社郭德纲我爱我师相声专场北展站2019 未匹配到合适id
德云社郭德纲我爱我师相声专场北展站2019 无豆瓣id数据，存入列表
一日余生 匹配到多个豆瓣id数据，存入列表2 ['34947677', '34967984']
突袭之丛林脱险 未匹配到合适id
突袭之丛林脱险 无豆瓣id数据，存入列表
FOLLOWMi 郑秀文世界巡回演唱会 未匹配到合适id
----------地址被限制,稍后重试----------
none_list 暂存
none_list2 暂存
古剑奇谭之伏魔纪 未匹配到合适id
古剑奇谭之伏魔纪 无豆瓣id数据，存入列表
飞行模式 匹配到多个豆瓣id数据，存入列表2 ['34940692', '32568716']
国家烈焰 未匹配到合适id
国家烈焰 无豆瓣id数据，存入列表
德云社岳云鹏“享岳十年”相声专场北京站 未匹配到合适id
----------地址被限制,稍后重试----------
none_list 暂存
none_list2 暂存
暖冬 未匹配到合适id
暖冬 无豆瓣id数据，存入列表
连环杀手生活指南 未匹配到合适id
连环杀手生活指南 无豆瓣id数据，存入列表
在乎你 27185558 5.7保存成功[douban]
生日 未匹配到合适id
----------地址被限制,稍后重试----------
none_list 暂存
车道 30428906 0保存成功[douban]
设计爱情 35067721 0保存成功[douban]
我的佐伊 26929041 6.0保存成功[douban]
助理2019 未匹配到合适id
助理2019 无豆瓣id数据，存入列表
狂暴密林 未匹配到合适id
----------地址被限制,稍后重试----------
none_list 暂存
永恒的爱2019 未匹配到合适id
永恒的爱2019 无豆瓣id数据，存入列表
势利眼 未匹配到合适id
势利眼 无豆瓣id数据，存入列表
结束，开始 匹配到多个豆瓣id数据，存入列表2 ['30355047', '30186562']
挑战[2017] 未匹配到合适id
----------地址被限制,稍后重试----------
none_list 暂存
none_list2 暂存
沙丘2019 未匹配到合适id
沙丘2019 无豆瓣id数据，存入列表
黑疯婆子的家庭葬礼 未匹配到合适id
黑疯婆子的家庭葬礼 无豆瓣id数据，存入列表
蜜蜂与远雷 匹配到多个豆瓣id数据，存入列表2 ['27026494', '30439621']
乐园2019 未匹配到合适id
----------地址被限制,稍后重试----------
none_list 暂存
none_list2 暂存
菲尔2019 未匹配到合适id
菲尔2019 无豆瓣id数据，存入列表
向往的生活2019 未匹配到合适id
向往的生活2019 无豆瓣id数据，存入列表
看不见的女人[2019] 未匹配到合适id
----------地址被限制,稍后重试----------
none_list 暂存
7号房的礼物2019 未匹配到合适id
7号房的礼物2019 无豆瓣id数据，存入列表
渡念师 未匹配到合适id
渡念师 无豆瓣id数据，存入列表
悲惨世界2019 未匹配到合适id
----------地址被限制,稍后重试----------
none_list 暂存
操你大爷 未匹配到合适id
操你大爷 无豆瓣id数据，存入列表
遗愿清单日版 未匹配到合适id
遗愿清单日版 无豆瓣id数据，存入列表
高蒂 匹配到多个豆瓣id数据，存入列表2 ['30428869', '34935913']
异星怪兽之荒野求生 未匹配到合适id
----------地址被限制,稍后重试----------
none_list 暂存
none_list2 暂存
你好倾城 未匹配到合适id
你好倾城 无豆瓣id数据，存入列表
爆裂时刻 未匹配到合适id
爆裂时刻 无豆瓣id数据，存入列表
老兵2019 未匹配到合适id
老兵2019 无豆瓣id数据，存入列表
相依为命2019 未匹配到合适id
相依为命2019 无豆瓣id数据，存入列表
再见钟情 30402056 7.1保存成功[douban]
马丁·伊登 未匹配到合适id
----------地址被限制,稍后重试----------
none_list 暂存
剑王朝之孤山剑藏 未匹配到合适id
剑王朝之孤山剑藏 无豆瓣id数据，存入列表
狼2019 未匹配到合适id
狼2019 无豆瓣id数据，存入列表
三天一生 未匹配到合适id
----------地址被限制,稍后重试----------
none_list 暂存
拉 未匹配到合适id
拉 无豆瓣id数据，存入列表
越域重生 未匹配到合适id
越域重生 无豆瓣id数据，存入列表
德云社孟鹤堂长春站 未匹配到合适id
----------地址被限制,稍后重试----------
none_list 暂存
宿敌2019 未匹配到合适id
宿敌2019 无豆瓣id数据，存入列表
食人魔王 未匹配到合适id
食人魔王 无豆瓣id数据，存入列表
山寨版小丑 未匹配到合适id
----------地址被限制,稍后重试----------
none_list 暂存
美式小酒馆 未匹配到合适id
美式小酒馆 无豆瓣id数据，存入列表
家族 未匹配到合适id
家族 无豆瓣id数据，存入列表
石油大亨 未匹配到合适id
----------地址被限制,稍后重试----------
none_list 暂存
连续五次失败，等待30分钟
----------重新启动查找------------
难以置信2019 未匹配到合适id
难以置信2019 无豆瓣id数据，存入列表
行者武松2019 未匹配到合适id
行者武松2019 无豆瓣id数据，存入列表
校花的超级保镖之异世营救 未匹配到合适id
----------地址被限制,稍后重试----------
none_list 暂存
老师2019 未匹配到合适id
老师2019 无豆瓣id数据，存入列表
宝莱坞机器人2.0：重生归来 未匹配到合适id
宝莱坞机器人2.0：重生归来 无豆瓣id数据，存入列表
真相2019 未匹配到合适id
----------地址被限制,稍后重试----------
none_list 暂存
超级整蛊霸王 未匹配到合适id
超级整蛊霸王 无豆瓣id数据，存入列表
溜冰场 匹配到多个豆瓣id数据，存入列表2 ['34677834', '34848534']
欢迎来北方II 未匹配到合适id
欢迎来北方II 无豆瓣id数据，存入列表
男爵 未匹配到合适id
----------地址被限制,稍后重试----------
none_list 暂存
none_list2 暂存
威猛女排 未匹配到合适id
威猛女排 无豆瓣id数据，存入列表
城市猎人2019 未匹配到合适id
城市猎人2019 无豆瓣id数据，存入列表
12岁 未匹配到合适id
----------地址被限制,稍后重试----------
none_list 暂存
乘风 未匹配到合适id
乘风 无豆瓣id数据，存入列表
紫禁秘录 未匹配到合适id
紫禁秘录 无豆瓣id数据，存入列表
银瀑2：重现 未匹配到合适id
----------地址被限制,稍后重试----------
none_list 暂存
分享 匹配到多个豆瓣id数据，存入列表2 ['30163372', '33961459']
我们 匹配到多个豆瓣id数据，存入列表2 ['30181230', '30309331', '27053945']
海蒂和爷爷 未匹配到合适id
海蒂和爷爷 无豆瓣id数据，存入列表
暗语者 未匹配到合适id
----------地址被限制,稍后重试----------
none_list 暂存
none_list2 暂存
之后2019 未匹配到合适id
之后2019 无豆瓣id数据，存入列表
密室绑架 未匹配到合适id
密室绑架 无豆瓣id数据，存入列表
克林顿鬼道 未匹配到合适id
----------地址被限制,稍后重试----------
none_list 暂存
偶像2019 匹配到多个豆瓣id数据，存入列表2 ['30458121', '34793187']
玩偶2019 未匹配到合适id
玩偶2019 无豆瓣id数据，存入列表
疯狂电视台 未匹配到合适id
疯狂电视台 无豆瓣id数据，存入列表
超时空救援 未匹配到合适id
----------地址被限制,稍后重试----------
none_list 暂存
none_list2 暂存
监视 匹配到多个豆瓣id数据，存入列表2 ['30442498', '30168054', '30358124']
逃跑计划2019 未匹配到合适id
逃跑计划2019 无豆瓣id数据，存入列表
超级老爸2019 未匹配到合适id
超级老爸2019 无豆瓣id数据，存入列表
污垢2019 未匹配到合适id
----------地址被限制,稍后重试----------
none_list 暂存
none_list2 暂存
爱情兵法 未匹配到合适id
爱情兵法 无豆瓣id数据，存入列表
逐梦时代 未匹配到合适id
逐梦时代 无豆瓣id数据，存入列表
别墅魅影 未匹配到合适id
----------地址被限制,稍后重试----------
none_list 暂存
世界奇妙物语 2019雨之特别篇 匹配到多个豆瓣id数据，存入列表2 ['34854828', '33427589']
大三元2019 未匹配到合适id
大三元2019 无豆瓣id数据，存入列表
梅普尔索普 未匹配到合适id
梅普尔索普 无豆瓣id数据，存入列表
无所不能 未匹配到合适id
----------地址被限制,稍后重试----------
none_list 暂存
none_list2 暂存
翻不去的一页 未匹配到合适id
翻不去的一页 无豆瓣id数据，存入列表
逆流大叔 未匹配到合适id
逆流大叔 无豆瓣id数据，存入列表
玩转全家福 未匹配到合适id
----------地址被限制,稍后重试----------
none_list 暂存
最后的勇士 未匹配到合适id
最后的勇士 无豆瓣id数据，存入列表
鲍勃·拉扎：51区和飞碟 未匹配到合适id
鲍勃·拉扎：51区和飞碟 无豆瓣id数据，存入列表
真假孙悟空 匹配到多个豆瓣id数据，存入列表2 ['33484269', '34447592']
留守的成长 未匹配到合适id
----------地址被限制,稍后重试----------
none_list 暂存
none_list2 暂存
分岔口 未匹配到合适id
分岔口 无豆瓣id数据，存入列表
大师之疯狂假日 未匹配到合适id
大师之疯狂假日 无豆瓣id数据，存入列表
夜蝶 匹配到多个豆瓣id数据，存入列表2 ['30253641', '26759819']
半边天 未匹配到合适id
----------地址被限制,稍后重试----------
none_list 暂存
none_list2 暂存
蜜丝炸弹 未匹配到合适id
蜜丝炸弹 无豆瓣id数据，存入列表
过昭关 未匹配到合适id
过昭关 无豆瓣id数据，存入列表
刺客部落1绿石炼狱 未匹配到合适id
----------地址被限制,稍后重试----------
none_list 暂存
校园往事 匹配到多个豆瓣id数据，存入列表2 ['30211735', '30452453']
燕子李三2019 未匹配到合适id
燕子李三2019 无豆瓣id数据，存入列表
复仇者2019 未匹配到合适id
复仇者2019 无豆瓣id数据，存入列表
德云社岳云鹏相声专场大连站2019 未匹配到合适id
----------地址被限制,稍后重试----------
none_list 暂存
none_list2 暂存
长大的家伙 未匹配到合适id
长大的家伙 无豆瓣id数据，存入列表
复仇2019 未匹配到合适id
复仇2019 无豆瓣id数据，存入列表
极速营救2019 未匹配到合适id
----------地址被限制,稍后重试----------
none_list 暂存
那些游泳的少年 未匹配到合适id
那些游泳的少年 无豆瓣id数据，存入列表
厄运室 未匹配到合适id
厄运室 无豆瓣id数据，存入列表
证人2019 未匹配到合适id
----------地址被限制,稍后重试----------
none_list 暂存
马里布救生队 匹配到多个豆瓣id数据，存入列表2 ['33416030', '33398451']
大人物 匹配到多个豆瓣id数据，存入列表2 ['26816076', '30158840']
果皮2019 未匹配到合适id
果皮2019 无豆瓣id数据，存入列表
警视厅・搜查一课长 2019SP 匹配到多个豆瓣id数据，存入列表2 ['30408111', '33408016', '34878089', '34878088']
神童2019 未匹配到合适id
----------地址被限制,稍后重试----------
none_list 暂存
none_list2 暂存
[pid: 24504|app: 0|req: 32/43] 95.47.50.33 () {32 vars in 461 bytes} [Wed May 27 09:13:27 2020] GET / => generated 179 bytes in 1 msecs (HTTP/1.1 404) 4 headers in 128 bytes (1 switches on core 1)
末世长安 匹配到多个豆瓣id数据，存入列表2 ['30470549', '34661365']
乱世英雄2019 未匹配到合适id
乱世英雄2019 无豆瓣id数据，存入列表
“大”人物 匹配到多个豆瓣id数据，存入列表2 ['26816076', '30158840']
逆罪 匹配到多个豆瓣id数据，存入列表2 ['30460372', '33406052']
我笑的时候SP 未匹配到合适id
----------地址被限制,稍后重试----------
none_list 暂存
none_list2 暂存
两个祖国后篇 未匹配到合适id
两个祖国后篇 无豆瓣id数据，存入列表
两个祖国前篇 未匹配到合适id
两个祖国前篇 无豆瓣id数据，存入列表
未来的你 匹配到多个豆瓣id数据，存入列表2 ['30196769', '34478611', '30183817']
命之途 未匹配到合适id
----------地址被限制,稍后重试----------
none_list 暂存
none_list2 暂存
三兄弟2019 未匹配到合适id
三兄弟2019 无豆瓣id数据，存入列表
傀儡姬 匹配到多个豆瓣id数据，存入列表2 ['30385354', '34659905']
等到烟暖雨收电影版 未匹配到合适id
等到烟暖雨收电影版 无豆瓣id数据，存入列表
荒野女人 未匹配到合适id
----------地址被限制,稍后重试----------
none_list 暂存
none_list2 暂存
开心家族2019 未匹配到合适id
开心家族2019 无豆瓣id数据，存入列表
吉姆与卢克司机 未匹配到合适id
吉姆与卢克司机 无豆瓣id数据，存入列表
名侦探明智小五郎下篇 未匹配到合适id
----------地址被限制,稍后重试----------
none_list 暂存
[pid: 24504|app: 0|req: 33/44] 182.254.52.17 () {36 vars in 542 bytes} [Wed May 27 09:26:45 2020] GET / => generated 179 bytes in 1 msecs (HTTP/1.1 404) 4 headers in 128 bytes (1 switches on core 1)
名侦探明智小五郎上篇 未匹配到合适id
名侦探明智小五郎上篇 无豆瓣id数据，存入列表
腊月2019 未匹配到合适id
腊月2019 无豆瓣id数据，存入列表
归家：碧昂丝作品 未匹配到合适id
----------地址被限制,稍后重试----------
none_list 暂存
我要找到你  未匹配到合适id
我要找到你  无豆瓣id数据，存入列表
光影造梦师 匹配到多个豆瓣id数据，存入列表2 ['34778269', '30434722']
舞台 未匹配到合适id
舞台 无豆瓣id数据，存入列表
周休4日拜托了SP 未匹配到合适id
----------地址被限制,稍后重试----------
none_list 暂存
none_list2 暂存
砂之器SP 未匹配到合适id
砂之器SP 无豆瓣id数据，存入列表
这个保安有点彪 匹配到多个豆瓣id数据，存入列表2 ['30442461', '30470204']
假戏真作2019 未匹配到合适id
假戏真作2019 无豆瓣id数据，存入列表
江湖情未了2019 未匹配到合适id
----------地址被限制,稍后重试----------
none_list 暂存
none_list2 暂存
神探蒲松龄 匹配到多个豆瓣id数据，存入列表2 ['27065898', '30391212']
宝塔镇河妖2绝世妖龙 未匹配到合适id
宝塔镇河妖2绝世妖龙 无豆瓣id数据，存入列表
迷途之人 未匹配到合适id
迷途之人 无豆瓣id数据，存入列表
潜龙夺宝2019 未匹配到合适id
----------地址被限制,稍后重试----------
none_list 暂存
none_list2 暂存
黑战2019 未匹配到合适id
黑战2019 无豆瓣id数据，存入列表
虎口飞花 未匹配到合适id
虎口飞花 无豆瓣id数据，存入列表
明明就是喜欢我 未匹配到合适id
----------地址被限制,稍后重试----------
none_list 暂存
疑惑 匹配到多个豆瓣id数据，存入列表2 ['30252532', '30414363', '33400513']
怪咖双雄 30145562 0保存成功[douban]
战栗特工 未匹配到合适id
战栗特工 无豆瓣id数据，存入列表
古墓惊魂2019 未匹配到合适id
古墓惊魂2019 无豆瓣id数据，存入列表
等·等 未匹配到合适id
----------地址被限制,稍后重试----------
none_list 暂存
none_list2 暂存
[pid: 24504|app: 0|req: 34/45] 182.254.52.17 () {36 vars in 542 bytes} [Wed May 27 09:43:26 2020] GET / => generated 179 bytes in 1 msecs (HTTP/1.1 404) 4 headers in 128 bytes (1 switches on core 1)
[pid: 24504|app: 0|req: 35/46] 71.6.232.4 () {34 vars in 484 bytes} [Wed May 27 09:43:50 2020] GET / => generated 179 bytes in 1 msecs (HTTP/1.1 404) 4 headers in 128 bytes (1 switches on core 1)
京都妖狐志 未匹配到合适id
京都妖狐志 无豆瓣id数据，存入列表
杀死希特勒与大脚怪的人 未匹配到合适id
杀死希特勒与大脚怪的人 无豆瓣id数据，存入列表
欢迎回家 未匹配到合适id
----------地址被限制,稍后重试----------
none_list 暂存
猎妖师2019 未匹配到合适id
----------地址被限制,稍后重试----------
不如跳舞2019 未匹配到合适id
----------地址被限制,稍后重试----------
单位确认 未匹配到合适id
----------地址被限制,稍后重试----------
连续五次失败，等待30分钟
----------重新启动查找------------
特殊保镖 匹配到多个豆瓣id数据，存入列表2 ['34869311', '30433389']
我的蛋糕王子 未匹配到合适id
我的蛋糕王子 无豆瓣id数据，存入列表
江湖英雄联盟之血瞳杀机 未匹配到合适id
江湖英雄联盟之血瞳杀机 无豆瓣id数据，存入列表
致命追踪2019 未匹配到合适id
----------地址被限制,稍后重试----------
none_list 暂存
none_list2 暂存
千次伤我心 未匹配到合适id
千次伤我心 无豆瓣id数据，存入列表
山村古宅 未匹配到合适id
山村古宅 无豆瓣id数据，存入列表
2019年中央广播电视总台中秋晚会 匹配到多个豆瓣id数据，存入列表2 ['30464563', '30447841', '33464179', '34822646', '30484548']
黑蔷薇2刑事课强行犯系神木恭子 未匹配到合适id
----------地址被限制,稍后重试----------
none_list 暂存
none_list2 暂存
世界奇妙物语 2019秋之特别篇 匹配到多个豆瓣id数据，存入列表2 ['34854828', '33427589']
一日将尽 未匹配到合适id
一日将尽 无豆瓣id数据，存入列表
年兽 未匹配到合适id
年兽 无豆瓣id数据，存入列表
文明冲击 未匹配到合适id
----------地址被限制,稍后重试----------
none_list 暂存
none_list2 暂存
虎门镖局 未匹配到合适id
虎门镖局 无豆瓣id数据，存入列表
悟2019 未匹配到合适id
悟2019 无豆瓣id数据，存入列表
源·彩虹 未匹配到合适id
----------地址被限制,稍后重试----------
none_list 暂存
绝地营救2019 未匹配到合适id
绝地营救2019 无豆瓣id数据，存入列表
燃烧2019 未匹配到合适id
燃烧2019 无豆瓣id数据，存入列表
信不信由你 匹配到多个豆瓣id数据，存入列表2 ['27046748', '30420253']
安娜2019 未匹配到合适id
----------地址被限制,稍后重试----------
none_list 暂存
none_list2 暂存
[pid: 24504|app: 0|req: 36/47] 182.140.238.180 () {34 vars in 404 bytes} [Wed May 27 10:41:41 2020] GET / => generated 179 bytes in 1 msecs (HTTP/1.1 404) 4 headers in 128 bytes (1 switches on core 1)
圣女 未匹配到合适id
圣女 无豆瓣id数据，存入列表
昨日女孩 未匹配到合适id
昨日女孩 无豆瓣id数据，存入列表
暗黑天使 未匹配到合适id
----------地址被限制,稍后重试----------
none_list 暂存
狂热2019 未匹配到合适id
狂热2019 无豆瓣id数据，存入列表
盛开 未匹配到合适id
盛开 无豆瓣id数据，存入列表
杨门女将传奇 未匹配到合适id
----------地址被限制,稍后重试----------
none_list 暂存
美梦贩售栈 未匹配到合适id
美梦贩售栈 无豆瓣id数据，存入列表
大明女镖师 未匹配到合适id
大明女镖师 无豆瓣id数据，存入列表
《中国机长》幕后记录 未匹配到合适id
----------地址被限制,稍后重试----------
none_list 暂存
目击者2019 未匹配到合适id
目击者2019 无豆瓣id数据，存入列表
四个单身女 未匹配到合适id
四个单身女 无豆瓣id数据，存入列表
德云社张鹤伦相声专场石家庄站2019 未匹配到合适id
----------地址被限制,稍后重试----------
none_list 暂存
连续五次失败，等待30分钟
----------重新启动查找------------
暗战2019 未匹配到合适id
暗战2019 无豆瓣id数据，存入列表
阴魂小丑 未匹配到合适id
阴魂小丑 无豆瓣id数据，存入列表
透明家庭.大结局音乐电影 未匹配到合适id
----------地址被限制,稍后重试----------
none_list 暂存
超能事件 匹配到多个豆瓣id数据，存入列表2 ['34825829', '26641087']
阿蒂缇·米塔尔：他们不让我说的事 未匹配到合适id
阿蒂缇·米塔尔：他们不让我说的事 无豆瓣id数据，存入列表
急速逃脱 未匹配到合适id
急速逃脱 无豆瓣id数据，存入列表
防暴女孩 未匹配到合适id
----------地址被限制,稍后重试----------
none_list 暂存
none_list2 暂存
程序恋人 未匹配到合适id
程序恋人 无豆瓣id数据，存入列表
毛骨悚然撞鬼经2019 未匹配到合适id
毛骨悚然撞鬼经2019 无豆瓣id数据，存入列表
前程似锦 未匹配到合适id
----------地址被限制,稍后重试----------
none_list 暂存
战斗天使 匹配到多个豆瓣id数据，存入列表2 ['1652592', '34845522']
NINE PERCENT告别演唱会 未匹配到合适id
NINE PERCENT告别演唱会 无豆瓣id数据，存入列表
霍元甲 匹配到多个豆瓣id数据，存入列表2 ['30393875', '34858549']
好日子 27195047 6.0保存成功[douban]
钢铁少女 FINAL WARS 未匹配到合适id
----------地址被限制,稍后重试----------
none_list 暂存
none_list2 暂存
[pid: 24504|app: 0|req: 37/48] 182.254.52.17 () {36 vars in 582 bytes} [Wed May 27 11:36:07 2020] GET /phpmyadmin/index.php => generated 179 bytes in 1 msecs (HTTP/1.1 404) 4 headers in 128 bytes (1 switches on core 1)
洗钱风云 未匹配到合适id
洗钱风云 无豆瓣id数据，存入列表
留住我的灵魂 未匹配到合适id
留住我的灵魂 无豆瓣id数据，存入列表
德云社郭麒麟相声专场成都站 2019 未匹配到合适id
----------地址被限制,稍后重试----------
none_list 暂存
催眠裁決独家纪录片 未匹配到合适id
催眠裁決独家纪录片 无豆瓣id数据，存入列表
约会大师之爱在响螺湾 未匹配到合适id
约会大师之爱在响螺湾 无豆瓣id数据，存入列表
极乐 未匹配到合适id
----------地址被限制,稍后重试----------
none_list 暂存
猫与月亮 未匹配到合适id
猫与月亮 无豆瓣id数据，存入列表
始动 匹配到多个豆瓣id数据，存入列表2 ['34809353', '33379430']
返校 未匹配到合适id
返校 无豆瓣id数据，存入列表
天堂海岸 未匹配到合适id
----------地址被限制,稍后重试----------
none_list 暂存
none_list2 暂存
[pid: 24504|app: 0|req: 38/49] 182.254.52.17 () {36 vars in 614 bytes} [Wed May 27 11:46:31 2020] GET /142f72019210affb5fdb61780df96e63.php => generated 179 bytes in 1 msecs (HTTP/1.1 404) 4 headers in 128 bytes (1 switches on core 1)
暗夜藏心 未匹配到合适id
暗夜藏心 无豆瓣id数据，存入列表
精武陈真2019 未匹配到合适id
精武陈真2019 无豆瓣id数据，存入列表
恋恋不舍 未匹配到合适id
----------地址被限制,稍后重试----------
none_list 暂存
初恋2019 未匹配到合适id
初恋2019 无豆瓣id数据，存入列表
丹尼尔 未匹配到合适id
丹尼尔 无豆瓣id数据，存入列表
妇女之友 未匹配到合适id
----------地址被限制,稍后重试----------
none_list 暂存
占卜恶灵：最后的游戏 未匹配到合适id
占卜恶灵：最后的游戏 无豆瓣id数据，存入列表
德云社张九龄王九龙相声专场北京站 2019 未匹配到合适id
德云社张九龄王九龙相声专场北京站 2019 无豆瓣id数据，存入列表
双魂 未匹配到合适id
----------地址被限制,稍后重试----------
none_list 暂存
杀人自白 未匹配到合适id
杀人自白 无豆瓣id数据，存入列表
天作谜案 未匹配到合适id
天作谜案 无豆瓣id数据，存入列表
新奇2019 未匹配到合适id
----------地址被限制,稍后重试----------
none_list 暂存
连续五次失败，等待30分钟
[pid: 24504|app: 0|req: 39/50] 182.254.52.17 () {36 vars in 614 bytes} [Wed May 27 12:11:30 2020] GET /87041BFEA9CBCD27FDD0B2F45B737314.php => generated 179 bytes in 1 msecs (HTTP/1.1 404) 4 headers in 128 bytes (1 switches on core 1)
----------重新启动查找------------
季节与季节之间 未匹配到合适id
季节与季节之间 无豆瓣id数据，存入列表
杀手2019 未匹配到合适id
杀手2019 无豆瓣id数据，存入列表
雷米奇遇记 未匹配到合适id
----------地址被限制,稍后重试----------
none_list 暂存
无冕之王2019 未匹配到合适id
无冕之王2019 无豆瓣id数据，存入列表
控局者2019 未匹配到合适id
控局者2019 无豆瓣id数据，存入列表
追随者2019 未匹配到合适id
----------地址被限制,稍后重试----------
none_list 暂存
哈拉 未匹配到合适id
哈拉 无豆瓣id数据，存入列表
德云社郭德纲相声专场北展站2019 未匹配到合适id
德云社郭德纲相声专场北展站2019 无豆瓣id数据，存入列表
在别处 匹配到多个豆瓣id数据，存入列表2 ['27198151', '34867948']
我的兄弟 未匹配到合适id
----------地址被限制,稍后重试----------
none_list 暂存
none_list2 暂存
[pid: 24504|app: 0|req: 40/51] 182.254.52.17 () {36 vars in 614 bytes} [Wed May 27 12:37:41 2020] GET /7d01b98ebc13a5b4ff8fb999c841dc16.php => generated 179 bytes in 1 msecs (HTTP/1.1 404) 4 headers in 128 bytes (1 switches on core 1)
繁殖 未匹配到合适id
繁殖 无豆瓣id数据，存入列表
反馈 30274864 5.7保存成功[douban]
拳打脚踢：邵氏功夫 34439307 7.1保存成功[douban]
漫长的告别2019 未匹配到合适id
漫长的告别2019 无豆瓣id数据，存入列表
越战先锋 未匹配到合适id
越战先锋 无豆瓣id数据，存入列表
犬爱 未匹配到合适id
----------地址被限制,稍后重试----------
none_list 暂存
催眠2019 未匹配到合适id
催眠2019 无豆瓣id数据，存入列表
放逐2019 未匹配到合适id
放逐2019 无豆瓣id数据，存入列表
北漂故事 匹配到多个豆瓣id数据，存入列表2 ['30377789', '34924547']
150小时 未匹配到合适id
----------地址被限制,稍后重试----------
none_list 暂存
none_list2 暂存
杰克·怀特霍尔：与老爸共度圣诞 未匹配到合适id
杰克·怀特霍尔：与老爸共度圣诞 无豆瓣id数据，存入列表
血腥魔卡 匹配到多个豆瓣id数据，存入列表2 ['33400774', '33451713', '30262264', '30464772', '30332733']
可见黑暗 未匹配到合适id
可见黑暗 无豆瓣id数据，存入列表
传奇王子电影版 未匹配到合适id
----------地址被限制,稍后重试----------
none_list 暂存
none_list2 暂存
武林孤儿 未匹配到合适id
武林孤儿 无豆瓣id数据，存入列表
侠路相逢 未匹配到合适id
侠路相逢 无豆瓣id数据，存入列表
绞刑架2：二次行刑 未匹配到合适id
----------地址被限制,稍后重试----------
none_list 暂存
诡府神宫 未匹配到合适id
诡府神宫 无豆瓣id数据，存入列表
天空之城2019 未匹配到合适id
天空之城2019 无豆瓣id数据，存入列表
大虫师之异形 未匹配到合适id
----------地址被限制,稍后重试----------
none_list 暂存
德云社孟鹤堂相声专场上海站 2019 未匹配到合适id
德云社孟鹤堂相声专场上海站 2019 无豆瓣id数据，存入列表
解放·终局营救独家纪录片 未匹配到合适id
解放·终局营救独家纪录片 无豆瓣id数据，存入列表
遗失的假期 未匹配到合适id
----------地址被限制,稍后重试----------
none_list 暂存
海豚伯尼2 未匹配到合适id
海豚伯尼2 无豆瓣id数据，存入列表
爱在零纬度 未匹配到合适id
爱在零纬度 无豆瓣id数据，存入列表
我们做朋友吧 未匹配到合适id
----------地址被限制,稍后重试----------
none_list 暂存
连续五次失败，等待30分钟
----------重新启动查找------------
婚礼年 未匹配到合适id
婚礼年 无豆瓣id数据，存入列表
日心说 未匹配到合适id
日心说 无豆瓣id数据，存入列表
我们中间的动物 未匹配到合适id
----------地址被限制,稍后重试----------
none_list 暂存
初恋这首情歌 未匹配到合适id
初恋这首情歌 无豆瓣id数据，存入列表
辛弃疾1162 未匹配到合适id
辛弃疾1162 无豆瓣id数据，存入列表
骨瓷 匹配到多个豆瓣id数据，存入列表2 ['26781768', '34853031']
水性杨花2019 未匹配到合适id
----------地址被限制,稍后重试----------
none_list 暂存
none_list2 暂存
遗产 未匹配到合适id
遗产 无豆瓣id数据，存入列表
落头氏之吻 未匹配到合适id
落头氏之吻 无豆瓣id数据，存入列表
黑水2019 未匹配到合适id
----------地址被限制,稍后重试----------
none_list 暂存
中国制造 匹配到多个豆瓣id数据，存入列表2 ['30334080', '30168014', '30489344']
谎言2019 未匹配到合适id
谎言2019 无豆瓣id数据，存入列表
遗留搜查2019秋新作SP2 匹配到多个豆瓣id数据，存入列表2 ['34878992', '34878991']
诱饵2019 未匹配到合适id
----------地址被限制,稍后重试----------
none_list 暂存
none_list2 暂存
[pid: 24504|app: 0|req: 41/52] 212.44.146.58 () {32 vars in 463 bytes} [Wed May 27 13:41:22 2020] GET / => generated 179 bytes in 1 msecs (HTTP/1.1 404) 4 headers in 128 bytes (1 switches on core 1)
阳光普照2019 未匹配到合适id
阳光普照2019 无豆瓣id数据，存入列表
吻吻 匹配到多个豆瓣id数据，存入列表2 ['30481896', '30263995']
我的梦中情人 匹配到多个豆瓣id数据，存入列表2 ['34821871', '33406081']
最爱2019 未匹配到合适id
----------地址被限制,稍后重试----------
none_list 暂存
none_list2 暂存
画布情缘 未匹配到合适id
画布情缘 无豆瓣id数据，存入列表
见爱不怪 26790564 6.7保存成功[douban]
清单 25894290 5.2保存成功[douban]
史碧华克爱恨交加的人生 30220358 5.2保存成功[douban]
花开时节[2018] 未匹配到合适id
----------地址被限制,稍后重试----------
none_list 暂存
深入魔镜 未匹配到合适id
深入魔镜 无豆瓣id数据，存入列表
莲花警队 未匹配到合适id
莲花警队 无豆瓣id数据，存入列表
社交动物 匹配到多个豆瓣id数据，存入列表2 ['26965042', '30416829']
红色编织 未匹配到合适id
----------地址被限制,稍后重试----------
none_list 暂存
none_list2 暂存
授权 未匹配到合适id
授权 无豆瓣id数据，存入列表
呼吸2018 未匹配到合适id
呼吸2018 无豆瓣id数据，存入列表
猛兽 匹配到多个豆瓣id数据，存入列表2 ['27120397', '30318048']
女作家的游戏 未匹配到合适id
----------地址被限制,稍后重试----------
none_list 暂存
none_list2 暂存
织物 匹配到多个豆瓣id数据，存入列表2 ['26743527', '30297856']
家族的故事 匹配到多个豆瓣id数据，存入列表2 ['30161258', '30419840']
青春期2018 未匹配到合适id
青春期2018 无豆瓣id数据，存入列表
皮肤 匹配到多个豆瓣id数据，存入列表2 ['27041467', '27624787']
罗茜 匹配到多个豆瓣id数据，存入列表2 ['30307158', '26853705']
一切都好2018 未匹配到合适id
----------地址被限制,稍后重试----------
none_list 暂存
none_list2 暂存
监护人 未匹配到合适id
监护人 无豆瓣id数据，存入列表
G杀 未匹配到合适id
G杀 无豆瓣id数据，存入列表
墨西哥裔美国人 未匹配到合适id
----------地址被限制,稍后重试----------
none_list 暂存
恋空 未匹配到合适id
恋空 无豆瓣id数据，存入列表
老男孩2018 未匹配到合适id
老男孩2018 无豆瓣id数据，存入列表
巡航 未匹配到合适id
----------地址被限制,稍后重试----------
none_list 暂存
白乌鸦 匹配到多个豆瓣id数据，存入列表2 ['26430706', '34861326']
都是真的 匹配到多个豆瓣id数据，存入列表2 ['30366382', '26806316']
洗屋电影版 未匹配到合适id
洗屋电影版 无豆瓣id数据，存入列表
最熟悉的陌生人 匹配到多个豆瓣id数据，存入列表2 ['30152413', '30318078']
伪恋2018 未匹配到合适id
----------地址被限制,稍后重试----------
none_list 暂存
none_list2 暂存
演讲风云 未匹配到合适id
演讲风云 无豆瓣id数据，存入列表
一线生机 未匹配到合适id
一线生机 无豆瓣id数据，存入列表
绝对恋爱命令 匹配到多个豆瓣id数据，存入列表2 ['30208023', '30128908']
朴花英 未匹配到合适id
----------地址被限制,稍后重试----------
none_list 暂存
none_list2 暂存
请你记住我 未匹配到合适id
请你记住我 无豆瓣id数据，存入列表
誓言2018 未匹配到合适id
誓言2018 无豆瓣id数据，存入列表
记忆游戏 未匹配到合适id
----------地址被限制,稍后重试----------
none_list 暂存
房屋出租 未匹配到合适id
房屋出租 无豆瓣id数据，存入列表
词典 未匹配到合适id
词典 无豆瓣id数据，存入列表
欢乐 未匹配到合适id
----------地址被限制,稍后重试----------
none_list 暂存
葛洛利亚·贝尔 未匹配到合适id
葛洛利亚·贝尔 无豆瓣id数据，存入列表
少年犯2018 未匹配到合适id
少年犯2018 无豆瓣id数据，存入列表
心跳制作人 未匹配到合适id
----------地址被限制,稍后重试----------
none_list 暂存
神童2018 未匹配到合适id
神童2018 无豆瓣id数据，存入列表
食女 匹配到多个豆瓣id数据，存入列表2 ['30133757', '30402160']
城乡抉择 未匹配到合适id
城乡抉择 无豆瓣id数据，存入列表
狗狗情缘 30458344 6.1保存成功[douban]
赤眼妖姬 未匹配到合适id
赤眼妖姬 无豆瓣id数据，存入列表
自由了！ 未匹配到合适id
----------地址被限制,稍后重试----------
none_list 暂存
none_list2 暂存
接招吧！那边的女孩电影版 未匹配到合适id
接招吧！那边的女孩电影版 无豆瓣id数据，存入列表
完美2018 未匹配到合适id
完美2018 无豆瓣id数据，存入列表
英雄无侠 未匹配到合适id
----------地址被限制,稍后重试----------
none_list 暂存
齐天大圣之火焰山 未匹配到合适id
齐天大圣之火焰山 无豆瓣id数据，存入列表
异教徒2018 未匹配到合适id
异教徒2018 无豆瓣id数据，存入列表
人鱼江湖 未匹配到合适id
----------地址被限制,稍后重试----------
none_list 暂存
布雷兹 匹配到多个豆瓣id数据，存入列表2 ['26959518', '30325129']
九死忍者 未匹配到合适id
九死忍者 无豆瓣id数据，存入列表
女孩2018 未匹配到合适id
女孩2018 无豆瓣id数据，存入列表
背叛 未匹配到合适id
----------地址被限制,稍后重试----------
none_list 暂存
none_list2 暂存
后生2018 未匹配到合适id
后生2018 无豆瓣id数据，存入列表
埃德莱兹崛起 未匹配到合适id
埃德莱兹崛起 无豆瓣id数据，存入列表
边境2018 未匹配到合适id
----------地址被限制,稍后重试----------
none_list 暂存
风回路转 未匹配到合适id
风回路转 无豆瓣id数据，存入列表
蓝蜥蜴俱乐部2018 未匹配到合适id
蓝蜥蜴俱乐部2018 无豆瓣id数据，存入列表
傀儡 30262254 4.8保存成功[douban]
罗大佑2018巡演南京站 未匹配到合适id
----------地址被限制,稍后重试----------
none_list 暂存
祈祷 匹配到多个豆瓣id数据，存入列表2 ['27040737', '26772032']
破门 匹配到多个豆瓣id数据，存入列表2 ['30197911', '27098246']
绝地营救 未匹配到合适id
绝地营救 无豆瓣id数据，存入列表
协议 匹配到多个豆瓣id数据，存入列表2 ['30227885', '30172781']
海鸥2018 未匹配到合适id
----------地址被限制,稍后重试----------
none_list 暂存
none_list2 暂存
废柴联盟2018 未匹配到合适id
废柴联盟2018 无豆瓣id数据，存入列表
印度制造 匹配到多个豆瓣id数据，存入列表2 ['30157153', '30379203']
我拿什么拯救你 未匹配到合适id
我拿什么拯救你 无豆瓣id数据，存入列表
我是官兵你是贼 未匹配到合适id
----------地址被限制,稍后重试----------
none_list 暂存
none_list2 暂存
搭车 未匹配到合适id
搭车 无豆瓣id数据，存入列表
亚迪 匹配到多个豆瓣id数据，存入列表2 ['26831506', '27622761']
天乩之天帝传说 未匹配到合适id
天乩之天帝传说 无豆瓣id数据，存入列表
动物2018 未匹配到合适id
----------地址被限制,稍后重试----------
none_list 暂存
none_list2 暂存
赎罪 未匹配到合适id
----------地址被限制,稍后重试----------
奇妙的家族 未匹配到合适id
----------地址被限制,稍后重试----------
[pid: 24504|app: 0|req: 42/53] 51.15.151.17 () {30 vars in 335 bytes} [Wed May 27 14:52:42 2020] GET / => generated 179 bytes in 1 msecs (HTTP/1.1 404) 4 headers in 128 bytes (1 switches on core 1)
科搜研之女2019sp 未匹配到合适id
----------地址被限制,稍后重试----------
霸主 未匹配到合适id
----------地址被限制,稍后重试----------
连续五次失败，等待30分钟
----------重新启动查找------------
铁拳威龙 未匹配到合适id
铁拳威龙 无豆瓣id数据，存入列表
超级队长 未匹配到合适id
超级队长 无豆瓣id数据，存入列表
地面之洞 未匹配到合适id
----------地址被限制,稍后重试----------
none_list 暂存
无敌镖客 未匹配到合适id
无敌镖客 无豆瓣id数据，存入列表
保镖2018 未匹配到合适id
保镖2018 无豆瓣id数据，存入列表
绝地隧战 未匹配到合适id
----------地址被限制,稍后重试----------
none_list 暂存
战士2018 未匹配到合适id
战士2018 无豆瓣id数据，存入列表
兄友 匹配到多个豆瓣id数据，存入列表2 ['30037172', '27133026']
天啊，我的太子殿下 匹配到多个豆瓣id数据，存入列表2 ['34458980', '30408293']
威尔·加德纳 未匹配到合适id
----------地址被限制,稍后重试----------
none_list 暂存
none_list2 暂存
开封降魔记 未匹配到合适id
开封降魔记 无豆瓣id数据，存入列表
杀手2018 未匹配到合适id
杀手2018 无豆瓣id数据，存入列表
造梦者2018 未匹配到合适id
----------地址被限制,稍后重试----------
none_list 暂存
直播侠2018 未匹配到合适id
直播侠2018 无豆瓣id数据，存入列表
翻唱版本/乐团惊魂夜 未匹配到合适id
翻唱版本/乐团惊魂夜 无豆瓣id数据，存入列表
记忆码 匹配到多个豆瓣id数据，存入列表2 ['27168796', '30265627']
侍女2018 未匹配到合适id
----------地址被限制,稍后重试----------
none_list 暂存
none_list2 暂存
逃避者 匹配到多个豆瓣id数据，存入列表2 ['27621581', '34445462']
Blood Bound 未匹配到合适id
Blood Bound 无豆瓣id数据，存入列表
动物行为 匹配到多个豆瓣id数据，存入列表2 ['30422532', '30437908']
困兽 匹配到多个豆瓣id数据，存入列表2 ['30149826', '26897450']
疯狂的化石 未匹配到合适id
----------地址被限制,稍后重试----------
none_list 暂存
none_list2 暂存
吃货神探之猎兽行动 未匹配到合适id
吃货神探之猎兽行动 无豆瓣id数据，存入列表
温莎之谜 未匹配到合适id
温莎之谜 无豆瓣id数据，存入列表
忘却的幸子SP 未匹配到合适id
----------地址被限制,稍后重试----------
none_list 暂存
龙女敖娇 未匹配到合适id
龙女敖娇 无豆瓣id数据，存入列表
七年之痒2018 未匹配到合适id
七年之痒2018 无豆瓣id数据，存入列表
小狗当家2018 未匹配到合适id
----------地址被限制,稍后重试----------
none_list 暂存
[pid: 24504|app: 0|req: 43/54] 185.125.21.165 () {32 vars in 465 bytes} [Wed May 27 15:54:58 2020] GET / => generated 179 bytes in 1 msecs (HTTP/1.1 404) 4 headers in 128 bytes (1 switches on core 1)
修女2018 未匹配到合适id
修女2018 无豆瓣id数据，存入列表
拼图 匹配到多个豆瓣id数据，存入列表2 ['27619798', '27621712']
双面人生2018 未匹配到合适id
双面人生2018 无豆瓣id数据，存入列表
玩世巨星 未匹配到合适id
玩世巨星 无豆瓣id数据，存入列表
在家千日难 未匹配到合适id
----------地址被限制,稍后重试----------
none_list 暂存
none_list2 暂存
银魂2 匹配到多个豆瓣id数据，存入列表2 ['27199577', '30276505', '30176789']
新霸王花2018 未匹配到合适id
新霸王花2018 无豆瓣id数据，存入列表
黑洞来的那一夜 未匹配到合适id
黑洞来的那一夜 无豆瓣id数据，存入列表
呼吸/Respiri 未匹配到合适id
----------地址被限制,稍后重试----------
none_list 暂存
none_list2 暂存
宝贝儿 匹配到多个豆瓣id数据，存入列表2 ['27039069', '30173641']
女继承者 匹配到多个豆瓣id数据，存入列表2 ['27668245', '34833824']
拯救之德州风云 未匹配到合适id
拯救之德州风云 无豆瓣id数据，存入列表
找到你 匹配到多个豆瓣id数据，存入列表2 ['27140071', '30181450']
艋舺之英雄赤女 未匹配到合适id
----------地址被限制,稍后重试----------
none_list 暂存
none_list2 暂存
叶问外传：张天志 --以拳之道 未匹配到合适id
叶问外传：张天志 --以拳之道 无豆瓣id数据，存入列表
天黑以后2018 未匹配到合适id
天黑以后2018 无豆瓣id数据，存入列表
武动乾坤·精华版 未匹配到合适id
----------地址被限制,稍后重试----------
none_list 暂存
快把我哥带走 匹配到多个豆瓣id数据，存入列表2 ['30122633', '27045331', '30255190']
冬眠2018 未匹配到合适id
冬眠2018 无豆瓣id数据，存入列表
天梯2018 未匹配到合适id
天梯2018 无豆瓣id数据，存入列表
犬舍 真人版 未匹配到合适id
----------地址被限制,稍后重试----------
none_list 暂存
none_list2 暂存
封神少女 未匹配到合适id
封神少女 无豆瓣id数据，存入列表
快照 匹配到多个豆瓣id数据，存入列表2 ['30206287', '34461765']
世界奇妙物语 2018年秋季特别篇 匹配到多个豆瓣id数据，存入列表2 ['30196755', '30352946']
废柴英雄2018 未匹配到合适id
----------地址被限制,稍后重试----------
none_list 暂存
none_list2 暂存
爱乐园2018 未匹配到合适id
爱乐园2018 无豆瓣id数据，存入列表
恋如雨止电影版 未匹配到合适id
恋如雨止电影版 无豆瓣id数据，存入列表
导演是怎样炼成的 未匹配到合适id
----------地址被限制,稍后重试----------
none_list 暂存
火箭少女101飞行首唱会·成都 未匹配到合适id
火箭少女101飞行首唱会·成都 无豆瓣id数据，存入列表
城迷2018 未匹配到合适id
城迷2018 无豆瓣id数据，存入列表
查无此人2018 未匹配到合适id
----------地址被限制,稍后重试----------
none_list 暂存
德州风云之我是牌手 未匹配到合适id
德州风云之我是牌手 无豆瓣id数据，存入列表
若如初见 匹配到多个豆瓣id数据，存入列表2 ['30369540', '30290697']
聊斋媚狐传 未匹配到合适id
聊斋媚狐传 无豆瓣id数据，存入列表
龙门笑传2 未匹配到合适id
龙门笑传2 无豆瓣id数据，存入列表
咒语 匹配到多个豆瓣id数据，存入列表2 ['30149867', '27135942']
安多弗 未匹配到合适id
----------地址被限制,稍后重试----------
none_list 暂存
none_list2 暂存
隔墙有眼 未匹配到合适id
隔墙有眼 无豆瓣id数据，存入列表
极速杀机 未匹配到合适id
----------地址被限制,稍后重试----------
none_list 暂存
有5个姐姐的我就注定要单身了啊！！ 未匹配到合适id
----------地址被限制,稍后重试----------
以爱之名2018 未匹配到合适id
----------地址被限制,稍后重试----------
觉2018 未匹配到合适id
----------地址被限制,稍后重试----------
连续五次失败，等待30分钟
[pid: 24504|app: 0|req: 44/55] 185.234.219.231 () {40 vars in 661 bytes} [Wed May 27 16:57:33 2020] GET /.git/config => generated 179 bytes in 1 msecs (HTTP/1.1 404) 4 headers in 128 bytes (1 switches on core 1)
[pid: 24507|app: 0|req: 6/56] 185.234.219.231 () {40 vars in 675 bytes} [Wed May 27 16:57:34 2020] GET /vod_installer/.env => generated 179 bytes in 1 msecs (HTTP/1.1 404) 4 headers in 128 bytes (1 switches on core 1)
[pid: 24507|app: 0|req: 7/57] 185.234.219.231 () {40 vars in 659 bytes} [Wed May 27 16:57:35 2020] GET /login/.env => generated 179 bytes in 1 msecs (HTTP/1.1 404) 4 headers in 128 bytes (1 switches on core 0)
[pid: 24504|app: 0|req: 45/58] 185.234.219.231 () {40 vars in 659 bytes} [Wed May 27 16:57:35 2020] GET /fedex/.env => generated 179 bytes in 1 msecs (HTTP/1.1 404) 4 headers in 128 bytes (1 switches on core 1)
[pid: 24507|app: 0|req: 8/59] 185.234.219.231 () {40 vars in 657 bytes} [Wed May 27 16:57:36 2020] GET /apps/.env => generated 179 bytes in 1 msecs (HTTP/1.1 404) 4 headers in 128 bytes (1 switches on core 1)
[pid: 24507|app: 0|req: 9/60] 185.234.219.231 () {40 vars in 661 bytes} [Wed May 27 16:57:37 2020] GET /docker/.env => generated 179 bytes in 1 msecs (HTTP/1.1 404) 4 headers in 128 bytes (1 switches on core 0)
[pid: 24504|app: 0|req: 46/61] 185.234.219.231 () {40 vars in 661 bytes} [Wed May 27 16:57:38 2020] GET /engine/.env => generated 179 bytes in 1 msecs (HTTP/1.1 404) 4 headers in 128 bytes (1 switches on core 1)
[pid: 24507|app: 0|req: 10/62] 185.234.219.231 () {40 vars in 655 bytes} [Wed May 27 16:57:38 2020] GET /app/.env => generated 179 bytes in 1 msecs (HTTP/1.1 404) 4 headers in 128 bytes (1 switches on core 1)
[pid: 24507|app: 0|req: 11/63] 185.234.219.231 () {40 vars in 663 bytes} [Wed May 27 16:57:39 2020] GET /sources/.env => generated 179 bytes in 1 msecs (HTTP/1.1 404) 4 headers in 128 bytes (1 switches on core 0)
[pid: 24504|app: 0|req: 47/64] 185.234.219.231 () {40 vars in 655 bytes} [Wed May 27 16:57:40 2020] GET /inc/.env => generated 179 bytes in 1 msecs (HTTP/1.1 404) 4 headers in 128 bytes (1 switches on core 1)
[pid: 24507|app: 0|req: 12/65] 185.234.219.231 () {40 vars in 671 bytes} [Wed May 27 16:57:40 2020] GET /development/.env => generated 179 bytes in 1 msecs (HTTP/1.1 404) 4 headers in 128 bytes (1 switches on core 1)
[pid: 24504|app: 0|req: 48/66] 185.234.219.231 () {40 vars in 661 bytes} [Wed May 27 16:57:44 2020] GET /system/.env => generated 179 bytes in 1 msecs (HTTP/1.1 404) 4 headers in 128 bytes (1 switches on core 1)
[pid: 24507|app: 0|req: 13/67] 185.234.219.231 () {40 vars in 659 bytes} [Wed May 27 16:57:45 2020] GET /admin/.env => generated 179 bytes in 3 msecs (HTTP/1.1 404) 4 headers in 128 bytes (1 switches on core 0)
[pid: 24504|app: 0|req: 49/68] 185.234.219.231 () {40 vars in 669 bytes} [Wed May 27 16:57:47 2020] GET /deployment/.env => generated 179 bytes in 1 msecs (HTTP/1.1 404) 4 headers in 128 bytes (1 switches on core 1)
[pid: 24507|app: 0|req: 14/69] 185.234.219.231 () {40 vars in 651 bytes} [Wed May 27 16:57:47 2020] GET /a/.env => generated 179 bytes in 1 msecs (HTTP/1.1 404) 4 headers in 128 bytes (1 switches on core 1)
[pid: 24506|app: 0|req: 3/70] 185.234.219.231 () {40 vars in 659 bytes} [Wed May 27 16:57:48 2020] GET /react/.env => generated 179 bytes in 1 msecs (HTTP/1.1 404) 4 headers in 128 bytes (1 switches on core 0)
[pid: 24504|app: 0|req: 50/71] 185.234.219.231 () {40 vars in 661 bytes} [Wed May 27 16:57:49 2020] GET /travis/.env => generated 179 bytes in 1 msecs (HTTP/1.1 404) 4 headers in 128 bytes (1 switches on core 1)
[pid: 24506|app: 0|req: 4/72] 185.234.219.231 () {40 vars in 647 bytes} [Wed May 27 16:57:49 2020] GET /.env => generated 179 bytes in 1 msecs (HTTP/1.1 404) 4 headers in 128 bytes (1 switches on core 1)
[pid: 24507|app: 0|req: 15/73] 185.234.219.231 () {40 vars in 661 bytes} [Wed May 27 16:57:50 2020] GET /public/.env => generated 179 bytes in 1 msecs (HTTP/1.1 404) 4 headers in 128 bytes (1 switches on core 0)
[pid: 24504|app: 0|req: 51/74] 185.234.219.231 () {40 vars in 663 bytes} [Wed May 27 16:57:51 2020] GET /backend/.env => generated 179 bytes in 1 msecs (HTTP/1.1 404) 4 headers in 128 bytes (1 switches on core 1)
[pid: 24507|app: 0|req: 16/75] 185.234.219.231 () {40 vars in 667 bytes} [Wed May 27 16:57:52 2020] GET /protected/.env => generated 179 bytes in 1 msecs (HTTP/1.1 404) 4 headers in 128 bytes (1 switches on core 1)
[pid: 24507|app: 0|req: 17/76] 185.234.219.231 () {40 vars in 673 bytes} [Wed May 27 16:57:52 2020] GET /dependencies/.env => generated 179 bytes in 1 msecs (HTTP/1.1 404) 4 headers in 128 bytes (1 switches on core 0)
[pid: 24504|app: 0|req: 52/77] 185.234.219.231 () {40 vars in 655 bytes} [Wed May 27 16:57:53 2020] GET /vue/.env => generated 179 bytes in 1 msecs (HTTP/1.1 404) 4 headers in 128 bytes (1 switches on core 1)
[pid: 24507|app: 0|req: 18/78] 185.234.219.231 () {40 vars in 663 bytes} [Wed May 27 16:57:54 2020] GET /laravel/.env => generated 179 bytes in 1 msecs (HTTP/1.1 404) 4 headers in 128 bytes (1 switches on core 1)
[pid: 24504|app: 0|req: 53/79] 185.234.219.231 () {40 vars in 657 bytes} [Wed May 27 16:57:55 2020] GET /auth/.env => generated 179 bytes in 1 msecs (HTTP/1.1 404) 4 headers in 128 bytes (1 switches on core 1)
[pid: 24507|app: 0|req: 19/80] 185.234.219.231 () {40 vars in 663 bytes} [Wed May 27 16:57:56 2020] GET /scripts/.env => generated 179 bytes in 1 msecs (HTTP/1.1 404) 4 headers in 128 bytes (1 switches on core 0)
[pid: 24507|app: 0|req: 20/81] 185.234.219.231 () {40 vars in 665 bytes} [Wed May 27 16:57:57 2020] GET /personal/.env => generated 179 bytes in 1 msecs (HTTP/1.1 404) 4 headers in 128 bytes (1 switches on core 1)
[pid: 24504|app: 0|req: 54/82] 185.234.219.231 () {40 vars in 653 bytes} [Wed May 27 16:57:59 2020] GET /cp/.env => generated 179 bytes in 1 msecs (HTTP/1.1 404) 4 headers in 128 bytes (1 switches on core 1)
[pid: 24507|app: 0|req: 21/83] 185.234.219.231 () {40 vars in 667 bytes} [Wed May 27 16:57:59 2020] GET /framework/.env => generated 179 bytes in 1 msecs (HTTP/1.1 404) 4 headers in 128 bytes (1 switches on core 0)
[pid: 24507|app: 0|req: 22/84] 185.234.219.231 () {40 vars in 661 bytes} [Wed May 27 16:58:00 2020] GET /shared/.env => generated 179 bytes in 1 msecs (HTTP/1.1 404) 4 headers in 128 bytes (1 switches on core 1)
[pid: 24504|app: 0|req: 55/85] 185.234.219.231 () {40 vars in 651 bytes} [Wed May 27 16:58:01 2020] GET /m/.env => generated 179 bytes in 1 msecs (HTTP/1.1 404) 4 headers in 128 bytes (1 switches on core 1)
[pid: 24507|app: 0|req: 23/86] 185.234.219.231 () {40 vars in 661 bytes} [Wed May 27 16:58:02 2020] GET /server/.env => generated 179 bytes in 1 msecs (HTTP/1.1 404) 4 headers in 128 bytes (1 switches on core 0)
[pid: 24507|app: 0|req: 24/87] 185.234.219.231 () {40 vars in 659 bytes} [Wed May 27 16:58:02 2020] GET /local/.env => generated 179 bytes in 1 msecs (HTTP/1.1 404) 4 headers in 128 bytes (1 switches on core 1)
[pid: 24504|app: 0|req: 56/88] 185.234.219.231 () {40 vars in 667 bytes} [Wed May 27 16:58:03 2020] GET /admin-app/.env => generated 179 bytes in 1 msecs (HTTP/1.1 404) 4 headers in 128 bytes (1 switches on core 1)
[pid: 24507|app: 0|req: 25/89] 185.234.219.231 () {40 vars in 655 bytes} [Wed May 27 16:58:05 2020] GET /web/.env => generated 179 bytes in 1 msecs (HTTP/1.1 404) 4 headers in 128 bytes (1 switches on core 0)
[pid: 24504|app: 0|req: 57/90] 185.234.219.231 () {40 vars in 661 bytes} [Wed May 27 16:58:05 2020] GET /search/.env => generated 179 bytes in 1 msecs (HTTP/1.1 404) 4 headers in 128 bytes (1 switches on core 1)
[pid: 24507|app: 0|req: 26/91] 185.234.219.231 () {40 vars in 657 bytes} [Wed May 27 16:58:07 2020] GET /cron/.env => generated 179 bytes in 1 msecs (HTTP/1.1 404) 4 headers in 128 bytes (1 switches on core 1)
[pid: 24504|app: 0|req: 58/92] 185.234.219.231 () {40 vars in 665 bytes} [Wed May 27 16:58:08 2020] GET /document/.env => generated 179 bytes in 1 msecs (HTTP/1.1 404) 4 headers in 128 bytes (1 switches on core 1)
[pid: 24504|app: 0|req: 59/93] 185.234.219.231 () {40 vars in 655 bytes} [Wed May 27 16:58:11 2020] GET /src/.env => generated 179 bytes in 1 msecs (HTTP/1.1 404) 4 headers in 128 bytes (1 switches on core 1)
[pid: 24507|app: 0|req: 27/94] 185.234.219.231 () {40 vars in 661 bytes} [Wed May 27 16:58:12 2020] GET /master/.env => generated 179 bytes in 1 msecs (HTTP/1.1 404) 4 headers in 128 bytes (1 switches on core 0)
[pid: 24504|app: 0|req: 60/95] 185.234.219.231 () {40 vars in 671 bytes} [Wed May 27 16:58:14 2020] GET /application/.env => generated 179 bytes in 1 msecs (HTTP/1.1 404) 4 headers in 128 bytes (1 switches on core 1)
[pid: 24507|app: 0|req: 28/96] 185.234.219.231 () {40 vars in 665 bytes} [Wed May 27 16:58:15 2020] GET /frontend/.env => generated 179 bytes in 1 msecs (HTTP/1.1 404) 4 headers in 128 bytes (1 switches on core 1)
[pid: 24507|app: 0|req: 29/97] 185.234.219.231 () {40 vars in 665 bytes} [Wed May 27 16:58:15 2020] GET /ironment/.env => generated 179 bytes in 1 msecs (HTTP/1.1 404) 4 headers in 128 bytes (1 switches on core 0)
[pid: 24504|app: 0|req: 61/98] 185.234.219.231 () {40 vars in 663 bytes} [Wed May 27 16:58:16 2020] GET /project/.env => generated 179 bytes in 1 msecs (HTTP/1.1 404) 4 headers in 128 bytes (1 switches on core 1)
[pid: 24506|app: 0|req: 5/99] 185.234.219.231 () {40 vars in 657 bytes} [Wed May 27 16:58:17 2020] GET /rest/.env => generated 179 bytes in 1 msecs (HTTP/1.1 404) 4 headers in 128 bytes (1 switches on core 0)
[pid: 24507|app: 0|req: 30/100] 185.234.219.231 () {40 vars in 657 bytes} [Wed May 27 16:58:18 2020] GET /mods/.env => generated 179 bytes in 1 msecs (HTTP/1.1 404) 4 headers in 128 bytes (1 switches on core 1)
[pid: 24504|app: 0|req: 62/101] 185.234.219.231 () {40 vars in 661 bytes} [Wed May 27 16:58:18 2020] GET /routes/.env => generated 179 bytes in 1 msecs (HTTP/1.1 404) 4 headers in 128 bytes (1 switches on core 1)
[pid: 24506|app: 0|req: 6/102] 185.234.219.231 () {40 vars in 657 bytes} [Wed May 27 16:58:19 2020] GET /~dev/.env => generated 179 bytes in 1 msecs (HTTP/1.1 404) 4 headers in 128 bytes (1 switches on core 1)
[pid: 24504|app: 0|req: 63/103] 185.234.219.231 () {40 vars in 663 bytes} [Wed May 27 16:58:22 2020] GET /private/.env => generated 179 bytes in 1 msecs (HTTP/1.1 404) 4 headers in 128 bytes (1 switches on core 1)
[pid: 24507|app: 0|req: 31/104] 185.234.219.231 () {40 vars in 655 bytes} [Wed May 27 16:58:23 2020] GET /dev/.env => generated 179 bytes in 1 msecs (HTTP/1.1 404) 4 headers in 128 bytes (1 switches on core 0)
[pid: 24504|app: 0|req: 64/105] 185.234.219.231 () {40 vars in 657 bytes} [Wed May 27 16:58:24 2020] GET /site/.env => generated 179 bytes in 1 msecs (HTTP/1.1 404) 4 headers in 128 bytes (1 switches on core 1)
[pid: 24507|app: 0|req: 32/106] 185.234.219.231 () {40 vars in 657 bytes} [Wed May 27 16:58:26 2020] GET /back/.env => generated 179 bytes in 1 msecs (HTTP/1.1 404) 4 headers in 128 bytes (1 switches on core 1)
[pid: 24504|app: 0|req: 65/107] 185.234.219.231 () {40 vars in 655 bytes} [Wed May 27 16:58:27 2020] GET /api/.env => generated 179 bytes in 1 msecs (HTTP/1.1 404) 4 headers in 128 bytes (1 switches on core 1)
[pid: 24504|app: 0|req: 66/108] 185.234.219.231 () {40 vars in 679 bytes} [Wed May 27 16:58:28 2020] GET /laravel-artisan/.env => generated 179 bytes in 1 msecs (HTTP/1.1 404) 4 headers in 128 bytes (1 switches on core 1)
[pid: 24507|app: 0|req: 33/109] 185.234.219.231 () {40 vars in 661 bytes} [Wed May 27 16:58:29 2020] GET /config/.env => generated 179 bytes in 1 msecs (HTTP/1.1 404) 4 headers in 128 bytes (1 switches on core 0)
[pid: 24507|app: 0|req: 34/110] 185.234.219.231 () {40 vars in 655 bytes} [Wed May 27 16:58:30 2020] GET /cli/.env => generated 179 bytes in 1 msecs (HTTP/1.1 404) 4 headers in 128 bytes (1 switches on core 1)
[pid: 24504|app: 0|req: 67/111] 185.234.219.231 () {40 vars in 657 bytes} [Wed May 27 16:58:31 2020] GET /core/.env => generated 179 bytes in 1 msecs (HTTP/1.1 404) 4 headers in 128 bytes (1 switches on core 1)
----------重新启动查找------------
天王盖地虎2018 未匹配到合适id
天王盖地虎2018 无豆瓣id数据，存入列表
四月的长久梦 未匹配到合适id
四月的长久梦 无豆瓣id数据，存入列表
M/M 27110296 8.1保存成功[douban]
圣诞日历 未匹配到合适id
----------地址被限制,稍后重试----------
none_list 暂存
破茧2018 未匹配到合适id
破茧2018 无豆瓣id数据，存入列表
李尔王 匹配到多个豆瓣id数据，存入列表2 ['30256023', '26743470']
一夜成名2018 未匹配到合适id
一夜成名2018 无豆瓣id数据，存入列表
盖世英雄2018 未匹配到合适id
----------地址被限制,稍后重试----------
none_list 暂存
none_list2 暂存
临时男友2018 未匹配到合适id
临时男友2018 无豆瓣id数据，存入列表
桌球小子之球神诞生 未匹配到合适id
桌球小子之球神诞生 无豆瓣id数据，存入列表
诡屋调查实录之魔兵借道 未匹配到合适id
----------地址被限制,稍后重试----------
none_list 暂存
一出好戏 匹配到多个豆瓣id数据，存入列表2 ['26985127', '30331440']
二重身之镜魔重生（一） 未匹配到合适id
二重身之镜魔重生（一） 无豆瓣id数据，存入列表
复仇计划 匹配到多个豆瓣id数据，存入列表2 ['30369589', '30135560']
物怪2018 未匹配到合适id
----------地址被限制,稍后重试----------
none_list 暂存
none_list2 暂存
琥珀之梦SP 未匹配到合适id
琥珀之梦SP 无豆瓣id数据，存入列表
亲爱的2018 未匹配到合适id
亲爱的2018 无豆瓣id数据，存入列表
巴哈 未匹配到合适id
----------地址被限制,稍后重试----------
none_list 暂存
卧底2018 未匹配到合适id
卧底2018 无豆瓣id数据，存入列表
镜中人 匹配到多个豆瓣id数据，存入列表2 ['26942853', '27036104']
夜郎伏魔 未匹配到合适id
夜郎伏魔 无豆瓣id数据，存入列表
冬日暖阳2018 未匹配到合适id
----------地址被限制,稍后重试----------
none_list 暂存
none_list2 暂存
恶意 未匹配到合适id
恶意 无豆瓣id数据，存入列表
龙套千王 未匹配到合适id
龙套千王 无豆瓣id数据，存入列表
无处安放 匹配到多个豆瓣id数据，存入列表2 ['30301289', '30463289']
与神同行2：因与缘[预告片] 未匹配到合适id
与神同行2：因与缘[预告片] 无豆瓣id数据，存入列表
竞相灭绝 未匹配到合适id
竞相灭绝 无豆瓣id数据，存入列表
读书会 匹配到多个豆瓣id数据，存入列表2 ['27038254', '30311942']
信徒 未匹配到合适id
----------地址被限制,稍后重试----------
none_list 暂存
none_list2 暂存
笑傲昙天 匹配到多个豆瓣id数据，存入列表2 ['26806057', '27596874', '27186358']
我的挚爱未婚妻 未匹配到合适id
我的挚爱未婚妻 无豆瓣id数据，存入列表
极品神偷 未匹配到合适id
极品神偷 无豆瓣id数据，存入列表
人狼2018 未匹配到合适id
----------地址被限制,稍后重试----------
none_list 暂存
none_list2 暂存
怪兽2018 未匹配到合适id
怪兽2018 无豆瓣id数据，存入列表
授权 未匹配到合适id
授权 无豆瓣id数据，存入列表
意料之外 匹配到多个豆瓣id数据，存入列表2 ['30198963', '30315098']
Leon 未匹配到合适id
----------地址被限制,稍后重试----------
none_list 暂存
none_list2 暂存
五杀2018 未匹配到合适id
五杀2018 无豆瓣id数据，存入列表
水中真相 未匹配到合适id
水中真相 无豆瓣id数据，存入列表
风云九州1 未匹配到合适id
----------地址被限制,稍后重试----------
none_list 暂存
深海巨妖 匹配到多个豆瓣id数据，存入列表2 ['30329054', '27186116']
喜剧人间2018 未匹配到合适id
喜剧人间2018 无豆瓣id数据，存入列表
爱心传达 匹配到多个豆瓣id数据，存入列表2 ['30304999', '30317682']
燃烧2018 未匹配到合适id
----------地址被限制,稍后重试----------
none_list 暂存
none_list2 暂存
女儿香2018 未匹配到合适id
女儿香2018 无豆瓣id数据，存入列表
时间遗墓1：九龙解棺 未匹配到合适id
时间遗墓1：九龙解棺 无豆瓣id数据，存入列表
相依为命2018 未匹配到合适id
----------地址被限制,稍后重试----------
none_list 暂存
毛骨悚然撞鬼经2018夏季特别篇 未匹配到合适id
毛骨悚然撞鬼经2018夏季特别篇 无豆瓣id数据，存入列表
超级英雄 未匹配到合适id
超级英雄 无豆瓣id数据，存入列表
绝代公主穿越记 未匹配到合适id
----------地址被限制,稍后重试----------
none_list 暂存
夏末2018 未匹配到合适id
夏末2018 无豆瓣id数据，存入列表
艋舺之江湖再现 未匹配到合适id
艋舺之江湖再现 无豆瓣id数据，存入列表
丑小鸭2018 未匹配到合适id
----------地址被限制,稍后重试----------
none_list 暂存
[pid: 24504|app: 0|req: 68/112] 162.243.136.184 () {34 vars in 423 bytes} [Wed May 27 17:47:02 2020] GET /portal/redlion => generated 179 bytes in 1 msecs (HTTP/1.1 404) 4 headers in 128 bytes (1 switches on core 1)
天才麻将少女：阿知贺篇 电影版 匹配到多个豆瓣id数据，存入列表2 ['27168720', '27168718']
尬歌之王 未匹配到合适id
尬歌之王 无豆瓣id数据，存入列表
《狄仁杰之四大天王》徐克的奇案世界-独家幕后记录 未匹配到合适id
《狄仁杰之四大天王》徐克的奇案世界-独家幕后记录 无豆瓣id数据，存入列表
守望2018 未匹配到合适id
----------地址被限制,稍后重试----------
none_list 暂存
none_list2 暂存
红尘囧探刘小唐 未匹配到合适id
----------地址被限制,稍后重试----------
[pid: 24504|app: 0|req: 69/113] 195.54.160.130 () {34 vars in 556 bytes} [Wed May 27 17:54:23 2020] GET /solr/admin/info/system?wt=json => generated 179 bytes in 1 msecs (HTTP/1.1 404) 4 headers in 128 bytes (1 switches on core 1)
世界奇妙物语 2018年春季特别篇 未匹配到合适id
----------地址被限制,稍后重试----------
佣兵战争2 未匹配到合适id
----------地址被限制,稍后重试----------
你的电影我的生活 未匹配到合适id
你的电影我的生活 无豆瓣id数据，存入列表
归途（2018） 未匹配到合适id
归途（2018） 无豆瓣id数据，存入列表
火烧云之波罗堡 未匹配到合适id
----------地址被限制,稍后重试----------
none_list 暂存
连续五次失败，等待30分钟
[pid: 24504|app: 0|req: 70/114] 195.54.160.130 () {34 vars in 556 bytes} [Wed May 27 18:05:58 2020] GET /?XDEBUG_SESSION_START=phpstorm => generated 179 bytes in 1 msecs (HTTP/1.1 404) 4 headers in 128 bytes (1 switches on core 1)
[pid: 24504|app: 0|req: 71/115] 195.54.160.130 () {36 vars in 653 bytes} [Wed May 27 18:06:03 2020] GET /?a=fetch&content=<php>die(@md5(HelloThinkCMF))</php> => generated 179 bytes in 1 msecs (HTTP/1.1 404) 4 headers in 128 bytes (1 switches on core 1)
[pid: 24504|app: 0|req: 72/116] 173.212.225.214 () {34 vars in 404 bytes} [Wed May 27 18:18:15 2020] GET / => generated 179 bytes in 1 msecs (HTTP/1.1 404) 4 headers in 128 bytes (1 switches on core 1)
[pid: 24504|app: 0|req: 73/117] 195.54.160.130 () {34 vars in 716 bytes} [Wed May 27 18:23:41 2020] GET /index.php?s=/Index/\think\app/invokefunction&function=call_user_func_array&vars[0]=md5&vars[1][]=HelloThinkPHP => generated 179 bytes in 1 msecs (HTTP/1.1 404) 4 headers in 128 bytes (1 switches on core 1)
----------重新启动查找------------
金钱与爱情 匹配到多个豆瓣id数据，存入列表2 ['26972258', '30280088']
追梦2018 未匹配到合适id
追梦2018 无豆瓣id数据，存入列表
玩命解药 未匹配到合适id
玩命解药 无豆瓣id数据，存入列表
绝境2018 未匹配到合适id
----------地址被限制,稍后重试----------
none_list 暂存
none_list2 暂存
王牌斗士 未匹配到合适id
王牌斗士 无豆瓣id数据，存入列表
甲方甲方2018 未匹配到合适id
甲方甲方2018 无豆瓣id数据，存入列表
七仙女外传 匹配到多个豆瓣id数据，存入列表2 ['30185833', '30253170']
不良女友 匹配到多个豆瓣id数据，存入列表2 ['30252512', '30301185']
稻草人2018 未匹配到合适id
稻草人2018 无豆瓣id数据，存入列表
魔国志II之讨伐董卓 未匹配到合适id
魔国志II之讨伐董卓 无豆瓣id数据，存入列表
甜蜜的人生2018 未匹配到合适id
----------地址被限制,稍后重试----------
none_list 暂存
none_list2 暂存
画心之白蛇后传 未匹配到合适id
----------地址被限制,稍后重试----------
那天，大海 未匹配到合适id
----------地址被限制,稍后重试----------
影王少帅的女长官 未匹配到合适id
----------地址被限制,稍后重试----------
达拉克/达克 未匹配到合适id
----------地址被限制,稍后重试----------
连续五次失败，等待30分钟
----------重新启动查找------------
扑克爸爸 未匹配到合适id
扑克爸爸 无豆瓣id数据，存入列表
天雷 未匹配到合适id
天雷 无豆瓣id数据，存入列表
画青春之整蛊奇班 未匹配到合适id
----------地址被限制,稍后重试----------
none_list 暂存
风流剑客 未匹配到合适id
风流剑客 无豆瓣id数据，存入列表
荒城纪 未匹配到合适id
荒城纪 无豆瓣id数据，存入列表
胜者为王2018 未匹配到合适id
----------地址被限制,稍后重试----------
none_list 暂存
欺诈游戏2018 未匹配到合适id
欺诈游戏2018 无豆瓣id数据，存入列表
飞檐走壁 匹配到多个豆瓣id数据，存入列表2 ['30214034', '30213236']
妖天下 匹配到多个豆瓣id数据，存入列表2 ['30217679', '30291517']
御天神帝4之雪国秘史 未匹配到合适id
----------地址被限制,稍后重试----------
none_list 暂存
none_list2 暂存
天蓬元帅之大闹天宫 未匹配到合适id
天蓬元帅之大闹天宫 无豆瓣id数据，存入列表
遇见你，遇见你 匹配到多个豆瓣id数据，存入列表2 ['26967920', '27124505']
替罪 未匹配到合适id
替罪 无豆瓣id数据，存入列表
天蓬元帅之女儿国 未匹配到合适id
----------地址被限制,稍后重试----------
none_list 暂存
none_list2 暂存
终极复仇(2018) 未匹配到合适id
终极复仇(2018) 无豆瓣id数据，存入列表
灵魂错位 匹配到多个豆瓣id数据，存入列表2 ['30234612', '30299380']
笑澳江湖 匹配到多个豆瓣id数据，存入列表2 ['30272881', '30217681']
王者联盟 匹配到多个豆瓣id数据，存入列表2 ['30203504', '30357973']
天降奇谋 未匹配到合适id
天降奇谋 无豆瓣id数据，存入列表
箫魂传3之禁忌书院 未匹配到合适id
箫魂传3之禁忌书院 无豆瓣id数据，存入列表
夺宝之绝境逃生 未匹配到合适id
----------地址被限制,稍后重试----------
none_list 暂存
none_list2 暂存
王者进化论 未匹配到合适id
王者进化论 无豆瓣id数据，存入列表
你喜欢的笑颜 未匹配到合适id
你喜欢的笑颜 无豆瓣id数据，存入列表
人鱼公主 未匹配到合适id
----------地址被限制,稍后重试----------
none_list 暂存
东北狂少 未匹配到合适id
东北狂少 无豆瓣id数据，存入列表
异星契约 未匹配到合适id
异星契约 无豆瓣id数据，存入列表
玩命(2018) 未匹配到合适id
----------地址被限制,稍后重试----------
none_list 暂存
大叔之爱sp 未匹配到合适id
大叔之爱sp 无豆瓣id数据，存入列表
乔茜(2018) 未匹配到合适id
乔茜(2018) 无豆瓣id数据，存入列表
男导演的阴谋 30213244 0保存成功[douban]
闺房之午夜镜中人 未匹配到合适id
----------地址被限制,稍后重试----------
none_list 暂存
天庭调查局 未匹配到合适id
天庭调查局 无豆瓣id数据，存入列表
渡灵人2 未匹配到合适id
渡灵人2 无豆瓣id数据，存入列表
燃烧的夏之龙虎斗 未匹配到合适id
----------地址被限制,稍后重试----------
none_list 暂存
御姐娇妻 未匹配到合适id
御姐娇妻 无豆瓣id数据，存入列表
帝都神魔传 未匹配到合适id
帝都神魔传 无豆瓣id数据，存入列表
热舞吧！青春 未匹配到合适id
----------地址被限制,稍后重试----------
none_list 暂存
萝卜囧途 未匹配到合适id
萝卜囧途 无豆瓣id数据，存入列表
羽生结弦 为卫冕而苦战 未匹配到合适id
羽生结弦 为卫冕而苦战 无豆瓣id数据，存入列表
达伦·布朗：就范 未匹配到合适id
----------地址被限制,稍后重试----------
none_list 暂存
朴明星的茶座 未匹配到合适id
朴明星的茶座 无豆瓣id数据，存入列表
再见再见 未匹配到合适id
再见再见 无豆瓣id数据，存入列表
刀山火海 匹配到多个豆瓣id数据，存入列表2 ['30156202', '30206455']
飞越网戒所 未匹配到合适id
----------地址被限制,稍后重试----------
none_list 暂存
none_list2 暂存
一念之间 未匹配到合适id
一念之间 无豆瓣id数据，存入列表
怪物2018 未匹配到合适id
怪物2018 无豆瓣id数据，存入列表
门2018 未匹配到合适id
----------地址被限制,稍后重试----------
none_list 暂存
给个理由先之重回鹿鼎 未匹配到合适id
给个理由先之重回鹿鼎 无豆瓣id数据，存入列表
宿醉姐妹团 未匹配到合适id
宿醉姐妹团 无豆瓣id数据，存入列表
破镜谋杀案：著名女演员杀人事件 未匹配到合适id
----------地址被限制,稍后重试----------
none_list 暂存
伏藏师 未匹配到合适id
伏藏师 无豆瓣id数据，存入列表
蜜蜂少女队 匹配到多个豆瓣id数据，存入列表2 ['30156274', '30192088']
白门五甲 未匹配到合适id
白门五甲 无豆瓣id数据，存入列表
异梦者 未匹配到合适id
----------地址被限制,稍后重试----------
none_list 暂存
none_list2 暂存
老师！我可以喜欢你吗 未匹配到合适id
老师！我可以喜欢你吗 无豆瓣id数据，存入列表
女明星失踪事件 未匹配到合适id
女明星失踪事件 无豆瓣id数据，存入列表
邪念天使 未匹配到合适id
----------地址被限制,稍后重试----------
none_list 暂存
人形玩偶进化论 未匹配到合适id
----------地址被限制,稍后重试----------
男狐传 未匹配到合适id
----------地址被限制,稍后重试----------
天才学渣 未匹配到合适id
----------地址被限制,稍后重试----------
连续五次失败，等待30分钟
[pid: 24504|app: 0|req: 74/118] 59.36.132.240 () {36 vars in 592 bytes} [Wed May 27 20:31:39 2020] GET /video/play/84919/1-8.html => generated 14825 bytes in 5 msecs (HTTP/1.1 200) 6 headers in 320 bytes (1 switches on core 1)
----------重新启动查找------------
火线佣兵 未匹配到合适id
----------地址被限制,稍后重试----------
顺德人家之合家欢 未匹配到合适id
----------地址被限制,稍后重试----------
相亲盛宴 未匹配到合适id
----------地址被限制,稍后重试----------
[pid: 24504|app: 0|req: 75/119] 196.52.43.110 () {30 vars in 432 bytes} [Wed May 27 20:58:23 2020] GET / => generated 179 bytes in 1 msecs (HTTP/1.1 404) 4 headers in 128 bytes (1 switches on core 1)
血祭 未匹配到合适id
血祭 无豆瓣id数据，存入列表
二龙湖浩哥之江湖学院2 未匹配到合适id
二龙湖浩哥之江湖学院2 无豆瓣id数据，存入列表
盗墓惊魂之锁魂 未匹配到合适id
----------地址被限制,稍后重试----------
none_list 暂存
单身狗奇遇记 未匹配到合适id
单身狗奇遇记 无豆瓣id数据，存入列表
天罚 匹配到多个豆瓣id数据，存入列表2 ['30136015', '30157416']
穿越烽火线 匹配到多个豆瓣id数据，存入列表2 ['30217607', '30156099']
热血少年 匹配到多个豆瓣id数据，存入列表2 ['30291066', '30328954']
BBC：失窃的梵高之作 未匹配到合适id
----------地址被限制,稍后重试----------
none_list 暂存
none_list2 暂存
海马王子-王子的嫁衣 未匹配到合适id
海马王子-王子的嫁衣 无豆瓣id数据，存入列表
宁静的夏天 匹配到多个豆瓣id数据，存入列表2 ['27668327', '30335104']
一念之差 未匹配到合适id
一念之差 无豆瓣id数据，存入列表
欲望之城 匹配到多个豆瓣id数据，存入列表2 ['26924141', '30140282']
中国超人董新尧 未匹配到合适id
中国超人董新尧 无豆瓣id数据，存入列表
绝色行动之赏金猎人 未匹配到合适id
----------地址被限制,稍后重试----------
none_list 暂存
none_list2 暂存
逃离现场 未匹配到合适id
逃离现场 无豆瓣id数据，存入列表
特种保镖 匹配到多个豆瓣id数据，存入列表2 ['27624757', '30401996']
女儿的结婚SP 未匹配到合适id
女儿的结婚SP 无豆瓣id数据，存入列表
我是好人 未匹配到合适id
----------地址被限制,稍后重试----------
none_list 暂存
none_list2 暂存
歧途英雄 匹配到多个豆瓣id数据，存入列表2 ['30132818', '27622828']
深宫怨灵 未匹配到合适id
深宫怨灵 无豆瓣id数据，存入列表
谁是凶手 未匹配到合适id
谁是凶手 无豆瓣id数据，存入列表
设计师 未匹配到合适id
----------地址被限制,稍后重试----------
none_list 暂存
none_list2 暂存
三邪之皇城冥府 未匹配到合适id
三邪之皇城冥府 无豆瓣id数据，存入列表
无主之城 匹配到多个豆瓣id数据，存入列表2 ['27104402', '30313982']
盗青春1997 未匹配到合适id
盗青春1997 无豆瓣id数据，存入列表
老男人也疯狂 未匹配到合适id
----------地址被限制,稍后重试----------
none_list 暂存
none_list2 暂存
你在哪 未匹配到合适id
你在哪 无豆瓣id数据，存入列表
轮回规划局 未匹配到合适id
轮回规划局 无豆瓣id数据，存入列表
第六个人 未匹配到合适id
----------地址被限制,稍后重试----------
none_list 暂存
乌龙刺客 匹配到多个豆瓣id数据，存入列表2 ['27617384', '27617383']
坏小孩 未匹配到合适id
坏小孩 无豆瓣id数据，存入列表
爱的谎言 匹配到多个豆瓣id数据，存入列表2 ['30273072', '26887181']
90后的80后后妈 未匹配到合适id
----------地址被限制,稍后重试----------
none_list 暂存
none_list2 暂存
混混英雄 未匹配到合适id
混混英雄 无豆瓣id数据，存入列表
传奇校园2 匹配到多个豆瓣id数据，存入列表2 ['30135992', '27622832']
2018爱Sharing高雄梦时代跨年派对 未匹配到合适id
2018爱Sharing高雄梦时代跨年派对 无豆瓣id数据，存入列表
2018星光璀璨迎花博台中跨年晚会 未匹配到合适id
----------地址被限制,稍后重试----------
none_list 暂存
none_list2 暂存
东北青年 匹配到多个豆瓣id数据，存入列表2 ['27613147', '27621253']
大乐师·为爱配乐 未匹配到合适id
大乐师·为爱配乐 无豆瓣id数据，存入列表
小夫妻 未匹配到合适id
小夫妻 无豆瓣id数据，存入列表
慈爱的心 匹配到多个豆瓣id数据，存入列表2 ['30290645', '30135989', '30410900']
杀手公司2018 未匹配到合适id
----------地址被限制,稍后重试----------
none_list 暂存
none_list2 暂存
少女茯苓2：七生七世桃花劫 未匹配到合适id
少女茯苓2：七生七世桃花劫 无豆瓣id数据，存入列表
麻将 未匹配到合适id
麻将 无豆瓣id数据，存入列表
诸魔之战 未匹配到合适id
----------地址被限制,稍后重试----------
none_list 暂存
恋人未满 匹配到多个豆瓣id数据，存入列表2 ['27617407', '33401073']
杀无赦 匹配到多个豆瓣id数据，存入列表2 ['27012989', '27658396', '27653639']
千术3决战澳门 未匹配到合适id
千术3决战澳门 无豆瓣id数据，存入列表
悔恨 未匹配到合适id
----------地址被限制,稍后重试----------
none_list 暂存
none_list2 暂存
平凡的日子2017 未匹配到合适id
平凡的日子2017 无豆瓣id数据，存入列表
查莉和汉娜的伟大狂欢夜 未匹配到合适id
查莉和汉娜的伟大狂欢夜 无豆瓣id数据，存入列表
夺钻狙击 未匹配到合适id
----------地址被限制,稍后重试----------
none_list 暂存
地下2018 未匹配到合适id
地下2018 无豆瓣id数据，存入列表
池生动物 34445835 0保存成功[douban]
正义复仇者 未匹配到合适id
正义复仇者 无豆瓣id数据，存入列表
黎明 未匹配到合适id
----------地址被限制,稍后重试----------
none_list 暂存
小女人 匹配到多个豆瓣id数据，存入列表2 ['27066177', '27073039']
孤胆追踪者 未匹配到合适id
孤胆追踪者 无豆瓣id数据，存入列表
工作的人 匹配到多个豆瓣id数据，存入列表2 ['30237587', '30257378']
衰落美利坚 未匹配到合适id
----------地址被限制,稍后重试----------
none_list 暂存
none_list2 暂存
利亚的鬼魂 未匹配到合适id
----------地址被限制,稍后重试----------
米开朗基罗 未匹配到合适id
----------地址被限制,稍后重试----------
西北西 未匹配到合适id
----------地址被限制,稍后重试----------
警局保卫战 未匹配到合适id
----------地址被限制,稍后重试----------
连续五次失败，等待30分钟
[pid: 24504|app: 0|req: 76/120] 195.54.160.130 () {38 vars in 610 bytes} [Wed May 27 22:09:22 2020] POST /api/jsonws/invoke => generated 179 bytes in 1 msecs (HTTP/1.1 404) 4 headers in 128 bytes (1 switches on core 1)
[pid: 24504|app: 0|req: 77/121] 183.27.45.102 () {46 vars in 913 bytes} [Wed May 27 22:16:26 2020] GET /admin/login.html => generated 5348 bytes in 3 msecs (HTTP/1.1 200) 6 headers in 319 bytes (1 switches on core 1)
[pid: 24504|app: 0|req: 78/122] 113.69.33.250 () {42 vars in 901 bytes} [Wed May 27 22:17:41 2020] GET /admin/view_log/?page=4 => generated 19313 bytes in 18 msecs (HTTP/1.1 200) 5 headers in 152 bytes (1 switches on core 1)
[pid: 24504|app: 0|req: 79/123] 113.69.33.250 () {44 vars in 960 bytes} [Wed May 27 22:19:47 2020] GET /admin/view_log/?page=5 => generated 19738 bytes in 17 msecs (HTTP/1.1 200) 5 headers in 152 bytes (1 switches on core 1)
[pid: 24504|app: 0|req: 80/124] 113.69.33.250 () {44 vars in 962 bytes} [Wed May 27 22:19:59 2020] GET /admin/view_log/?page=17 => generated 18219 bytes in 19 msecs (HTTP/1.1 200) 5 headers in 152 bytes (1 switches on core 1)
[pid: 24504|app: 0|req: 81/125] 113.69.33.250 () {44 vars in 963 bytes} [Wed May 27 22:20:37 2020] GET /admin/view_log/?page=16 => generated 19541 bytes in 17 msecs (HTTP/1.1 200) 5 headers in 152 bytes (1 switches on core 1)
[pid: 24504|app: 0|req: 82/126] 113.69.33.250 () {44 vars in 963 bytes} [Wed May 27 22:21:42 2020] GET /admin/view_log/?page=17 => generated 18331 bytes in 18 msecs (HTTP/1.1 200) 5 headers in 152 bytes (1 switches on core 1)
[pid: 24504|app: 0|req: 83/127] 113.69.33.250 () {44 vars in 963 bytes} [Wed May 27 22:24:21 2020] GET /admin/view_log/?page=16 => generated 19541 bytes in 18 msecs (HTTP/1.1 200) 5 headers in 152 bytes (1 switches on core 1)
[pid: 24504|app: 0|req: 84/128] 113.69.33.250 () {44 vars in 963 bytes} [Wed May 27 22:24:32 2020] GET /admin/view_log/?page=15 => generated 19393 bytes in 18 msecs (HTTP/1.1 200) 5 headers in 152 bytes (1 switches on core 1)
[pid: 24504|app: 0|req: 85/129] 113.69.33.250 () {44 vars in 963 bytes} [Wed May 27 22:24:40 2020] GET /admin/view_log/?page=14 => generated 19746 bytes in 18 msecs (HTTP/1.1 200) 5 headers in 152 bytes (1 switches on core 1)
[pid: 24504|app: 0|req: 86/130] 113.69.33.250 () {44 vars in 963 bytes} [Wed May 27 22:26:36 2020] GET /admin/view_log/?page=17 => generated 18555 bytes in 19 msecs (HTTP/1.1 200) 5 headers in 152 bytes (1 switches on core 1)
----------重新启动查找------------
爱情是什么 匹配到多个豆瓣id数据，存入列表2 ['30252334', '30251966']
邪恶代孕 未匹配到合适id
邪恶代孕 无豆瓣id数据，存入列表
热土 匹配到多个豆瓣id数据，存入列表2 ['30405009', '30334735']
出山 匹配到多个豆瓣id数据，存入列表2 ['30162172', '25966209']
枪 未匹配到合适id
枪 无豆瓣id数据，存入列表
蜂鸟 未匹配到合适id
----------地址被限制,稍后重试----------
none_list 暂存
none_list2 暂存
布莱恩·班克斯 未匹配到合适id
布莱恩·班克斯 无豆瓣id数据，存入列表
黑夜之后 未匹配到合适id
黑夜之后 无豆瓣id数据，存入列表
厕所英雄 未匹配到合适id
----------地址被限制,稍后重试----------
none_list 暂存
神龙策 未匹配到合适id
神龙策 无豆瓣id数据，存入列表
蚕室 未匹配到合适id
蚕室 无豆瓣id数据，存入列表
房之囧事 匹配到多个豆瓣id数据，存入列表2 ['30201186', '30200482']
中二少女2018 未匹配到合适id
----------地址被限制,稍后重试----------
none_list 暂存
none_list2 暂存
夏末 匹配到多个豆瓣id数据，存入列表2 ['30351644', '30318232']
99次心动计划 未匹配到合适id
----------地址被限制,稍后重试----------
none_list2 暂存
24小时脱单日记 26970783 0保存成功[douban]
恋爱的正确姿势2 26979267 0保存成功[douban]
浪漫搭档 26938345 2.4保存成功[douban]
我们的青春不怕疼 26928378 3.4保存成功[douban]
心跳 27102542 8.4保存成功[douban]
东京伤情故事～千住之恋～SP 26890815 6.8保存成功[douban]
花开莱州 26954793 0保存成功[douban]
浪尖的青春 27122244 4.4保存成功[douban]
新魔王撒旦的奴隶 未匹配到合适id
----------地址被限制,稍后重试----------
世界在我们脚下 未匹配到合适id
世界在我们脚下 无豆瓣id数据，存入列表
偷天换日之重生 未匹配到合适id
偷天换日之重生 无豆瓣id数据，存入列表
太空旅客 未匹配到合适id
----------地址被限制,稍后重试----------
none_list 暂存
伟大的精神 27109555 7.6保存成功[douban]
我的幸福密码 27024499 0保存成功[douban]
伊兹大闹洛杉矶 未匹配到合适id
伊兹大闹洛杉矶 无豆瓣id数据，存入列表
盖文·斯通复活 未匹配到合适id
----------地址被限制,稍后重试----------
none_list 暂存
绝杀 匹配到多个豆瓣id数据，存入列表2 ['27024959', '26996976']
我的儿子 未匹配到合适id
----------地址被限制,稍后重试----------
none_list2 暂存
亚瑟王：神剑出鞘 未匹配到合适id
亚瑟王：神剑出鞘 无豆瓣id数据，存入列表
卡露娜 未匹配到合适id
卡露娜 无豆瓣id数据，存入列表
治疗 30196861 0保存成功[douban]
骗中骗 匹配到多个豆瓣id数据，存入列表2 ['27101791', '26770697']
狂悖青春 未匹配到合适id
狂悖青春 无豆瓣id数据，存入列表
图腾 未匹配到合适id
图腾 无豆瓣id数据，存入列表
收音机2017 未匹配到合适id
----------地址被限制,稍后重试----------
none_list 暂存
none_list2 暂存
BLAME! 匹配到多个豆瓣id数据，存入列表2 ['26670584', '26577329']
离婚派对 未匹配到合适id
离婚派对 无豆瓣id数据，存入列表
谎言2017 未匹配到合适id
谎言2017 无豆瓣id数据，存入列表
伴侣 未匹配到合适id
----------地址被限制,稍后重试----------
none_list 暂存
none_list2 暂存
家庭主妇 匹配到多个豆瓣id数据，存入列表2 ['27112937', '30345965', '30325431']
夜幕降临 匹配到多个豆瓣id数据，存入列表2 ['27129705', '26984737']
婚礼 未匹配到合适id
婚礼 无豆瓣id数据，存入列表
歌从何处来 未匹配到合适id
----------地址被限制,稍后重试----------
none_list 暂存
none_list2 暂存
功守道 未匹配到合适id
功守道 无豆瓣id数据，存入列表
美女驾到2018 未匹配到合适id
----------地址被限制,稍后重试----------
none_list 暂存
死亡之屋2017 未匹配到合适id
死亡之屋2017 无豆瓣id数据，存入列表
圣阿加莎 未匹配到合适id
圣阿加莎 无豆瓣id数据，存入列表
独角兽 26852450 6.3保存成功[douban]
拉萨23天 未匹配到合适id
----------地址被限制,稍后重试----------
none_list 暂存
猴子2017 未匹配到合适id
猴子2017 无豆瓣id数据，存入列表
摸金笑尉（上）  未匹配到合适id
摸金笑尉（上）  无豆瓣id数据，存入列表
摸金笑尉（下）  未匹配到合适id
----------地址被限制,稍后重试----------
none_list 暂存
米拉2017 未匹配到合适id
米拉2017 无豆瓣id数据，存入列表
遗迹 未匹配到合适id
----------地址被限制,稍后重试----------
none_list 暂存
侠探锦毛鼠之血弥东京 未匹配到合适id
----------地址被限制,稍后重试----------
[pid: 24504|app: 0|req: 87/131] 113.69.33.250 () {42 vars in 903 bytes} [Wed May 27 23:18:11 2020] GET /admin/view_log/?page=17 => generated 19695 bytes in 19 msecs (HTTP/1.1 200) 5 headers in 152 bytes (1 switches on core 1)
人生学校 未匹配到合适id
----------地址被限制,稍后重试----------
连续五次失败，等待30分钟
----------重新启动查找------------
索比堡 未匹配到合适id
----------地址被限制,稍后重试----------
上流社会2017 未匹配到合适id
----------地址被限制,稍后重试----------
[pid: 24504|app: 0|req: 88/132] 113.69.33.250 () {44 vars in 963 bytes} [Wed May 27 23:57:37 2020] GET /admin/view_log/?page=18 => generated 19292 bytes in 19 msecs (HTTP/1.1 200) 5 headers in 152 bytes (1 switches on core 1)
[pid: 24504|app: 0|req: 89/133] 113.69.33.250 () {44 vars in 963 bytes} [Wed May 27 23:57:52 2020] GET /admin/view_log/?page=19 => generated 15077 bytes in 19 msecs (HTTP/1.1 200) 5 headers in 152 bytes (1 switches on core 1)
在北极的天空下 未匹配到合适id
----------地址被限制,稍后重试----------
[1590595201] logsize: 102910, triggering log-reopen...
